[18/01/03 11:05:40][INFO][com.perficient.test.cat.catinspectweb.util.TestCaseBase-67] 20180103110540
[18/01/03 11:05:45][INFO][com.perficient.test.cat.catinspectweb.util.TestCaseBase-83] Before Deletion
[18/01/03 11:05:45][INFO][com.perficient.test.cat.catinspectweb.util.FunctionUtil-115] 20171221105953.png
[18/01/03 11:05:45][INFO][com.perficient.test.cat.catinspectweb.util.TestCaseBase-88] File is moved successful!
[18/01/03 11:06:17][INFO][com.perficient.test.cat.catinspectweb.util.LogWebDriverEventListener-20] WebDriver navigating to:'https://catinspectweb-qa.cat.com/'
[18/01/03 11:07:12][INFO][com.perficient.test.cat.catinspectweb.util.LogWebDriverEventListener-30] WebDriver changing value in element found By.xpath: //input[@id='cwsUID'] from '' to ''
[18/01/03 11:07:12][INFO][com.perficient.test.cat.catinspectweb.util.LogWebDriverEventListener-30] WebDriver changing value in element found By.xpath: //input[@id='cwsUID'] from '' to 'zhangc42'
[18/01/03 11:07:12][INFO][com.perficient.test.cat.catinspectweb.util.LogWebDriverEventListener-30] WebDriver changing value in element found By.xpath: //input[@id='cwsPwd'] from '' to ''
[18/01/03 11:07:12][INFO][com.perficient.test.cat.catinspectweb.util.LogWebDriverEventListener-30] WebDriver changing value in element found By.xpath: //input[@id='cwsPwd'] from '' to 'Zhh131109'
[18/01/03 11:07:12][INFO][com.perficient.test.cat.catinspectweb.util.LogWebDriverEventListener-63] Click the element found By.xpath: //input[@id='submitButton']
[18/01/03 11:07:18][INFO][com.perficient.test.cat.catinspectweb.util.LogWebDriverEventListener-63] Click the element found By.xpath: //span[@class='create']
[18/01/03 11:07:19][INFO][com.perficient.test.cat.catinspectweb.util.LogWebDriverEventListener-30] WebDriver changing value in element found By.xpath: //input[@id='formName'] from '' to ''
[18/01/03 11:07:19][INFO][com.perficient.test.cat.catinspectweb.util.LogWebDriverEventListener-30] WebDriver changing value in element found By.xpath: //input[@id='formName'] from '' to 'TestViewHelpFile'
[18/01/03 11:07:21][INFO][com.perficient.test.cat.catinspectweb.util.LogWebDriverEventListener-63] Click the element found By.xpath: //Select[@id='formType']
[18/01/03 11:07:24][INFO][com.perficient.test.cat.catinspectweb.util.LogWebDriverEventListener-63] Click the element found By.tagName: option
[18/01/03 11:07:26][INFO][com.perficient.test.cat.catinspectweb.util.LogWebDriverEventListener-63] Click the element found By.xpath: //select[@id='formFamily']
[18/01/03 11:07:28][INFO][com.perficient.test.cat.catinspectweb.util.LogWebDriverEventListener-63] Click the element found By.tagName: option
[18/01/03 11:07:28][INFO][com.perficient.test.cat.catinspectweb.util.LogWebDriverEventListener-63] Click the element found By.xpath: //a[@title='Next']
[18/01/03 11:07:29][INFO][com.perficient.test.cat.catinspectweb.util.LogWebDriverEventListener-30] WebDriver changing value in element found By.xpath: //input[@name='addCat'] from '' to ''
[18/01/03 11:07:29][INFO][com.perficient.test.cat.catinspectweb.util.LogWebDriverEventListener-30] WebDriver changing value in element found By.xpath: //input[@name='addCat'] from '' to 'Category1'
[18/01/03 11:07:29][INFO][com.perficient.test.cat.catinspectweb.util.LogWebDriverEventListener-63] Click the element found By.xpath: //span[@class = 'input-group-btn']
[18/01/03 11:07:29][INFO][com.perficient.test.cat.catinspectweb.util.LogWebDriverEventListener-63] Click the element found By.xpath: //a[@title='Next']
[18/01/03 11:07:29][INFO][com.perficient.test.cat.catinspectweb.util.LogWebDriverEventListener-63] Click the element found By.xpath: //div[@class = 'cat_add_block']
[18/01/03 11:07:30][INFO][com.perficient.test.cat.catinspectweb.util.LogWebDriverEventListener-101] Click on the element find By.xpath: //span[@class = 'glyphicon glyphicon-chevron-right'] by javascript
[18/01/03 11:07:31][INFO][com.perficient.test.cat.catinspectweb.util.LogWebDriverEventListener-63] Click the element found By.xpath: //input[@value = 'text_and_image']
[18/01/03 11:07:31][INFO][com.perficient.test.cat.catinspectweb.util.LogWebDriverEventListener-63] Click the element found By.xpath: //input[@name = 'helpPic']
[18/01/03 11:07:32][ERROR][com.perficient.test.cat.catinspectweb.util.LogWebDriverEventListener-45] WebDriver error:
org.openqa.selenium.WebDriverException: unknown error: Element <input _ngcontent-tpj-49="" accept=".png,.jpg,.jpeg" class="form-control col-xs-12 ng-untouched ng-pristine ng-valid" formcontrolname="helpPic" name="helpPic" type="file"> is not clickable at point (1051, 778). Other element would receive the click: <div _ngcontent-tpj-69="" class="navbar-inner footer">...</div>
  (Session info: chrome=62.0.3202.89)
  (Driver info: chromedriver=2.33.506120 (e3e53437346286c0bc2d2dc9aa4915ba81d9023f),platform=Windows NT 6.1.7601 SP1 x86_64) (WARNING: The server did not provide any stacktrace information)
Command duration or timeout: 68 milliseconds
Build info: version: '2.48.2', revision: '41bccdd10cf2c0560f637404c2d96164b67d9d67', time: '2015-10-09 13:08:06'
System info: host: 'H2600-0463L', ip: '10.2.7.32', os.name: 'Windows 7', os.arch: 'amd64', os.version: '6.1', java.version: '1.8.0_151'
Driver info: org.openqa.selenium.chrome.ChromeDriver
Capabilities [{applicationCacheEnabled=false, rotatable=false, mobileEmulationEnabled=false, networkConnectionEnabled=false, chrome={chromedriverVersion=2.33.506120 (e3e53437346286c0bc2d2dc9aa4915ba81d9023f), userDataDir=C:\Users\herby.he\AppData\Local\Temp\scoped_dir4784_6993}, takesHeapSnapshot=true, pageLoadStrategy=normal, databaseEnabled=false, handlesAlerts=true, hasTouchScreen=false, version=62.0.3202.89, platform=XP, browserConnectionEnabled=false, nativeEvents=true, acceptSslCerts=true, locationContextEnabled=true, webStorageEnabled=true, browserName=chrome, takesScreenshot=true, javascriptEnabled=true, cssSelectorsEnabled=true, setWindowRect=true, unexpectedAlertBehaviour=}]
Session ID: 5fa5dee5a330df2d03f6d1305a4ba38a
	at sun.reflect.NativeConstructorAccessorImpl.newInstance0(Native Method)
	at sun.reflect.NativeConstructorAccessorImpl.newInstance(Unknown Source)
	at sun.reflect.DelegatingConstructorAccessorImpl.newInstance(Unknown Source)
	at java.lang.reflect.Constructor.newInstance(Unknown Source)
	at org.openqa.selenium.remote.ErrorHandler.createThrowable(ErrorHandler.java:206)
	at org.openqa.selenium.remote.ErrorHandler.throwIfResponseFailed(ErrorHandler.java:158)
	at org.openqa.selenium.remote.RemoteWebDriver.execute(RemoteWebDriver.java:647)
	at org.openqa.selenium.remote.RemoteWebElement.execute(RemoteWebElement.java:326)
	at org.openqa.selenium.remote.RemoteWebElement.click(RemoteWebElement.java:84)
	at sun.reflect.GeneratedMethodAccessor9.invoke(Unknown Source)
	at sun.reflect.DelegatingMethodAccessorImpl.invoke(Unknown Source)
	at java.lang.reflect.Method.invoke(Unknown Source)
	at org.openqa.selenium.support.events.EventFiringWebDriver$EventFiringWebElement$1.invoke(EventFiringWebDriver.java:334)
	at com.sun.proxy.$Proxy15.click(Unknown Source)
	at org.openqa.selenium.support.events.EventFiringWebDriver$EventFiringWebElement.click(EventFiringWebDriver.java:347)
	at sun.reflect.GeneratedMethodAccessor9.invoke(Unknown Source)
	at sun.reflect.DelegatingMethodAccessorImpl.invoke(Unknown Source)
	at java.lang.reflect.Method.invoke(Unknown Source)
	at org.openqa.selenium.support.pagefactory.internal.LocatingElementHandler.invoke(LocatingElementHandler.java:51)
	at com.sun.proxy.$Proxy13.click(Unknown Source)
	at com.perficient.test.cat.catinspectweb.util.FunctionUtil.click(FunctionUtil.java:319)
	at com.perficient.test.cat.catinspectweb.util.CustomizedFunctionUtil.click(CustomizedFunctionUtil.java:20)
	at com.perficient.test.cat.catinspectweb.testcase.createform.TC2623_ViewHelpFileAfterAdded.Verify_TC2623_ViewHelpFileAfterAdded(TC2623_ViewHelpFileAfterAdded.java:71)
	at sun.reflect.NativeMethodAccessorImpl.invoke0(Native Method)
	at sun.reflect.NativeMethodAccessorImpl.invoke(Unknown Source)
	at sun.reflect.DelegatingMethodAccessorImpl.invoke(Unknown Source)
	at java.lang.reflect.Method.invoke(Unknown Source)
	at org.testng.internal.MethodInvocationHelper.invokeMethod(MethodInvocationHelper.java:84)
	at org.testng.internal.Invoker.invokeMethod(Invoker.java:714)
	at org.testng.internal.Invoker.invokeTestMethod(Invoker.java:901)
	at org.testng.internal.Invoker.invokeTestMethods(Invoker.java:1231)
	at org.testng.internal.TestMethodWorker.invokeTestMethods(TestMethodWorker.java:127)
	at org.testng.internal.TestMethodWorker.run(TestMethodWorker.java:111)
	at org.testng.TestRunner.privateRun(TestRunner.java:767)
	at org.testng.TestRunner.run(TestRunner.java:617)
	at org.testng.SuiteRunner.runTest(SuiteRunner.java:348)
	at org.testng.SuiteRunner.runSequentially(SuiteRunner.java:343)
	at org.testng.SuiteRunner.privateRun(SuiteRunner.java:305)
	at org.testng.SuiteRunner.run(SuiteRunner.java:254)
	at org.testng.SuiteRunnerWorker.runSuite(SuiteRunnerWorker.java:52)
	at org.testng.SuiteRunnerWorker.run(SuiteRunnerWorker.java:86)
	at org.testng.TestNG.runSuitesSequentially(TestNG.java:1224)
	at org.testng.TestNG.runSuitesLocally(TestNG.java:1149)
	at org.testng.TestNG.run(TestNG.java:1057)
	at org.testng.remote.AbstractRemoteTestNG.run(AbstractRemoteTestNG.java:114)
	at org.testng.remote.RemoteTestNG.initAndRun(RemoteTestNG.java:251)
	at org.testng.remote.RemoteTestNG.main(RemoteTestNG.java:77)
[18/01/03 11:07:32][INFO][com.perficient.test.cat.catinspectweb.util.CustomAssertion-428] .\errorImages\20180103110732.png
[18/01/03 11:07:32][INFO][com.perficient.test.cat.catinspectweb.util.CustomAssertion-451] StackTrace 0 is: java.lang.Thread.getStackTrace(Unknown Source)
[18/01/03 11:07:32][INFO][com.perficient.test.cat.catinspectweb.util.CustomAssertion-452] LineNumber for 0 stack trace is: -1
[18/01/03 11:07:32][INFO][com.perficient.test.cat.catinspectweb.util.CustomAssertion-451] StackTrace 1 is: com.perficient.test.cat.catinspectweb.util.CustomAssertion.logStackTraceInfo(CustomAssertion.java:451)
[18/01/03 11:07:32][INFO][com.perficient.test.cat.catinspectweb.util.CustomAssertion-452] LineNumber for 1 stack trace is: 452
[18/01/03 11:07:32][INFO][com.perficient.test.cat.catinspectweb.util.CustomAssertion-451] StackTrace 2 is: com.perficient.test.cat.catinspectweb.util.CustomAssertion.printError(CustomAssertion.java:429)
[18/01/03 11:07:32][INFO][com.perficient.test.cat.catinspectweb.util.CustomAssertion-452] LineNumber for 2 stack trace is: 429
[18/01/03 11:07:32][INFO][com.perficient.test.cat.catinspectweb.util.CustomAssertion-451] StackTrace 3 is: com.perficient.test.cat.catinspectweb.util.TestCaseBase.afterMethod(TestCaseBase.java:209)
[18/01/03 11:07:32][INFO][com.perficient.test.cat.catinspectweb.util.CustomAssertion-452] LineNumber for 3 stack trace is: 209
[18/01/03 11:07:32][INFO][com.perficient.test.cat.catinspectweb.util.CustomAssertion-451] StackTrace 4 is: sun.reflect.NativeMethodAccessorImpl.invoke0(Native Method)
[18/01/03 11:07:32][INFO][com.perficient.test.cat.catinspectweb.util.CustomAssertion-452] LineNumber for 4 stack trace is: -2
[18/01/03 11:07:32][INFO][com.perficient.test.cat.catinspectweb.util.CustomAssertion-451] StackTrace 5 is: sun.reflect.NativeMethodAccessorImpl.invoke(Unknown Source)
[18/01/03 11:07:32][INFO][com.perficient.test.cat.catinspectweb.util.CustomAssertion-452] LineNumber for 5 stack trace is: -1
[18/01/03 11:07:32][INFO][com.perficient.test.cat.catinspectweb.util.CustomAssertion-451] StackTrace 6 is: sun.reflect.DelegatingMethodAccessorImpl.invoke(Unknown Source)
[18/01/03 11:07:32][INFO][com.perficient.test.cat.catinspectweb.util.CustomAssertion-452] LineNumber for 6 stack trace is: -1
[18/01/03 11:07:32][INFO][com.perficient.test.cat.catinspectweb.util.CustomAssertion-455] StackTrace for Assert is: com.perficient.test.cat.catinspectweb.util.TestCaseBase.afterMethod(TestCaseBase.java:209)
[18/01/03 11:07:32][INFO][com.perficient.test.cat.catinspectweb.util.CustomAssertion-456] Assert LineNumber is: 209
[18/01/03 11:11:50][INFO][com.perficient.test.cat.catinspectweb.util.TestCaseBase-67] 20180103111150
[18/01/03 11:11:55][INFO][com.perficient.test.cat.catinspectweb.util.TestCaseBase-83] Before Deletion
[18/01/03 11:11:55][INFO][com.perficient.test.cat.catinspectweb.util.FunctionUtil-115] 20180103110732.png
[18/01/03 11:11:55][INFO][com.perficient.test.cat.catinspectweb.util.TestCaseBase-88] File is moved successful!
[18/01/03 11:12:01][INFO][com.perficient.test.cat.catinspectweb.util.LogWebDriverEventListener-20] WebDriver navigating to:'https://catinspectweb-qa.cat.com/'
[18/01/03 11:12:48][INFO][com.perficient.test.cat.catinspectweb.util.LogWebDriverEventListener-30] WebDriver changing value in element found By.xpath: //input[@id='cwsUID'] from '' to ''
[18/01/03 11:12:48][INFO][com.perficient.test.cat.catinspectweb.util.LogWebDriverEventListener-30] WebDriver changing value in element found By.xpath: //input[@id='cwsUID'] from '' to 'zhangc42'
[18/01/03 11:12:48][INFO][com.perficient.test.cat.catinspectweb.util.LogWebDriverEventListener-30] WebDriver changing value in element found By.xpath: //input[@id='cwsPwd'] from '' to ''
[18/01/03 11:12:48][INFO][com.perficient.test.cat.catinspectweb.util.LogWebDriverEventListener-30] WebDriver changing value in element found By.xpath: //input[@id='cwsPwd'] from '' to 'Zhh131109'
[18/01/03 11:12:49][INFO][com.perficient.test.cat.catinspectweb.util.LogWebDriverEventListener-63] Click the element found By.xpath: //input[@id='submitButton']
[18/01/03 11:12:54][INFO][com.perficient.test.cat.catinspectweb.util.LogWebDriverEventListener-63] Click the element found By.xpath: //span[@class='create']
[18/01/03 11:12:54][INFO][com.perficient.test.cat.catinspectweb.util.LogWebDriverEventListener-30] WebDriver changing value in element found By.xpath: //input[@id='formName'] from '' to ''
[18/01/03 11:12:55][INFO][com.perficient.test.cat.catinspectweb.util.LogWebDriverEventListener-30] WebDriver changing value in element found By.xpath: //input[@id='formName'] from '' to 'TestViewHelpFile'
[18/01/03 11:12:57][INFO][com.perficient.test.cat.catinspectweb.util.LogWebDriverEventListener-63] Click the element found By.xpath: //Select[@id='formType']
[18/01/03 11:12:59][INFO][com.perficient.test.cat.catinspectweb.util.LogWebDriverEventListener-63] Click the element found By.tagName: option
[18/01/03 11:13:05][INFO][com.perficient.test.cat.catinspectweb.util.LogWebDriverEventListener-63] Click the element found By.xpath: //select[@id='formFamily']
[18/01/03 11:13:07][INFO][com.perficient.test.cat.catinspectweb.util.LogWebDriverEventListener-63] Click the element found By.tagName: option
[18/01/03 11:13:08][INFO][com.perficient.test.cat.catinspectweb.util.LogWebDriverEventListener-63] Click the element found By.xpath: //a[@title='Next']
[18/01/03 11:13:08][INFO][com.perficient.test.cat.catinspectweb.util.LogWebDriverEventListener-30] WebDriver changing value in element found By.xpath: //input[@name='addCat'] from '' to ''
[18/01/03 11:13:08][INFO][com.perficient.test.cat.catinspectweb.util.LogWebDriverEventListener-30] WebDriver changing value in element found By.xpath: //input[@name='addCat'] from '' to 'Category1'
[18/01/03 11:13:08][INFO][com.perficient.test.cat.catinspectweb.util.LogWebDriverEventListener-63] Click the element found By.xpath: //span[@class = 'input-group-btn']
[18/01/03 11:13:08][INFO][com.perficient.test.cat.catinspectweb.util.LogWebDriverEventListener-63] Click the element found By.xpath: //a[@title='Next']
[18/01/03 11:13:09][INFO][com.perficient.test.cat.catinspectweb.util.LogWebDriverEventListener-63] Click the element found By.xpath: //div[@class = 'cat_add_block']
[18/01/03 11:13:09][INFO][com.perficient.test.cat.catinspectweb.util.LogWebDriverEventListener-101] Click on the element find By.xpath: //span[@class = 'glyphicon glyphicon-chevron-right'] by javascript
[18/01/03 11:13:10][INFO][com.perficient.test.cat.catinspectweb.util.LogWebDriverEventListener-63] Click the element found By.xpath: //input[@value = 'text_and_image']
[18/01/03 11:13:11][INFO][com.perficient.test.cat.catinspectweb.util.LogWebDriverEventListener-101] Click on the element find By.xpath: //input[@name = 'helpPic'] by javascript
[18/01/03 11:13:16][INFO][com.perficient.test.cat.catinspectweb.util.LogWebDriverEventListener-43] Element is still not found By.xpath: //input[@name = 'helpPic']
[18/01/03 11:13:22][INFO][com.perficient.test.cat.catinspectweb.util.LogWebDriverEventListener-43] Element is still not found By.xpath: //input[@name = 'helpPic']
[18/01/03 11:13:28][INFO][com.perficient.test.cat.catinspectweb.util.LogWebDriverEventListener-43] Element is still not found By.xpath: //input[@name = 'helpPic']
[18/01/03 11:13:34][INFO][com.perficient.test.cat.catinspectweb.util.LogWebDriverEventListener-43] Element is still not found By.xpath: //input[@name = 'helpPic']
[18/01/03 11:13:40][INFO][com.perficient.test.cat.catinspectweb.util.LogWebDriverEventListener-43] Element is still not found By.xpath: //input[@name = 'helpPic']
[18/01/03 11:13:46][INFO][com.perficient.test.cat.catinspectweb.util.LogWebDriverEventListener-43] Element is still not found By.xpath: //input[@name = 'helpPic']
[18/01/03 11:13:52][INFO][com.perficient.test.cat.catinspectweb.util.LogWebDriverEventListener-43] Element is still not found By.xpath: //input[@name = 'helpPic']
[18/01/03 11:13:59][INFO][com.perficient.test.cat.catinspectweb.util.LogWebDriverEventListener-43] Element is still not found By.xpath: //input[@name = 'helpPic']
[18/01/03 11:14:05][INFO][com.perficient.test.cat.catinspectweb.util.LogWebDriverEventListener-43] Element is still not found By.xpath: //input[@name = 'helpPic']
[18/01/03 11:14:11][INFO][com.perficient.test.cat.catinspectweb.util.LogWebDriverEventListener-43] Element is still not found By.xpath: //input[@name = 'helpPic']
[18/01/03 11:14:17][INFO][com.perficient.test.cat.catinspectweb.util.LogWebDriverEventListener-43] Element is still not found By.xpath: //input[@name = 'helpPic']
[18/01/03 11:14:20][INFO][com.perficient.test.cat.catinspectweb.util.LogWebDriverEventListener-43] Element is still not found By.xpath: //input[@name = 'helpPic']
[18/01/03 11:14:20][INFO][com.perficient.test.cat.catinspectweb.util.CustomAssertion-428] .\errorImages\20180103111420.png
[18/01/03 11:14:20][INFO][com.perficient.test.cat.catinspectweb.util.CustomAssertion-451] StackTrace 0 is: java.lang.Thread.getStackTrace(Unknown Source)
[18/01/03 11:14:20][INFO][com.perficient.test.cat.catinspectweb.util.CustomAssertion-452] LineNumber for 0 stack trace is: -1
[18/01/03 11:14:20][INFO][com.perficient.test.cat.catinspectweb.util.CustomAssertion-451] StackTrace 1 is: com.perficient.test.cat.catinspectweb.util.CustomAssertion.logStackTraceInfo(CustomAssertion.java:451)
[18/01/03 11:14:20][INFO][com.perficient.test.cat.catinspectweb.util.CustomAssertion-452] LineNumber for 1 stack trace is: 452
[18/01/03 11:14:20][INFO][com.perficient.test.cat.catinspectweb.util.CustomAssertion-451] StackTrace 2 is: com.perficient.test.cat.catinspectweb.util.CustomAssertion.printError(CustomAssertion.java:429)
[18/01/03 11:14:20][INFO][com.perficient.test.cat.catinspectweb.util.CustomAssertion-452] LineNumber for 2 stack trace is: 429
[18/01/03 11:14:20][INFO][com.perficient.test.cat.catinspectweb.util.CustomAssertion-451] StackTrace 3 is: com.perficient.test.cat.catinspectweb.util.TestCaseBase.afterMethod(TestCaseBase.java:209)
[18/01/03 11:14:20][INFO][com.perficient.test.cat.catinspectweb.util.CustomAssertion-452] LineNumber for 3 stack trace is: 209
[18/01/03 11:14:20][INFO][com.perficient.test.cat.catinspectweb.util.CustomAssertion-451] StackTrace 4 is: sun.reflect.NativeMethodAccessorImpl.invoke0(Native Method)
[18/01/03 11:14:20][INFO][com.perficient.test.cat.catinspectweb.util.CustomAssertion-452] LineNumber for 4 stack trace is: -2
[18/01/03 11:14:20][INFO][com.perficient.test.cat.catinspectweb.util.CustomAssertion-451] StackTrace 5 is: sun.reflect.NativeMethodAccessorImpl.invoke(Unknown Source)
[18/01/03 11:14:20][INFO][com.perficient.test.cat.catinspectweb.util.CustomAssertion-452] LineNumber for 5 stack trace is: -1
[18/01/03 11:14:20][INFO][com.perficient.test.cat.catinspectweb.util.CustomAssertion-451] StackTrace 6 is: sun.reflect.DelegatingMethodAccessorImpl.invoke(Unknown Source)
[18/01/03 11:14:20][INFO][com.perficient.test.cat.catinspectweb.util.CustomAssertion-452] LineNumber for 6 stack trace is: -1
[18/01/03 11:14:20][INFO][com.perficient.test.cat.catinspectweb.util.CustomAssertion-455] StackTrace for Assert is: com.perficient.test.cat.catinspectweb.util.TestCaseBase.afterMethod(TestCaseBase.java:209)
[18/01/03 11:14:20][INFO][com.perficient.test.cat.catinspectweb.util.CustomAssertion-456] Assert LineNumber is: 209
[18/01/03 11:16:57][INFO][com.perficient.test.cat.catinspectweb.util.TestCaseBase-67] 20180103111657
[18/01/03 11:17:02][INFO][com.perficient.test.cat.catinspectweb.util.TestCaseBase-83] Before Deletion
[18/01/03 11:17:02][INFO][com.perficient.test.cat.catinspectweb.util.FunctionUtil-115] 20180103111420.png
[18/01/03 11:17:02][INFO][com.perficient.test.cat.catinspectweb.util.TestCaseBase-88] File is moved successful!
[18/01/03 11:17:08][INFO][com.perficient.test.cat.catinspectweb.util.LogWebDriverEventListener-20] WebDriver navigating to:'https://catinspectweb-qa.cat.com/'
[18/01/03 11:18:00][INFO][com.perficient.test.cat.catinspectweb.util.LogWebDriverEventListener-30] WebDriver changing value in element found By.xpath: //input[@id='cwsUID'] from '' to ''
[18/01/03 11:18:01][INFO][com.perficient.test.cat.catinspectweb.util.LogWebDriverEventListener-30] WebDriver changing value in element found By.xpath: //input[@id='cwsUID'] from '' to 'zhangc42'
[18/01/03 11:18:01][INFO][com.perficient.test.cat.catinspectweb.util.LogWebDriverEventListener-30] WebDriver changing value in element found By.xpath: //input[@id='cwsPwd'] from '' to ''
[18/01/03 11:18:01][INFO][com.perficient.test.cat.catinspectweb.util.LogWebDriverEventListener-30] WebDriver changing value in element found By.xpath: //input[@id='cwsPwd'] from '' to 'Zhh131109'
[18/01/03 11:18:01][INFO][com.perficient.test.cat.catinspectweb.util.LogWebDriverEventListener-63] Click the element found By.xpath: //input[@id='submitButton']
[18/01/03 11:18:06][INFO][com.perficient.test.cat.catinspectweb.util.LogWebDriverEventListener-63] Click the element found By.xpath: //span[@class='create']
[18/01/03 11:18:07][INFO][com.perficient.test.cat.catinspectweb.util.LogWebDriverEventListener-30] WebDriver changing value in element found By.xpath: //input[@id='formName'] from '' to ''
[18/01/03 11:18:07][INFO][com.perficient.test.cat.catinspectweb.util.LogWebDriverEventListener-30] WebDriver changing value in element found By.xpath: //input[@id='formName'] from '' to 'TestViewHelpFile'
[18/01/03 11:18:09][INFO][com.perficient.test.cat.catinspectweb.util.LogWebDriverEventListener-63] Click the element found By.xpath: //Select[@id='formType']
[18/01/03 11:18:11][INFO][com.perficient.test.cat.catinspectweb.util.LogWebDriverEventListener-63] Click the element found By.tagName: option
[18/01/03 11:18:13][INFO][com.perficient.test.cat.catinspectweb.util.LogWebDriverEventListener-63] Click the element found By.xpath: //select[@id='formFamily']
[18/01/03 11:18:16][INFO][com.perficient.test.cat.catinspectweb.util.LogWebDriverEventListener-63] Click the element found By.tagName: option
[18/01/03 11:18:16][INFO][com.perficient.test.cat.catinspectweb.util.LogWebDriverEventListener-63] Click the element found By.xpath: //a[@title='Next']
[18/01/03 11:18:16][INFO][com.perficient.test.cat.catinspectweb.util.LogWebDriverEventListener-30] WebDriver changing value in element found By.xpath: //input[@name='addCat'] from '' to ''
[18/01/03 11:18:16][INFO][com.perficient.test.cat.catinspectweb.util.LogWebDriverEventListener-30] WebDriver changing value in element found By.xpath: //input[@name='addCat'] from '' to 'Category1'
[18/01/03 11:18:17][INFO][com.perficient.test.cat.catinspectweb.util.LogWebDriverEventListener-63] Click the element found By.xpath: //span[@class = 'input-group-btn']
[18/01/03 11:18:17][INFO][com.perficient.test.cat.catinspectweb.util.LogWebDriverEventListener-63] Click the element found By.xpath: //a[@title='Next']
[18/01/03 11:18:17][INFO][com.perficient.test.cat.catinspectweb.util.LogWebDriverEventListener-63] Click the element found By.xpath: //div[@class = 'cat_add_block']
[18/01/03 11:18:17][INFO][com.perficient.test.cat.catinspectweb.util.LogWebDriverEventListener-101] Click on the element find By.xpath: //span[@class = 'glyphicon glyphicon-chevron-right'] by javascript
[18/01/03 11:18:19][INFO][com.perficient.test.cat.catinspectweb.util.LogWebDriverEventListener-63] Click the element found By.xpath: //input[@value = 'text_and_image']
[18/01/03 11:18:19][INFO][com.perficient.test.cat.catinspectweb.util.LogWebDriverEventListener-63] Click the element found By.xpath: //input[@name = 'helpPic']
[18/01/03 11:18:20][INFO][com.perficient.test.cat.catinspectweb.util.LogWebDriverEventListener-63] Click the element found By.xpath: //button[@class = 'btn btn-success']
[18/01/03 11:18:27][INFO][com.perficient.test.cat.catinspectweb.util.LogWebDriverEventListener-43] Element is still not found By.xpath: //button[@class = 'btn btn-success']
[18/01/03 11:18:27][INFO][com.perficient.test.cat.catinspectweb.util.LogWebDriverEventListener-101] Click on the element find By.xpath: //span[contains(@class, 'glyphicon-download-alt')] by javascript
[18/01/03 11:18:30][INFO][com.perficient.test.cat.catinspectweb.util.LogWebDriverEventListener-63] Click the element found By.xpath: //input[@value = 'doc']
[18/01/03 11:18:30][INFO][com.perficient.test.cat.catinspectweb.util.LogWebDriverEventListener-63] Click the element found By.xpath: //button[@class = 'btn btn-success']
[18/01/03 11:18:37][INFO][com.perficient.test.cat.catinspectweb.util.LogWebDriverEventListener-43] Element is still not found By.xpath: //button[@class = 'btn btn-success']
[18/01/03 11:18:37][INFO][com.perficient.test.cat.catinspectweb.util.LogWebDriverEventListener-63] Click the element found By.xpath: //input[@name = 'helpText']
[18/01/03 11:18:38][INFO][com.perficient.test.cat.catinspectweb.util.LogWebDriverEventListener-63] Click the element found By.xpath: //button[@class = 'btn btn-success']
[18/01/03 11:18:45][INFO][com.perficient.test.cat.catinspectweb.util.LogWebDriverEventListener-43] Element is still not found By.xpath: //button[@class = 'btn btn-success']
[18/01/03 11:18:45][INFO][com.perficient.test.cat.catinspectweb.util.LogWebDriverEventListener-63] Click the element found By.xpath: //span[contains(@class, 'glyphicon-download-alt')]
[18/01/03 13:32:03][INFO][com.perficient.test.cat.catinspectweb.util.TestCaseBase-67] 20180103133203
[18/01/03 13:32:08][INFO][com.perficient.test.cat.catinspectweb.util.TestCaseBase-83] Before Deletion
[18/01/03 13:32:08][INFO][com.perficient.test.cat.catinspectweb.util.TestCaseBase-88] File is moved successful!
[18/01/03 13:32:14][INFO][com.perficient.test.cat.catinspectweb.util.LogWebDriverEventListener-20] WebDriver navigating to:'https://catinspectweb-qa.cat.com/'
[18/01/03 13:33:10][INFO][com.perficient.test.cat.catinspectweb.util.LogWebDriverEventListener-30] WebDriver changing value in element found By.xpath: //input[@id='cwsUID'] from '' to ''
[18/01/03 13:33:10][INFO][com.perficient.test.cat.catinspectweb.util.LogWebDriverEventListener-30] WebDriver changing value in element found By.xpath: //input[@id='cwsUID'] from '' to 'zhangc42'
[18/01/03 13:33:10][INFO][com.perficient.test.cat.catinspectweb.util.LogWebDriverEventListener-30] WebDriver changing value in element found By.xpath: //input[@id='cwsPwd'] from '' to ''
[18/01/03 13:33:10][INFO][com.perficient.test.cat.catinspectweb.util.LogWebDriverEventListener-30] WebDriver changing value in element found By.xpath: //input[@id='cwsPwd'] from '' to 'Zhh131109'
[18/01/03 13:33:10][INFO][com.perficient.test.cat.catinspectweb.util.LogWebDriverEventListener-63] Click the element found By.xpath: //input[@id='submitButton']
[18/01/03 13:33:16][INFO][com.perficient.test.cat.catinspectweb.util.LogWebDriverEventListener-63] Click the element found By.xpath: //span[@class='manage_form']
[18/01/03 13:33:19][INFO][com.perficient.test.cat.catinspectweb.util.LogWebDriverEventListener-63] Click the element found By.xpath: //div[@class='col-xs-6']//select[contains(@class,'cat_status_select')]
[18/01/03 13:33:22][INFO][com.perficient.test.cat.catinspectweb.util.LogWebDriverEventListener-63] Click the element found By.tagName: option
[18/01/03 13:33:22][INFO][com.perficient.test.cat.catinspectweb.util.LogWebDriverEventListener-63] Click the element found By.xpath: //span[@class='glyphicon glyphicon-search']
[18/01/03 13:33:26][INFO][com.perficient.test.cat.catinspectweb.util.LogWebDriverEventListener-101] Click on the element find By.xpath: //td/i[1][contains(@class, 'material-icons')] by javascript
[18/01/03 13:33:27][INFO][com.perficient.test.cat.catinspectweb.util.LogWebDriverEventListener-63] Click the element found By.xpath: //button[@class = 'btn btn-success']
[18/01/03 13:33:38][INFO][com.perficient.test.cat.catinspectweb.util.LogWebDriverEventListener-63] Click the element found By.xpath: //div[@class= 'cat_date_filter cat_right_border col-xs-4']/select
[18/01/03 13:33:38][INFO][com.perficient.test.cat.catinspectweb.util.LogWebDriverEventListener-63] Click the element found By.xpath: //div[@class ='cat_date_filter cat_right_border col-xs-4']/select/option
[18/01/03 13:33:39][INFO][com.perficient.test.cat.catinspectweb.util.LogWebDriverEventListener-63] Click the element found By.xpath: //div[@class= 'cat_date_filter cat_right_border col-xs-4']/select
[18/01/03 13:33:39][INFO][com.perficient.test.cat.catinspectweb.util.LogWebDriverEventListener-63] Click the element found By.xpath: //div[@class ='cat_date_filter cat_right_border col-xs-4']/select/option
[18/01/03 13:33:40][INFO][com.perficient.test.cat.catinspectweb.util.LogWebDriverEventListener-101] Click on the element find By.xpath: //td/i[1][contains(@class, 'material-icons')] by javascript
[18/01/03 13:33:41][INFO][com.perficient.test.cat.catinspectweb.util.LogWebDriverEventListener-63] Click the element found By.xpath: //button[@class = 'btn btn-success']
[18/01/03 13:33:51][INFO][com.perficient.test.cat.catinspectweb.util.LogWebDriverEventListener-63] Click the element found By.xpath: //div[@class = 'col-xs-4 cat_right_border']/select
[18/01/03 13:33:51][INFO][com.perficient.test.cat.catinspectweb.util.LogWebDriverEventListener-63] Click the element found By.xpath: //div[@class = 'col-xs-4 cat_right_border']/select/option
[18/01/03 13:33:52][INFO][com.perficient.test.cat.catinspectweb.util.LogWebDriverEventListener-63] Click the element found By.xpath: //div[@class = 'col-xs-4 cat_right_border']/select
[18/01/03 13:33:52][INFO][com.perficient.test.cat.catinspectweb.util.LogWebDriverEventListener-63] Click the element found By.xpath: //div[@class = 'col-xs-4 cat_right_border']/select/option
[18/01/03 13:33:54][INFO][com.perficient.test.cat.catinspectweb.util.FunctionUtil-1525] [20171101 Test Edit Inspection, 201711010001 upload a PDF file, the PDF file can be viewed again,the download icon is shown., Articulated Truck (Внешний о??мотр грузового автомобил?? ?? шарнирно) TA1 (Russi, Articulated Truck (铰接式卡车外观检查) TA1 (Chinese), Articulated Truck TA1, Articulated Truck TA1, Articulated Truck TA1 (Portuguese), Articulated Truck TA1 (Spanish), Articulated Trucks: Safety & Maintenance, Big form 05/03 imtiaz, cat used demo, Clone of form 6/17 pub, CX38 Assembly - Sub Modules v1.0, CX38 Assembly - Transmission & Sub Modules Combined v1.0, CX38 Disassembly - Clutch 2, CX38 Disassembly - Sub-Modules v0.1, CX38 Disassembly - Sub-Modules v0.2, CX38 Disassembly - Transmission, CX38 Disassembly - Transmission & Sub Modules Combined v1.0, CX38 Disassembly - Transmission v0.1, CX38 Transmission Rebuild Checklist, CX38 Transmission Test Procedures, Form 05/30, form 6/17, form 6/17 pub, Form for QA testing 06/28, form test dealer author, Form to test deletion of category 5/7 UAT, GMD-PPG-Articulated Truck TA1 w/ Performance Inspection, imtiaz UAT 05/03, JoshConExpotest02, new form 7/1, PDI Articulated Truck Inspection, PSSR Inspection - AT, Regression testing 05/16, rekha form 6/17 publisher, test, Test, TEST - Family Change 1011, Test 123, TEST FOR CSE, Test for dealer, Test Form, TEST123, Testing Chrome, UAT testing 0 of 0 5/7/2013, Underground Articulated Truck TA1, Underground Articulated Truck TA1, zaxasxsd]The original array list
[18/01/03 13:33:54][INFO][com.perficient.test.cat.catinspectweb.util.FunctionUtil-1541] [20171101 Test Edit Inspection, 201711010001 upload a PDF file, the PDF file can be viewed again,the download icon is shown., Articulated Truck (Внешний о??мотр грузового автомобил?? ?? шарнирно) TA1 (Russi, Articulated Truck (铰接式卡车外观检查) TA1 (Chinese), Articulated Truck TA1, Articulated Truck TA1, Articulated Truck TA1 (Portuguese), Articulated Truck TA1 (Spanish), Articulated Trucks: Safety & Maintenance, Big form 05/03 imtiaz, cat used demo, Clone of form 6/17 pub, CX38 Assembly - Sub Modules v1.0, CX38 Assembly - Transmission & Sub Modules Combined v1.0, CX38 Disassembly - Clutch 2, CX38 Disassembly - Sub-Modules v0.1, CX38 Disassembly - Sub-Modules v0.2, CX38 Disassembly - Transmission, CX38 Disassembly - Transmission & Sub Modules Combined v1.0, CX38 Disassembly - Transmission v0.1, CX38 Transmission Rebuild Checklist, CX38 Transmission Test Procedures, Form 05/30, form 6/17, form 6/17 pub, Form for QA testing 06/28, form test dealer author, Form to test deletion of category 5/7 UAT, GMD-PPG-Articulated Truck TA1 w/ Performance Inspection, imtiaz UAT 05/03, JoshConExpotest02, new form 7/1, PDI Articulated Truck Inspection, PSSR Inspection - AT, Regression testing 05/16, rekha form 6/17 publisher, test, Test, TEST - Family Change 1011, Test 123, TEST FOR CSE, Test for dealer, Test Form, TEST123, Testing Chrome, UAT testing 0 of 0 5/7/2013, Underground Articulated Truck TA1, Underground Articulated Truck TA1, zaxasxsd]The alphabetical order array list after sort
[18/01/03 13:33:54][INFO][com.perficient.test.cat.catinspectweb.util.LogWebDriverEventListener-63] Click the element found By.xpath: //th[@sort-by]
[18/01/03 13:33:55][INFO][com.perficient.test.cat.catinspectweb.util.FunctionUtil-1525] [SSP, RAG, POS, JPA, IMT, EAT, dug, dug, BZY, BZY, BXY]The original array list
[18/01/03 13:33:55][INFO][com.perficient.test.cat.catinspectweb.util.FunctionUtil-1541] [SSP, RAG, POS, JPA, IMT, EAT, dug, dug, BZY, BZY, BXY]The alphabetical order array list after sort
[18/01/03 13:33:55][INFO][com.perficient.test.cat.catinspectweb.util.LogWebDriverEventListener-63] Click the element found By.xpath: //th[@sort-by]
[18/01/03 13:33:57][INFO][com.perficient.test.cat.catinspectweb.util.FunctionUtil-1525] [Validation, Validation, TA1, TA1, TA1, TA1, TA1, TA1, TA1, TA1, TA1, TA1, TA1, PSSR, PSSR, PM Checklist, PM Checklist, PM Checklist, PM Checklist, PM Checklist, PM Checklist, PDI, PDI, PDI, GET, Daily, Daily, Daily, Component D&A, Component D&A, Component D&A, Component D&A, Component D&A, Component D&A, Component D&A, Component D&A, Component D&A, Component D&A, Component D&A, CCR, CCR, CCR, CCR, CCR, CCR, CCR, CCR, CCR, CCR]The original array list
[18/01/03 13:33:57][INFO][com.perficient.test.cat.catinspectweb.util.FunctionUtil-1541] [Validation, Validation, TA1, TA1, TA1, TA1, TA1, TA1, TA1, TA1, TA1, TA1, TA1, PSSR, PSSR, PM Checklist, PM Checklist, PM Checklist, PM Checklist, PM Checklist, PM Checklist, PDI, PDI, PDI, GET, Daily, Daily, Daily, Component D&A, Component D&A, Component D&A, Component D&A, Component D&A, Component D&A, Component D&A, Component D&A, Component D&A, Component D&A, Component D&A, CCR, CCR, CCR, CCR, CCR, CCR, CCR, CCR, CCR, CCR]The alphabetical order array list after sort
[18/01/03 13:33:57][INFO][com.perficient.test.cat.catinspectweb.util.LogWebDriverEventListener-63] Click the element found By.xpath: //th[@sort-by]
[18/01/03 13:33:59][INFO][com.perficient.test.cat.catinspectweb.util.FunctionUtil-1525] [Sean M Watts, Ron Penick, Ron Penick, Ron Penick, Ron Penick, Ron Penick, Ron Penick, Ron Penick, Ron Penick, Robert Whayne Spear, Muthushankar Raghunathan, Leandro Medrano, Joey Pickett, Jarod Skocaj, Jarod Skocaj, Douglas Siemer, Curtis Tyler Albertsen, , , , , , , , , , , , , , , , , , , , , , , , , , , , , , , , ]The original array list
[18/01/03 13:33:59][INFO][com.perficient.test.cat.catinspectweb.util.FunctionUtil-1541] [Sean M Watts, Ron Penick, Ron Penick, Ron Penick, Ron Penick, Ron Penick, Ron Penick, Ron Penick, Ron Penick, Robert Whayne Spear, Muthushankar Raghunathan, Leandro Medrano, Joey Pickett, Jarod Skocaj, Jarod Skocaj, Douglas Siemer, Curtis Tyler Albertsen, , , , , , , , , , , , , , , , , , , , , , , , , , , , , , , , ]The alphabetical order array list after sort
[18/01/03 13:33:59][INFO][com.perficient.test.cat.catinspectweb.util.LogWebDriverEventListener-63] Click the element found By.xpath: //th[@sort-by]
[18/01/03 13:34:04][INFO][com.perficient.test.cat.catinspectweb.util.LogWebDriverEventListener-63] Click the element found By.xpath: //th[@sort-by]
[18/01/03 13:34:07][INFO][com.perficient.test.cat.catinspectweb.util.LogWebDriverEventListener-30] WebDriver changing value in element found By.xpath: //div[@class = 'cat_search_filter col-xs-3']/input from '' to ''
[18/01/03 13:34:07][INFO][com.perficient.test.cat.catinspectweb.util.LogWebDriverEventListener-30] WebDriver changing value in element found By.xpath: //div[@class = 'cat_search_filter col-xs-3']/input from '' to '59021'
[18/01/03 13:36:50][INFO][com.perficient.test.cat.catinspectweb.util.TestCaseBase-67] 20180103133650
[18/01/03 13:36:55][INFO][com.perficient.test.cat.catinspectweb.util.TestCaseBase-83] Before Deletion
[18/01/03 13:36:55][INFO][com.perficient.test.cat.catinspectweb.util.TestCaseBase-88] File is moved successful!
[18/01/03 13:37:00][INFO][com.perficient.test.cat.catinspectweb.util.LogWebDriverEventListener-20] WebDriver navigating to:'https://catinspectweb-qa.cat.com/'
[18/01/03 13:37:57][INFO][com.perficient.test.cat.catinspectweb.util.LogWebDriverEventListener-30] WebDriver changing value in element found By.xpath: //input[@id='cwsUID'] from '' to ''
[18/01/03 13:37:57][INFO][com.perficient.test.cat.catinspectweb.util.LogWebDriverEventListener-30] WebDriver changing value in element found By.xpath: //input[@id='cwsUID'] from '' to 'zhangc42'
[18/01/03 13:37:57][INFO][com.perficient.test.cat.catinspectweb.util.LogWebDriverEventListener-30] WebDriver changing value in element found By.xpath: //input[@id='cwsPwd'] from '' to ''
[18/01/03 13:37:57][INFO][com.perficient.test.cat.catinspectweb.util.LogWebDriverEventListener-30] WebDriver changing value in element found By.xpath: //input[@id='cwsPwd'] from '' to 'Zhh131109'
[18/01/03 13:37:57][INFO][com.perficient.test.cat.catinspectweb.util.LogWebDriverEventListener-63] Click the element found By.xpath: //input[@id='submitButton']
[18/01/03 13:38:03][INFO][com.perficient.test.cat.catinspectweb.util.LogWebDriverEventListener-63] Click the element found By.xpath: //select[@name='statusselect']
[18/01/03 13:38:05][INFO][com.perficient.test.cat.catinspectweb.util.LogWebDriverEventListener-63] Click the element found By.tagName: option
[18/01/03 13:38:16][INFO][com.perficient.test.cat.catinspectweb.util.LogWebDriverEventListener-101] Click on the element find By.xpath: //ul[@class='reactions-box']//a[@title='Summary Details'] by javascript
[18/01/03 13:38:18][INFO][com.perficient.test.cat.catinspectweb.util.LogWebDriverEventListener-63] Click the element found By.xpath: //li[@class='toolbar-item']//a[contains(@href,'edit')]
[18/01/03 13:38:24][INFO][com.perficient.test.cat.catinspectweb.util.LogWebDriverEventListener-43] Element is still not found By.xpath: //li[@class='toolbar-item']//a[contains(@href,'edit')]
[18/01/03 13:38:24][INFO][com.perficient.test.cat.catinspectweb.util.LogWebDriverEventListener-63] Click the element found By.xpath: //div[@class = 'cat_div cat_div_edit']
[18/01/03 13:38:24][INFO][com.perficient.test.cat.catinspectweb.util.LogWebDriverEventListener-30] WebDriver changing value in element found By.xpath: //input[@name='SerialNumber'] from '' to ''
[18/01/03 13:38:25][INFO][com.perficient.test.cat.catinspectweb.util.LogWebDriverEventListener-30] WebDriver changing value in element found By.xpath: //input[@name='SerialNumber'] from '' to '57820637'
[18/01/03 13:38:25][INFO][com.perficient.test.cat.catinspectweb.util.LogWebDriverEventListener-30] WebDriver changing value in element found By.xpath: //input[@name='EquipmentNumber'] from '' to ''
[18/01/03 13:38:25][INFO][com.perficient.test.cat.catinspectweb.util.LogWebDriverEventListener-30] WebDriver changing value in element found By.xpath: //input[@name='EquipmentNumber'] from '' to '0637'
[18/01/03 13:38:25][INFO][com.perficient.test.cat.catinspectweb.util.LogWebDriverEventListener-30] WebDriver changing value in element found By.xpath: //input[@name='SMU'] from '0' to ''
[18/01/03 13:38:25][INFO][com.perficient.test.cat.catinspectweb.util.LogWebDriverEventListener-30] WebDriver changing value in element found By.xpath: //input[@name='SMU'] from '' to '37'
[18/01/03 13:38:25][INFO][com.perficient.test.cat.catinspectweb.util.LogWebDriverEventListener-63] Click the element found By.xpath: //select[@name='SMUType']
[18/01/03 13:38:25][ERROR][com.perficient.test.cat.catinspectweb.util.LogWebDriverEventListener-45] WebDriver error:
org.openqa.selenium.WebDriverException: unknown error: Element <select _ngcontent-ouj-35="" class="form-control" formcontrolname="SMUType" name="SMUType">...</select> is not clickable at point (429, 770). Other element would receive the click: <div _ngcontent-ouj-69="" class="col-md-12 copyright">...</div>
  (Session info: chrome=62.0.3202.89)
  (Driver info: chromedriver=2.33.506120 (e3e53437346286c0bc2d2dc9aa4915ba81d9023f),platform=Windows NT 6.1.7601 SP1 x86_64) (WARNING: The server did not provide any stacktrace information)
Command duration or timeout: 48 milliseconds
Build info: version: '2.48.2', revision: '41bccdd10cf2c0560f637404c2d96164b67d9d67', time: '2015-10-09 13:08:06'
System info: host: 'H2600-0463L', ip: '10.2.7.32', os.name: 'Windows 7', os.arch: 'amd64', os.version: '6.1', java.version: '1.8.0_151'
Driver info: org.openqa.selenium.chrome.ChromeDriver
Capabilities [{applicationCacheEnabled=false, rotatable=false, mobileEmulationEnabled=false, networkConnectionEnabled=false, chrome={chromedriverVersion=2.33.506120 (e3e53437346286c0bc2d2dc9aa4915ba81d9023f), userDataDir=C:\Users\herby.he\AppData\Local\Temp\scoped_dir7960_9009}, takesHeapSnapshot=true, pageLoadStrategy=normal, databaseEnabled=false, handlesAlerts=true, hasTouchScreen=false, version=62.0.3202.89, platform=XP, browserConnectionEnabled=false, nativeEvents=true, acceptSslCerts=true, locationContextEnabled=true, webStorageEnabled=true, browserName=chrome, takesScreenshot=true, javascriptEnabled=true, cssSelectorsEnabled=true, setWindowRect=true, unexpectedAlertBehaviour=}]
Session ID: dd9cfeb42c9011143177015fe3d9bb99
	at sun.reflect.NativeConstructorAccessorImpl.newInstance0(Native Method)
	at sun.reflect.NativeConstructorAccessorImpl.newInstance(Unknown Source)
	at sun.reflect.DelegatingConstructorAccessorImpl.newInstance(Unknown Source)
	at java.lang.reflect.Constructor.newInstance(Unknown Source)
	at org.openqa.selenium.remote.ErrorHandler.createThrowable(ErrorHandler.java:206)
	at org.openqa.selenium.remote.ErrorHandler.throwIfResponseFailed(ErrorHandler.java:158)
	at org.openqa.selenium.remote.RemoteWebDriver.execute(RemoteWebDriver.java:647)
	at org.openqa.selenium.remote.RemoteWebElement.execute(RemoteWebElement.java:326)
	at org.openqa.selenium.remote.RemoteWebElement.click(RemoteWebElement.java:84)
	at sun.reflect.NativeMethodAccessorImpl.invoke0(Native Method)
	at sun.reflect.NativeMethodAccessorImpl.invoke(Unknown Source)
	at sun.reflect.DelegatingMethodAccessorImpl.invoke(Unknown Source)
	at java.lang.reflect.Method.invoke(Unknown Source)
	at org.openqa.selenium.support.events.EventFiringWebDriver$EventFiringWebElement$1.invoke(EventFiringWebDriver.java:334)
	at com.sun.proxy.$Proxy15.click(Unknown Source)
	at org.openqa.selenium.support.events.EventFiringWebDriver$EventFiringWebElement.click(EventFiringWebDriver.java:347)
	at sun.reflect.NativeMethodAccessorImpl.invoke0(Native Method)
	at sun.reflect.NativeMethodAccessorImpl.invoke(Unknown Source)
	at sun.reflect.DelegatingMethodAccessorImpl.invoke(Unknown Source)
	at java.lang.reflect.Method.invoke(Unknown Source)
	at org.openqa.selenium.support.pagefactory.internal.LocatingElementHandler.invoke(LocatingElementHandler.java:51)
	at com.sun.proxy.$Proxy13.click(Unknown Source)
	at com.perficient.test.cat.catinspectweb.util.FunctionUtil.click(FunctionUtil.java:319)
	at com.perficient.test.cat.catinspectweb.util.CustomizedFunctionUtil.click(CustomizedFunctionUtil.java:20)
	at com.perficient.test.cat.catinspectweb.reusablefunctions.ReusableFunctions.selectFromSelector(ReusableFunctions.java:69)
	at com.perficient.test.cat.catinspectweb.testcase.editinspection.TC2628_UpdateHeaderInfoOfCompletedInspection.verify_TC2628_UpdateHeaderInfoOfCompletedInspection(TC2628_UpdateHeaderInfoOfCompletedInspection.java:83)
	at sun.reflect.NativeMethodAccessorImpl.invoke0(Native Method)
	at sun.reflect.NativeMethodAccessorImpl.invoke(Unknown Source)
	at sun.reflect.DelegatingMethodAccessorImpl.invoke(Unknown Source)
	at java.lang.reflect.Method.invoke(Unknown Source)
	at org.testng.internal.MethodInvocationHelper.invokeMethod(MethodInvocationHelper.java:84)
	at org.testng.internal.Invoker.invokeMethod(Invoker.java:714)
	at org.testng.internal.Invoker.invokeTestMethod(Invoker.java:901)
	at org.testng.internal.Invoker.invokeTestMethods(Invoker.java:1231)
	at org.testng.internal.TestMethodWorker.invokeTestMethods(TestMethodWorker.java:127)
	at org.testng.internal.TestMethodWorker.run(TestMethodWorker.java:111)
	at org.testng.TestRunner.privateRun(TestRunner.java:767)
	at org.testng.TestRunner.run(TestRunner.java:617)
	at org.testng.SuiteRunner.runTest(SuiteRunner.java:348)
	at org.testng.SuiteRunner.runSequentially(SuiteRunner.java:343)
	at org.testng.SuiteRunner.privateRun(SuiteRunner.java:305)
	at org.testng.SuiteRunner.run(SuiteRunner.java:254)
	at org.testng.SuiteRunnerWorker.runSuite(SuiteRunnerWorker.java:52)
	at org.testng.SuiteRunnerWorker.run(SuiteRunnerWorker.java:86)
	at org.testng.TestNG.runSuitesSequentially(TestNG.java:1224)
	at org.testng.TestNG.runSuitesLocally(TestNG.java:1149)
	at org.testng.TestNG.run(TestNG.java:1057)
	at org.testng.remote.AbstractRemoteTestNG.run(AbstractRemoteTestNG.java:114)
	at org.testng.remote.RemoteTestNG.initAndRun(RemoteTestNG.java:251)
	at org.testng.remote.RemoteTestNG.main(RemoteTestNG.java:77)
[18/01/03 13:38:26][INFO][com.perficient.test.cat.catinspectweb.util.CustomAssertion-428] .\errorImages\20180103133826.png
[18/01/03 13:38:26][INFO][com.perficient.test.cat.catinspectweb.util.CustomAssertion-451] StackTrace 0 is: java.lang.Thread.getStackTrace(Unknown Source)
[18/01/03 13:38:26][INFO][com.perficient.test.cat.catinspectweb.util.CustomAssertion-452] LineNumber for 0 stack trace is: -1
[18/01/03 13:38:26][INFO][com.perficient.test.cat.catinspectweb.util.CustomAssertion-451] StackTrace 1 is: com.perficient.test.cat.catinspectweb.util.CustomAssertion.logStackTraceInfo(CustomAssertion.java:451)
[18/01/03 13:38:26][INFO][com.perficient.test.cat.catinspectweb.util.CustomAssertion-452] LineNumber for 1 stack trace is: 452
[18/01/03 13:38:26][INFO][com.perficient.test.cat.catinspectweb.util.CustomAssertion-451] StackTrace 2 is: com.perficient.test.cat.catinspectweb.util.CustomAssertion.printError(CustomAssertion.java:429)
[18/01/03 13:38:26][INFO][com.perficient.test.cat.catinspectweb.util.CustomAssertion-452] LineNumber for 2 stack trace is: 429
[18/01/03 13:38:26][INFO][com.perficient.test.cat.catinspectweb.util.CustomAssertion-451] StackTrace 3 is: com.perficient.test.cat.catinspectweb.util.TestCaseBase.afterMethod(TestCaseBase.java:209)
[18/01/03 13:38:26][INFO][com.perficient.test.cat.catinspectweb.util.CustomAssertion-452] LineNumber for 3 stack trace is: 209
[18/01/03 13:38:26][INFO][com.perficient.test.cat.catinspectweb.util.CustomAssertion-451] StackTrace 4 is: sun.reflect.NativeMethodAccessorImpl.invoke0(Native Method)
[18/01/03 13:38:26][INFO][com.perficient.test.cat.catinspectweb.util.CustomAssertion-452] LineNumber for 4 stack trace is: -2
[18/01/03 13:38:26][INFO][com.perficient.test.cat.catinspectweb.util.CustomAssertion-451] StackTrace 5 is: sun.reflect.NativeMethodAccessorImpl.invoke(Unknown Source)
[18/01/03 13:38:26][INFO][com.perficient.test.cat.catinspectweb.util.CustomAssertion-452] LineNumber for 5 stack trace is: -1
[18/01/03 13:38:26][INFO][com.perficient.test.cat.catinspectweb.util.CustomAssertion-451] StackTrace 6 is: sun.reflect.DelegatingMethodAccessorImpl.invoke(Unknown Source)
[18/01/03 13:38:26][INFO][com.perficient.test.cat.catinspectweb.util.CustomAssertion-452] LineNumber for 6 stack trace is: -1
[18/01/03 13:38:26][INFO][com.perficient.test.cat.catinspectweb.util.CustomAssertion-455] StackTrace for Assert is: com.perficient.test.cat.catinspectweb.util.TestCaseBase.afterMethod(TestCaseBase.java:209)
[18/01/03 13:38:26][INFO][com.perficient.test.cat.catinspectweb.util.CustomAssertion-456] Assert LineNumber is: 209
