[18/01/29 09:51:39][INFO][com.perficient.test.cat.catinspectweb.util.TestCaseBase-65] 20180129095139
[18/01/29 09:51:39][INFO][com.perficient.test.cat.catinspectweb.util.TestCaseBase-67] Delete screen shots generated 2 days ago.
[18/01/29 09:51:48][INFO][com.perficient.test.cat.catinspectweb.util.LogWebDriverEventListener-20] WebDriver navigating to:'https://catinspectweb-dev.cat.com/'
[18/01/29 09:52:39][INFO][com.perficient.test.cat.catinspectweb.util.LogWebDriverEventListener-106] Clicked the element found By.xpath: //input[@id='submitButton']
[18/01/29 09:52:41][INFO][com.perficient.test.cat.catinspectweb.util.LogWebDriverEventListener-106] Clicked the element found By.xpath: //span[@class='manage_form']
[18/01/29 09:52:41][INFO][com.perficient.test.cat.catinspectweb.util.LogWebDriverEventListener-106] Clicked the element found By.xpath: //div[@class='col-xs-6 cat_right_border']//select[contains(@class,'cat_status_select')]
[18/01/29 09:52:42][INFO][com.perficient.test.cat.catinspectweb.util.LogWebDriverEventListener-106] Clicked the element found By.xpath: //div[@class='col-xs-6 cat_right_border']/select/option
[18/01/29 09:52:42][INFO][com.perficient.test.cat.catinspectweb.util.LogWebDriverEventListener-106] Clicked the element found By.xpath: //span[@class='glyphicon glyphicon-search']
[18/01/29 09:52:42][INFO][com.perficient.test.cat.catinspectweb.util.LogWebDriverEventListener-106] Clicked the element found By.xpath: //button[@class = 'form-control btn btn-default uploadBtn']
[18/01/29 09:52:44][INFO][com.perficient.test.cat.catinspectweb.util.LogWebDriverEventListener-106] Clicked the element found By.xpath: //button[@class = 'btn btn-danger']
[18/01/29 09:52:44][INFO][com.perficient.test.cat.catinspectweb.util.LogWebDriverEventListener-106] Clicked the element found By.xpath: //button[@class = 'form-control btn btn-default uploadBtn']
[18/01/29 09:52:46][INFO][com.perficient.test.cat.catinspectweb.util.LogWebDriverEventListener-106] Clicked the element found By.xpath: //button[@class = 'btn btn-success']
[18/01/29 09:52:46][INFO][com.perficient.test.cat.catinspectweb.util.LogWebDriverEventListener-106] Clicked the element found By.xpath: //button[@class = 'form-control btn btn-default uploadBtn']
[18/01/29 09:52:47][INFO][com.perficient.test.cat.catinspectweb.util.LogWebDriverEventListener-106] Clicked the element found By.xpath: //button[@class = 'btn btn-success']
[18/01/29 09:52:49][INFO][com.perficient.test.cat.catinspectweb.util.FunctionUtil-1488] [C Form, X form]The original array list
[18/01/29 09:52:49][INFO][com.perficient.test.cat.catinspectweb.util.FunctionUtil-1504] [C Form, X form]The alphabetical order array list after sort
[18/01/29 09:52:49][INFO][com.perficient.test.cat.catinspectweb.util.LogWebDriverEventListener-106] Clicked the element found By.xpath: //th[@sort-by]
[18/01/29 09:52:50][INFO][com.perficient.test.cat.catinspectweb.util.FunctionUtil-1488] [Daily, CCR]The original array list
[18/01/29 09:52:50][INFO][com.perficient.test.cat.catinspectweb.util.FunctionUtil-1504] [Daily, CCR]The alphabetical order array list after sort
[18/01/29 09:52:50][INFO][com.perficient.test.cat.catinspectweb.util.LogWebDriverEventListener-106] Clicked the element found By.xpath: //th[@sort-by]
[18/01/29 09:52:50][INFO][com.perficient.test.cat.catinspectweb.util.FunctionUtil-1488] [ENGINE - MACHINE, ARTICULATED DUMP TRUCK]The original array list
[18/01/29 09:52:50][INFO][com.perficient.test.cat.catinspectweb.util.FunctionUtil-1504] [ENGINE - MACHINE, ARTICULATED DUMP TRUCK]The alphabetical order array list after sort
[18/01/29 09:52:50][INFO][com.perficient.test.cat.catinspectweb.util.LogWebDriverEventListener-106] Clicked the element found By.xpath: //th[@sort-by]
[18/01/29 09:52:50][INFO][com.perficient.test.cat.catinspectweb.util.FunctionUtil-1488] [TEX, ASE]The original array list
[18/01/29 09:52:50][INFO][com.perficient.test.cat.catinspectweb.util.FunctionUtil-1504] [TEX, ASE]The alphabetical order array list after sort
[18/01/29 09:52:50][INFO][com.perficient.test.cat.catinspectweb.util.LogWebDriverEventListener-106] Clicked the element found By.xpath: //th[@sort-by]
[18/01/29 09:52:51][INFO][com.perficient.test.cat.catinspectweb.util.LogWebDriverEventListener-134] Click on the element find By.xpath: //i[@title = 'Download'] by javascript
[18/01/29 09:52:54][INFO][com.perficient.test.cat.catinspectweb.util.LogWebDriverEventListener-134] Click on the element find By.xpath: //i[@title = 'Delete'] by javascript
[18/01/29 09:52:55][INFO][com.perficient.test.cat.catinspectweb.util.LogWebDriverEventListener-106] Clicked the element found By.xpath: //button[@class = 'btn btn-danger']
[18/01/29 09:52:55][INFO][com.perficient.test.cat.catinspectweb.util.LogWebDriverEventListener-134] Click on the element find By.xpath: //i[@title = 'Delete'] by javascript
[18/01/29 09:52:56][INFO][com.perficient.test.cat.catinspectweb.util.LogWebDriverEventListener-106] Clicked the element found By.xpath: //button[@class = 'btn btn-success']
[18/01/29 10:06:38][INFO][com.perficient.test.cat.catinspectweb.util.TestCaseBase-65] 20180129100638
[18/01/29 10:06:38][INFO][com.perficient.test.cat.catinspectweb.util.TestCaseBase-67] Delete screen shots generated 2 days ago.
[18/01/29 10:06:44][INFO][com.perficient.test.cat.catinspectweb.util.LogWebDriverEventListener-20] WebDriver navigating to:'https://catinspectweb-dev.cat.com/'
[18/01/29 10:08:34][INFO][com.perficient.test.cat.catinspectweb.util.LogWebDriverEventListener-106] Clicked the element found By.xpath: //input[@id='submitButton']
[18/01/29 10:08:36][INFO][com.perficient.test.cat.catinspectweb.util.LogWebDriverEventListener-106] Clicked the element found By.xpath: //span[@class='manage_form']
[18/01/29 10:08:37][INFO][com.perficient.test.cat.catinspectweb.util.LogWebDriverEventListener-106] Clicked the element found By.xpath: //div[@class='col-xs-6 cat_right_border']//select[contains(@class,'cat_status_select')]
[18/01/29 10:08:37][INFO][com.perficient.test.cat.catinspectweb.util.LogWebDriverEventListener-106] Clicked the element found By.xpath: //div[@class='col-xs-6 cat_right_border']/select/option
[18/01/29 10:08:37][INFO][com.perficient.test.cat.catinspectweb.util.LogWebDriverEventListener-106] Clicked the element found By.xpath: //span[@class='glyphicon glyphicon-search']
[18/01/29 10:08:38][INFO][com.perficient.test.cat.catinspectweb.util.LogWebDriverEventListener-106] Clicked the element found By.xpath: //span[@class='glyphicon glyphicon-search']
[18/01/29 10:08:40][ERROR][com.perficient.test.cat.catinspectweb.util.LogWebDriverEventListener-77] WebDriver error:
org.openqa.selenium.StaleElementReferenceException: stale element reference: element is not attached to the page document
  (Session info: chrome=62.0.3202.89)
  (Driver info: chromedriver=2.33.506120 (e3e53437346286c0bc2d2dc9aa4915ba81d9023f),platform=Windows NT 6.1.7601 SP1 x86_64) (WARNING: The server did not provide any stacktrace information)
Command duration or timeout: 0 milliseconds
For documentation on this error, please visit: http://seleniumhq.org/exceptions/stale_element_reference.html
Build info: version: '3.7.1', revision: '8a0099a', time: '2017-11-06T21:01:39.354Z'
System info: host: 'H2600-0463L', ip: '10.2.7.23', os.name: 'Windows 7', os.arch: 'amd64', os.version: '6.1', java.version: '1.8.0_151'
Driver info: org.openqa.selenium.chrome.ChromeDriver
Capabilities {acceptSslCerts: true, applicationCacheEnabled: false, browserConnectionEnabled: false, browserName: chrome, chrome: {chromedriverVersion: 2.33.506120 (e3e53437346286..., userDataDir: C:\Users\herby.he\AppData\L...}, cssSelectorsEnabled: true, databaseEnabled: false, handlesAlerts: true, hasTouchScreen: false, javascriptEnabled: true, locationContextEnabled: true, mobileEmulationEnabled: false, nativeEvents: true, networkConnectionEnabled: false, pageLoadStrategy: normal, platform: XP, platformName: XP, rotatable: false, setWindowRect: true, takesHeapSnapshot: true, takesScreenshot: true, unexpectedAlertBehaviour: , unhandledPromptBehavior: , version: 62.0.3202.89, webStorageEnabled: true}
Session ID: 50f0722fa86c23208dbee2d791b7e2dc
	at sun.reflect.NativeConstructorAccessorImpl.newInstance0(Native Method)
	at sun.reflect.NativeConstructorAccessorImpl.newInstance(Unknown Source)
	at sun.reflect.DelegatingConstructorAccessorImpl.newInstance(Unknown Source)
	at java.lang.reflect.Constructor.newInstance(Unknown Source)
	at org.openqa.selenium.remote.ErrorHandler.createThrowable(ErrorHandler.java:214)
	at org.openqa.selenium.remote.ErrorHandler.throwIfResponseFailed(ErrorHandler.java:166)
	at org.openqa.selenium.remote.http.JsonHttpResponseCodec.reconstructValue(JsonHttpResponseCodec.java:40)
	at org.openqa.selenium.remote.http.AbstractHttpResponseCodec.decode(AbstractHttpResponseCodec.java:80)
	at org.openqa.selenium.remote.http.AbstractHttpResponseCodec.decode(AbstractHttpResponseCodec.java:44)
	at org.openqa.selenium.remote.HttpCommandExecutor.execute(HttpCommandExecutor.java:164)
	at org.openqa.selenium.remote.service.DriverCommandExecutor.execute(DriverCommandExecutor.java:83)
	at org.openqa.selenium.remote.RemoteWebDriver.execute(RemoteWebDriver.java:600)
	at org.openqa.selenium.remote.RemoteWebElement.execute(RemoteWebElement.java:279)
	at org.openqa.selenium.remote.RemoteWebElement.getText(RemoteWebElement.java:160)
	at sun.reflect.NativeMethodAccessorImpl.invoke0(Native Method)
	at sun.reflect.NativeMethodAccessorImpl.invoke(Unknown Source)
	at sun.reflect.DelegatingMethodAccessorImpl.invoke(Unknown Source)
	at java.lang.reflect.Method.invoke(Unknown Source)
	at org.openqa.selenium.support.events.EventFiringWebDriver$EventFiringWebElement$1.invoke(EventFiringWebDriver.java:376)
	at com.sun.proxy.$Proxy17.getText(Unknown Source)
	at org.openqa.selenium.support.events.EventFiringWebDriver$EventFiringWebElement.getText(EventFiringWebDriver.java:426)
	at com.perficient.test.cat.catinspectweb.testcase.ManageForm.TC2388_FilterFormBySerialNumberPrefix.verify_TC2388_FilterFormWithSerialNumberPrefix(TC2388_FilterFormBySerialNumberPrefix.java:53)
	at sun.reflect.NativeMethodAccessorImpl.invoke0(Native Method)
	at sun.reflect.NativeMethodAccessorImpl.invoke(Unknown Source)
	at sun.reflect.DelegatingMethodAccessorImpl.invoke(Unknown Source)
	at java.lang.reflect.Method.invoke(Unknown Source)
	at org.testng.internal.MethodInvocationHelper.invokeMethod(MethodInvocationHelper.java:84)
	at org.testng.internal.Invoker.invokeMethod(Invoker.java:714)
	at org.testng.internal.Invoker.invokeTestMethod(Invoker.java:901)
	at org.testng.internal.Invoker.invokeTestMethods(Invoker.java:1231)
	at org.testng.internal.TestMethodWorker.invokeTestMethods(TestMethodWorker.java:127)
	at org.testng.internal.TestMethodWorker.run(TestMethodWorker.java:111)
	at org.testng.TestRunner.privateRun(TestRunner.java:767)
	at org.testng.TestRunner.run(TestRunner.java:617)
	at org.testng.SuiteRunner.runTest(SuiteRunner.java:348)
	at org.testng.SuiteRunner.runSequentially(SuiteRunner.java:343)
	at org.testng.SuiteRunner.privateRun(SuiteRunner.java:305)
	at org.testng.SuiteRunner.run(SuiteRunner.java:254)
	at org.testng.SuiteRunnerWorker.runSuite(SuiteRunnerWorker.java:52)
	at org.testng.SuiteRunnerWorker.run(SuiteRunnerWorker.java:86)
	at org.testng.TestNG.runSuitesSequentially(TestNG.java:1224)
	at org.testng.TestNG.runSuitesLocally(TestNG.java:1149)
	at org.testng.TestNG.run(TestNG.java:1057)
	at org.testng.remote.AbstractRemoteTestNG.run(AbstractRemoteTestNG.java:114)
	at org.testng.remote.RemoteTestNG.initAndRun(RemoteTestNG.java:251)
	at org.testng.remote.RemoteTestNG.main(RemoteTestNG.java:77)
[18/01/29 10:08:41][INFO][com.perficient.test.cat.catinspectweb.util.CustomAssertion-428] .\errorImages\20180129100841.png
[18/01/29 10:08:41][INFO][com.perficient.test.cat.catinspectweb.util.CustomAssertion-451] StackTrace 0 is: java.lang.Thread.getStackTrace(Unknown Source)
[18/01/29 10:08:41][INFO][com.perficient.test.cat.catinspectweb.util.CustomAssertion-452] LineNumber for 0 stack trace is: -1
[18/01/29 10:08:41][INFO][com.perficient.test.cat.catinspectweb.util.CustomAssertion-451] StackTrace 1 is: com.perficient.test.cat.catinspectweb.util.CustomAssertion.logStackTraceInfo(CustomAssertion.java:451)
[18/01/29 10:08:41][INFO][com.perficient.test.cat.catinspectweb.util.CustomAssertion-452] LineNumber for 1 stack trace is: 452
[18/01/29 10:08:41][INFO][com.perficient.test.cat.catinspectweb.util.CustomAssertion-451] StackTrace 2 is: com.perficient.test.cat.catinspectweb.util.CustomAssertion.printError(CustomAssertion.java:429)
[18/01/29 10:08:41][INFO][com.perficient.test.cat.catinspectweb.util.CustomAssertion-452] LineNumber for 2 stack trace is: 429
[18/01/29 10:08:41][INFO][com.perficient.test.cat.catinspectweb.util.CustomAssertion-451] StackTrace 3 is: com.perficient.test.cat.catinspectweb.util.TestCaseBase.afterMethod(TestCaseBase.java:210)
[18/01/29 10:08:41][INFO][com.perficient.test.cat.catinspectweb.util.CustomAssertion-452] LineNumber for 3 stack trace is: 210
[18/01/29 10:08:41][INFO][com.perficient.test.cat.catinspectweb.util.CustomAssertion-451] StackTrace 4 is: sun.reflect.NativeMethodAccessorImpl.invoke0(Native Method)
[18/01/29 10:08:41][INFO][com.perficient.test.cat.catinspectweb.util.CustomAssertion-452] LineNumber for 4 stack trace is: -2
[18/01/29 10:08:41][INFO][com.perficient.test.cat.catinspectweb.util.CustomAssertion-451] StackTrace 5 is: sun.reflect.NativeMethodAccessorImpl.invoke(Unknown Source)
[18/01/29 10:08:41][INFO][com.perficient.test.cat.catinspectweb.util.CustomAssertion-452] LineNumber for 5 stack trace is: -1
[18/01/29 10:08:41][INFO][com.perficient.test.cat.catinspectweb.util.CustomAssertion-451] StackTrace 6 is: sun.reflect.DelegatingMethodAccessorImpl.invoke(Unknown Source)
[18/01/29 10:08:41][INFO][com.perficient.test.cat.catinspectweb.util.CustomAssertion-452] LineNumber for 6 stack trace is: -1
[18/01/29 10:08:41][INFO][com.perficient.test.cat.catinspectweb.util.CustomAssertion-455] StackTrace for Assert is: com.perficient.test.cat.catinspectweb.util.TestCaseBase.afterMethod(TestCaseBase.java:210)
[18/01/29 10:08:41][INFO][com.perficient.test.cat.catinspectweb.util.CustomAssertion-456] Assert LineNumber is: 210
[18/01/29 10:09:20][INFO][com.perficient.test.cat.catinspectweb.util.TestCaseBase-65] 20180129100920
[18/01/29 10:09:20][INFO][com.perficient.test.cat.catinspectweb.util.TestCaseBase-67] Delete screen shots generated 2 days ago.
[18/01/29 10:09:25][INFO][com.perficient.test.cat.catinspectweb.util.LogWebDriverEventListener-20] WebDriver navigating to:'https://catinspectweb-dev.cat.com/'
[18/01/29 10:10:27][INFO][com.perficient.test.cat.catinspectweb.util.LogWebDriverEventListener-106] Clicked the element found By.xpath: //input[@id='submitButton']
[18/01/29 10:10:30][INFO][com.perficient.test.cat.catinspectweb.util.LogWebDriverEventListener-106] Clicked the element found By.xpath: //span[@class='manage_form']
[18/01/29 10:10:30][INFO][com.perficient.test.cat.catinspectweb.util.LogWebDriverEventListener-106] Clicked the element found By.xpath: //div[@class='col-xs-6 cat_right_border']//select[contains(@class,'cat_status_select')]
[18/01/29 10:10:30][INFO][com.perficient.test.cat.catinspectweb.util.LogWebDriverEventListener-106] Clicked the element found By.xpath: //div[@class='col-xs-6 cat_right_border']/select/option
[18/01/29 10:10:31][INFO][com.perficient.test.cat.catinspectweb.util.LogWebDriverEventListener-106] Clicked the element found By.xpath: //span[@class='glyphicon glyphicon-search']
[18/01/29 10:10:32][INFO][com.perficient.test.cat.catinspectweb.util.LogWebDriverEventListener-106] Clicked the element found By.xpath: //span[@class='glyphicon glyphicon-search']
[18/01/29 10:10:35][INFO][com.perficient.test.cat.catinspectweb.util.LogWebDriverEventListener-134] Click on the element find By.xpath: //td/i[1][contains(@class, 'material-icons')] by javascript
[18/01/29 10:10:36][INFO][com.perficient.test.cat.catinspectweb.util.LogWebDriverEventListener-106] Clicked the element found By.xpath: //button[@class = 'btn btn-success']
[18/01/29 10:10:46][INFO][com.perficient.test.cat.catinspectweb.util.LogWebDriverEventListener-106] Clicked the element found By.xpath: //div[@class= 'cat_date_filter cat_right_border col-xs-4']/select
[18/01/29 10:10:46][INFO][com.perficient.test.cat.catinspectweb.util.LogWebDriverEventListener-106] Clicked the element found By.xpath: //div[@class ='cat_date_filter cat_right_border col-xs-4']/select/option
[18/01/29 10:10:48][INFO][com.perficient.test.cat.catinspectweb.util.LogWebDriverEventListener-106] Clicked the element found By.xpath: //div[@class= 'cat_date_filter cat_right_border col-xs-4']/select
[18/01/29 10:10:49][INFO][com.perficient.test.cat.catinspectweb.util.LogWebDriverEventListener-106] Clicked the element found By.xpath: //div[@class ='cat_date_filter cat_right_border col-xs-4']/select/option
[18/01/29 10:10:51][INFO][com.perficient.test.cat.catinspectweb.util.LogWebDriverEventListener-134] Click on the element find By.xpath: //td/i[1][contains(@class, 'material-icons')] by javascript
[18/01/29 10:10:52][INFO][com.perficient.test.cat.catinspectweb.util.LogWebDriverEventListener-106] Clicked the element found By.xpath: //button[@class = 'btn btn-success']
[18/01/29 10:11:02][INFO][com.perficient.test.cat.catinspectweb.util.LogWebDriverEventListener-106] Clicked the element found By.xpath: //div[@class = 'col-xs-4 cat_right_border']/select
[18/01/29 10:11:02][INFO][com.perficient.test.cat.catinspectweb.util.LogWebDriverEventListener-106] Clicked the element found By.xpath: //div[@class = 'col-xs-4 cat_right_border']/select/option
[18/01/29 10:11:05][INFO][com.perficient.test.cat.catinspectweb.util.LogWebDriverEventListener-106] Clicked the element found By.xpath: //div[@class = 'col-xs-4 cat_right_border']/select
[18/01/29 10:11:05][INFO][com.perficient.test.cat.catinspectweb.util.LogWebDriverEventListener-106] Clicked the element found By.xpath: //div[@class = 'col-xs-4 cat_right_border']/select/option
[18/01/29 10:12:41][INFO][com.perficient.test.cat.catinspectweb.util.TestCaseBase-65] 20180129101241
[18/01/29 10:12:41][INFO][com.perficient.test.cat.catinspectweb.util.TestCaseBase-67] Delete screen shots generated 2 days ago.
[18/01/29 10:12:46][INFO][com.perficient.test.cat.catinspectweb.util.LogWebDriverEventListener-20] WebDriver navigating to:'https://catinspectweb-dev.cat.com/'
[18/01/29 10:13:50][INFO][com.perficient.test.cat.catinspectweb.util.LogWebDriverEventListener-106] Clicked the element found By.xpath: //input[@id='submitButton']
[18/01/29 10:13:54][INFO][com.perficient.test.cat.catinspectweb.util.LogWebDriverEventListener-106] Clicked the element found By.xpath: //span[@class='create']
[18/01/29 10:13:56][INFO][com.perficient.test.cat.catinspectweb.util.LogWebDriverEventListener-106] Clicked the element found By.xpath: //Select[@id='formType']
[18/01/29 10:13:59][INFO][com.perficient.test.cat.catinspectweb.util.LogWebDriverEventListener-106] Clicked the element found By.tagName: option
[18/01/29 10:14:01][INFO][com.perficient.test.cat.catinspectweb.util.LogWebDriverEventListener-106] Clicked the element found By.xpath: //select[@id='formFamily']
[18/01/29 10:14:04][INFO][com.perficient.test.cat.catinspectweb.util.LogWebDriverEventListener-106] Clicked the element found By.tagName: option
[18/01/29 10:14:04][INFO][com.perficient.test.cat.catinspectweb.util.LogWebDriverEventListener-106] Clicked the element found By.xpath: //a[@title='Next']
[18/01/29 10:14:04][INFO][com.perficient.test.cat.catinspectweb.util.LogWebDriverEventListener-106] Clicked the element found By.xpath: //span[@class = 'input-group-btn']
[18/01/29 10:14:05][INFO][com.perficient.test.cat.catinspectweb.util.LogWebDriverEventListener-106] Clicked the element found By.xpath: //a[@title='Next']
[18/01/29 10:14:05][INFO][com.perficient.test.cat.catinspectweb.util.LogWebDriverEventListener-106] Clicked the element found By.xpath: //div[@class = 'cat_add_block']
[18/01/29 10:14:05][INFO][com.perficient.test.cat.catinspectweb.util.LogWebDriverEventListener-134] Click on the element find By.xpath: //span[@class = 'glyphicon glyphicon-chevron-right'] by javascript
[18/01/29 10:14:06][INFO][com.perficient.test.cat.catinspectweb.util.LogWebDriverEventListener-106] Clicked the element found By.xpath: //input[@value = 'text_and_image']
[18/01/29 10:14:06][INFO][com.perficient.test.cat.catinspectweb.util.LogWebDriverEventListener-106] Clicked the element found By.xpath: //a[@class ='cat_button']
[18/01/29 10:14:08][INFO][com.perficient.test.cat.catinspectweb.util.LogWebDriverEventListener-106] Clicked the element found By.xpath: //button[@class = 'btn btn-success']
[18/01/29 10:14:17][INFO][com.perficient.test.cat.catinspectweb.util.LogWebDriverEventListener-75] Element is still not found By.xpath: //div[@class = 'text-center']
[18/01/29 10:14:17][INFO][com.perficient.test.cat.catinspectweb.util.LogWebDriverEventListener-134] Click on the element find By.xpath: //span[contains(@class, 'glyphicon-download-alt')] by javascript
[18/01/29 10:14:21][INFO][com.perficient.test.cat.catinspectweb.util.LogWebDriverEventListener-106] Clicked the element found By.xpath: //input[@value = 'doc']
[18/01/29 10:14:21][INFO][com.perficient.test.cat.catinspectweb.util.LogWebDriverEventListener-106] Clicked the element found By.xpath: //button[@class = 'btn btn-success']
[18/01/29 10:14:27][INFO][com.perficient.test.cat.catinspectweb.util.LogWebDriverEventListener-75] Element is still not found By.xpath: //button[@class = 'btn btn-success']
[18/01/29 10:14:27][INFO][com.perficient.test.cat.catinspectweb.util.LogWebDriverEventListener-106] Clicked the element found By.xpath: //a[@class ='cat_button']
[18/01/29 10:14:28][INFO][com.perficient.test.cat.catinspectweb.util.LogWebDriverEventListener-106] Clicked the element found By.xpath: //button[@class = 'btn btn-success']
[18/01/29 10:14:35][INFO][com.perficient.test.cat.catinspectweb.util.LogWebDriverEventListener-75] Element is still not found By.xpath: //button[@class = 'btn btn-success']
[18/01/29 10:14:35][INFO][com.perficient.test.cat.catinspectweb.util.LogWebDriverEventListener-106] Clicked the element found By.xpath: //span[contains(@class, 'glyphicon-download-alt')]
[18/01/29 10:16:06][INFO][com.perficient.test.cat.catinspectweb.util.TestCaseBase-65] 20180129101606
[18/01/29 10:16:06][INFO][com.perficient.test.cat.catinspectweb.util.TestCaseBase-67] Delete screen shots generated 2 days ago.
[18/01/29 10:16:27][ERROR][com.perficient.test.cat.catinspectweb.util.TestCaseBase-200] Driver have quited by other thread or by hand.
[18/01/29 10:16:39][INFO][com.perficient.test.cat.catinspectweb.util.TestCaseBase-65] 20180129101639
[18/01/29 10:16:39][INFO][com.perficient.test.cat.catinspectweb.util.TestCaseBase-67] Delete screen shots generated 2 days ago.
[18/01/29 10:17:00][ERROR][com.perficient.test.cat.catinspectweb.util.TestCaseBase-200] Driver have quited by other thread or by hand.
[18/01/29 10:17:20][INFO][com.perficient.test.cat.catinspectweb.util.TestCaseBase-65] 20180129101720
[18/01/29 10:17:20][INFO][com.perficient.test.cat.catinspectweb.util.TestCaseBase-67] Delete screen shots generated 2 days ago.
[18/01/29 10:17:25][INFO][com.perficient.test.cat.catinspectweb.util.LogWebDriverEventListener-20] WebDriver navigating to:'https://catinspectweb-dev.cat.com/'
[18/01/29 10:18:16][INFO][com.perficient.test.cat.catinspectweb.util.LogWebDriverEventListener-106] Clicked the element found By.xpath: //input[@id='submitButton']
[18/01/29 10:18:19][INFO][com.perficient.test.cat.catinspectweb.util.LogWebDriverEventListener-106] Clicked the element found By.xpath: //select[@name='statusselect']
[18/01/29 10:18:21][INFO][com.perficient.test.cat.catinspectweb.util.LogWebDriverEventListener-106] Clicked the element found By.tagName: option
[18/01/29 10:18:24][INFO][com.perficient.test.cat.catinspectweb.util.LogWebDriverEventListener-134] Click on the element find By.xpath: //td[contains(@class, 'icons-col')]//a[@title='Details'] by javascript
[18/01/29 10:18:26][INFO][com.perficient.test.cat.catinspectweb.util.LogWebDriverEventListener-134] Click on the element find By.xpath: //a[@title='Download PDF'] by javascript
[18/01/29 10:18:27][INFO][com.perficient.test.cat.catinspectweb.util.LogWebDriverEventListener-106] Clicked the element found By.xpath: //span[@class = 'glyphicon glyphicon-save']
[18/01/29 10:18:34][INFO][com.perficient.test.cat.catinspectweb.util.LogWebDriverEventListener-106] Clicked the element found By.xpath: //span[@class='glyphicon glyphicon-remove']
[18/01/29 10:18:35][INFO][com.perficient.test.cat.catinspectweb.util.LogWebDriverEventListener-106] Clicked the element found By.xpath: //li[@class='toolbar-item']//a[contains(@href,'edit')]
[18/01/29 10:18:44][INFO][com.perficient.test.cat.catinspectweb.util.LogWebDriverEventListener-75] Element is still not found By.xpath: //div[@class='loader_outer_div']
[18/01/29 10:18:44][INFO][com.perficient.test.cat.catinspectweb.util.LogWebDriverEventListener-106] Clicked the element found By.xpath: //div[contains(@class, 'cat_div_box')]
[18/01/29 10:18:45][INFO][com.perficient.test.cat.catinspectweb.util.LogWebDriverEventListener-106] Clicked the element found By.xpath: //select[@name='SMUType']
[18/01/29 10:18:47][INFO][com.perficient.test.cat.catinspectweb.util.LogWebDriverEventListener-106] Clicked the element found By.tagName: option
[18/01/29 10:18:48][INFO][com.perficient.test.cat.catinspectweb.util.LogWebDriverEventListener-106] Clicked the element found By.xpath: //button[@type='submit']
[18/01/29 10:18:49][INFO][com.perficient.test.cat.catinspectweb.util.LogWebDriverEventListener-106] Clicked the element found By.xpath: //div[@class='modal-content']//span[@class='glyphicon glyphicon-ok']
[18/01/29 10:18:52][INFO][com.perficient.test.cat.catinspectweb.util.LogWebDriverEventListener-75] Element is still not found By.xpath: //div[@class='modal-content']//span[@class='glyphicon glyphicon-ok']
[18/01/29 10:18:55][INFO][com.perficient.test.cat.catinspectweb.util.LogWebDriverEventListener-106] Clicked the element found By.xpath: //select[@name='statusselect']
[18/01/29 10:18:57][INFO][com.perficient.test.cat.catinspectweb.util.LogWebDriverEventListener-106] Clicked the element found By.tagName: option
[18/01/29 10:19:00][INFO][com.perficient.test.cat.catinspectweb.util.LogWebDriverEventListener-134] Click on the element find By.xpath: //td[contains(@class, 'icons-col')]//a[@title='Details'] by javascript
[18/01/29 10:19:02][INFO][com.perficient.test.cat.catinspectweb.util.CustomAssertion-409] .\errorImages\20180129101902.png
[18/01/29 10:19:02][INFO][com.perficient.test.cat.catinspectweb.util.CustomAssertion-451] StackTrace 0 is: java.lang.Thread.getStackTrace(Unknown Source)
[18/01/29 10:19:02][INFO][com.perficient.test.cat.catinspectweb.util.CustomAssertion-452] LineNumber for 0 stack trace is: -1
[18/01/29 10:19:02][INFO][com.perficient.test.cat.catinspectweb.util.CustomAssertion-451] StackTrace 1 is: com.perficient.test.cat.catinspectweb.util.CustomAssertion.logStackTraceInfo(CustomAssertion.java:451)
[18/01/29 10:19:02][INFO][com.perficient.test.cat.catinspectweb.util.CustomAssertion-452] LineNumber for 1 stack trace is: 452
[18/01/29 10:19:02][INFO][com.perficient.test.cat.catinspectweb.util.CustomAssertion-451] StackTrace 2 is: com.perficient.test.cat.catinspectweb.util.CustomAssertion.printError(CustomAssertion.java:410)
[18/01/29 10:19:02][INFO][com.perficient.test.cat.catinspectweb.util.CustomAssertion-452] LineNumber for 2 stack trace is: 410
[18/01/29 10:19:02][INFO][com.perficient.test.cat.catinspectweb.util.CustomAssertion-451] StackTrace 3 is: com.perficient.test.cat.catinspectweb.util.CustomAssertion.assertEquals(CustomAssertion.java:51)
[18/01/29 10:19:02][INFO][com.perficient.test.cat.catinspectweb.util.CustomAssertion-452] LineNumber for 3 stack trace is: 51
[18/01/29 10:19:02][INFO][com.perficient.test.cat.catinspectweb.util.CustomAssertion-451] StackTrace 4 is: com.perficient.test.cat.catinspectweb.testcase.editinspection.TC2628_UpdateHeaderInfoOfCompletedInspection.verify_TC2628_UpdateHeaderInfoOfCompletedInspection(TC2628_UpdateHeaderInfoOfCompletedInspection.java:124)
[18/01/29 10:19:02][INFO][com.perficient.test.cat.catinspectweb.util.CustomAssertion-452] LineNumber for 4 stack trace is: 124
[18/01/29 10:19:02][INFO][com.perficient.test.cat.catinspectweb.util.CustomAssertion-451] StackTrace 5 is: sun.reflect.NativeMethodAccessorImpl.invoke0(Native Method)
[18/01/29 10:19:02][INFO][com.perficient.test.cat.catinspectweb.util.CustomAssertion-452] LineNumber for 5 stack trace is: -2
[18/01/29 10:19:02][INFO][com.perficient.test.cat.catinspectweb.util.CustomAssertion-451] StackTrace 6 is: sun.reflect.NativeMethodAccessorImpl.invoke(Unknown Source)
[18/01/29 10:19:02][INFO][com.perficient.test.cat.catinspectweb.util.CustomAssertion-452] LineNumber for 6 stack trace is: -1
[18/01/29 10:19:02][INFO][com.perficient.test.cat.catinspectweb.util.CustomAssertion-455] StackTrace for Assert is: com.perficient.test.cat.catinspectweb.util.CustomAssertion.assertEquals(CustomAssertion.java:51)
[18/01/29 10:19:02][INFO][com.perficient.test.cat.catinspectweb.util.CustomAssertion-456] Assert LineNumber is: 51
[18/01/29 10:19:02][INFO][com.perficient.test.cat.catinspectweb.util.LogWebDriverEventListener-106] Clicked the element found By.xpath: //li[@class='toolbar-item']//a[contains(@href,'edit')]
[18/01/29 10:19:08][INFO][com.perficient.test.cat.catinspectweb.util.LogWebDriverEventListener-75] Element is still not found By.xpath: //li[@class='toolbar-item']//a[contains(@href,'edit')]
[18/01/29 10:19:08][INFO][com.perficient.test.cat.catinspectweb.util.LogWebDriverEventListener-106] Clicked the element found By.xpath: //div[contains(@class, 'cat_div_box')]
[18/01/29 10:19:09][INFO][com.perficient.test.cat.catinspectweb.util.CustomAssertion-409] .\errorImages\20180129101909.png
[18/01/29 10:19:09][INFO][com.perficient.test.cat.catinspectweb.util.CustomAssertion-451] StackTrace 0 is: java.lang.Thread.getStackTrace(Unknown Source)
[18/01/29 10:19:09][INFO][com.perficient.test.cat.catinspectweb.util.CustomAssertion-452] LineNumber for 0 stack trace is: -1
[18/01/29 10:19:09][INFO][com.perficient.test.cat.catinspectweb.util.CustomAssertion-451] StackTrace 1 is: com.perficient.test.cat.catinspectweb.util.CustomAssertion.logStackTraceInfo(CustomAssertion.java:451)
[18/01/29 10:19:09][INFO][com.perficient.test.cat.catinspectweb.util.CustomAssertion-452] LineNumber for 1 stack trace is: 452
[18/01/29 10:19:09][INFO][com.perficient.test.cat.catinspectweb.util.CustomAssertion-451] StackTrace 2 is: com.perficient.test.cat.catinspectweb.util.CustomAssertion.printError(CustomAssertion.java:410)
[18/01/29 10:19:09][INFO][com.perficient.test.cat.catinspectweb.util.CustomAssertion-452] LineNumber for 2 stack trace is: 410
[18/01/29 10:19:09][INFO][com.perficient.test.cat.catinspectweb.util.CustomAssertion-451] StackTrace 3 is: com.perficient.test.cat.catinspectweb.util.CustomAssertion.assertEquals(CustomAssertion.java:51)
[18/01/29 10:19:09][INFO][com.perficient.test.cat.catinspectweb.util.CustomAssertion-452] LineNumber for 3 stack trace is: 51
[18/01/29 10:19:09][INFO][com.perficient.test.cat.catinspectweb.util.CustomAssertion-451] StackTrace 4 is: com.perficient.test.cat.catinspectweb.testcase.editinspection.TC2628_UpdateHeaderInfoOfCompletedInspection.verify_TC2628_UpdateHeaderInfoOfCompletedInspection(TC2628_UpdateHeaderInfoOfCompletedInspection.java:141)
[18/01/29 10:19:09][INFO][com.perficient.test.cat.catinspectweb.util.CustomAssertion-452] LineNumber for 4 stack trace is: 141
[18/01/29 10:19:09][INFO][com.perficient.test.cat.catinspectweb.util.CustomAssertion-451] StackTrace 5 is: sun.reflect.NativeMethodAccessorImpl.invoke0(Native Method)
[18/01/29 10:19:09][INFO][com.perficient.test.cat.catinspectweb.util.CustomAssertion-452] LineNumber for 5 stack trace is: -2
[18/01/29 10:19:09][INFO][com.perficient.test.cat.catinspectweb.util.CustomAssertion-451] StackTrace 6 is: sun.reflect.NativeMethodAccessorImpl.invoke(Unknown Source)
[18/01/29 10:19:09][INFO][com.perficient.test.cat.catinspectweb.util.CustomAssertion-452] LineNumber for 6 stack trace is: -1
[18/01/29 10:19:09][INFO][com.perficient.test.cat.catinspectweb.util.CustomAssertion-455] StackTrace for Assert is: com.perficient.test.cat.catinspectweb.util.CustomAssertion.assertEquals(CustomAssertion.java:51)
[18/01/29 10:19:09][INFO][com.perficient.test.cat.catinspectweb.util.CustomAssertion-456] Assert LineNumber is: 51
[18/01/29 10:22:23][INFO][com.perficient.test.cat.catinspectweb.util.TestCaseBase-65] 20180129102223
[18/01/29 10:22:23][INFO][com.perficient.test.cat.catinspectweb.util.TestCaseBase-67] Delete screen shots generated 2 days ago.
[18/01/29 10:22:28][INFO][com.perficient.test.cat.catinspectweb.util.LogWebDriverEventListener-20] WebDriver navigating to:'https://catinspectweb-dev.cat.com/'
[18/01/29 10:23:21][INFO][com.perficient.test.cat.catinspectweb.util.LogWebDriverEventListener-106] Clicked the element found By.xpath: //input[@id='submitButton']
[18/01/29 10:23:24][INFO][com.perficient.test.cat.catinspectweb.util.LogWebDriverEventListener-106] Clicked the element found By.xpath: //select[@name='statusselect']
[18/01/29 10:23:26][INFO][com.perficient.test.cat.catinspectweb.util.LogWebDriverEventListener-106] Clicked the element found By.tagName: option
[18/01/29 10:23:29][INFO][com.perficient.test.cat.catinspectweb.util.LogWebDriverEventListener-134] Click on the element find By.xpath: //td[contains(@class, 'icons-col')]//a[@title='Details'] by javascript
[18/01/29 10:23:31][INFO][com.perficient.test.cat.catinspectweb.util.LogWebDriverEventListener-134] Click on the element find By.xpath: //a[@title='Download PDF'] by javascript
[18/01/29 10:23:32][INFO][com.perficient.test.cat.catinspectweb.util.LogWebDriverEventListener-106] Clicked the element found By.xpath: //span[@class = 'glyphicon glyphicon-save']
[18/01/29 10:23:39][INFO][com.perficient.test.cat.catinspectweb.util.LogWebDriverEventListener-106] Clicked the element found By.xpath: //span[@class='glyphicon glyphicon-remove']
[18/01/29 10:23:39][INFO][com.perficient.test.cat.catinspectweb.util.LogWebDriverEventListener-106] Clicked the element found By.xpath: //li[@class='toolbar-item']//a[contains(@href,'edit')]
[18/01/29 10:23:45][INFO][com.perficient.test.cat.catinspectweb.util.LogWebDriverEventListener-75] Element is still not found By.xpath: //li[@class='toolbar-item']//a[contains(@href,'edit')]
[18/01/29 10:23:45][INFO][com.perficient.test.cat.catinspectweb.util.LogWebDriverEventListener-106] Clicked the element found By.xpath: //div[contains(@class, 'cat_div_box')]
[18/01/29 10:23:46][INFO][com.perficient.test.cat.catinspectweb.util.LogWebDriverEventListener-106] Clicked the element found By.xpath: //select[@name='SMUType']
[18/01/29 10:23:48][INFO][com.perficient.test.cat.catinspectweb.util.LogWebDriverEventListener-106] Clicked the element found By.tagName: option
[18/01/29 10:23:53][INFO][com.perficient.test.cat.catinspectweb.util.LogWebDriverEventListener-106] Clicked the element found By.xpath: //button[@type='submit']
[18/01/29 10:23:53][INFO][com.perficient.test.cat.catinspectweb.util.LogWebDriverEventListener-106] Clicked the element found By.xpath: //div[@class='modal-content']//span[@class='glyphicon glyphicon-ok']
[18/01/29 10:23:56][INFO][com.perficient.test.cat.catinspectweb.util.LogWebDriverEventListener-106] Clicked the element found By.xpath: //select[@name='statusselect']
[18/01/29 10:23:58][INFO][com.perficient.test.cat.catinspectweb.util.LogWebDriverEventListener-106] Clicked the element found By.tagName: option
[18/01/29 10:24:01][INFO][com.perficient.test.cat.catinspectweb.util.LogWebDriverEventListener-134] Click on the element find By.xpath: //td[contains(@class, 'icons-col')]//a[@title='Details'] by javascript
[18/01/29 10:24:03][INFO][com.perficient.test.cat.catinspectweb.util.LogWebDriverEventListener-106] Clicked the element found By.xpath: //li[@class='toolbar-item']//a[contains(@href,'edit')]
[18/01/29 10:24:09][INFO][com.perficient.test.cat.catinspectweb.util.LogWebDriverEventListener-75] Element is still not found By.xpath: //li[@class='toolbar-item']//a[contains(@href,'edit')]
[18/01/29 10:24:09][INFO][com.perficient.test.cat.catinspectweb.util.LogWebDriverEventListener-106] Clicked the element found By.xpath: //div[contains(@class, 'cat_div_box')]
[18/01/29 10:26:57][INFO][com.perficient.test.cat.catinspectweb.util.TestCaseBase-65] 20180129102657
[18/01/29 10:26:57][INFO][com.perficient.test.cat.catinspectweb.util.TestCaseBase-67] Delete screen shots generated 2 days ago.
[18/01/29 10:27:02][INFO][com.perficient.test.cat.catinspectweb.util.LogWebDriverEventListener-20] WebDriver navigating to:'https://catinspectweb-dev.cat.com/'
[18/01/29 10:27:55][INFO][com.perficient.test.cat.catinspectweb.util.LogWebDriverEventListener-106] Clicked the element found By.xpath: //input[@id='submitButton']
[18/01/29 10:27:58][INFO][com.perficient.test.cat.catinspectweb.util.LogWebDriverEventListener-106] Clicked the element found By.xpath: //select[@name='statusselect']
[18/01/29 10:28:00][INFO][com.perficient.test.cat.catinspectweb.util.LogWebDriverEventListener-106] Clicked the element found By.tagName: option
[18/01/29 10:28:03][INFO][com.perficient.test.cat.catinspectweb.util.LogWebDriverEventListener-106] Clicked the element found By.xpath: //td[@class='inspections-row']/a[@href='javascript:void(0)']
[18/01/29 10:28:09][INFO][com.perficient.test.cat.catinspectweb.util.LogWebDriverEventListener-75] Element is still not found By.xpath: //td[@class='inspections-row']/a[@href='javascript:void(0)']
[18/01/29 10:28:10][INFO][com.perficient.test.cat.catinspectweb.util.LogWebDriverEventListener-106] Clicked the element found By.xpath: //button[@class='btn btn-default']
[18/01/29 10:28:10][INFO][com.perficient.test.cat.catinspectweb.util.LogWebDriverEventListener-134] Click on the element find By.xpath: //td[contains(@class, 'icons-col')]//a[@title='Details'] by javascript
[18/01/29 10:28:11][INFO][com.perficient.test.cat.catinspectweb.util.LogWebDriverEventListener-106] Clicked the element found By.xpath: //li[@class='toolbar-item']//a[contains(@href,'edit')]
[18/01/29 10:28:18][INFO][com.perficient.test.cat.catinspectweb.util.LogWebDriverEventListener-75] Element is still not found By.xpath: //li[@class='toolbar-item']//a[contains(@href,'edit')]
[18/01/29 10:28:19][INFO][com.perficient.test.cat.catinspectweb.util.FunctionUtil-1797] String: 6
[18/01/29 10:28:19][INFO][com.perficient.test.cat.catinspectweb.util.FunctionUtil-1798] WebElement: 6
[18/01/29 10:28:19][INFO][com.perficient.test.cat.catinspectweb.util.LogWebDriverEventListener-106] Clicked the element found By.xpath: //div[contains(@class, 'cat_div_box')]
[18/01/29 10:28:19][INFO][com.perficient.test.cat.catinspectweb.util.LogWebDriverEventListener-106] Clicked the element found By.xpath: (//span[@class = 'ques_box'])[1]//span[@class ='glyphicon glyphicon-remove glyphicon-red']
[18/01/29 10:28:19][INFO][com.perficient.test.cat.catinspectweb.util.LogWebDriverEventListener-106] Clicked the element found By.xpath: //div[@class='modal-footer']//span[@class='glyphicon glyphicon-ok']
[18/01/29 10:28:20][INFO][com.perficient.test.cat.catinspectweb.util.LogWebDriverEventListener-106] Clicked the element found By.xpath: (//div[@class='ques_response'])[1]/following-sibling::div//a[@class='cat_button']
[18/01/29 10:28:21][INFO][com.perficient.test.cat.catinspectweb.util.LogWebDriverEventListener-106] Clicked the element found By.xpath: //button[@class = 'btn btn-danger']
[18/01/29 10:28:24][INFO][com.perficient.test.cat.catinspectweb.util.LogWebDriverEventListener-75] Element is still not found By.xpath: //button[@class = 'btn btn-danger']
[18/01/29 10:28:24][INFO][com.perficient.test.cat.catinspectweb.util.LogWebDriverEventListener-106] Clicked the element found By.xpath: (//div[@class='ques_response'])[1]/following-sibling::div//a[@class='cat_button']
[18/01/29 10:28:26][INFO][com.perficient.test.cat.catinspectweb.util.LogWebDriverEventListener-106] Clicked the element found By.xpath: //div[@class='modal-footer']//span[@class='glyphicon glyphicon-ok']
[18/01/29 10:28:29][ERROR][com.perficient.test.cat.catinspectweb.util.LogWebDriverEventListener-77] WebDriver error:
org.openqa.selenium.StaleElementReferenceException: stale element reference: element is not attached to the page document
  (Session info: chrome=62.0.3202.89)
  (Driver info: chromedriver=2.33.506120 (e3e53437346286c0bc2d2dc9aa4915ba81d9023f),platform=Windows NT 6.1.7601 SP1 x86_64) (WARNING: The server did not provide any stacktrace information)
Command duration or timeout: 0 milliseconds
For documentation on this error, please visit: http://seleniumhq.org/exceptions/stale_element_reference.html
Build info: version: '3.7.1', revision: '8a0099a', time: '2017-11-06T21:01:39.354Z'
System info: host: 'H2600-0463L', ip: '10.2.7.23', os.name: 'Windows 7', os.arch: 'amd64', os.version: '6.1', java.version: '1.8.0_151'
Driver info: org.openqa.selenium.chrome.ChromeDriver
Capabilities {acceptSslCerts: true, applicationCacheEnabled: false, browserConnectionEnabled: false, browserName: chrome, chrome: {chromedriverVersion: 2.33.506120 (e3e53437346286..., userDataDir: C:\Users\herby.he\AppData\L...}, cssSelectorsEnabled: true, databaseEnabled: false, handlesAlerts: true, hasTouchScreen: false, javascriptEnabled: true, locationContextEnabled: true, mobileEmulationEnabled: false, nativeEvents: true, networkConnectionEnabled: false, pageLoadStrategy: normal, platform: XP, platformName: XP, rotatable: false, setWindowRect: true, takesHeapSnapshot: true, takesScreenshot: true, unexpectedAlertBehaviour: , unhandledPromptBehavior: , version: 62.0.3202.89, webStorageEnabled: true}
Session ID: 376c96a38202a92aad2187da66d2cd0f
	at sun.reflect.NativeConstructorAccessorImpl.newInstance0(Native Method)
	at sun.reflect.NativeConstructorAccessorImpl.newInstance(Unknown Source)
	at sun.reflect.DelegatingConstructorAccessorImpl.newInstance(Unknown Source)
	at java.lang.reflect.Constructor.newInstance(Unknown Source)
	at org.openqa.selenium.remote.ErrorHandler.createThrowable(ErrorHandler.java:214)
	at org.openqa.selenium.remote.ErrorHandler.throwIfResponseFailed(ErrorHandler.java:166)
	at org.openqa.selenium.remote.http.JsonHttpResponseCodec.reconstructValue(JsonHttpResponseCodec.java:40)
	at org.openqa.selenium.remote.http.AbstractHttpResponseCodec.decode(AbstractHttpResponseCodec.java:80)
	at org.openqa.selenium.remote.http.AbstractHttpResponseCodec.decode(AbstractHttpResponseCodec.java:44)
	at org.openqa.selenium.remote.HttpCommandExecutor.execute(HttpCommandExecutor.java:164)
	at org.openqa.selenium.remote.service.DriverCommandExecutor.execute(DriverCommandExecutor.java:83)
	at org.openqa.selenium.remote.RemoteWebDriver.execute(RemoteWebDriver.java:600)
	at org.openqa.selenium.remote.RemoteWebElement.execute(RemoteWebElement.java:279)
	at org.openqa.selenium.remote.RemoteWebElement.isDisplayed(RemoteWebElement.java:320)
	at sun.reflect.GeneratedMethodAccessor9.invoke(Unknown Source)
	at sun.reflect.DelegatingMethodAccessorImpl.invoke(Unknown Source)
	at java.lang.reflect.Method.invoke(Unknown Source)
	at org.openqa.selenium.support.events.EventFiringWebDriver$EventFiringWebElement$1.invoke(EventFiringWebDriver.java:376)
	at com.sun.proxy.$Proxy17.isDisplayed(Unknown Source)
	at org.openqa.selenium.support.events.EventFiringWebDriver$EventFiringWebElement.isDisplayed(EventFiringWebDriver.java:430)
	at sun.reflect.GeneratedMethodAccessor9.invoke(Unknown Source)
	at sun.reflect.DelegatingMethodAccessorImpl.invoke(Unknown Source)
	at java.lang.reflect.Method.invoke(Unknown Source)
	at org.openqa.selenium.support.pagefactory.internal.LocatingElementHandler.invoke(LocatingElementHandler.java:51)
	at com.sun.proxy.$Proxy15.isDisplayed(Unknown Source)
	at com.perficient.test.cat.catinspectweb.util.FunctionUtil.isElementExist(FunctionUtil.java:639)
	at com.perficient.test.cat.catinspectweb.util.FunctionUtil.waitForElementDisappear(FunctionUtil.java:680)
	at com.perficient.test.cat.catinspectweb.testcase.editinspection.TC2640_UpdatePicturesInEditInspectionPage.verify_TC2640_UpdatePicturesInEditInspectionPage(TC2640_UpdatePicturesInEditInspectionPage.java:97)
	at sun.reflect.NativeMethodAccessorImpl.invoke0(Native Method)
	at sun.reflect.NativeMethodAccessorImpl.invoke(Unknown Source)
	at sun.reflect.DelegatingMethodAccessorImpl.invoke(Unknown Source)
	at java.lang.reflect.Method.invoke(Unknown Source)
	at org.testng.internal.MethodInvocationHelper.invokeMethod(MethodInvocationHelper.java:84)
	at org.testng.internal.Invoker.invokeMethod(Invoker.java:714)
	at org.testng.internal.Invoker.invokeTestMethod(Invoker.java:901)
	at org.testng.internal.Invoker.invokeTestMethods(Invoker.java:1231)
	at org.testng.internal.TestMethodWorker.invokeTestMethods(TestMethodWorker.java:127)
	at org.testng.internal.TestMethodWorker.run(TestMethodWorker.java:111)
	at org.testng.TestRunner.privateRun(TestRunner.java:767)
	at org.testng.TestRunner.run(TestRunner.java:617)
	at org.testng.SuiteRunner.runTest(SuiteRunner.java:348)
	at org.testng.SuiteRunner.runSequentially(SuiteRunner.java:343)
	at org.testng.SuiteRunner.privateRun(SuiteRunner.java:305)
	at org.testng.SuiteRunner.run(SuiteRunner.java:254)
	at org.testng.SuiteRunnerWorker.runSuite(SuiteRunnerWorker.java:52)
	at org.testng.SuiteRunnerWorker.run(SuiteRunnerWorker.java:86)
	at org.testng.TestNG.runSuitesSequentially(TestNG.java:1224)
	at org.testng.TestNG.runSuitesLocally(TestNG.java:1149)
	at org.testng.TestNG.run(TestNG.java:1057)
	at org.testng.remote.AbstractRemoteTestNG.run(AbstractRemoteTestNG.java:114)
	at org.testng.remote.RemoteTestNG.initAndRun(RemoteTestNG.java:251)
	at org.testng.remote.RemoteTestNG.main(RemoteTestNG.java:77)
[18/01/29 10:28:29][INFO][com.perficient.test.cat.catinspectweb.util.CustomAssertion-428] .\errorImages\20180129102829.png
[18/01/29 10:28:29][INFO][com.perficient.test.cat.catinspectweb.util.CustomAssertion-451] StackTrace 0 is: java.lang.Thread.getStackTrace(Unknown Source)
[18/01/29 10:28:29][INFO][com.perficient.test.cat.catinspectweb.util.CustomAssertion-452] LineNumber for 0 stack trace is: -1
[18/01/29 10:28:29][INFO][com.perficient.test.cat.catinspectweb.util.CustomAssertion-451] StackTrace 1 is: com.perficient.test.cat.catinspectweb.util.CustomAssertion.logStackTraceInfo(CustomAssertion.java:451)
[18/01/29 10:28:29][INFO][com.perficient.test.cat.catinspectweb.util.CustomAssertion-452] LineNumber for 1 stack trace is: 452
[18/01/29 10:28:29][INFO][com.perficient.test.cat.catinspectweb.util.CustomAssertion-451] StackTrace 2 is: com.perficient.test.cat.catinspectweb.util.CustomAssertion.printError(CustomAssertion.java:429)
[18/01/29 10:28:29][INFO][com.perficient.test.cat.catinspectweb.util.CustomAssertion-452] LineNumber for 2 stack trace is: 429
[18/01/29 10:28:29][INFO][com.perficient.test.cat.catinspectweb.util.CustomAssertion-451] StackTrace 3 is: com.perficient.test.cat.catinspectweb.util.TestCaseBase.afterMethod(TestCaseBase.java:210)
[18/01/29 10:28:29][INFO][com.perficient.test.cat.catinspectweb.util.CustomAssertion-452] LineNumber for 3 stack trace is: 210
[18/01/29 10:28:29][INFO][com.perficient.test.cat.catinspectweb.util.CustomAssertion-451] StackTrace 4 is: sun.reflect.NativeMethodAccessorImpl.invoke0(Native Method)
[18/01/29 10:28:29][INFO][com.perficient.test.cat.catinspectweb.util.CustomAssertion-452] LineNumber for 4 stack trace is: -2
[18/01/29 10:28:29][INFO][com.perficient.test.cat.catinspectweb.util.CustomAssertion-451] StackTrace 5 is: sun.reflect.NativeMethodAccessorImpl.invoke(Unknown Source)
[18/01/29 10:28:29][INFO][com.perficient.test.cat.catinspectweb.util.CustomAssertion-452] LineNumber for 5 stack trace is: -1
[18/01/29 10:28:29][INFO][com.perficient.test.cat.catinspectweb.util.CustomAssertion-451] StackTrace 6 is: sun.reflect.DelegatingMethodAccessorImpl.invoke(Unknown Source)
[18/01/29 10:28:29][INFO][com.perficient.test.cat.catinspectweb.util.CustomAssertion-452] LineNumber for 6 stack trace is: -1
[18/01/29 10:28:29][INFO][com.perficient.test.cat.catinspectweb.util.CustomAssertion-455] StackTrace for Assert is: com.perficient.test.cat.catinspectweb.util.TestCaseBase.afterMethod(TestCaseBase.java:210)
[18/01/29 10:28:29][INFO][com.perficient.test.cat.catinspectweb.util.CustomAssertion-456] Assert LineNumber is: 210
[18/01/29 10:29:12][INFO][com.perficient.test.cat.catinspectweb.util.TestCaseBase-65] 20180129102912
[18/01/29 10:29:12][INFO][com.perficient.test.cat.catinspectweb.util.TestCaseBase-67] Delete screen shots generated 2 days ago.
[18/01/29 10:29:18][INFO][com.perficient.test.cat.catinspectweb.util.LogWebDriverEventListener-20] WebDriver navigating to:'https://catinspectweb-dev.cat.com/'
[18/01/29 10:30:15][INFO][com.perficient.test.cat.catinspectweb.util.LogWebDriverEventListener-106] Clicked the element found By.xpath: //input[@id='submitButton']
[18/01/29 10:30:18][INFO][com.perficient.test.cat.catinspectweb.util.LogWebDriverEventListener-106] Clicked the element found By.xpath: //select[@name='statusselect']
[18/01/29 10:30:20][INFO][com.perficient.test.cat.catinspectweb.util.LogWebDriverEventListener-106] Clicked the element found By.tagName: option
[18/01/29 10:30:24][INFO][com.perficient.test.cat.catinspectweb.util.LogWebDriverEventListener-106] Clicked the element found By.xpath: //td[@class='inspections-row']/a[@href='javascript:void(0)']
[18/01/29 10:30:30][INFO][com.perficient.test.cat.catinspectweb.util.LogWebDriverEventListener-75] Element is still not found By.xpath: //td[@class='inspections-row']/a[@href='javascript:void(0)']
[18/01/29 10:30:30][INFO][com.perficient.test.cat.catinspectweb.util.LogWebDriverEventListener-106] Clicked the element found By.xpath: //button[@class='btn btn-default']
[18/01/29 10:30:31][INFO][com.perficient.test.cat.catinspectweb.util.LogWebDriverEventListener-134] Click on the element find By.xpath: //td[contains(@class, 'icons-col')]//a[@title='Details'] by javascript
[18/01/29 10:30:32][INFO][com.perficient.test.cat.catinspectweb.util.LogWebDriverEventListener-106] Clicked the element found By.xpath: //li[@class='toolbar-item']//a[contains(@href,'edit')]
[18/01/29 10:30:39][INFO][com.perficient.test.cat.catinspectweb.util.LogWebDriverEventListener-75] Element is still not found By.xpath: //li[@class='toolbar-item']//a[contains(@href,'edit')]
[18/01/29 10:30:39][INFO][com.perficient.test.cat.catinspectweb.util.FunctionUtil-1797] String: 6
[18/01/29 10:30:39][INFO][com.perficient.test.cat.catinspectweb.util.FunctionUtil-1798] WebElement: 6
[18/01/29 10:30:40][INFO][com.perficient.test.cat.catinspectweb.util.LogWebDriverEventListener-106] Clicked the element found By.xpath: //div[contains(@class, 'cat_div_box')]
[18/01/29 10:30:40][INFO][com.perficient.test.cat.catinspectweb.util.LogWebDriverEventListener-106] Clicked the element found By.xpath: (//span[@class = 'ques_box'])[1]//span[@class ='glyphicon glyphicon-remove glyphicon-red']
[18/01/29 10:30:40][INFO][com.perficient.test.cat.catinspectweb.util.LogWebDriverEventListener-106] Clicked the element found By.xpath: //div[@class='modal-footer']//span[@class='glyphicon glyphicon-ok']
[18/01/29 10:30:40][INFO][com.perficient.test.cat.catinspectweb.util.LogWebDriverEventListener-106] Clicked the element found By.xpath: (//div[@class='ques_response'])[1]/following-sibling::div//a[@class='cat_button']
[18/01/29 10:30:42][INFO][com.perficient.test.cat.catinspectweb.util.LogWebDriverEventListener-106] Clicked the element found By.xpath: //button[@class = 'btn btn-danger']
[18/01/29 10:30:45][INFO][com.perficient.test.cat.catinspectweb.util.LogWebDriverEventListener-75] Element is still not found By.xpath: //button[@class = 'btn btn-danger']
[18/01/29 10:30:45][INFO][com.perficient.test.cat.catinspectweb.util.LogWebDriverEventListener-106] Clicked the element found By.xpath: (//div[@class='ques_response'])[1]/following-sibling::div//a[@class='cat_button']
[18/01/29 10:30:46][INFO][com.perficient.test.cat.catinspectweb.util.LogWebDriverEventListener-106] Clicked the element found By.xpath: //div[@class='modal-footer']//span[@class='glyphicon glyphicon-ok']
[18/01/29 10:30:50][INFO][com.perficient.test.cat.catinspectweb.util.LogWebDriverEventListener-75] Element is still not found By.xpath: //a[@class='thumbnail thumb-img inline-img dynSt']
[18/01/29 10:30:51][INFO][com.perficient.test.cat.catinspectweb.util.LogWebDriverEventListener-106] Clicked the element found By.xpath: (//div[@class='ques_response'])[1]/following-sibling::div//a[@class='cat_button']
[18/01/29 10:30:52][INFO][com.perficient.test.cat.catinspectweb.util.LogWebDriverEventListener-106] Clicked the element found By.xpath: //div[@class='modal-footer']//span[@class='glyphicon glyphicon-ok']
[18/01/29 10:30:58][INFO][com.perficient.test.cat.catinspectweb.util.LogWebDriverEventListener-75] Element is still not found By.xpath: //div[@class='modal-footer']//span[@class='glyphicon glyphicon-ok']
[18/01/29 10:31:01][INFO][com.perficient.test.cat.catinspectweb.util.LogWebDriverEventListener-75] Element is still not found By.xpath: //div[@class='modal-footer']//span[@class='glyphicon glyphicon-ok']
[18/01/29 10:31:01][INFO][com.perficient.test.cat.catinspectweb.util.LogWebDriverEventListener-106] Clicked the element found By.xpath: (//div[@class='ques_response'])[1]/following-sibling::div//a[@class='cat_button']
[18/01/29 10:31:02][INFO][com.perficient.test.cat.catinspectweb.util.LogWebDriverEventListener-106] Clicked the element found By.xpath: //div[@class='modal-footer']//span[@class='glyphicon glyphicon-ok']
[18/01/29 10:31:11][INFO][com.perficient.test.cat.catinspectweb.util.LogWebDriverEventListener-75] Element is still not found By.xpath: //div[@class='popup-dialog']
[18/01/29 10:31:12][INFO][com.perficient.test.cat.catinspectweb.util.LogWebDriverEventListener-106] Clicked the element found By.xpath: //img[@src and not(@class)]/../following-sibling::span
[18/01/29 10:31:16][INFO][com.perficient.test.cat.catinspectweb.util.LogWebDriverEventListener-106] Clicked the element found By.xpath: //div[@class='checkbox lft-align']/label
[18/01/29 10:31:16][INFO][com.perficient.test.cat.catinspectweb.util.LogWebDriverEventListener-106] Clicked the element found By.xpath: //div[@class='modal-footer']//span[@class='glyphicon glyphicon-ok']
[18/01/29 10:31:16][INFO][com.perficient.test.cat.catinspectweb.util.LogWebDriverEventListener-106] Clicked the element found By.xpath: //img[@src and not(@class)]/../following-sibling::span
[18/01/29 10:31:16][INFO][com.perficient.test.cat.catinspectweb.util.LogWebDriverEventListener-106] Clicked the element found By.xpath: //div[contains(@class, 'cat_div_box')]
[18/01/29 10:31:16][INFO][com.perficient.test.cat.catinspectweb.util.LogWebDriverEventListener-134] Click on the element find By.xpath: //select[@name='SMUType'] by javascript
[18/01/29 10:31:18][INFO][com.perficient.test.cat.catinspectweb.util.LogWebDriverEventListener-106] Clicked the element found By.tagName: option
[18/01/29 10:31:18][INFO][com.perficient.test.cat.catinspectweb.util.LogWebDriverEventListener-134] Click on the element find By.xpath: //button[@type='submit'] by javascript
[18/01/29 10:31:19][INFO][com.perficient.test.cat.catinspectweb.util.LogWebDriverEventListener-106] Clicked the element found By.xpath: //div[@class='checkbox lft-align']
[18/01/29 10:31:19][INFO][com.perficient.test.cat.catinspectweb.util.LogWebDriverEventListener-106] Clicked the element found By.xpath: //div[@class='modal-footer']//span[@class='glyphicon glyphicon-ok']
[18/01/29 10:31:22][INFO][com.perficient.test.cat.catinspectweb.util.LogWebDriverEventListener-75] Element is still not found By.xpath: //div[@class='modal-footer']//span[@class='glyphicon glyphicon-ok']
[18/01/29 10:31:27][INFO][com.perficient.test.cat.catinspectweb.util.LogWebDriverEventListener-106] Clicked the element found By.xpath: //select[@name='statusselect']
[18/01/29 10:31:29][INFO][com.perficient.test.cat.catinspectweb.util.LogWebDriverEventListener-106] Clicked the element found By.tagName: option
[18/01/29 10:31:32][INFO][com.perficient.test.cat.catinspectweb.util.LogWebDriverEventListener-134] Click on the element find By.xpath: //td[contains(@class, 'icons-col')]//a[@title='Details'] by javascript
[18/01/29 10:31:33][INFO][com.perficient.test.cat.catinspectweb.util.LogWebDriverEventListener-106] Clicked the element found By.xpath: //li[@class='toolbar-item']//a[contains(@href,'edit')]
[18/01/29 10:31:39][INFO][com.perficient.test.cat.catinspectweb.util.LogWebDriverEventListener-75] Element is still not found By.xpath: //li[@class='toolbar-item']//a[contains(@href,'edit')]
[18/01/29 10:31:39][INFO][com.perficient.test.cat.catinspectweb.util.LogWebDriverEventListener-134] Click on the element find By.xpath: //button[@type='submit'] by javascript
[18/01/29 10:34:11][INFO][com.perficient.test.cat.catinspectweb.util.TestCaseBase-65] 20180129103411
[18/01/29 10:34:11][INFO][com.perficient.test.cat.catinspectweb.util.TestCaseBase-67] Delete screen shots generated 2 days ago.
[18/01/29 10:34:32][ERROR][com.perficient.test.cat.catinspectweb.util.TestCaseBase-200] Driver have quited by other thread or by hand.
[18/01/29 10:34:35][INFO][com.perficient.test.cat.catinspectweb.util.TestCaseBase-65] 20180129103435
[18/01/29 10:34:35][INFO][com.perficient.test.cat.catinspectweb.util.TestCaseBase-67] Delete screen shots generated 2 days ago.
[18/01/29 10:34:43][INFO][com.perficient.test.cat.catinspectweb.util.LogWebDriverEventListener-20] WebDriver navigating to:'https://catinspectweb-dev.cat.com/'
[18/01/29 10:36:14][INFO][com.perficient.test.cat.catinspectweb.util.LogWebDriverEventListener-106] Clicked the element found By.xpath: //input[@id='submitButton']
[18/01/29 10:36:18][INFO][com.perficient.test.cat.catinspectweb.util.LogWebDriverEventListener-106] Clicked the element found By.xpath: //select[@name='statusselect']
[18/01/29 10:36:20][INFO][com.perficient.test.cat.catinspectweb.util.LogWebDriverEventListener-106] Clicked the element found By.tagName: option
[18/01/29 10:36:23][INFO][com.perficient.test.cat.catinspectweb.util.LogWebDriverEventListener-134] Click on the element find By.xpath: //td[contains(@class, 'icons-col')]//a[@title='Details'] by javascript
[18/01/29 10:36:24][INFO][com.perficient.test.cat.catinspectweb.util.LogWebDriverEventListener-106] Clicked the element found By.xpath: //li[@class='toolbar-item']//a[contains(@href,'edit')]
[18/01/29 10:36:33][INFO][com.perficient.test.cat.catinspectweb.util.LogWebDriverEventListener-75] Element is still not found By.xpath: //div[@class='loader_outer_div']
[18/01/29 10:36:34][INFO][com.perficient.test.cat.catinspectweb.util.LogWebDriverEventListener-106] Clicked the element found By.xpath: //div[contains(@class, 'cat_div_box')]
[18/01/29 10:36:34][INFO][com.perficient.test.cat.catinspectweb.util.LogWebDriverEventListener-106] Clicked the element found By.xpath: (//div[@class='ques_response'])[1]/following-sibling::div//a[@class='cat_button']
[18/01/29 10:36:35][INFO][com.perficient.test.cat.catinspectweb.util.LogWebDriverEventListener-106] Clicked the element found By.xpath: //li[@class= 'toolbar-item']/a[@class ='btn-border' ]
[18/01/29 10:36:35][INFO][com.perficient.test.cat.catinspectweb.util.LogWebDriverEventListener-106] Clicked the element found By.xpath: //li[@class='toolbar-item']//a[contains(@href,'edit')]
[18/01/29 10:36:41][INFO][com.perficient.test.cat.catinspectweb.util.LogWebDriverEventListener-75] Element is still not found By.xpath: //li[@class='toolbar-item']//a[contains(@href,'edit')]
[18/01/29 10:36:41][INFO][com.perficient.test.cat.catinspectweb.util.LogWebDriverEventListener-106] Clicked the element found By.xpath: //div[contains(@class, 'cat_div_box')]
[18/01/29 10:36:41][INFO][com.perficient.test.cat.catinspectweb.util.LogWebDriverEventListener-106] Clicked the element found By.xpath: //label[@class ='img_label']/input[@type= 'checkbox']
[18/01/29 10:39:28][INFO][com.perficient.test.cat.catinspectweb.util.TestCaseBase-65] 20180129103928
[18/01/29 10:39:28][INFO][com.perficient.test.cat.catinspectweb.util.TestCaseBase-67] Delete screen shots generated 2 days ago.
[18/01/29 10:39:34][INFO][com.perficient.test.cat.catinspectweb.util.LogWebDriverEventListener-20] WebDriver navigating to:'https://catinspectweb-dev.cat.com/'
[18/01/29 10:40:27][INFO][com.perficient.test.cat.catinspectweb.util.LogWebDriverEventListener-106] Clicked the element found By.xpath: //input[@id='submitButton']
[18/01/29 10:40:30][INFO][com.perficient.test.cat.catinspectweb.util.LogWebDriverEventListener-106] Clicked the element found By.xpath: //span[@class='admin']
[18/01/29 10:40:35][INFO][com.perficient.test.cat.catinspectweb.util.LogWebDriverEventListener-106] Clicked the element found By.xpath: //span[@sort-by='Name']/span
[18/01/29 10:42:24][INFO][com.perficient.test.cat.catinspectweb.util.FunctionUtil-1488] [Zane Coughlan, Zack Palmquist, Zachary Scheirer, yutaka sumi, Yoshiki Okane, Yoshiki Fukushima, Yoshihiro Uryu, Yoshiharu Sotokawa, Ying Li, Yeguang Sun, Yayoi Satake, Yasushi Takahashi, Yasushi Ieta, Yasuharu Shojima, Yasuaki Miyano, Yasuaki Kamidoi, Yan Giserman, William Newbery, Willem Pflueger, Will Taylor, Will Sharpnack, Wesley Barrett, Wenbo Xie, WebScan WebScan, Wayne Richards, Wayne Perry, Washington Ferreira, Warren Andrew Cox, Vision Link, Vincent Lentsch, Viktor Kenin, Victor Modesto Garcia, Victor Eugene DelRosso, Venthan Rajkumar, Troy Walker, Troy Arrington, Trever Bierschbach, Travis Nonn, Travis Meek, Tony Ware, Tony McGuire, Tomohiro Oyama, Tomoaki Kurihara, Tom Webber, Tom Hoefft, Tom Benson, Tom Armistead, Todd Yang, Tobie Van Niekerk, Tobiah Meinzen, Timothy Noon, Timothy Lowery, Timothy Kramer, Timothy J Auth, Thomas Normoyle, Thomas Gregg, Thomas Emmett Bucklar, Thomas Ellmann, Thomas Elder, Thiyagarajan Jagadeesan, Thella Jawahar, Terry Rasmussen, Ted Williamson, Ted Steidinger, Ted J Pauly, Ted J Pauly, Taylor Nguyen, Tatsuya Hasegawa, Takehiro Suzuki, Takehiko Horiguchi, Takeharu Seto, Takayuki Yuasa, Takayuki Sasaki, Tadahiro Yoshida, Subramani Velusamy, Subashini Kalaiselvan, Stuart Mowat, Steven Landau, Steven Faucher, Steve Walters, Steve Rowley, Steve Hihhins, Steve Bishop, Steve Bergstrom, Stephen W Schoening, Stephen Stewart, Stephen M. Turner Jr., Stephen Johnson, Stephen Henry Long, Stephen Goodfellow, Stephen Cline, Stephan Konrad, Stephan Balke, Stefan Pawliczek, Stacey Lynn Paredes, Srinivasan Vanapalli, Sreedhar Peddakama, Spencer Cree, Snigdha Pande, Snigdha Pande, Simon Neumann, Simon Griffiths, Simon Best, Shaun Boller, Shane Matarelli, Serena C Cook, Senthil Sudalai Muthu, Seng Cheong Wee, Sem Sergeevich Nelidov, Seiji Sumikawa, Seiichiro Iida, Sean M Watts, Sean Duncan, Scott Snoble, Scott Sabin, Scott Rosengaard, Scott Miller, Scott Allen Marks, Scott Adam Hahn, Scott Adam Hahn, Satyaki Guha, Satish Narayanan, Sarel Naude, Saravanakarthik Balasubramaniam, Sarah Natafji, Sandra Morales, Sandra Morales, Sandeep Ohri, Samuel Lauchlan, Sami Sarraf, Sami Sarraf, Salvador J Reyes, Sadanori China, Ryosuke Sugawara, Ryan Schreck, Ryan Lee, Russell Williams, Russ Hickling, Rudy Tigani, Roy Avery, Ross Hammond, Roni Thomas, Ronald Weber, Ronald Penick, Ron Penick, Rogier Tonies, Roger Wood, Roger W. Provenzano, Roger Hauri, Robert Whayne Spear, Robert W Cisco, Robert Selby, Robert Nugara, Robert M Houge, Robert Lozano, Robert Jewell, Robert J Davis, Robert G Bullock, Robert G Bullock, Robert Creviston, Rob Bradenham, Rita Weeks, Richard Rodriguez, Richard Raczak, Richard Peek, Richard L Kidd, Richard Beck, Rich Gardner, Rex Cheung, Renato Pertusi Filho, Rehana Abdallah, Ranjani Rao, Ramkumar Gurusamy, Ramkumar Gurusamy, Ramesh Swaminathan, Ram Kesaverapu, Rahul Srivastava, Rafael Khassanov, Rafael Gozzo, Rafael Gonzalez, Rafael Castrillon, R Scott Young, Prithviraj Chamala, Pierre-Laurent Verdon, Phillip O'Reilly, Phillip Moorcroft, Phillip Cooper, Philip Kelliher, Philip C McKenzie, Phaneendra Varma Kattari, Phaneendra Kattari, Peter Giuliani, PCM-1001823, Pawel Zajac, Paulo Renato Pereira De Toledo Natali, Paula Lin, Paul Labelle, Paul Kapica, Paul F Olsen, Paul Cameron, Paul Albrecht, Patrick Van Den Broek, Patrick McCoy, Patrick McCoy, Patrick A Jones, Pascal Desrosiers, Parthasarathy Narayanan, Oscar Vejar Saez, Olivier Dutruy, Oliver Bradley, Oleg Fomin, Norma Aldinger, Noriaki Shigeyama, Nobuko Matsuyama, Nivethitha Paramasivam, Nitin Patel, Ningsheng Xu, Nikhil Suresh Jalgaonkar, Nikhat Sultana, Nigel Boswell, Nicole T Reno, Nicole Rogers, Nick Natale, Nicholas Renner, Neil Gardiner, Nazmi Tanis, Nathan Weber, Nathan Gray, Nate Rasmussen, Naresh Patchabatla, Naoyuki Shigyo, Naoya Arimatsu, Nandhini Ravi, My.Cat.Com, Muthushankar Raghunathan, Muthushankar Raghunathan, Mun Chiu Lim, Mohit Verma, Mohammed Ansaar Ali, Mitsuru Shiratori, Minna Cao, Mikhail Tokarev, Mikhail Goy, Mike Nordmeyer, Mike Lenzie, Mike Brewer, Mike Alle, Michelle Van Den Driessche, Michelle Ann Cebuhar, Michael Ray Koehler, Michael Loyer, Michael L Powell, Michael Evan Hague, Michael Coppinger, Micaela Bardy, Melvin Ottley, Matthew Ward, Matthew Peyton, Matthew Peterson, Matthew Morse, Matthew J Bennis, Matthew Hendry, Matthew Feng, Matthew DelMonaco, Matthew Cullen, Matt Santee, Matt Rosenberg, Matt Rosenberg, Matt Minner, Matt Bedwell, Masahiro Sasaki, Masahiko Mori, Marys Sangiovanni, Mary F Frank, Martin Young, Martin Haberberger, Markus Bindl, Mark William Brooks, Mark Whiting, Mark Wardill, Mark Smith, Mark Perkes, Mark Mulligan, Mark Hexum, Mark Helgren, Mark Dydo, Mark Bakula, Mark A Kelly, Mario Luis Garca Tovar, Marcy McWethy, Marcus Morbidelli, Marcus Angeli, Marco Schipperheijn, Marcelo Sanna, Manny Herrera, Manivannan Deenathayalan, Manivannan Deenathayalan, Manivannan Deenathalyan, Manivannan Deenathalyan, Mana Shahgoli, Malte Volk, Mahesh Kumar Subramaniyam, Madhusudhan Meganathan, Luke Williams, Luke Fischer, Luke Brockway, Lukasz W. Klukowski, Luciano Kim, Luca Hansen, Lori Kay Denton, Lonnie Fritz, Lina Paola Munoz Gaviria, Liang Peng, Leonardo Diaz Arenas, Leonard Quek, Leland Cashman, Leigh Davenport, Leandro Medrano, Lawrence Williams, Lawrence Tognetti, Larry Bable, LaKeisha Whiting, Kyo Yaguchi, Kyle Davis, Kristopher J Kyarsgaard, Koushika Duraisamy, Kotaro Sato, Kori Hieser, Koichi Yamaguchi, Kobus Janse van Rensburg, Klaus Ukens, Kirk Miller, Kevin Stephens, Kevin Kyle, Kevin Bacon, Kermit Velder, Kenta Nishimura, Kensuke Tanaka, Kenneth R Herubin, Kenji Tsukuda, Kenji Ito, Kengo Kakinuma, Keizer Birke, Keith Corkill, Keisuke Minowa, Kazuki Yokuda, Kay Wertz, Kason Davis, Kasireddy Kandula, KARLTON SUTHERLAND, Karl B Vandermyde, Justin Rosson, Justin Main, Justin Greiner, Justin Doty, Justin Degenhart, Justin A Tobin, Jun Zhu, Julien Balardelle, Julia Richards, Julia Chernykh, Juli Ierulli, Juan Velandia, Juan J Hurtado, Joshua Cothren, Joseph Scott Heskett, Joseph Phillips, Joseph James Graves, Jose R Vivas, Jose Calvo, Jonathan Quell, Jon Trowbridge, Jon Salmon, Jon Hood, Jon Feucht, Jon B. Colgan, Johnny Ramirez, John William Schalk, John William Schalk, John Wesley Young, John Unes, John Schalk, John Michael McConnell, John Mazur, John MacNeil, John J Ganser, John Hutchinson, John Harpour, John E Frye, John Arthur Hoffman II, Joey Pickett, Joerg Lichter, Joel Roosa, Joel Denning, Joel B Bagley, Joe Coleman, Jimmie Tatum, Jim Davey, Jim Bathrick, Jiao-Hua Shi, Jianwen Xu, Jesus Martinez Arcos, Jeremy Poxleitner, Jeremy Middleton, Jeremy M Ethridge, Jeremy Beck, Jeremy Andrews, Jennifer Nelson, Jennifer Maria Strickland, Jennifer Lynn Lalley, Jennifer L Thompson, Jennifer Gappe, Jeffry E Payne, Jeffry E Payne, Jeffrey L Greene, Jeffrey Allen, Jeffery Bryson, Jeff Lakdawala, Jeff Henderson, Jayasree Basineni, Jay Perry, Jason Williams, Jason Peeples, Jason Nelson, Jason Hurdis, Jason Domnick, Jarvis Lim, Jarrod Brooks, Jarod Skocaj, Jared Wesley Brown, Jared Berry, Jane Zhang, Jane Jenkins, Jamie Jordon, James Randolph Grant, James M Callahan, James Deissler, Jaime de Jesus Retana Solorzano, Jahnavi Chennupati, Jacob S. Rockhold, Jacob Eric Shorey, Jaco Nolte, Jackie Aguilera, Ivan Lloyd Brandt, Ivan Glushankov, Ioannis Zafeiris, Indira Kondapaneni, Imtiaz Wadiwale, Ignacio Jimenez Fernandez, Ian McFarlane-Young, Hui Zhang, Hugues Salomon, Holger Pietzsch, Hiroyuki Sato, Hirotoshi Fujiwara, Hiroshi Yashima, Hiroshi Jikumaru, Hiroko Abe, Hidetaka Eto, Hideo Matsumura, Hidenori Komatsu, Hideaki Ohhara, Herby He475, Helder J Garcia da Lomba, Heiko Hallerdei, Hector Barocio, Hayden Jones, Hashim Yassin, Harish Sudharsan, Hannu Kaarto, Hajime Narisawa, Hai Shen, Gwyn Thomas Llewelyn Jones, Guillaume de Vitton, Guadalupe Vera, Griffin Reome, Gregory Todd Johnson, Gregory Page, Gregory Neil Fidler, Greg Hulva, Greg Davis, Grant Heinold, Graham Lewis, Graham Howe, GMDDash, Gilles C. De Warlincourt, George D Yeargin, Gary Perry, Gary Martin, Gary Lambley, Gabriel Bolt, FREEMAD, Frederick Walkup, Frederic Istas, Frank H Campbell II., Francois Gascon, Francisco Javier Acevedo, Francis Joel Ngkaion, Francis J Molloy, Fernando Sanchez, Fernando Oliveira, Federico C Henkel, Fang Bian, Fachrul Syamsul Alam, Evan Wacker, Evan Groose, Eva Blasberg, Ethan K. Lightle, Erwin Billaudel, Ernesto, Erik Tautkus, Erick Lee, Eric Williams, Eric Stuehrenberg, Eric Stark, Eric Nelsen Swartzentruber, Eric Mortensen, Eric Gustafson, Enrico Consigliere Alvarez, Emma Lawson, Elaine Her Shung, Eko Suwarno, Edwin E O'Neil Jr., Eduardo Mendoza, Eduard Udachny, Eddy Dobson, Ed Stealy, Dwayne Williams, Drew Tolly, Douglas Siemer, Douglas K. Bailey, Douglas K. Bailey, Doug Petterson, Don Weinhold, Dominick D Emlen, Dmitry Tvelenev, Dmitry Anatolevich Markin, Didier Godme, Derek Smith, Derek Geoffrey Cadman, Dennis Payton, Dennis Gustafson, Dennis Delgado, Dennis Cunliffe, Debra Conklin, Deborah Shirley Mathram Devanand, David Wykes, David Woodward, David Wood, David Velez, David Thompson, David Thomas Lang, David Michael Longanbach, David McParland, David McIntyre, David Martin, David Martin, David Lowell Holt, David James Edwards, David G Fenstermacher, David Edward Vines, David Council, David A. Frager, Dave Maguire, Dave Babbs, Daniel W. Uphoff, Daniel Tate, Daniel Sallis, Daniel Righetti, Daniel Riggs, Daniel P Lee, Daniel Kentner, Daniel Kelley, Daniel Hoffman, Daniel Fingleton, Daniel Carey, Daniel Brandt, Daniel Arthur O'Lear, Dan Snelling, Dan Patin, Dan Adkison, Damion Chin, Damen Whelchel, Dallas James Coffey, Dale Milton, Dale Dean Hill, Dai Mato, Cynthia Gardner, Cuthbert Co, custportalempadmin3 custportalempadmin3, Curtis Tyler Albertsen, CTS Test, Cristiano Vianna, Creston Austin, Craig Harper, Craig Cutting, Cory Robert Smith, Cory Lash, Conor Davis Aberle, Conor Aberle, Colleen Klaiber, Colin J Hindahl, Colin Hindahl, Colin B Olsen, Cody Moore, Clifford Vieira, Clayton Aupperle, Christy Beiermann, Christopher P Wood, Christopher Kinney, Christopher Cyncar, Christian Koesters, Christian Gruenberg, Christer Carl Larsson, Christal Zhang, Chris Watson, Chris Thomas, Chris Runestad, Chris Barrett, Cheryl Deahl, Chelsea Atkinson, Charles Henry Menke, Charles Harrell, Chad Brickner, Chad Adams, Cedric Gold, Casey Eastham, Carson Hendrix, Carlos Ramirez-ortiz, Carlos Molina Romero, Carlos Miragalla, Carlos J Duarte, Carlos Cobo, Carlos Chavez, Carlos Bachmann, Can Ertekin, Cameron John McGovern, burria2, Bryn Johns, Bruno Berno, Brock Smith, Brian W. Schissler-Boichot, Brian Snyder, Brian O&#39;Neill, Brian J Ulrich, Brian Hill, Brian Gerard Luebbers, Brian Ellis, Brian Curtis Manuel, Brian Allen, Brett M Guth, Brent Durheim, Brent Allen Salverson, Brent A Steffen, Brenna Kathryn Geswein, Brendan Dakota Hill, Brandon Dykstra, Bram Van Der Meij, Brad Stanaway, Brad Bainbridge, Borja Cedron, Bobby Conda, Bob Courtois, Bjorn E Westlund, Binod Kumar Tater, Bill Nebergall, Bill Gallagher, Bhavinkumar R Gandhi, Bharath Rajarethinam, Bharat Majithia, Bernd Albers, Bernardo Marigmen, Bernadeta Beecroft, Berik Turanov, Benjamin Schmuck, Benjamin Allen Mc Intyre, Barrie Whiteside, Balasubramaniam Kuppusamy, Bala Audi, Bala Audi, Ayax Ante Lezama, Austin Schmidt, Austin Kaul, Augusto Paula, Assel Ilyassova, Ashley Miles, Ashley Johnson, Arun Narayana, Arthur Melvin Morris, Artem Karshibaev, April Kyarsgaard, Anvar Khodzhaev, Anthony Hick, Anthony Condo, Anthony Bourff, Annie Abkarian, Anne Marcoux, Ann Schreifels, Angelina F. Autran, Andy Parker, Andy Burks, Andrey Shalygin, Andrey Sergeev, Andrew T Harrison, Andrew Phelps, Andrew M. Miller, Andrew Brown, Andres Gonzalez, Andres F Cuadros, Andrea Lyons, Andrea Lusher, Andre Leschke, Anderson Torres, Anders Thomsen, Anders John Nyhus, Analucia Martinez, Ana Magdalena Gonzalez, Amy Kalbacken, Alpen Patel, Allie Plumb, Allen J DeClerk, Aline Perroud, Alina Snegireva, Alfred L Hunt, Alexis Castillo, Alexey Viktorovich Erokhin, Alexey Kryschenko, Alexandre Favero, Alexander Tumanov, Alexander Munoz, Alexander Montgomery, Alexander Makarov, Alejandro Rafael Sanchez Hinojosa, Alejandra Gomez, Alban De Sainte Marie, Alan James Wilkinson, Alagarsamy Srinivasan, Alagarsamy, Akito Misumi, Akira Hamasaki, Aimee Alice Mather, Afif Fathoni 1, Adrien Perreard, Adriano Didone]The original array list
[18/01/29 10:42:24][INFO][com.perficient.test.cat.catinspectweb.util.FunctionUtil-1504] [Zane Coughlan, Zack Palmquist, Zachary Scheirer, yutaka sumi, Yoshiki Okane, Yoshiki Fukushima, Yoshihiro Uryu, Yoshiharu Sotokawa, Ying Li, Yeguang Sun, Yayoi Satake, Yasushi Takahashi, Yasushi Ieta, Yasuharu Shojima, Yasuaki Miyano, Yasuaki Kamidoi, Yan Giserman, William Newbery, Willem Pflueger, Will Taylor, Will Sharpnack, Wesley Barrett, Wenbo Xie, WebScan WebScan, Wayne Richards, Wayne Perry, Washington Ferreira, Warren Andrew Cox, Vision Link, Vincent Lentsch, Viktor Kenin, Victor Modesto Garcia, Victor Eugene DelRosso, Venthan Rajkumar, Troy Walker, Troy Arrington, Trever Bierschbach, Travis Nonn, Travis Meek, Tony Ware, Tony McGuire, Tomohiro Oyama, Tomoaki Kurihara, Tom Webber, Tom Hoefft, Tom Benson, Tom Armistead, Todd Yang, Tobie Van Niekerk, Tobiah Meinzen, Timothy Noon, Timothy Lowery, Timothy Kramer, Timothy J Auth, Thomas Normoyle, Thomas Gregg, Thomas Emmett Bucklar, Thomas Ellmann, Thomas Elder, Thiyagarajan Jagadeesan, Thella Jawahar, Terry Rasmussen, Ted Williamson, Ted Steidinger, Ted J Pauly, Ted J Pauly, Taylor Nguyen, Tatsuya Hasegawa, Takehiro Suzuki, Takehiko Horiguchi, Takeharu Seto, Takayuki Yuasa, Takayuki Sasaki, Tadahiro Yoshida, Subramani Velusamy, Subashini Kalaiselvan, Stuart Mowat, Steven Landau, Steven Faucher, Steve Walters, Steve Rowley, Steve Hihhins, Steve Bishop, Steve Bergstrom, Stephen W Schoening, Stephen Stewart, Stephen M. Turner Jr., Stephen Johnson, Stephen Henry Long, Stephen Goodfellow, Stephen Cline, Stephan Konrad, Stephan Balke, Stefan Pawliczek, Stacey Lynn Paredes, Srinivasan Vanapalli, Sreedhar Peddakama, Spencer Cree, Snigdha Pande, Snigdha Pande, Simon Neumann, Simon Griffiths, Simon Best, Shaun Boller, Shane Matarelli, Serena C Cook, Senthil Sudalai Muthu, Seng Cheong Wee, Sem Sergeevich Nelidov, Seiji Sumikawa, Seiichiro Iida, Sean M Watts, Sean Duncan, Scott Snoble, Scott Sabin, Scott Rosengaard, Scott Miller, Scott Allen Marks, Scott Adam Hahn, Scott Adam Hahn, Satyaki Guha, Satish Narayanan, Sarel Naude, Saravanakarthik Balasubramaniam, Sarah Natafji, Sandra Morales, Sandra Morales, Sandeep Ohri, Samuel Lauchlan, Sami Sarraf, Sami Sarraf, Salvador J Reyes, Sadanori China, Ryosuke Sugawara, Ryan Schreck, Ryan Lee, Russell Williams, Russ Hickling, Rudy Tigani, Roy Avery, Ross Hammond, Roni Thomas, Ronald Weber, Ronald Penick, Ron Penick, Rogier Tonies, Roger Wood, Roger W. Provenzano, Roger Hauri, Robert Whayne Spear, Robert W Cisco, Robert Selby, Robert Nugara, Robert M Houge, Robert Lozano, Robert Jewell, Robert J Davis, Robert G Bullock, Robert G Bullock, Robert Creviston, Rob Bradenham, Rita Weeks, Richard Rodriguez, Richard Raczak, Richard Peek, Richard L Kidd, Richard Beck, Rich Gardner, Rex Cheung, Renato Pertusi Filho, Rehana Abdallah, Ranjani Rao, Ramkumar Gurusamy, Ramkumar Gurusamy, Ramesh Swaminathan, Ram Kesaverapu, Rahul Srivastava, Rafael Khassanov, Rafael Gozzo, Rafael Gonzalez, Rafael Castrillon, R Scott Young, Prithviraj Chamala, Pierre-Laurent Verdon, Phillip O'Reilly, Phillip Moorcroft, Phillip Cooper, Philip Kelliher, Philip C McKenzie, Phaneendra Varma Kattari, Phaneendra Kattari, Peter Giuliani, PCM-1001823, Pawel Zajac, Paulo Renato Pereira De Toledo Natali, Paula Lin, Paul Labelle, Paul Kapica, Paul F Olsen, Paul Cameron, Paul Albrecht, Patrick Van Den Broek, Patrick McCoy, Patrick McCoy, Patrick A Jones, Pascal Desrosiers, Parthasarathy Narayanan, Oscar Vejar Saez, Olivier Dutruy, Oliver Bradley, Oleg Fomin, Norma Aldinger, Noriaki Shigeyama, Nobuko Matsuyama, Nivethitha Paramasivam, Nitin Patel, Ningsheng Xu, Nikhil Suresh Jalgaonkar, Nikhat Sultana, Nigel Boswell, Nicole T Reno, Nicole Rogers, Nick Natale, Nicholas Renner, Neil Gardiner, Nazmi Tanis, Nathan Weber, Nathan Gray, Nate Rasmussen, Naresh Patchabatla, Naoyuki Shigyo, Naoya Arimatsu, Nandhini Ravi, My.Cat.Com, Muthushankar Raghunathan, Muthushankar Raghunathan, Mun Chiu Lim, Mohit Verma, Mohammed Ansaar Ali, Mitsuru Shiratori, Minna Cao, Mikhail Tokarev, Mikhail Goy, Mike Nordmeyer, Mike Lenzie, Mike Brewer, Mike Alle, Michelle Van Den Driessche, Michelle Ann Cebuhar, Michael Ray Koehler, Michael Loyer, Michael L Powell, Michael Evan Hague, Michael Coppinger, Micaela Bardy, Melvin Ottley, Matthew Ward, Matthew Peyton, Matthew Peterson, Matthew Morse, Matthew J Bennis, Matthew Hendry, Matthew Feng, Matthew DelMonaco, Matthew Cullen, Matt Santee, Matt Rosenberg, Matt Rosenberg, Matt Minner, Matt Bedwell, Masahiro Sasaki, Masahiko Mori, Marys Sangiovanni, Mary F Frank, Martin Young, Martin Haberberger, Markus Bindl, Mark William Brooks, Mark Whiting, Mark Wardill, Mark Smith, Mark Perkes, Mark Mulligan, Mark Hexum, Mark Helgren, Mark Dydo, Mark Bakula, Mark A Kelly, Mario Luis Garca Tovar, Marcy McWethy, Marcus Morbidelli, Marcus Angeli, Marco Schipperheijn, Marcelo Sanna, Manny Herrera, Manivannan Deenathayalan, Manivannan Deenathayalan, Manivannan Deenathalyan, Manivannan Deenathalyan, Mana Shahgoli, Malte Volk, Mahesh Kumar Subramaniyam, Madhusudhan Meganathan, Luke Williams, Luke Fischer, Luke Brockway, Lukasz W. Klukowski, Luciano Kim, Luca Hansen, Lori Kay Denton, Lonnie Fritz, Lina Paola Munoz Gaviria, Liang Peng, Leonardo Diaz Arenas, Leonard Quek, Leland Cashman, Leigh Davenport, Leandro Medrano, Lawrence Williams, Lawrence Tognetti, Larry Bable, LaKeisha Whiting, Kyo Yaguchi, Kyle Davis, Kristopher J Kyarsgaard, Koushika Duraisamy, Kotaro Sato, Kori Hieser, Koichi Yamaguchi, Kobus Janse van Rensburg, Klaus Ukens, Kirk Miller, Kevin Stephens, Kevin Kyle, Kevin Bacon, Kermit Velder, Kenta Nishimura, Kensuke Tanaka, Kenneth R Herubin, Kenji Tsukuda, Kenji Ito, Kengo Kakinuma, Keizer Birke, Keith Corkill, Keisuke Minowa, Kazuki Yokuda, Kay Wertz, Kason Davis, Kasireddy Kandula, KARLTON SUTHERLAND, Karl B Vandermyde, Justin Rosson, Justin Main, Justin Greiner, Justin Doty, Justin Degenhart, Justin A Tobin, Jun Zhu, Julien Balardelle, Julia Richards, Julia Chernykh, Juli Ierulli, Juan Velandia, Juan J Hurtado, Joshua Cothren, Joseph Scott Heskett, Joseph Phillips, Joseph James Graves, Jose R Vivas, Jose Calvo, Jonathan Quell, Jon Trowbridge, Jon Salmon, Jon Hood, Jon Feucht, Jon B. Colgan, Johnny Ramirez, John William Schalk, John William Schalk, John Wesley Young, John Unes, John Schalk, John Michael McConnell, John Mazur, John MacNeil, John J Ganser, John Hutchinson, John Harpour, John E Frye, John Arthur Hoffman II, Joey Pickett, Joerg Lichter, Joel Roosa, Joel Denning, Joel B Bagley, Joe Coleman, Jimmie Tatum, Jim Davey, Jim Bathrick, Jiao-Hua Shi, Jianwen Xu, Jesus Martinez Arcos, Jeremy Poxleitner, Jeremy Middleton, Jeremy M Ethridge, Jeremy Beck, Jeremy Andrews, Jennifer Nelson, Jennifer Maria Strickland, Jennifer Lynn Lalley, Jennifer L Thompson, Jennifer Gappe, Jeffry E Payne, Jeffry E Payne, Jeffrey L Greene, Jeffrey Allen, Jeffery Bryson, Jeff Lakdawala, Jeff Henderson, Jayasree Basineni, Jay Perry, Jason Williams, Jason Peeples, Jason Nelson, Jason Hurdis, Jason Domnick, Jarvis Lim, Jarrod Brooks, Jarod Skocaj, Jared Wesley Brown, Jared Berry, Jane Zhang, Jane Jenkins, Jamie Jordon, James Randolph Grant, James M Callahan, James Deissler, Jaime de Jesus Retana Solorzano, Jahnavi Chennupati, Jacob S. Rockhold, Jacob Eric Shorey, Jaco Nolte, Jackie Aguilera, Ivan Lloyd Brandt, Ivan Glushankov, Ioannis Zafeiris, Indira Kondapaneni, Imtiaz Wadiwale, Ignacio Jimenez Fernandez, Ian McFarlane-Young, Hui Zhang, Hugues Salomon, Holger Pietzsch, Hiroyuki Sato, Hirotoshi Fujiwara, Hiroshi Yashima, Hiroshi Jikumaru, Hiroko Abe, Hidetaka Eto, Hideo Matsumura, Hidenori Komatsu, Hideaki Ohhara, Herby He475, Helder J Garcia da Lomba, Heiko Hallerdei, Hector Barocio, Hayden Jones, Hashim Yassin, Harish Sudharsan, Hannu Kaarto, Hajime Narisawa, Hai Shen, Gwyn Thomas Llewelyn Jones, Guillaume de Vitton, Guadalupe Vera, Griffin Reome, Gregory Todd Johnson, Gregory Page, Gregory Neil Fidler, Greg Hulva, Greg Davis, Grant Heinold, Graham Lewis, Graham Howe, GMDDash, Gilles C. De Warlincourt, George D Yeargin, Gary Perry, Gary Martin, Gary Lambley, Gabriel Bolt, FREEMAD, Frederick Walkup, Frederic Istas, Frank H Campbell II., Francois Gascon, Francisco Javier Acevedo, Francis Joel Ngkaion, Francis J Molloy, Fernando Sanchez, Fernando Oliveira, Federico C Henkel, Fang Bian, Fachrul Syamsul Alam, Evan Wacker, Evan Groose, Eva Blasberg, Ethan K. Lightle, Erwin Billaudel, Ernesto, Erik Tautkus, Erick Lee, Eric Williams, Eric Stuehrenberg, Eric Stark, Eric Nelsen Swartzentruber, Eric Mortensen, Eric Gustafson, Enrico Consigliere Alvarez, Emma Lawson, Elaine Her Shung, Eko Suwarno, Edwin E O'Neil Jr., Eduardo Mendoza, Eduard Udachny, Eddy Dobson, Ed Stealy, Dwayne Williams, Drew Tolly, Douglas Siemer, Douglas K. Bailey, Douglas K. Bailey, Doug Petterson, Don Weinhold, Dominick D Emlen, Dmitry Tvelenev, Dmitry Anatolevich Markin, Didier Godme, Derek Smith, Derek Geoffrey Cadman, Dennis Payton, Dennis Gustafson, Dennis Delgado, Dennis Cunliffe, Debra Conklin, Deborah Shirley Mathram Devanand, David Wykes, David Woodward, David Wood, David Velez, David Thompson, David Thomas Lang, David Michael Longanbach, David McParland, David McIntyre, David Martin, David Martin, David Lowell Holt, David James Edwards, David G Fenstermacher, David Edward Vines, David Council, David A. Frager, Dave Maguire, Dave Babbs, Daniel W. Uphoff, Daniel Tate, Daniel Sallis, Daniel Righetti, Daniel Riggs, Daniel P Lee, Daniel Kentner, Daniel Kelley, Daniel Hoffman, Daniel Fingleton, Daniel Carey, Daniel Brandt, Daniel Arthur O'Lear, Dan Snelling, Dan Patin, Dan Adkison, Damion Chin, Damen Whelchel, Dallas James Coffey, Dale Milton, Dale Dean Hill, Dai Mato, Cynthia Gardner, Cuthbert Co, custportalempadmin3 custportalempadmin3, Curtis Tyler Albertsen, CTS Test, Cristiano Vianna, Creston Austin, Craig Harper, Craig Cutting, Cory Robert Smith, Cory Lash, Conor Davis Aberle, Conor Aberle, Colleen Klaiber, Colin J Hindahl, Colin Hindahl, Colin B Olsen, Cody Moore, Clifford Vieira, Clayton Aupperle, Christy Beiermann, Christopher P Wood, Christopher Kinney, Christopher Cyncar, Christian Koesters, Christian Gruenberg, Christer Carl Larsson, Christal Zhang, Chris Watson, Chris Thomas, Chris Runestad, Chris Barrett, Cheryl Deahl, Chelsea Atkinson, Charles Henry Menke, Charles Harrell, Chad Brickner, Chad Adams, Cedric Gold, Casey Eastham, Carson Hendrix, Carlos Ramirez-ortiz, Carlos Molina Romero, Carlos Miragalla, Carlos J Duarte, Carlos Cobo, Carlos Chavez, Carlos Bachmann, Can Ertekin, Cameron John McGovern, burria2, Bryn Johns, Bruno Berno, Brock Smith, Brian W. Schissler-Boichot, Brian Snyder, Brian O&#39;Neill, Brian J Ulrich, Brian Hill, Brian Gerard Luebbers, Brian Ellis, Brian Curtis Manuel, Brian Allen, Brett M Guth, Brent Durheim, Brent Allen Salverson, Brent A Steffen, Brenna Kathryn Geswein, Brendan Dakota Hill, Brandon Dykstra, Bram Van Der Meij, Brad Stanaway, Brad Bainbridge, Borja Cedron, Bobby Conda, Bob Courtois, Bjorn E Westlund, Binod Kumar Tater, Bill Nebergall, Bill Gallagher, Bhavinkumar R Gandhi, Bharath Rajarethinam, Bharat Majithia, Bernd Albers, Bernardo Marigmen, Bernadeta Beecroft, Berik Turanov, Benjamin Schmuck, Benjamin Allen Mc Intyre, Barrie Whiteside, Balasubramaniam Kuppusamy, Bala Audi, Bala Audi, Ayax Ante Lezama, Austin Schmidt, Austin Kaul, Augusto Paula, Assel Ilyassova, Ashley Miles, Ashley Johnson, Arun Narayana, Arthur Melvin Morris, Artem Karshibaev, April Kyarsgaard, Anvar Khodzhaev, Anthony Hick, Anthony Condo, Anthony Bourff, Annie Abkarian, Anne Marcoux, Ann Schreifels, Angelina F. Autran, Andy Parker, Andy Burks, Andrey Shalygin, Andrey Sergeev, Andrew T Harrison, Andrew Phelps, Andrew M. Miller, Andrew Brown, Andres Gonzalez, Andres F Cuadros, Andrea Lyons, Andrea Lusher, Andre Leschke, Anderson Torres, Anders Thomsen, Anders John Nyhus, Analucia Martinez, Ana Magdalena Gonzalez, Amy Kalbacken, Alpen Patel, Allie Plumb, Allen J DeClerk, Aline Perroud, Alina Snegireva, Alfred L Hunt, Alexis Castillo, Alexey Viktorovich Erokhin, Alexey Kryschenko, Alexandre Favero, Alexander Tumanov, Alexander Munoz, Alexander Montgomery, Alexander Makarov, Alejandro Rafael Sanchez Hinojosa, Alejandra Gomez, Alban De Sainte Marie, Alan James Wilkinson, Alagarsamy Srinivasan, Alagarsamy, Akito Misumi, Akira Hamasaki, Aimee Alice Mather, Afif Fathoni 1, Adrien Perreard, Adriano Didone]The alphabetical order array list after sort
[18/01/29 10:42:25][INFO][com.perficient.test.cat.catinspectweb.util.LogWebDriverEventListener-106] Clicked the element found By.xpath: //span[@sort-by='Name']/span
[18/01/29 10:42:44][ERROR][com.perficient.test.cat.catinspectweb.util.TestCaseBase-200] Driver have quited by other thread or by hand.
[18/01/29 10:43:31][INFO][com.perficient.test.cat.catinspectweb.util.TestCaseBase-65] 20180129104331
[18/01/29 10:43:31][INFO][com.perficient.test.cat.catinspectweb.util.TestCaseBase-67] Delete screen shots generated 2 days ago.
[18/01/29 10:43:39][INFO][com.perficient.test.cat.catinspectweb.util.LogWebDriverEventListener-20] WebDriver navigating to:'https://catinspectweb-dev.cat.com/'
[18/01/29 10:44:37][INFO][com.perficient.test.cat.catinspectweb.util.LogWebDriverEventListener-106] Clicked the element found By.xpath: //input[@id='submitButton']
[18/01/29 10:44:40][INFO][com.perficient.test.cat.catinspectweb.util.LogWebDriverEventListener-106] Clicked the element found By.xpath: //span[@class='admin']
[18/01/29 10:44:44][INFO][com.perficient.test.cat.catinspectweb.util.LogWebDriverEventListener-106] Clicked the element found By.xpath: //select
[18/01/29 10:44:47][INFO][com.perficient.test.cat.catinspectweb.util.LogWebDriverEventListener-106] Clicked the element found By.tagName: option
[18/01/29 10:44:48][INFO][com.perficient.test.cat.catinspectweb.util.LogWebDriverEventListener-106] Clicked the element found By.xpath: //select
[18/01/29 10:44:49][INFO][com.perficient.test.cat.catinspectweb.util.LogWebDriverEventListener-106] Clicked the element found By.xpath: //select
[18/01/29 10:44:51][INFO][com.perficient.test.cat.catinspectweb.util.LogWebDriverEventListener-106] Clicked the element found By.tagName: option
[18/01/29 10:44:52][INFO][com.perficient.test.cat.catinspectweb.util.LogWebDriverEventListener-106] Clicked the element found By.xpath: //select
[18/01/29 10:44:55][INFO][com.perficient.test.cat.catinspectweb.util.LogWebDriverEventListener-106] Clicked the element found By.tagName: option
[18/01/29 10:46:12][ERROR][com.perficient.test.cat.catinspectweb.util.LogWebDriverEventListener-77] WebDriver error:
org.openqa.selenium.StaleElementReferenceException: stale element reference: element is not attached to the page document
  (Session info: chrome=62.0.3202.89)
  (Driver info: chromedriver=2.33.506120 (e3e53437346286c0bc2d2dc9aa4915ba81d9023f),platform=Windows NT 6.1.7601 SP1 x86_64) (WARNING: The server did not provide any stacktrace information)
Command duration or timeout: 0 milliseconds
For documentation on this error, please visit: http://seleniumhq.org/exceptions/stale_element_reference.html
Build info: version: '3.7.1', revision: '8a0099a', time: '2017-11-06T21:01:39.354Z'
System info: host: 'H2600-0463L', ip: '10.2.7.23', os.name: 'Windows 7', os.arch: 'amd64', os.version: '6.1', java.version: '1.8.0_151'
Driver info: org.openqa.selenium.chrome.ChromeDriver
Capabilities {acceptSslCerts: true, applicationCacheEnabled: false, browserConnectionEnabled: false, browserName: chrome, chrome: {chromedriverVersion: 2.33.506120 (e3e53437346286..., userDataDir: C:\Users\herby.he\AppData\L...}, cssSelectorsEnabled: true, databaseEnabled: false, handlesAlerts: true, hasTouchScreen: false, javascriptEnabled: true, locationContextEnabled: true, mobileEmulationEnabled: false, nativeEvents: true, networkConnectionEnabled: false, pageLoadStrategy: normal, platform: XP, platformName: XP, rotatable: false, setWindowRect: true, takesHeapSnapshot: true, takesScreenshot: true, unexpectedAlertBehaviour: , unhandledPromptBehavior: , version: 62.0.3202.89, webStorageEnabled: true}
Session ID: dffe17c2db28987c4d741a574f833243
	at sun.reflect.NativeConstructorAccessorImpl.newInstance0(Native Method)
	at sun.reflect.NativeConstructorAccessorImpl.newInstance(Unknown Source)
	at sun.reflect.DelegatingConstructorAccessorImpl.newInstance(Unknown Source)
	at java.lang.reflect.Constructor.newInstance(Unknown Source)
	at org.openqa.selenium.remote.ErrorHandler.createThrowable(ErrorHandler.java:214)
	at org.openqa.selenium.remote.ErrorHandler.throwIfResponseFailed(ErrorHandler.java:166)
	at org.openqa.selenium.remote.http.JsonHttpResponseCodec.reconstructValue(JsonHttpResponseCodec.java:40)
	at org.openqa.selenium.remote.http.AbstractHttpResponseCodec.decode(AbstractHttpResponseCodec.java:80)
	at org.openqa.selenium.remote.http.AbstractHttpResponseCodec.decode(AbstractHttpResponseCodec.java:44)
	at org.openqa.selenium.remote.HttpCommandExecutor.execute(HttpCommandExecutor.java:164)
	at org.openqa.selenium.remote.service.DriverCommandExecutor.execute(DriverCommandExecutor.java:83)
	at org.openqa.selenium.remote.RemoteWebDriver.execute(RemoteWebDriver.java:600)
	at org.openqa.selenium.remote.RemoteWebElement.execute(RemoteWebElement.java:279)
	at org.openqa.selenium.remote.RemoteWebElement.getText(RemoteWebElement.java:160)
	at sun.reflect.GeneratedMethodAccessor5.invoke(Unknown Source)
	at sun.reflect.DelegatingMethodAccessorImpl.invoke(Unknown Source)
	at java.lang.reflect.Method.invoke(Unknown Source)
	at org.openqa.selenium.support.events.EventFiringWebDriver$EventFiringWebElement$1.invoke(EventFiringWebDriver.java:376)
	at com.sun.proxy.$Proxy17.getText(Unknown Source)
	at org.openqa.selenium.support.events.EventFiringWebDriver$EventFiringWebElement.getText(EventFiringWebDriver.java:426)
	at com.perficient.test.cat.catinspectweb.util.FunctionUtil.verifyKeywordExisting(FunctionUtil.java:1731)
	at com.perficient.test.cat.catinspectweb.testcase.UserAdmin.TC2931_CheckSortFunctionInTheUserAdminPage.verify_TC2931_CheckSortFunctionInTheUserAdminPage(TC2931_CheckSortFunctionInTheUserAdminPage.java:77)
	at sun.reflect.NativeMethodAccessorImpl.invoke0(Native Method)
	at sun.reflect.NativeMethodAccessorImpl.invoke(Unknown Source)
	at sun.reflect.DelegatingMethodAccessorImpl.invoke(Unknown Source)
	at java.lang.reflect.Method.invoke(Unknown Source)
	at org.testng.internal.MethodInvocationHelper.invokeMethod(MethodInvocationHelper.java:84)
	at org.testng.internal.Invoker.invokeMethod(Invoker.java:714)
	at org.testng.internal.Invoker.invokeTestMethod(Invoker.java:901)
	at org.testng.internal.Invoker.invokeTestMethods(Invoker.java:1231)
	at org.testng.internal.TestMethodWorker.invokeTestMethods(TestMethodWorker.java:127)
	at org.testng.internal.TestMethodWorker.run(TestMethodWorker.java:111)
	at org.testng.TestRunner.privateRun(TestRunner.java:767)
	at org.testng.TestRunner.run(TestRunner.java:617)
	at org.testng.SuiteRunner.runTest(SuiteRunner.java:348)
	at org.testng.SuiteRunner.runSequentially(SuiteRunner.java:343)
	at org.testng.SuiteRunner.privateRun(SuiteRunner.java:305)
	at org.testng.SuiteRunner.run(SuiteRunner.java:254)
	at org.testng.SuiteRunnerWorker.runSuite(SuiteRunnerWorker.java:52)
	at org.testng.SuiteRunnerWorker.run(SuiteRunnerWorker.java:86)
	at org.testng.TestNG.runSuitesSequentially(TestNG.java:1224)
	at org.testng.TestNG.runSuitesLocally(TestNG.java:1149)
	at org.testng.TestNG.run(TestNG.java:1057)
	at org.testng.remote.AbstractRemoteTestNG.run(AbstractRemoteTestNG.java:114)
	at org.testng.remote.RemoteTestNG.initAndRun(RemoteTestNG.java:251)
	at org.testng.remote.RemoteTestNG.main(RemoteTestNG.java:77)
[18/01/29 10:46:13][INFO][com.perficient.test.cat.catinspectweb.util.CustomAssertion-428] .\errorImages\20180129104612.png
[18/01/29 10:46:13][INFO][com.perficient.test.cat.catinspectweb.util.CustomAssertion-451] StackTrace 0 is: java.lang.Thread.getStackTrace(Unknown Source)
[18/01/29 10:46:13][INFO][com.perficient.test.cat.catinspectweb.util.CustomAssertion-452] LineNumber for 0 stack trace is: -1
[18/01/29 10:46:13][INFO][com.perficient.test.cat.catinspectweb.util.CustomAssertion-451] StackTrace 1 is: com.perficient.test.cat.catinspectweb.util.CustomAssertion.logStackTraceInfo(CustomAssertion.java:451)
[18/01/29 10:46:13][INFO][com.perficient.test.cat.catinspectweb.util.CustomAssertion-452] LineNumber for 1 stack trace is: 452
[18/01/29 10:46:13][INFO][com.perficient.test.cat.catinspectweb.util.CustomAssertion-451] StackTrace 2 is: com.perficient.test.cat.catinspectweb.util.CustomAssertion.printError(CustomAssertion.java:429)
[18/01/29 10:46:13][INFO][com.perficient.test.cat.catinspectweb.util.CustomAssertion-452] LineNumber for 2 stack trace is: 429
[18/01/29 10:46:13][INFO][com.perficient.test.cat.catinspectweb.util.CustomAssertion-451] StackTrace 3 is: com.perficient.test.cat.catinspectweb.util.TestCaseBase.afterMethod(TestCaseBase.java:210)
[18/01/29 10:46:13][INFO][com.perficient.test.cat.catinspectweb.util.CustomAssertion-452] LineNumber for 3 stack trace is: 210
[18/01/29 10:46:13][INFO][com.perficient.test.cat.catinspectweb.util.CustomAssertion-451] StackTrace 4 is: sun.reflect.NativeMethodAccessorImpl.invoke0(Native Method)
[18/01/29 10:46:13][INFO][com.perficient.test.cat.catinspectweb.util.CustomAssertion-452] LineNumber for 4 stack trace is: -2
[18/01/29 10:46:13][INFO][com.perficient.test.cat.catinspectweb.util.CustomAssertion-451] StackTrace 5 is: sun.reflect.NativeMethodAccessorImpl.invoke(Unknown Source)
[18/01/29 10:46:13][INFO][com.perficient.test.cat.catinspectweb.util.CustomAssertion-452] LineNumber for 5 stack trace is: -1
[18/01/29 10:46:13][INFO][com.perficient.test.cat.catinspectweb.util.CustomAssertion-451] StackTrace 6 is: sun.reflect.DelegatingMethodAccessorImpl.invoke(Unknown Source)
[18/01/29 10:46:13][INFO][com.perficient.test.cat.catinspectweb.util.CustomAssertion-452] LineNumber for 6 stack trace is: -1
[18/01/29 10:46:13][INFO][com.perficient.test.cat.catinspectweb.util.CustomAssertion-455] StackTrace for Assert is: com.perficient.test.cat.catinspectweb.util.TestCaseBase.afterMethod(TestCaseBase.java:210)
[18/01/29 10:46:13][INFO][com.perficient.test.cat.catinspectweb.util.CustomAssertion-456] Assert LineNumber is: 210
[18/01/29 10:48:08][INFO][com.perficient.test.cat.catinspectweb.util.TestCaseBase-65] 20180129104808
[18/01/29 10:48:08][INFO][com.perficient.test.cat.catinspectweb.util.TestCaseBase-67] Delete screen shots generated 2 days ago.
[18/01/29 10:48:13][INFO][com.perficient.test.cat.catinspectweb.util.LogWebDriverEventListener-20] WebDriver navigating to:'https://catinspectweb-dev.cat.com/'
[18/01/29 10:49:08][INFO][com.perficient.test.cat.catinspectweb.util.LogWebDriverEventListener-106] Clicked the element found By.xpath: //input[@id='submitButton']
[18/01/29 10:49:11][INFO][com.perficient.test.cat.catinspectweb.util.LogWebDriverEventListener-106] Clicked the element found By.xpath: //span[@class='admin']
[18/01/29 10:49:15][INFO][com.perficient.test.cat.catinspectweb.util.LogWebDriverEventListener-106] Clicked the element found By.xpath: //select
[18/01/29 10:49:17][INFO][com.perficient.test.cat.catinspectweb.util.LogWebDriverEventListener-106] Clicked the element found By.tagName: option
[18/01/29 10:49:19][INFO][com.perficient.test.cat.catinspectweb.util.LogWebDriverEventListener-106] Clicked the element found By.xpath: //select
[18/01/29 10:49:20][INFO][com.perficient.test.cat.catinspectweb.util.LogWebDriverEventListener-106] Clicked the element found By.xpath: //select
[18/01/29 10:49:22][INFO][com.perficient.test.cat.catinspectweb.util.LogWebDriverEventListener-106] Clicked the element found By.tagName: option
[18/01/29 10:49:23][INFO][com.perficient.test.cat.catinspectweb.util.LogWebDriverEventListener-106] Clicked the element found By.xpath: //select
[18/01/29 10:49:26][INFO][com.perficient.test.cat.catinspectweb.util.LogWebDriverEventListener-106] Clicked the element found By.tagName: option
[18/01/29 10:50:26][INFO][com.perficient.test.cat.catinspectweb.util.CustomAssertion-402] .\errorImages\20180129105026.png
[18/01/29 10:50:26][INFO][com.perficient.test.cat.catinspectweb.util.CustomAssertion-451] StackTrace 0 is: java.lang.Thread.getStackTrace(Unknown Source)
[18/01/29 10:50:26][INFO][com.perficient.test.cat.catinspectweb.util.CustomAssertion-452] LineNumber for 0 stack trace is: -1
[18/01/29 10:50:26][INFO][com.perficient.test.cat.catinspectweb.util.CustomAssertion-451] StackTrace 1 is: com.perficient.test.cat.catinspectweb.util.CustomAssertion.logStackTraceInfo(CustomAssertion.java:451)
[18/01/29 10:50:26][INFO][com.perficient.test.cat.catinspectweb.util.CustomAssertion-452] LineNumber for 1 stack trace is: 452
[18/01/29 10:50:26][INFO][com.perficient.test.cat.catinspectweb.util.CustomAssertion-451] StackTrace 2 is: com.perficient.test.cat.catinspectweb.util.CustomAssertion.printError(CustomAssertion.java:403)
[18/01/29 10:50:26][INFO][com.perficient.test.cat.catinspectweb.util.CustomAssertion-452] LineNumber for 2 stack trace is: 403
[18/01/29 10:50:26][INFO][com.perficient.test.cat.catinspectweb.util.CustomAssertion-451] StackTrace 3 is: com.perficient.test.cat.catinspectweb.util.CustomAssertion.assertTrue(CustomAssertion.java:313)
[18/01/29 10:50:26][INFO][com.perficient.test.cat.catinspectweb.util.CustomAssertion-452] LineNumber for 3 stack trace is: 313
[18/01/29 10:50:26][INFO][com.perficient.test.cat.catinspectweb.util.CustomAssertion-451] StackTrace 4 is: com.perficient.test.cat.catinspectweb.testcase.UserAdmin.TC2931_CheckSortFunctionInTheUserAdminPage.verify_TC2931_CheckSortFunctionInTheUserAdminPage(TC2931_CheckSortFunctionInTheUserAdminPage.java:77)
[18/01/29 10:50:26][INFO][com.perficient.test.cat.catinspectweb.util.CustomAssertion-452] LineNumber for 4 stack trace is: 77
[18/01/29 10:50:26][INFO][com.perficient.test.cat.catinspectweb.util.CustomAssertion-451] StackTrace 5 is: sun.reflect.NativeMethodAccessorImpl.invoke0(Native Method)
[18/01/29 10:50:26][INFO][com.perficient.test.cat.catinspectweb.util.CustomAssertion-452] LineNumber for 5 stack trace is: -2
[18/01/29 10:50:26][INFO][com.perficient.test.cat.catinspectweb.util.CustomAssertion-451] StackTrace 6 is: sun.reflect.NativeMethodAccessorImpl.invoke(Unknown Source)
[18/01/29 10:50:26][INFO][com.perficient.test.cat.catinspectweb.util.CustomAssertion-452] LineNumber for 6 stack trace is: -1
[18/01/29 10:50:26][INFO][com.perficient.test.cat.catinspectweb.util.CustomAssertion-455] StackTrace for Assert is: com.perficient.test.cat.catinspectweb.util.CustomAssertion.assertTrue(CustomAssertion.java:313)
[18/01/29 10:50:26][INFO][com.perficient.test.cat.catinspectweb.util.CustomAssertion-456] Assert LineNumber is: 313
[18/01/29 10:50:26][INFO][com.perficient.test.cat.catinspectweb.util.LogWebDriverEventListener-106] Clicked the element found By.xpath: //select
[18/01/29 10:50:28][INFO][com.perficient.test.cat.catinspectweb.util.LogWebDriverEventListener-106] Clicked the element found By.tagName: option
[18/01/29 10:51:51][INFO][com.perficient.test.cat.catinspectweb.util.TestCaseBase-65] 20180129105151
[18/01/29 10:51:51][INFO][com.perficient.test.cat.catinspectweb.util.TestCaseBase-67] Delete screen shots generated 2 days ago.
[18/01/29 10:51:57][INFO][com.perficient.test.cat.catinspectweb.util.LogWebDriverEventListener-20] WebDriver navigating to:'https://catinspectweb-dev.cat.com/'
[18/01/29 10:56:57][INFO][com.perficient.test.cat.catinspectweb.util.CustomAssertion-428] .\errorImages\20180129105657.png
[18/01/29 10:56:57][INFO][com.perficient.test.cat.catinspectweb.util.CustomAssertion-451] StackTrace 0 is: java.lang.Thread.getStackTrace(Unknown Source)
[18/01/29 10:56:57][INFO][com.perficient.test.cat.catinspectweb.util.CustomAssertion-452] LineNumber for 0 stack trace is: -1
[18/01/29 10:56:57][INFO][com.perficient.test.cat.catinspectweb.util.CustomAssertion-451] StackTrace 1 is: com.perficient.test.cat.catinspectweb.util.CustomAssertion.logStackTraceInfo(CustomAssertion.java:451)
[18/01/29 10:56:57][INFO][com.perficient.test.cat.catinspectweb.util.CustomAssertion-452] LineNumber for 1 stack trace is: 452
[18/01/29 10:56:57][INFO][com.perficient.test.cat.catinspectweb.util.CustomAssertion-451] StackTrace 2 is: com.perficient.test.cat.catinspectweb.util.CustomAssertion.printError(CustomAssertion.java:429)
[18/01/29 10:56:57][INFO][com.perficient.test.cat.catinspectweb.util.CustomAssertion-452] LineNumber for 2 stack trace is: 429
[18/01/29 10:56:57][INFO][com.perficient.test.cat.catinspectweb.util.CustomAssertion-451] StackTrace 3 is: com.perficient.test.cat.catinspectweb.util.TestCaseBase.afterMethod(TestCaseBase.java:210)
[18/01/29 10:56:57][INFO][com.perficient.test.cat.catinspectweb.util.CustomAssertion-452] LineNumber for 3 stack trace is: 210
[18/01/29 10:56:57][INFO][com.perficient.test.cat.catinspectweb.util.CustomAssertion-451] StackTrace 4 is: sun.reflect.NativeMethodAccessorImpl.invoke0(Native Method)
[18/01/29 10:56:57][INFO][com.perficient.test.cat.catinspectweb.util.CustomAssertion-452] LineNumber for 4 stack trace is: -2
[18/01/29 10:56:57][INFO][com.perficient.test.cat.catinspectweb.util.CustomAssertion-451] StackTrace 5 is: sun.reflect.NativeMethodAccessorImpl.invoke(Unknown Source)
[18/01/29 10:56:57][INFO][com.perficient.test.cat.catinspectweb.util.CustomAssertion-452] LineNumber for 5 stack trace is: -1
[18/01/29 10:56:57][INFO][com.perficient.test.cat.catinspectweb.util.CustomAssertion-451] StackTrace 6 is: sun.reflect.DelegatingMethodAccessorImpl.invoke(Unknown Source)
[18/01/29 10:56:57][INFO][com.perficient.test.cat.catinspectweb.util.CustomAssertion-452] LineNumber for 6 stack trace is: -1
[18/01/29 10:56:57][INFO][com.perficient.test.cat.catinspectweb.util.CustomAssertion-455] StackTrace for Assert is: com.perficient.test.cat.catinspectweb.util.TestCaseBase.afterMethod(TestCaseBase.java:210)
[18/01/29 10:56:57][INFO][com.perficient.test.cat.catinspectweb.util.CustomAssertion-456] Assert LineNumber is: 210
[18/01/29 10:57:11][INFO][com.perficient.test.cat.catinspectweb.util.TestCaseBase-65] 20180129105711
[18/01/29 10:57:11][INFO][com.perficient.test.cat.catinspectweb.util.TestCaseBase-67] Delete screen shots generated 2 days ago.
[18/01/29 10:57:16][INFO][com.perficient.test.cat.catinspectweb.util.LogWebDriverEventListener-20] WebDriver navigating to:'https://catinspectweb-dev.cat.com/'
[18/01/29 10:58:05][INFO][com.perficient.test.cat.catinspectweb.util.LogWebDriverEventListener-106] Clicked the element found By.xpath: //input[@id='submitButton']
[18/01/29 10:58:07][INFO][com.perficient.test.cat.catinspectweb.util.LogWebDriverEventListener-106] Clicked the element found By.xpath: //span[@class='admin']
[18/01/29 10:58:11][INFO][com.perficient.test.cat.catinspectweb.util.LogWebDriverEventListener-106] Clicked the element found By.xpath: //select
[18/01/29 10:58:14][INFO][com.perficient.test.cat.catinspectweb.util.LogWebDriverEventListener-106] Clicked the element found By.tagName: option
[18/01/29 10:58:16][INFO][com.perficient.test.cat.catinspectweb.util.LogWebDriverEventListener-106] Clicked the element found By.xpath: //select
[18/01/29 10:58:18][INFO][com.perficient.test.cat.catinspectweb.util.LogWebDriverEventListener-106] Clicked the element found By.tagName: option
[18/01/29 10:58:19][INFO][com.perficient.test.cat.catinspectweb.util.LogWebDriverEventListener-106] Clicked the element found By.xpath: //select
[18/01/29 10:58:22][INFO][com.perficient.test.cat.catinspectweb.util.LogWebDriverEventListener-106] Clicked the element found By.tagName: option
[18/01/29 10:58:50][INFO][com.perficient.test.cat.catinspectweb.util.CustomAssertion-402] .\errorImages\20180129105850.png
[18/01/29 10:58:50][INFO][com.perficient.test.cat.catinspectweb.util.CustomAssertion-451] StackTrace 0 is: java.lang.Thread.getStackTrace(Unknown Source)
[18/01/29 10:58:50][INFO][com.perficient.test.cat.catinspectweb.util.CustomAssertion-452] LineNumber for 0 stack trace is: -1
[18/01/29 10:58:50][INFO][com.perficient.test.cat.catinspectweb.util.CustomAssertion-451] StackTrace 1 is: com.perficient.test.cat.catinspectweb.util.CustomAssertion.logStackTraceInfo(CustomAssertion.java:451)
[18/01/29 10:58:50][INFO][com.perficient.test.cat.catinspectweb.util.CustomAssertion-452] LineNumber for 1 stack trace is: 452
[18/01/29 10:58:50][INFO][com.perficient.test.cat.catinspectweb.util.CustomAssertion-451] StackTrace 2 is: com.perficient.test.cat.catinspectweb.util.CustomAssertion.printError(CustomAssertion.java:403)
[18/01/29 10:58:50][INFO][com.perficient.test.cat.catinspectweb.util.CustomAssertion-452] LineNumber for 2 stack trace is: 403
[18/01/29 10:58:50][INFO][com.perficient.test.cat.catinspectweb.util.CustomAssertion-451] StackTrace 3 is: com.perficient.test.cat.catinspectweb.util.CustomAssertion.assertTrue(CustomAssertion.java:313)
[18/01/29 10:58:50][INFO][com.perficient.test.cat.catinspectweb.util.CustomAssertion-452] LineNumber for 3 stack trace is: 313
[18/01/29 10:58:50][INFO][com.perficient.test.cat.catinspectweb.util.CustomAssertion-451] StackTrace 4 is: com.perficient.test.cat.catinspectweb.testcase.UserAdmin.TC2931_CheckSortFunctionInTheUserAdminPage.verify_TC2931_CheckSortFunctionInTheUserAdminPage(TC2931_CheckSortFunctionInTheUserAdminPage.java:78)
[18/01/29 10:58:50][INFO][com.perficient.test.cat.catinspectweb.util.CustomAssertion-452] LineNumber for 4 stack trace is: 78
[18/01/29 10:58:50][INFO][com.perficient.test.cat.catinspectweb.util.CustomAssertion-451] StackTrace 5 is: sun.reflect.NativeMethodAccessorImpl.invoke0(Native Method)
[18/01/29 10:58:50][INFO][com.perficient.test.cat.catinspectweb.util.CustomAssertion-452] LineNumber for 5 stack trace is: -2
[18/01/29 10:58:50][INFO][com.perficient.test.cat.catinspectweb.util.CustomAssertion-451] StackTrace 6 is: sun.reflect.NativeMethodAccessorImpl.invoke(Unknown Source)
[18/01/29 10:58:50][INFO][com.perficient.test.cat.catinspectweb.util.CustomAssertion-452] LineNumber for 6 stack trace is: -1
[18/01/29 10:58:50][INFO][com.perficient.test.cat.catinspectweb.util.CustomAssertion-455] StackTrace for Assert is: com.perficient.test.cat.catinspectweb.util.CustomAssertion.assertTrue(CustomAssertion.java:313)
[18/01/29 10:58:50][INFO][com.perficient.test.cat.catinspectweb.util.CustomAssertion-456] Assert LineNumber is: 313
[18/01/29 10:58:51][INFO][com.perficient.test.cat.catinspectweb.util.LogWebDriverEventListener-106] Clicked the element found By.xpath: //select
[18/01/29 10:58:53][INFO][com.perficient.test.cat.catinspectweb.util.LogWebDriverEventListener-106] Clicked the element found By.tagName: option
[18/01/29 11:05:20][INFO][com.perficient.test.cat.catinspectweb.util.TestCaseBase-65] 20180129110520
[18/01/29 11:05:20][INFO][com.perficient.test.cat.catinspectweb.util.TestCaseBase-67] Delete screen shots generated 2 days ago.
[18/01/29 11:05:25][INFO][com.perficient.test.cat.catinspectweb.util.LogWebDriverEventListener-20] WebDriver navigating to:'https://catinspectweb-dev.cat.com/'
[18/01/29 11:06:21][INFO][com.perficient.test.cat.catinspectweb.util.LogWebDriverEventListener-106] Clicked the element found By.xpath: //input[@id='submitButton']
[18/01/29 11:06:24][INFO][com.perficient.test.cat.catinspectweb.util.LogWebDriverEventListener-106] Clicked the element found By.xpath: //span[@class='admin']
[18/01/29 11:06:28][INFO][com.perficient.test.cat.catinspectweb.util.LogWebDriverEventListener-106] Clicked the element found By.xpath: //select
[18/01/29 11:06:30][INFO][com.perficient.test.cat.catinspectweb.util.LogWebDriverEventListener-106] Clicked the element found By.tagName: option
[18/01/29 11:06:32][INFO][com.perficient.test.cat.catinspectweb.util.LogWebDriverEventListener-106] Clicked the element found By.xpath: //select
[18/01/29 11:06:34][INFO][com.perficient.test.cat.catinspectweb.util.LogWebDriverEventListener-106] Clicked the element found By.tagName: option
[18/01/29 11:06:36][INFO][com.perficient.test.cat.catinspectweb.util.LogWebDriverEventListener-106] Clicked the element found By.xpath: //select
[18/01/29 11:06:38][INFO][com.perficient.test.cat.catinspectweb.util.LogWebDriverEventListener-106] Clicked the element found By.tagName: option
[18/01/29 11:07:17][INFO][com.perficient.test.cat.catinspectweb.util.CustomAssertion-402] .\errorImages\20180129110717.png
[18/01/29 11:07:17][INFO][com.perficient.test.cat.catinspectweb.util.CustomAssertion-451] StackTrace 0 is: java.lang.Thread.getStackTrace(Unknown Source)
[18/01/29 11:07:17][INFO][com.perficient.test.cat.catinspectweb.util.CustomAssertion-452] LineNumber for 0 stack trace is: -1
[18/01/29 11:07:17][INFO][com.perficient.test.cat.catinspectweb.util.CustomAssertion-451] StackTrace 1 is: com.perficient.test.cat.catinspectweb.util.CustomAssertion.logStackTraceInfo(CustomAssertion.java:451)
[18/01/29 11:07:17][INFO][com.perficient.test.cat.catinspectweb.util.CustomAssertion-452] LineNumber for 1 stack trace is: 452
[18/01/29 11:07:17][INFO][com.perficient.test.cat.catinspectweb.util.CustomAssertion-451] StackTrace 2 is: com.perficient.test.cat.catinspectweb.util.CustomAssertion.printError(CustomAssertion.java:403)
[18/01/29 11:07:17][INFO][com.perficient.test.cat.catinspectweb.util.CustomAssertion-452] LineNumber for 2 stack trace is: 403
[18/01/29 11:07:17][INFO][com.perficient.test.cat.catinspectweb.util.CustomAssertion-451] StackTrace 3 is: com.perficient.test.cat.catinspectweb.util.CustomAssertion.assertTrue(CustomAssertion.java:313)
[18/01/29 11:07:17][INFO][com.perficient.test.cat.catinspectweb.util.CustomAssertion-452] LineNumber for 3 stack trace is: 313
[18/01/29 11:07:17][INFO][com.perficient.test.cat.catinspectweb.util.CustomAssertion-451] StackTrace 4 is: com.perficient.test.cat.catinspectweb.testcase.UserAdmin.TC2931_CheckSortFunctionInTheUserAdminPage.verify_TC2931_CheckSortFunctionInTheUserAdminPage(TC2931_CheckSortFunctionInTheUserAdminPage.java:78)
[18/01/29 11:07:17][INFO][com.perficient.test.cat.catinspectweb.util.CustomAssertion-452] LineNumber for 4 stack trace is: 78
[18/01/29 11:07:17][INFO][com.perficient.test.cat.catinspectweb.util.CustomAssertion-451] StackTrace 5 is: sun.reflect.NativeMethodAccessorImpl.invoke0(Native Method)
[18/01/29 11:07:17][INFO][com.perficient.test.cat.catinspectweb.util.CustomAssertion-452] LineNumber for 5 stack trace is: -2
[18/01/29 11:07:17][INFO][com.perficient.test.cat.catinspectweb.util.CustomAssertion-451] StackTrace 6 is: sun.reflect.NativeMethodAccessorImpl.invoke(Unknown Source)
[18/01/29 11:07:17][INFO][com.perficient.test.cat.catinspectweb.util.CustomAssertion-452] LineNumber for 6 stack trace is: -1
[18/01/29 11:07:17][INFO][com.perficient.test.cat.catinspectweb.util.CustomAssertion-455] StackTrace for Assert is: com.perficient.test.cat.catinspectweb.util.CustomAssertion.assertTrue(CustomAssertion.java:313)
[18/01/29 11:07:17][INFO][com.perficient.test.cat.catinspectweb.util.CustomAssertion-456] Assert LineNumber is: 313
[18/01/29 11:07:17][INFO][com.perficient.test.cat.catinspectweb.util.LogWebDriverEventListener-106] Clicked the element found By.xpath: //select
[18/01/29 11:07:19][INFO][com.perficient.test.cat.catinspectweb.util.LogWebDriverEventListener-106] Clicked the element found By.tagName: option
[18/01/29 11:09:52][INFO][com.perficient.test.cat.catinspectweb.util.TestCaseBase-65] 20180129110952
[18/01/29 11:09:52][INFO][com.perficient.test.cat.catinspectweb.util.TestCaseBase-67] Delete screen shots generated 2 days ago.
[18/01/29 11:10:12][ERROR][com.perficient.test.cat.catinspectweb.util.TestCaseBase-200] Driver have quited by other thread or by hand.
[18/01/29 11:10:23][INFO][com.perficient.test.cat.catinspectweb.util.TestCaseBase-65] 20180129111023
[18/01/29 11:10:23][INFO][com.perficient.test.cat.catinspectweb.util.TestCaseBase-67] Delete screen shots generated 2 days ago.
[18/01/29 11:10:29][INFO][com.perficient.test.cat.catinspectweb.util.LogWebDriverEventListener-20] WebDriver navigating to:'https://catinspectweb-dev.cat.com/'
[18/01/29 11:11:51][INFO][com.perficient.test.cat.catinspectweb.util.LogWebDriverEventListener-106] Clicked the element found By.xpath: //input[@id='submitButton']
[18/01/29 11:11:54][INFO][com.perficient.test.cat.catinspectweb.util.LogWebDriverEventListener-106] Clicked the element found By.xpath: //span[@class='admin']
[18/01/29 11:11:58][INFO][com.perficient.test.cat.catinspectweb.util.LogWebDriverEventListener-106] Clicked the element found By.xpath: //select
[18/01/29 11:12:00][INFO][com.perficient.test.cat.catinspectweb.util.LogWebDriverEventListener-106] Clicked the element found By.tagName: option
[18/01/29 11:12:02][INFO][com.perficient.test.cat.catinspectweb.util.LogWebDriverEventListener-106] Clicked the element found By.xpath: //select
[18/01/29 11:12:04][INFO][com.perficient.test.cat.catinspectweb.util.LogWebDriverEventListener-106] Clicked the element found By.tagName: option
[18/01/29 11:12:06][INFO][com.perficient.test.cat.catinspectweb.util.LogWebDriverEventListener-106] Clicked the element found By.xpath: //select
[18/01/29 11:12:08][INFO][com.perficient.test.cat.catinspectweb.util.LogWebDriverEventListener-106] Clicked the element found By.tagName: option
[18/01/29 11:12:41][ERROR][com.perficient.test.cat.catinspectweb.util.LogWebDriverEventListener-77] WebDriver error:
org.openqa.selenium.StaleElementReferenceException: stale element reference: element is not attached to the page document
  (Session info: chrome=62.0.3202.89)
  (Driver info: chromedriver=2.33.506120 (e3e53437346286c0bc2d2dc9aa4915ba81d9023f),platform=Windows NT 6.1.7601 SP1 x86_64) (WARNING: The server did not provide any stacktrace information)
Command duration or timeout: 0 milliseconds
For documentation on this error, please visit: http://seleniumhq.org/exceptions/stale_element_reference.html
Build info: version: '3.7.1', revision: '8a0099a', time: '2017-11-06T21:01:39.354Z'
System info: host: 'H2600-0463L', ip: '10.2.7.23', os.name: 'Windows 7', os.arch: 'amd64', os.version: '6.1', java.version: '1.8.0_151'
Driver info: org.openqa.selenium.chrome.ChromeDriver
Capabilities {acceptSslCerts: true, applicationCacheEnabled: false, browserConnectionEnabled: false, browserName: chrome, chrome: {chromedriverVersion: 2.33.506120 (e3e53437346286..., userDataDir: C:\Users\herby.he\AppData\L...}, cssSelectorsEnabled: true, databaseEnabled: false, handlesAlerts: true, hasTouchScreen: false, javascriptEnabled: true, locationContextEnabled: true, mobileEmulationEnabled: false, nativeEvents: true, networkConnectionEnabled: false, pageLoadStrategy: normal, platform: XP, platformName: XP, rotatable: false, setWindowRect: true, takesHeapSnapshot: true, takesScreenshot: true, unexpectedAlertBehaviour: , unhandledPromptBehavior: , version: 62.0.3202.89, webStorageEnabled: true}
Session ID: 39dbee1bb5bc58869bd131fc2e3a2546
	at sun.reflect.NativeConstructorAccessorImpl.newInstance0(Native Method)
	at sun.reflect.NativeConstructorAccessorImpl.newInstance(Unknown Source)
	at sun.reflect.DelegatingConstructorAccessorImpl.newInstance(Unknown Source)
	at java.lang.reflect.Constructor.newInstance(Unknown Source)
	at org.openqa.selenium.remote.ErrorHandler.createThrowable(ErrorHandler.java:214)
	at org.openqa.selenium.remote.ErrorHandler.throwIfResponseFailed(ErrorHandler.java:166)
	at org.openqa.selenium.remote.http.JsonHttpResponseCodec.reconstructValue(JsonHttpResponseCodec.java:40)
	at org.openqa.selenium.remote.http.AbstractHttpResponseCodec.decode(AbstractHttpResponseCodec.java:80)
	at org.openqa.selenium.remote.http.AbstractHttpResponseCodec.decode(AbstractHttpResponseCodec.java:44)
	at org.openqa.selenium.remote.HttpCommandExecutor.execute(HttpCommandExecutor.java:164)
	at org.openqa.selenium.remote.service.DriverCommandExecutor.execute(DriverCommandExecutor.java:83)
	at org.openqa.selenium.remote.RemoteWebDriver.execute(RemoteWebDriver.java:600)
	at org.openqa.selenium.remote.RemoteWebElement.execute(RemoteWebElement.java:279)
	at org.openqa.selenium.remote.RemoteWebElement.getText(RemoteWebElement.java:160)
	at sun.reflect.GeneratedMethodAccessor5.invoke(Unknown Source)
	at sun.reflect.DelegatingMethodAccessorImpl.invoke(Unknown Source)
	at java.lang.reflect.Method.invoke(Unknown Source)
	at org.openqa.selenium.support.events.EventFiringWebDriver$EventFiringWebElement$1.invoke(EventFiringWebDriver.java:376)
	at com.sun.proxy.$Proxy17.getText(Unknown Source)
	at org.openqa.selenium.support.events.EventFiringWebDriver$EventFiringWebElement.getText(EventFiringWebDriver.java:426)
	at com.perficient.test.cat.catinspectweb.util.FunctionUtil.verifyKeywordExisting(FunctionUtil.java:1731)
	at com.perficient.test.cat.catinspectweb.testcase.UserAdmin.TC2931_CheckSortFunctionInTheUserAdminPage.verify_TC2931_CheckSortFunctionInTheUserAdminPage(TC2931_CheckSortFunctionInTheUserAdminPage.java:78)
	at sun.reflect.NativeMethodAccessorImpl.invoke0(Native Method)
	at sun.reflect.NativeMethodAccessorImpl.invoke(Unknown Source)
	at sun.reflect.DelegatingMethodAccessorImpl.invoke(Unknown Source)
	at java.lang.reflect.Method.invoke(Unknown Source)
	at org.testng.internal.MethodInvocationHelper.invokeMethod(MethodInvocationHelper.java:84)
	at org.testng.internal.Invoker.invokeMethod(Invoker.java:714)
	at org.testng.internal.Invoker.invokeTestMethod(Invoker.java:901)
	at org.testng.internal.Invoker.invokeTestMethods(Invoker.java:1231)
	at org.testng.internal.TestMethodWorker.invokeTestMethods(TestMethodWorker.java:127)
	at org.testng.internal.TestMethodWorker.run(TestMethodWorker.java:111)
	at org.testng.TestRunner.privateRun(TestRunner.java:767)
	at org.testng.TestRunner.run(TestRunner.java:617)
	at org.testng.SuiteRunner.runTest(SuiteRunner.java:348)
	at org.testng.SuiteRunner.runSequentially(SuiteRunner.java:343)
	at org.testng.SuiteRunner.privateRun(SuiteRunner.java:305)
	at org.testng.SuiteRunner.run(SuiteRunner.java:254)
	at org.testng.SuiteRunnerWorker.runSuite(SuiteRunnerWorker.java:52)
	at org.testng.SuiteRunnerWorker.run(SuiteRunnerWorker.java:86)
	at org.testng.TestNG.runSuitesSequentially(TestNG.java:1224)
	at org.testng.TestNG.runSuitesLocally(TestNG.java:1149)
	at org.testng.TestNG.run(TestNG.java:1057)
	at org.testng.remote.AbstractRemoteTestNG.run(AbstractRemoteTestNG.java:114)
	at org.testng.remote.RemoteTestNG.initAndRun(RemoteTestNG.java:251)
	at org.testng.remote.RemoteTestNG.main(RemoteTestNG.java:77)
[18/01/29 11:12:41][INFO][com.perficient.test.cat.catinspectweb.util.CustomAssertion-428] .\errorImages\20180129111241.png
[18/01/29 11:12:41][INFO][com.perficient.test.cat.catinspectweb.util.CustomAssertion-451] StackTrace 0 is: java.lang.Thread.getStackTrace(Unknown Source)
[18/01/29 11:12:41][INFO][com.perficient.test.cat.catinspectweb.util.CustomAssertion-452] LineNumber for 0 stack trace is: -1
[18/01/29 11:12:41][INFO][com.perficient.test.cat.catinspectweb.util.CustomAssertion-451] StackTrace 1 is: com.perficient.test.cat.catinspectweb.util.CustomAssertion.logStackTraceInfo(CustomAssertion.java:451)
[18/01/29 11:12:41][INFO][com.perficient.test.cat.catinspectweb.util.CustomAssertion-452] LineNumber for 1 stack trace is: 452
[18/01/29 11:12:41][INFO][com.perficient.test.cat.catinspectweb.util.CustomAssertion-451] StackTrace 2 is: com.perficient.test.cat.catinspectweb.util.CustomAssertion.printError(CustomAssertion.java:429)
[18/01/29 11:12:41][INFO][com.perficient.test.cat.catinspectweb.util.CustomAssertion-452] LineNumber for 2 stack trace is: 429
[18/01/29 11:12:41][INFO][com.perficient.test.cat.catinspectweb.util.CustomAssertion-451] StackTrace 3 is: com.perficient.test.cat.catinspectweb.util.TestCaseBase.afterMethod(TestCaseBase.java:210)
[18/01/29 11:12:41][INFO][com.perficient.test.cat.catinspectweb.util.CustomAssertion-452] LineNumber for 3 stack trace is: 210
[18/01/29 11:12:41][INFO][com.perficient.test.cat.catinspectweb.util.CustomAssertion-451] StackTrace 4 is: sun.reflect.NativeMethodAccessorImpl.invoke0(Native Method)
[18/01/29 11:12:41][INFO][com.perficient.test.cat.catinspectweb.util.CustomAssertion-452] LineNumber for 4 stack trace is: -2
[18/01/29 11:12:41][INFO][com.perficient.test.cat.catinspectweb.util.CustomAssertion-451] StackTrace 5 is: sun.reflect.NativeMethodAccessorImpl.invoke(Unknown Source)
[18/01/29 11:12:41][INFO][com.perficient.test.cat.catinspectweb.util.CustomAssertion-452] LineNumber for 5 stack trace is: -1
[18/01/29 11:12:41][INFO][com.perficient.test.cat.catinspectweb.util.CustomAssertion-451] StackTrace 6 is: sun.reflect.DelegatingMethodAccessorImpl.invoke(Unknown Source)
[18/01/29 11:12:41][INFO][com.perficient.test.cat.catinspectweb.util.CustomAssertion-452] LineNumber for 6 stack trace is: -1
[18/01/29 11:12:41][INFO][com.perficient.test.cat.catinspectweb.util.CustomAssertion-455] StackTrace for Assert is: com.perficient.test.cat.catinspectweb.util.TestCaseBase.afterMethod(TestCaseBase.java:210)
[18/01/29 11:12:41][INFO][com.perficient.test.cat.catinspectweb.util.CustomAssertion-456] Assert LineNumber is: 210
[18/01/29 11:13:31][INFO][com.perficient.test.cat.catinspectweb.util.TestCaseBase-65] 20180129111331
[18/01/29 11:13:31][INFO][com.perficient.test.cat.catinspectweb.util.TestCaseBase-67] Delete screen shots generated 2 days ago.
[18/01/29 11:13:39][INFO][com.perficient.test.cat.catinspectweb.util.LogWebDriverEventListener-20] WebDriver navigating to:'https://catinspectweb-dev.cat.com/'
[18/01/29 11:14:27][INFO][com.perficient.test.cat.catinspectweb.util.LogWebDriverEventListener-106] Clicked the element found By.xpath: //input[@id='submitButton']
[18/01/29 11:14:30][INFO][com.perficient.test.cat.catinspectweb.util.LogWebDriverEventListener-106] Clicked the element found By.xpath: //span[@class='admin']
[18/01/29 11:14:34][INFO][com.perficient.test.cat.catinspectweb.util.LogWebDriverEventListener-106] Clicked the element found By.xpath: //select
[18/01/29 11:14:37][INFO][com.perficient.test.cat.catinspectweb.util.LogWebDriverEventListener-106] Clicked the element found By.tagName: option
[18/01/29 11:18:01][INFO][com.perficient.test.cat.catinspectweb.util.TestCaseBase-65] 20180129111801
[18/01/29 11:18:01][INFO][com.perficient.test.cat.catinspectweb.util.TestCaseBase-67] Delete screen shots generated 2 days ago.
[18/01/29 11:18:06][INFO][com.perficient.test.cat.catinspectweb.util.LogWebDriverEventListener-20] WebDriver navigating to:'https://catinspectweb-dev.cat.com/'
[18/01/29 11:21:46][INFO][com.perficient.test.cat.catinspectweb.util.LogWebDriverEventListener-106] Clicked the element found By.xpath: //input[@id='submitButton']
[18/01/29 11:21:48][INFO][com.perficient.test.cat.catinspectweb.util.LogWebDriverEventListener-106] Clicked the element found By.xpath: //span[@class='admin']
[18/01/29 11:21:53][INFO][com.perficient.test.cat.catinspectweb.util.LogWebDriverEventListener-106] Clicked the element found By.xpath: //select
[18/01/29 11:21:55][INFO][com.perficient.test.cat.catinspectweb.util.LogWebDriverEventListener-106] Clicked the element found By.tagName: option
[18/01/29 11:21:57][INFO][com.perficient.test.cat.catinspectweb.util.LogWebDriverEventListener-106] Clicked the element found By.xpath: //select
[18/01/29 11:21:59][INFO][com.perficient.test.cat.catinspectweb.util.LogWebDriverEventListener-106] Clicked the element found By.tagName: option
[18/01/29 13:22:37][INFO][com.perficient.test.cat.catinspectweb.util.TestCaseBase-65] 20180129132237
[18/01/29 13:22:37][INFO][com.perficient.test.cat.catinspectweb.util.TestCaseBase-67] Delete screen shots generated 2 days ago.
[18/01/29 13:22:45][INFO][com.perficient.test.cat.catinspectweb.util.LogWebDriverEventListener-20] WebDriver navigating to:'https://catinspectweb-dev.cat.com/'
[18/01/29 13:23:40][INFO][com.perficient.test.cat.catinspectweb.util.LogWebDriverEventListener-106] Clicked the element found By.xpath: //input[@id='submitButton']
[18/01/29 13:23:43][INFO][com.perficient.test.cat.catinspectweb.util.LogWebDriverEventListener-75] Element is still not found By.xpath: //input[@id='submitButton']
[18/01/29 13:23:47][INFO][com.perficient.test.cat.catinspectweb.util.LogWebDriverEventListener-106] Clicked the element found By.xpath: //span[@class='admin']
[18/01/29 13:23:51][INFO][com.perficient.test.cat.catinspectweb.util.LogWebDriverEventListener-106] Clicked the element found By.xpath: //select
[18/01/29 13:23:53][INFO][com.perficient.test.cat.catinspectweb.util.LogWebDriverEventListener-106] Clicked the element found By.tagName: option
[18/01/29 13:23:55][INFO][com.perficient.test.cat.catinspectweb.util.LogWebDriverEventListener-106] Clicked the element found By.xpath: //select
[18/01/29 13:23:58][INFO][com.perficient.test.cat.catinspectweb.util.LogWebDriverEventListener-106] Clicked the element found By.tagName: option
[18/01/29 13:23:59][INFO][com.perficient.test.cat.catinspectweb.util.LogWebDriverEventListener-106] Clicked the element found By.xpath: //select
[18/01/29 13:24:02][INFO][com.perficient.test.cat.catinspectweb.util.LogWebDriverEventListener-106] Clicked the element found By.tagName: option
[18/01/29 13:24:14][ERROR][com.perficient.test.cat.catinspectweb.util.LogWebDriverEventListener-77] WebDriver error:
org.openqa.selenium.StaleElementReferenceException: stale element reference: element is not attached to the page document
  (Session info: chrome=62.0.3202.89)
  (Driver info: chromedriver=2.33.506120 (e3e53437346286c0bc2d2dc9aa4915ba81d9023f),platform=Windows NT 6.1.7601 SP1 x86_64) (WARNING: The server did not provide any stacktrace information)
Command duration or timeout: 0 milliseconds
For documentation on this error, please visit: http://seleniumhq.org/exceptions/stale_element_reference.html
Build info: version: '3.7.1', revision: '8a0099a', time: '2017-11-06T21:01:39.354Z'
System info: host: 'H2600-0463L', ip: '10.2.7.23', os.name: 'Windows 7', os.arch: 'amd64', os.version: '6.1', java.version: '1.8.0_151'
Driver info: org.openqa.selenium.chrome.ChromeDriver
Capabilities {acceptSslCerts: true, applicationCacheEnabled: false, browserConnectionEnabled: false, browserName: chrome, chrome: {chromedriverVersion: 2.33.506120 (e3e53437346286..., userDataDir: C:\Users\herby.he\AppData\L...}, cssSelectorsEnabled: true, databaseEnabled: false, handlesAlerts: true, hasTouchScreen: false, javascriptEnabled: true, locationContextEnabled: true, mobileEmulationEnabled: false, nativeEvents: true, networkConnectionEnabled: false, pageLoadStrategy: normal, platform: XP, platformName: XP, rotatable: false, setWindowRect: true, takesHeapSnapshot: true, takesScreenshot: true, unexpectedAlertBehaviour: , unhandledPromptBehavior: , version: 62.0.3202.89, webStorageEnabled: true}
Session ID: db3a8084b9c62509dfcc2f2eb53f260f
	at sun.reflect.NativeConstructorAccessorImpl.newInstance0(Native Method)
	at sun.reflect.NativeConstructorAccessorImpl.newInstance(Unknown Source)
	at sun.reflect.DelegatingConstructorAccessorImpl.newInstance(Unknown Source)
	at java.lang.reflect.Constructor.newInstance(Unknown Source)
	at org.openqa.selenium.remote.ErrorHandler.createThrowable(ErrorHandler.java:214)
	at org.openqa.selenium.remote.ErrorHandler.throwIfResponseFailed(ErrorHandler.java:166)
	at org.openqa.selenium.remote.http.JsonHttpResponseCodec.reconstructValue(JsonHttpResponseCodec.java:40)
	at org.openqa.selenium.remote.http.AbstractHttpResponseCodec.decode(AbstractHttpResponseCodec.java:80)
	at org.openqa.selenium.remote.http.AbstractHttpResponseCodec.decode(AbstractHttpResponseCodec.java:44)
	at org.openqa.selenium.remote.HttpCommandExecutor.execute(HttpCommandExecutor.java:164)
	at org.openqa.selenium.remote.service.DriverCommandExecutor.execute(DriverCommandExecutor.java:83)
	at org.openqa.selenium.remote.RemoteWebDriver.execute(RemoteWebDriver.java:600)
	at org.openqa.selenium.remote.RemoteWebElement.execute(RemoteWebElement.java:279)
	at org.openqa.selenium.remote.RemoteWebElement.getText(RemoteWebElement.java:160)
	at sun.reflect.GeneratedMethodAccessor5.invoke(Unknown Source)
	at sun.reflect.DelegatingMethodAccessorImpl.invoke(Unknown Source)
	at java.lang.reflect.Method.invoke(Unknown Source)
	at org.openqa.selenium.support.events.EventFiringWebDriver$EventFiringWebElement$1.invoke(EventFiringWebDriver.java:376)
	at com.sun.proxy.$Proxy17.getText(Unknown Source)
	at org.openqa.selenium.support.events.EventFiringWebDriver$EventFiringWebElement.getText(EventFiringWebDriver.java:426)
	at com.perficient.test.cat.catinspectweb.util.FunctionUtil.verifyKeywordExisting(FunctionUtil.java:1731)
	at com.perficient.test.cat.catinspectweb.testcase.UserAdmin.TC2931_CheckSortFunctionInTheUserAdminPage.verify_TC2931_CheckSortFunctionInTheUserAdminPage(TC2931_CheckSortFunctionInTheUserAdminPage.java:76)
	at sun.reflect.NativeMethodAccessorImpl.invoke0(Native Method)
	at sun.reflect.NativeMethodAccessorImpl.invoke(Unknown Source)
	at sun.reflect.DelegatingMethodAccessorImpl.invoke(Unknown Source)
	at java.lang.reflect.Method.invoke(Unknown Source)
	at org.testng.internal.MethodInvocationHelper.invokeMethod(MethodInvocationHelper.java:84)
	at org.testng.internal.Invoker.invokeMethod(Invoker.java:714)
	at org.testng.internal.Invoker.invokeTestMethod(Invoker.java:901)
	at org.testng.internal.Invoker.invokeTestMethods(Invoker.java:1231)
	at org.testng.internal.TestMethodWorker.invokeTestMethods(TestMethodWorker.java:127)
	at org.testng.internal.TestMethodWorker.run(TestMethodWorker.java:111)
	at org.testng.TestRunner.privateRun(TestRunner.java:767)
	at org.testng.TestRunner.run(TestRunner.java:617)
	at org.testng.SuiteRunner.runTest(SuiteRunner.java:348)
	at org.testng.SuiteRunner.runSequentially(SuiteRunner.java:343)
	at org.testng.SuiteRunner.privateRun(SuiteRunner.java:305)
	at org.testng.SuiteRunner.run(SuiteRunner.java:254)
	at org.testng.SuiteRunnerWorker.runSuite(SuiteRunnerWorker.java:52)
	at org.testng.SuiteRunnerWorker.run(SuiteRunnerWorker.java:86)
	at org.testng.TestNG.runSuitesSequentially(TestNG.java:1224)
	at org.testng.TestNG.runSuitesLocally(TestNG.java:1149)
	at org.testng.TestNG.run(TestNG.java:1057)
	at org.testng.remote.AbstractRemoteTestNG.run(AbstractRemoteTestNG.java:114)
	at org.testng.remote.RemoteTestNG.initAndRun(RemoteTestNG.java:251)
	at org.testng.remote.RemoteTestNG.main(RemoteTestNG.java:77)
[18/01/29 13:24:14][INFO][com.perficient.test.cat.catinspectweb.util.CustomAssertion-428] .\errorImages\20180129132414.png
[18/01/29 13:24:14][INFO][com.perficient.test.cat.catinspectweb.util.CustomAssertion-451] StackTrace 0 is: java.lang.Thread.getStackTrace(Unknown Source)
[18/01/29 13:24:14][INFO][com.perficient.test.cat.catinspectweb.util.CustomAssertion-452] LineNumber for 0 stack trace is: -1
[18/01/29 13:24:14][INFO][com.perficient.test.cat.catinspectweb.util.CustomAssertion-451] StackTrace 1 is: com.perficient.test.cat.catinspectweb.util.CustomAssertion.logStackTraceInfo(CustomAssertion.java:451)
[18/01/29 13:24:14][INFO][com.perficient.test.cat.catinspectweb.util.CustomAssertion-452] LineNumber for 1 stack trace is: 452
[18/01/29 13:24:14][INFO][com.perficient.test.cat.catinspectweb.util.CustomAssertion-451] StackTrace 2 is: com.perficient.test.cat.catinspectweb.util.CustomAssertion.printError(CustomAssertion.java:429)
[18/01/29 13:24:14][INFO][com.perficient.test.cat.catinspectweb.util.CustomAssertion-452] LineNumber for 2 stack trace is: 429
[18/01/29 13:24:14][INFO][com.perficient.test.cat.catinspectweb.util.CustomAssertion-451] StackTrace 3 is: com.perficient.test.cat.catinspectweb.util.TestCaseBase.afterMethod(TestCaseBase.java:210)
[18/01/29 13:24:14][INFO][com.perficient.test.cat.catinspectweb.util.CustomAssertion-452] LineNumber for 3 stack trace is: 210
[18/01/29 13:24:14][INFO][com.perficient.test.cat.catinspectweb.util.CustomAssertion-451] StackTrace 4 is: sun.reflect.NativeMethodAccessorImpl.invoke0(Native Method)
[18/01/29 13:24:14][INFO][com.perficient.test.cat.catinspectweb.util.CustomAssertion-452] LineNumber for 4 stack trace is: -2
[18/01/29 13:24:14][INFO][com.perficient.test.cat.catinspectweb.util.CustomAssertion-451] StackTrace 5 is: sun.reflect.NativeMethodAccessorImpl.invoke(Unknown Source)
[18/01/29 13:24:14][INFO][com.perficient.test.cat.catinspectweb.util.CustomAssertion-452] LineNumber for 5 stack trace is: -1
[18/01/29 13:24:14][INFO][com.perficient.test.cat.catinspectweb.util.CustomAssertion-451] StackTrace 6 is: sun.reflect.DelegatingMethodAccessorImpl.invoke(Unknown Source)
[18/01/29 13:24:14][INFO][com.perficient.test.cat.catinspectweb.util.CustomAssertion-452] LineNumber for 6 stack trace is: -1
[18/01/29 13:24:14][INFO][com.perficient.test.cat.catinspectweb.util.CustomAssertion-455] StackTrace for Assert is: com.perficient.test.cat.catinspectweb.util.TestCaseBase.afterMethod(TestCaseBase.java:210)
[18/01/29 13:24:14][INFO][com.perficient.test.cat.catinspectweb.util.CustomAssertion-456] Assert LineNumber is: 210
[18/01/29 13:24:32][INFO][com.perficient.test.cat.catinspectweb.util.TestCaseBase-65] 20180129132432
[18/01/29 13:24:32][INFO][com.perficient.test.cat.catinspectweb.util.TestCaseBase-67] Delete screen shots generated 2 days ago.
[18/01/29 13:24:38][INFO][com.perficient.test.cat.catinspectweb.util.LogWebDriverEventListener-20] WebDriver navigating to:'https://catinspectweb-dev.cat.com/'
[18/01/29 13:26:10][INFO][com.perficient.test.cat.catinspectweb.util.LogWebDriverEventListener-106] Clicked the element found By.xpath: //input[@id='submitButton']
[18/01/29 13:26:12][INFO][com.perficient.test.cat.catinspectweb.util.LogWebDriverEventListener-106] Clicked the element found By.xpath: //span[@class='admin']
[18/01/29 13:26:17][INFO][com.perficient.test.cat.catinspectweb.util.LogWebDriverEventListener-106] Clicked the element found By.xpath: //select
[18/01/29 13:26:19][INFO][com.perficient.test.cat.catinspectweb.util.LogWebDriverEventListener-106] Clicked the element found By.tagName: option
[18/01/29 13:26:21][INFO][com.perficient.test.cat.catinspectweb.util.LogWebDriverEventListener-106] Clicked the element found By.xpath: //select
[18/01/29 13:26:23][INFO][com.perficient.test.cat.catinspectweb.util.LogWebDriverEventListener-106] Clicked the element found By.tagName: option
[18/01/29 13:26:25][INFO][com.perficient.test.cat.catinspectweb.util.LogWebDriverEventListener-106] Clicked the element found By.xpath: //select
[18/01/29 13:26:27][INFO][com.perficient.test.cat.catinspectweb.util.LogWebDriverEventListener-106] Clicked the element found By.tagName: option
[18/01/29 13:29:50][INFO][com.perficient.test.cat.catinspectweb.util.TestCaseBase-65] 20180129132950
[18/01/29 13:29:50][INFO][com.perficient.test.cat.catinspectweb.util.TestCaseBase-67] Delete screen shots generated 2 days ago.
[18/01/29 13:29:55][INFO][com.perficient.test.cat.catinspectweb.util.LogWebDriverEventListener-20] WebDriver navigating to:'https://catinspectweb-dev.cat.com/'
[18/01/29 13:31:28][INFO][com.perficient.test.cat.catinspectweb.util.LogWebDriverEventListener-106] Clicked the element found By.xpath: //input[@id='submitButton']
[18/01/29 13:31:31][INFO][com.perficient.test.cat.catinspectweb.util.LogWebDriverEventListener-106] Clicked the element found By.xpath: //span[@class='admin']
[18/01/29 13:31:35][INFO][com.perficient.test.cat.catinspectweb.util.LogWebDriverEventListener-106] Clicked the element found By.xpath: //select
[18/01/29 13:31:37][INFO][com.perficient.test.cat.catinspectweb.util.LogWebDriverEventListener-106] Clicked the element found By.tagName: option
[18/01/29 13:31:39][INFO][com.perficient.test.cat.catinspectweb.util.LogWebDriverEventListener-106] Clicked the element found By.xpath: //select
[18/01/29 13:31:41][INFO][com.perficient.test.cat.catinspectweb.util.LogWebDriverEventListener-106] Clicked the element found By.tagName: option
[18/01/29 13:31:43][INFO][com.perficient.test.cat.catinspectweb.util.LogWebDriverEventListener-106] Clicked the element found By.xpath: //select
[18/01/29 13:31:46][INFO][com.perficient.test.cat.catinspectweb.util.LogWebDriverEventListener-106] Clicked the element found By.tagName: option
[18/01/29 13:33:31][ERROR][com.perficient.test.cat.catinspectweb.util.TestCaseBase-200] Driver have quited by other thread or by hand.
[18/01/29 13:36:06][INFO][com.perficient.test.cat.catinspectweb.util.TestCaseBase-65] 20180129133606
[18/01/29 13:36:06][INFO][com.perficient.test.cat.catinspectweb.util.TestCaseBase-67] Delete screen shots generated 2 days ago.
[18/01/29 13:36:14][INFO][com.perficient.test.cat.catinspectweb.util.LogWebDriverEventListener-20] WebDriver navigating to:'https://catinspectweb-dev.cat.com/'
[18/01/29 13:37:15][INFO][com.perficient.test.cat.catinspectweb.util.LogWebDriverEventListener-106] Clicked the element found By.xpath: //input[@id='submitButton']
[18/01/29 13:37:18][INFO][com.perficient.test.cat.catinspectweb.util.LogWebDriverEventListener-106] Clicked the element found By.xpath: //span[@class='admin']
[18/01/29 13:37:22][INFO][com.perficient.test.cat.catinspectweb.util.LogWebDriverEventListener-106] Clicked the element found By.xpath: //select
[18/01/29 13:37:24][INFO][com.perficient.test.cat.catinspectweb.util.LogWebDriverEventListener-106] Clicked the element found By.tagName: option
[18/01/29 13:37:26][INFO][com.perficient.test.cat.catinspectweb.util.LogWebDriverEventListener-106] Clicked the element found By.xpath: //select
[18/01/29 13:37:29][INFO][com.perficient.test.cat.catinspectweb.util.LogWebDriverEventListener-106] Clicked the element found By.tagName: option
[18/01/29 13:37:30][INFO][com.perficient.test.cat.catinspectweb.util.LogWebDriverEventListener-106] Clicked the element found By.xpath: //select
[18/01/29 13:37:33][INFO][com.perficient.test.cat.catinspectweb.util.LogWebDriverEventListener-106] Clicked the element found By.tagName: option
[18/01/29 13:38:45][INFO][com.perficient.test.cat.catinspectweb.util.CustomAssertion-402] .\errorImages\20180129133845.png
[18/01/29 13:38:45][INFO][com.perficient.test.cat.catinspectweb.util.CustomAssertion-451] StackTrace 0 is: java.lang.Thread.getStackTrace(Unknown Source)
[18/01/29 13:38:45][INFO][com.perficient.test.cat.catinspectweb.util.CustomAssertion-452] LineNumber for 0 stack trace is: -1
[18/01/29 13:38:45][INFO][com.perficient.test.cat.catinspectweb.util.CustomAssertion-451] StackTrace 1 is: com.perficient.test.cat.catinspectweb.util.CustomAssertion.logStackTraceInfo(CustomAssertion.java:451)
[18/01/29 13:38:45][INFO][com.perficient.test.cat.catinspectweb.util.CustomAssertion-452] LineNumber for 1 stack trace is: 452
[18/01/29 13:38:45][INFO][com.perficient.test.cat.catinspectweb.util.CustomAssertion-451] StackTrace 2 is: com.perficient.test.cat.catinspectweb.util.CustomAssertion.printError(CustomAssertion.java:403)
[18/01/29 13:38:45][INFO][com.perficient.test.cat.catinspectweb.util.CustomAssertion-452] LineNumber for 2 stack trace is: 403
[18/01/29 13:38:45][INFO][com.perficient.test.cat.catinspectweb.util.CustomAssertion-451] StackTrace 3 is: com.perficient.test.cat.catinspectweb.util.CustomAssertion.assertTrue(CustomAssertion.java:313)
[18/01/29 13:38:45][INFO][com.perficient.test.cat.catinspectweb.util.CustomAssertion-452] LineNumber for 3 stack trace is: 313
[18/01/29 13:38:45][INFO][com.perficient.test.cat.catinspectweb.util.CustomAssertion-451] StackTrace 4 is: com.perficient.test.cat.catinspectweb.testcase.UserAdmin.TC2931_CheckSortFunctionInTheUserAdminPage.verify_TC2931_CheckSortFunctionInTheUserAdminPage(TC2931_CheckSortFunctionInTheUserAdminPage.java:76)
[18/01/29 13:38:45][INFO][com.perficient.test.cat.catinspectweb.util.CustomAssertion-452] LineNumber for 4 stack trace is: 76
[18/01/29 13:38:45][INFO][com.perficient.test.cat.catinspectweb.util.CustomAssertion-451] StackTrace 5 is: sun.reflect.NativeMethodAccessorImpl.invoke0(Native Method)
[18/01/29 13:38:45][INFO][com.perficient.test.cat.catinspectweb.util.CustomAssertion-452] LineNumber for 5 stack trace is: -2
[18/01/29 13:38:45][INFO][com.perficient.test.cat.catinspectweb.util.CustomAssertion-451] StackTrace 6 is: sun.reflect.NativeMethodAccessorImpl.invoke(Unknown Source)
[18/01/29 13:38:45][INFO][com.perficient.test.cat.catinspectweb.util.CustomAssertion-452] LineNumber for 6 stack trace is: -1
[18/01/29 13:38:45][INFO][com.perficient.test.cat.catinspectweb.util.CustomAssertion-455] StackTrace for Assert is: com.perficient.test.cat.catinspectweb.util.CustomAssertion.assertTrue(CustomAssertion.java:313)
[18/01/29 13:38:45][INFO][com.perficient.test.cat.catinspectweb.util.CustomAssertion-456] Assert LineNumber is: 313
[18/01/29 13:38:45][INFO][com.perficient.test.cat.catinspectweb.util.LogWebDriverEventListener-106] Clicked the element found By.xpath: //select
[18/01/29 13:38:47][INFO][com.perficient.test.cat.catinspectweb.util.LogWebDriverEventListener-106] Clicked the element found By.tagName: option
[18/01/29 13:39:40][INFO][com.perficient.test.cat.catinspectweb.util.TestCaseBase-65] 20180129133940
[18/01/29 13:39:40][INFO][com.perficient.test.cat.catinspectweb.util.TestCaseBase-67] Delete screen shots generated 2 days ago.
[18/01/29 13:39:45][INFO][com.perficient.test.cat.catinspectweb.util.LogWebDriverEventListener-20] WebDriver navigating to:'https://catinspectweb-dev.cat.com/'
[18/01/29 13:40:42][INFO][com.perficient.test.cat.catinspectweb.util.LogWebDriverEventListener-106] Clicked the element found By.xpath: //input[@id='submitButton']
[18/01/29 13:40:47][INFO][com.perficient.test.cat.catinspectweb.util.LogWebDriverEventListener-106] Clicked the element found By.xpath: //span[@class='admin']
[18/01/29 13:40:52][INFO][com.perficient.test.cat.catinspectweb.util.LogWebDriverEventListener-106] Clicked the element found By.xpath: //select
[18/01/29 13:40:54][INFO][com.perficient.test.cat.catinspectweb.util.LogWebDriverEventListener-106] Clicked the element found By.tagName: option
[18/01/29 13:40:56][INFO][com.perficient.test.cat.catinspectweb.util.LogWebDriverEventListener-106] Clicked the element found By.xpath: //select
[18/01/29 13:40:58][INFO][com.perficient.test.cat.catinspectweb.util.LogWebDriverEventListener-106] Clicked the element found By.tagName: option
[18/01/29 13:41:00][INFO][com.perficient.test.cat.catinspectweb.util.LogWebDriverEventListener-106] Clicked the element found By.xpath: //select
[18/01/29 13:41:02][INFO][com.perficient.test.cat.catinspectweb.util.LogWebDriverEventListener-106] Clicked the element found By.tagName: option
[18/01/29 13:43:10][ERROR][com.perficient.test.cat.catinspectweb.util.LogWebDriverEventListener-77] WebDriver error:
org.openqa.selenium.StaleElementReferenceException: stale element reference: element is not attached to the page document
  (Session info: chrome=62.0.3202.89)
  (Driver info: chromedriver=2.33.506120 (e3e53437346286c0bc2d2dc9aa4915ba81d9023f),platform=Windows NT 6.1.7601 SP1 x86_64) (WARNING: The server did not provide any stacktrace information)
Command duration or timeout: 0 milliseconds
For documentation on this error, please visit: http://seleniumhq.org/exceptions/stale_element_reference.html
Build info: version: '3.7.1', revision: '8a0099a', time: '2017-11-06T21:01:39.354Z'
System info: host: 'H2600-0463L', ip: '10.2.7.23', os.name: 'Windows 7', os.arch: 'amd64', os.version: '6.1', java.version: '1.8.0_151'
Driver info: org.openqa.selenium.chrome.ChromeDriver
Capabilities {acceptSslCerts: true, applicationCacheEnabled: false, browserConnectionEnabled: false, browserName: chrome, chrome: {chromedriverVersion: 2.33.506120 (e3e53437346286..., userDataDir: C:\Users\herby.he\AppData\L...}, cssSelectorsEnabled: true, databaseEnabled: false, handlesAlerts: true, hasTouchScreen: false, javascriptEnabled: true, locationContextEnabled: true, mobileEmulationEnabled: false, nativeEvents: true, networkConnectionEnabled: false, pageLoadStrategy: normal, platform: XP, platformName: XP, rotatable: false, setWindowRect: true, takesHeapSnapshot: true, takesScreenshot: true, unexpectedAlertBehaviour: , unhandledPromptBehavior: , version: 62.0.3202.89, webStorageEnabled: true}
Session ID: 7a9bb306177c6e5f5dab0fe555eaadac
	at sun.reflect.NativeConstructorAccessorImpl.newInstance0(Native Method)
	at sun.reflect.NativeConstructorAccessorImpl.newInstance(Unknown Source)
	at sun.reflect.DelegatingConstructorAccessorImpl.newInstance(Unknown Source)
	at java.lang.reflect.Constructor.newInstance(Unknown Source)
	at org.openqa.selenium.remote.ErrorHandler.createThrowable(ErrorHandler.java:214)
	at org.openqa.selenium.remote.ErrorHandler.throwIfResponseFailed(ErrorHandler.java:166)
	at org.openqa.selenium.remote.http.JsonHttpResponseCodec.reconstructValue(JsonHttpResponseCodec.java:40)
	at org.openqa.selenium.remote.http.AbstractHttpResponseCodec.decode(AbstractHttpResponseCodec.java:80)
	at org.openqa.selenium.remote.http.AbstractHttpResponseCodec.decode(AbstractHttpResponseCodec.java:44)
	at org.openqa.selenium.remote.HttpCommandExecutor.execute(HttpCommandExecutor.java:164)
	at org.openqa.selenium.remote.service.DriverCommandExecutor.execute(DriverCommandExecutor.java:83)
	at org.openqa.selenium.remote.RemoteWebDriver.execute(RemoteWebDriver.java:600)
	at org.openqa.selenium.remote.RemoteWebElement.execute(RemoteWebElement.java:279)
	at org.openqa.selenium.remote.RemoteWebElement.getText(RemoteWebElement.java:160)
	at sun.reflect.GeneratedMethodAccessor5.invoke(Unknown Source)
	at sun.reflect.DelegatingMethodAccessorImpl.invoke(Unknown Source)
	at java.lang.reflect.Method.invoke(Unknown Source)
	at org.openqa.selenium.support.events.EventFiringWebDriver$EventFiringWebElement$1.invoke(EventFiringWebDriver.java:376)
	at com.sun.proxy.$Proxy17.getText(Unknown Source)
	at org.openqa.selenium.support.events.EventFiringWebDriver$EventFiringWebElement.getText(EventFiringWebDriver.java:426)
	at com.perficient.test.cat.catinspectweb.util.FunctionUtil.verifyKeywordExisting(FunctionUtil.java:1731)
	at com.perficient.test.cat.catinspectweb.testcase.UserAdmin.TC2931_CheckSortFunctionInTheUserAdminPage.verify_TC2931_CheckSortFunctionInTheUserAdminPage(TC2931_CheckSortFunctionInTheUserAdminPage.java:76)
	at sun.reflect.NativeMethodAccessorImpl.invoke0(Native Method)
	at sun.reflect.NativeMethodAccessorImpl.invoke(Unknown Source)
	at sun.reflect.DelegatingMethodAccessorImpl.invoke(Unknown Source)
	at java.lang.reflect.Method.invoke(Unknown Source)
	at org.testng.internal.MethodInvocationHelper.invokeMethod(MethodInvocationHelper.java:84)
	at org.testng.internal.Invoker.invokeMethod(Invoker.java:714)
	at org.testng.internal.Invoker.invokeTestMethod(Invoker.java:901)
	at org.testng.internal.Invoker.invokeTestMethods(Invoker.java:1231)
	at org.testng.internal.TestMethodWorker.invokeTestMethods(TestMethodWorker.java:127)
	at org.testng.internal.TestMethodWorker.run(TestMethodWorker.java:111)
	at org.testng.TestRunner.privateRun(TestRunner.java:767)
	at org.testng.TestRunner.run(TestRunner.java:617)
	at org.testng.SuiteRunner.runTest(SuiteRunner.java:348)
	at org.testng.SuiteRunner.runSequentially(SuiteRunner.java:343)
	at org.testng.SuiteRunner.privateRun(SuiteRunner.java:305)
	at org.testng.SuiteRunner.run(SuiteRunner.java:254)
	at org.testng.SuiteRunnerWorker.runSuite(SuiteRunnerWorker.java:52)
	at org.testng.SuiteRunnerWorker.run(SuiteRunnerWorker.java:86)
	at org.testng.TestNG.runSuitesSequentially(TestNG.java:1224)
	at org.testng.TestNG.runSuitesLocally(TestNG.java:1149)
	at org.testng.TestNG.run(TestNG.java:1057)
	at org.testng.remote.AbstractRemoteTestNG.run(AbstractRemoteTestNG.java:114)
	at org.testng.remote.RemoteTestNG.initAndRun(RemoteTestNG.java:251)
	at org.testng.remote.RemoteTestNG.main(RemoteTestNG.java:77)
[18/01/29 13:43:11][INFO][com.perficient.test.cat.catinspectweb.util.CustomAssertion-428] .\errorImages\20180129134310.png
[18/01/29 13:43:11][INFO][com.perficient.test.cat.catinspectweb.util.CustomAssertion-451] StackTrace 0 is: java.lang.Thread.getStackTrace(Unknown Source)
[18/01/29 13:43:11][INFO][com.perficient.test.cat.catinspectweb.util.CustomAssertion-452] LineNumber for 0 stack trace is: -1
[18/01/29 13:43:11][INFO][com.perficient.test.cat.catinspectweb.util.CustomAssertion-451] StackTrace 1 is: com.perficient.test.cat.catinspectweb.util.CustomAssertion.logStackTraceInfo(CustomAssertion.java:451)
[18/01/29 13:43:11][INFO][com.perficient.test.cat.catinspectweb.util.CustomAssertion-452] LineNumber for 1 stack trace is: 452
[18/01/29 13:43:11][INFO][com.perficient.test.cat.catinspectweb.util.CustomAssertion-451] StackTrace 2 is: com.perficient.test.cat.catinspectweb.util.CustomAssertion.printError(CustomAssertion.java:429)
[18/01/29 13:43:11][INFO][com.perficient.test.cat.catinspectweb.util.CustomAssertion-452] LineNumber for 2 stack trace is: 429
[18/01/29 13:43:11][INFO][com.perficient.test.cat.catinspectweb.util.CustomAssertion-451] StackTrace 3 is: com.perficient.test.cat.catinspectweb.util.TestCaseBase.afterMethod(TestCaseBase.java:210)
[18/01/29 13:43:11][INFO][com.perficient.test.cat.catinspectweb.util.CustomAssertion-452] LineNumber for 3 stack trace is: 210
[18/01/29 13:43:11][INFO][com.perficient.test.cat.catinspectweb.util.CustomAssertion-451] StackTrace 4 is: sun.reflect.NativeMethodAccessorImpl.invoke0(Native Method)
[18/01/29 13:43:11][INFO][com.perficient.test.cat.catinspectweb.util.CustomAssertion-452] LineNumber for 4 stack trace is: -2
[18/01/29 13:43:11][INFO][com.perficient.test.cat.catinspectweb.util.CustomAssertion-451] StackTrace 5 is: sun.reflect.NativeMethodAccessorImpl.invoke(Unknown Source)
[18/01/29 13:43:11][INFO][com.perficient.test.cat.catinspectweb.util.CustomAssertion-452] LineNumber for 5 stack trace is: -1
[18/01/29 13:43:11][INFO][com.perficient.test.cat.catinspectweb.util.CustomAssertion-451] StackTrace 6 is: sun.reflect.DelegatingMethodAccessorImpl.invoke(Unknown Source)
[18/01/29 13:43:11][INFO][com.perficient.test.cat.catinspectweb.util.CustomAssertion-452] LineNumber for 6 stack trace is: -1
[18/01/29 13:43:11][INFO][com.perficient.test.cat.catinspectweb.util.CustomAssertion-455] StackTrace for Assert is: com.perficient.test.cat.catinspectweb.util.TestCaseBase.afterMethod(TestCaseBase.java:210)
[18/01/29 13:43:11][INFO][com.perficient.test.cat.catinspectweb.util.CustomAssertion-456] Assert LineNumber is: 210
[18/01/29 13:45:07][INFO][com.perficient.test.cat.catinspectweb.util.TestCaseBase-65] 20180129134507
[18/01/29 13:45:07][INFO][com.perficient.test.cat.catinspectweb.util.TestCaseBase-67] Delete screen shots generated 2 days ago.
[18/01/29 13:45:12][INFO][com.perficient.test.cat.catinspectweb.util.LogWebDriverEventListener-20] WebDriver navigating to:'https://catinspectweb-dev.cat.com/'
[18/01/29 13:46:09][INFO][com.perficient.test.cat.catinspectweb.util.LogWebDriverEventListener-106] Clicked the element found By.xpath: //input[@id='submitButton']
[18/01/29 13:46:12][INFO][com.perficient.test.cat.catinspectweb.util.LogWebDriverEventListener-106] Clicked the element found By.xpath: //span[@class='admin']
[18/01/29 13:46:16][INFO][com.perficient.test.cat.catinspectweb.util.LogWebDriverEventListener-106] Clicked the element found By.xpath: //select
[18/01/29 13:46:18][INFO][com.perficient.test.cat.catinspectweb.util.LogWebDriverEventListener-106] Clicked the element found By.tagName: option
[18/01/29 13:46:20][INFO][com.perficient.test.cat.catinspectweb.util.LogWebDriverEventListener-106] Clicked the element found By.xpath: //select
[18/01/29 13:46:23][INFO][com.perficient.test.cat.catinspectweb.util.LogWebDriverEventListener-106] Clicked the element found By.tagName: option
[18/01/29 13:46:24][INFO][com.perficient.test.cat.catinspectweb.util.LogWebDriverEventListener-106] Clicked the element found By.xpath: //select
[18/01/29 13:46:27][INFO][com.perficient.test.cat.catinspectweb.util.LogWebDriverEventListener-106] Clicked the element found By.tagName: option
[18/01/29 13:46:28][INFO][com.perficient.test.cat.catinspectweb.util.LogWebDriverEventListener-106] Clicked the element found By.xpath: //select
[18/01/29 13:46:30][INFO][com.perficient.test.cat.catinspectweb.util.LogWebDriverEventListener-106] Clicked the element found By.tagName: option
[18/01/29 13:47:08][INFO][com.perficient.test.cat.catinspectweb.util.TestCaseBase-65] 20180129134708
[18/01/29 13:47:08][INFO][com.perficient.test.cat.catinspectweb.util.TestCaseBase-67] Delete screen shots generated 2 days ago.
[18/01/29 13:47:13][INFO][com.perficient.test.cat.catinspectweb.util.LogWebDriverEventListener-20] WebDriver navigating to:'https://catinspectweb-dev.cat.com/'
[18/01/29 13:48:09][INFO][com.perficient.test.cat.catinspectweb.util.LogWebDriverEventListener-106] Clicked the element found By.xpath: //input[@id='submitButton']
[18/01/29 13:48:12][INFO][com.perficient.test.cat.catinspectweb.util.LogWebDriverEventListener-106] Clicked the element found By.xpath: //span[@class='admin']
[18/01/29 13:48:16][INFO][com.perficient.test.cat.catinspectweb.util.LogWebDriverEventListener-106] Clicked the element found By.xpath: //select
[18/01/29 13:48:18][INFO][com.perficient.test.cat.catinspectweb.util.LogWebDriverEventListener-106] Clicked the element found By.tagName: option
[18/01/29 13:48:20][INFO][com.perficient.test.cat.catinspectweb.util.LogWebDriverEventListener-106] Clicked the element found By.xpath: //select
[18/01/29 13:48:23][INFO][com.perficient.test.cat.catinspectweb.util.LogWebDriverEventListener-106] Clicked the element found By.tagName: option
[18/01/29 13:48:24][INFO][com.perficient.test.cat.catinspectweb.util.LogWebDriverEventListener-106] Clicked the element found By.xpath: //select
[18/01/29 13:48:27][INFO][com.perficient.test.cat.catinspectweb.util.LogWebDriverEventListener-106] Clicked the element found By.tagName: option
[18/01/29 13:51:14][INFO][com.perficient.test.cat.catinspectweb.util.LogWebDriverEventListener-106] Clicked the element found By.xpath: //select
[18/01/29 13:51:17][INFO][com.perficient.test.cat.catinspectweb.util.LogWebDriverEventListener-106] Clicked the element found By.tagName: option
[18/01/29 13:53:39][INFO][com.perficient.test.cat.catinspectweb.util.TestCaseBase-65] 20180129135339
[18/01/29 13:53:39][INFO][com.perficient.test.cat.catinspectweb.util.TestCaseBase-67] Delete screen shots generated 2 days ago.
[18/01/29 13:53:44][INFO][com.perficient.test.cat.catinspectweb.util.LogWebDriverEventListener-20] WebDriver navigating to:'https://catinspectweb-dev.cat.com/'
[18/01/29 13:55:54][INFO][com.perficient.test.cat.catinspectweb.util.LogWebDriverEventListener-106] Clicked the element found By.xpath: //input[@id='submitButton']
[18/01/29 13:55:57][INFO][com.perficient.test.cat.catinspectweb.util.LogWebDriverEventListener-106] Clicked the element found By.xpath: //span[@class='manage_form']
[18/01/29 13:55:57][INFO][com.perficient.test.cat.catinspectweb.util.LogWebDriverEventListener-106] Clicked the element found By.xpath: //div[@class='col-xs-6 cat_right_border']//select[contains(@class,'cat_status_select')]
[18/01/29 13:55:57][INFO][com.perficient.test.cat.catinspectweb.util.LogWebDriverEventListener-106] Clicked the element found By.xpath: //div[@class='col-xs-6 cat_right_border']/select/option
[18/01/29 13:55:57][INFO][com.perficient.test.cat.catinspectweb.util.LogWebDriverEventListener-106] Clicked the element found By.xpath: //button[@class = 'form-control btn btn-default uploadBtn']
[18/01/29 13:56:00][INFO][com.perficient.test.cat.catinspectweb.util.LogWebDriverEventListener-106] Clicked the element found By.xpath: //button[@class = 'btn btn-success']
[18/01/29 13:56:03][INFO][com.perficient.test.cat.catinspectweb.util.LogWebDriverEventListener-106] Clicked the element found By.xpath: //table[@id= 'table_width']//tr[@class = 'formActionHover']//td[@class='actions']
[18/01/29 13:56:03][INFO][com.perficient.test.cat.catinspectweb.util.LogWebDriverEventListener-106] Clicked the element found By.tagName: i
[18/01/29 13:56:03][INFO][com.perficient.test.cat.catinspectweb.util.LogWebDriverEventListener-106] Clicked the element found By.xpath: //button[@class = 'btn btn-success']
[18/01/29 13:56:04][INFO][com.perficient.test.cat.catinspectweb.util.LogWebDriverEventListener-106] Clicked the element found By.xpath: //a[@title='Next']
[18/01/29 13:56:04][INFO][com.perficient.test.cat.catinspectweb.util.LogWebDriverEventListener-106] Clicked the element found By.xpath: //span[@class = 'input-group-btn']
[18/01/29 13:56:04][INFO][com.perficient.test.cat.catinspectweb.util.LogWebDriverEventListener-106] Clicked the element found By.xpath: //a[@title='Next']
[18/01/29 13:56:05][INFO][com.perficient.test.cat.catinspectweb.util.LogWebDriverEventListener-106] Clicked the element found By.xpath: //a[@title='Next']
[18/01/29 13:56:05][INFO][com.perficient.test.cat.catinspectweb.util.LogWebDriverEventListener-106] Clicked the element found By.xpath: //div[@class='pull-right cat_process form-creation-heading']//a[@title='Publish']
[18/01/29 13:56:05][INFO][com.perficient.test.cat.catinspectweb.util.LogWebDriverEventListener-106] Clicked the element found By.xpath: //button[@class = 'btn btn-success']
[18/01/29 13:56:08][INFO][com.perficient.test.cat.catinspectweb.util.LogWebDriverEventListener-106] Clicked the element found By.xpath: //button[@class = 'btn btn-success']
[18/01/29 13:56:08][INFO][com.perficient.test.cat.catinspectweb.util.LogWebDriverEventListener-106] Clicked the element found By.xpath: //Select[@id='formType']
[18/01/29 13:56:09][INFO][com.perficient.test.cat.catinspectweb.util.LogWebDriverEventListener-106] Clicked the element found By.xpath: //Select[@id='formType']
[18/01/29 13:56:10][INFO][com.perficient.test.cat.catinspectweb.util.LogWebDriverEventListener-106] Clicked the element found By.xpath: //Select[@id='formType']
[18/01/29 13:56:12][INFO][com.perficient.test.cat.catinspectweb.util.LogWebDriverEventListener-106] Clicked the element found By.tagName: option
[18/01/29 13:56:12][INFO][com.perficient.test.cat.catinspectweb.util.LogWebDriverEventListener-106] Clicked the element found By.xpath: //select[@id='formFamily']
[18/01/29 13:56:12][INFO][com.perficient.test.cat.catinspectweb.util.LogWebDriverEventListener-106] Clicked the element found By.xpath: //select[@id='formFamily']
[18/01/29 13:56:15][INFO][com.perficient.test.cat.catinspectweb.util.LogWebDriverEventListener-106] Clicked the element found By.xpath: //select[@id='formFamily']
[18/01/29 13:56:18][INFO][com.perficient.test.cat.catinspectweb.util.LogWebDriverEventListener-106] Clicked the element found By.tagName: option
[18/01/29 13:56:18][INFO][com.perficient.test.cat.catinspectweb.util.LogWebDriverEventListener-106] Clicked the element found By.xpath: //button[@class = 'btn btn-sm btn-warning pull-right']
[18/01/29 13:56:21][INFO][com.perficient.test.cat.catinspectweb.util.LogWebDriverEventListener-106] Clicked the element found By.xpath: //input[@id = 'cloneForm']
[18/01/29 13:56:21][INFO][com.perficient.test.cat.catinspectweb.util.LogWebDriverEventListener-106] Clicked the element found By.xpath: //input[@id = 'cloneForm']
[18/01/29 13:56:21][INFO][com.perficient.test.cat.catinspectweb.util.LogWebDriverEventListener-106] Clicked the element found By.xpath: //input[@id = 'cloneForm']
[18/01/29 13:56:21][INFO][com.perficient.test.cat.catinspectweb.util.LogWebDriverEventListener-106] Clicked the element found By.xpath: //input[@id = 'cloneForm']
[18/01/29 13:56:21][INFO][com.perficient.test.cat.catinspectweb.util.LogWebDriverEventListener-106] Clicked the element found By.xpath: //input[@id = 'cloneForm']
[18/01/29 13:56:21][INFO][com.perficient.test.cat.catinspectweb.util.LogWebDriverEventListener-106] Clicked the element found By.xpath: //input[@id = 'cloneForm']
[18/01/29 13:56:22][INFO][com.perficient.test.cat.catinspectweb.util.LogWebDriverEventListener-106] Clicked the element found By.xpath: //input[@id = 'cloneForm']
[18/01/29 13:56:22][INFO][com.perficient.test.cat.catinspectweb.util.LogWebDriverEventListener-106] Clicked the element found By.xpath: //input[@id = 'cloneForm']
[18/01/29 13:56:22][INFO][com.perficient.test.cat.catinspectweb.util.LogWebDriverEventListener-106] Clicked the element found By.xpath: //a[@title='Next']
[18/01/29 13:56:22][INFO][com.perficient.test.cat.catinspectweb.util.LogWebDriverEventListener-106] Clicked the element found By.xpath: //button[@class = 'btn btn-success']
[18/01/29 13:56:25][INFO][com.perficient.test.cat.catinspectweb.util.LogWebDriverEventListener-106] Clicked the element found By.xpath: //a[@title='Next']
[18/01/29 13:56:25][INFO][com.perficient.test.cat.catinspectweb.util.LogWebDriverEventListener-106] Clicked the element found By.xpath: //a[@title='Next']
[18/01/29 13:56:25][INFO][com.perficient.test.cat.catinspectweb.util.LogWebDriverEventListener-106] Clicked the element found By.xpath: //div[@class='pull-right cat_process form-creation-heading']//a[@title='Publish']
[18/01/29 13:56:26][INFO][com.perficient.test.cat.catinspectweb.util.LogWebDriverEventListener-106] Clicked the element found By.xpath: //button[@class = 'btn btn-success']
[18/01/29 13:56:29][INFO][com.perficient.test.cat.catinspectweb.util.LogWebDriverEventListener-75] Element is still not found By.xpath: //button[@class = 'btn btn-success']
[18/01/29 13:56:32][INFO][com.perficient.test.cat.catinspectweb.util.LogWebDriverEventListener-106] Clicked the element found By.xpath: //button[@class = 'btn btn-success']
