[18/01/16 10:01:19][INFO][com.perficient.test.cat.catinspectweb.util.TestCaseBase-63] 20180116100119
[18/01/16 10:01:24][INFO][com.perficient.test.cat.catinspectweb.util.TestCaseBase-79] Before Deletion
[18/01/16 10:01:24][INFO][com.perficient.test.cat.catinspectweb.util.TestCaseBase-84] File is moved successful!
[18/01/16 10:01:33][INFO][com.perficient.test.cat.catinspectweb.util.LogWebDriverEventListener-20] WebDriver navigating to:'https://catinspectweb-qa.cat.com/'
[18/01/16 10:02:46][INFO][com.perficient.test.cat.catinspectweb.util.LogWebDriverEventListener-30] WebDriver changing value in element found By.xpath: //input[@id='cwsUID'] from '' to ''
[18/01/16 10:02:46][INFO][com.perficient.test.cat.catinspectweb.util.LogWebDriverEventListener-30] WebDriver changing value in element found By.xpath: //input[@id='cwsUID'] from '' to 'zhangc42'
[18/01/16 10:02:46][INFO][com.perficient.test.cat.catinspectweb.util.LogWebDriverEventListener-30] WebDriver changing value in element found By.xpath: //input[@id='cwsPwd'] from '' to ''
[18/01/16 10:02:46][INFO][com.perficient.test.cat.catinspectweb.util.LogWebDriverEventListener-30] WebDriver changing value in element found By.xpath: //input[@id='cwsPwd'] from '' to 'Zhh131109zhh'
[18/01/16 10:02:46][INFO][com.perficient.test.cat.catinspectweb.util.LogWebDriverEventListener-63] Click the element found By.xpath: //input[@id='submitButton']
[18/01/16 10:02:53][INFO][com.perficient.test.cat.catinspectweb.util.LogWebDriverEventListener-63] Click the element found By.xpath: //span[@class='create']
[18/01/16 10:02:53][INFO][com.perficient.test.cat.catinspectweb.util.LogWebDriverEventListener-30] WebDriver changing value in element found By.xpath: //input[@id='formName'] from '' to ''
[18/01/16 10:02:53][INFO][com.perficient.test.cat.catinspectweb.util.LogWebDriverEventListener-30] WebDriver changing value in element found By.xpath: //input[@id='formName'] from '' to 'GDC Form 458'
[18/01/16 10:02:53][INFO][com.perficient.test.cat.catinspectweb.util.LogWebDriverEventListener-63] Click the element found By.xpath: //Select[@id='formType']
[18/01/16 10:02:54][INFO][com.perficient.test.cat.catinspectweb.util.LogWebDriverEventListener-63] Click the element found By.xpath: //Select[@id='formType']
[18/01/16 10:02:55][INFO][com.perficient.test.cat.catinspectweb.util.FunctionUtil-1525] []The original array list
[18/01/16 10:02:55][INFO][com.perficient.test.cat.catinspectweb.util.FunctionUtil-1541] []The alphabetical order array list after sort
[18/01/16 10:02:57][INFO][com.perficient.test.cat.catinspectweb.util.LogWebDriverEventListener-63] Click the element found By.xpath: //Select[@id='formType']
[18/01/16 10:02:59][INFO][com.perficient.test.cat.catinspectweb.util.LogWebDriverEventListener-63] Click the element found By.tagName: option
[18/01/16 10:03:00][INFO][com.perficient.test.cat.catinspectweb.util.LogWebDriverEventListener-63] Click the element found By.xpath: //select[@id='formFamily']
[18/01/16 10:03:00][INFO][com.perficient.test.cat.catinspectweb.util.LogWebDriverEventListener-63] Click the element found By.xpath: //select[@id='formFamily']
[18/01/16 10:03:03][INFO][com.perficient.test.cat.catinspectweb.util.FunctionUtil-1525] [ARTICULATED DUMP TRUCK, ASPHALT PAVER, AUTOMATIC TRANSFER SWITCH, BACKHOE LOADERS, CHALLENGER, COLD PLANER, COMBINE, COMPACT TRACK LOADER, COMPACT WHEEL LOADER, CONTINUOUS MINER, CRANE, DRAGLINE, DRILLING, EARTHMOVING COMPACTOR, ELECTRIC ROPE SHOVEL, ENGINE - GAS COMPRESSION, ENGINE - GENERATOR SET, ENGINE - INDUSTRIAL, ENGINE - MACHINE, ENGINE - MARINE, ENGINE - RAIL, ENGINE - TRUCK, ENGINEER SUPPORT TRACTOR, EXCAVATORS, EXPANDED MINING, FAMILY-ALL, FOREST PRODUCTS, FORKLIFT, GENERATOR, HYDRAULIC SHOVEL, INTEGRATED TOOLCARRIER, KNUCKLEBOOM LOADER, LANDFILL COMPACTOR, LOAD, HAUL, DUMP, LONGWALL COMPONENT, MACHINE CONTROL AND GUIDANCE PRODUCTS, MATERIAL HANDLER, MINI HYDRAULIC EXCAVATOR, MOTOR GRADER, MULTI-TERRAIN LOADERS, OEM SOLUTIONS, OFF-HIGHWAY TRUCK, OHT AND TRACTORS-AT, ON HIGHWAY TRUCK, PAVING COMPACTORS, PETROLEUM PRODUCTS, PIPELAYER, ROAD RECLAIMER, SKID STEER LOADER, SWITCHGEAR, TELEHANDLER, TILLAGE, TRACK-TYPE LOADER, TRACK-TYPE SKIDDER, TRACK-TYPE TRACTOR, UNDERGROUND ARTICULATED TRUCK, UPS, UTILITY VEHICLE, WHEEL DOZER, WHEEL FELLER BUNCHER, WHEEL LOADERS - ITC, WHEEL TRACTOR-SCRAPER, WHEEL-TYPE LOADER, WHEEL-TYPE SKIDDER, WORK TOOL]The original array list
[18/01/16 10:03:03][INFO][com.perficient.test.cat.catinspectweb.util.FunctionUtil-1541] [ARTICULATED DUMP TRUCK, ASPHALT PAVER, AUTOMATIC TRANSFER SWITCH, BACKHOE LOADERS, CHALLENGER, COLD PLANER, COMBINE, COMPACT TRACK LOADER, COMPACT WHEEL LOADER, CONTINUOUS MINER, CRANE, DRAGLINE, DRILLING, EARTHMOVING COMPACTOR, ELECTRIC ROPE SHOVEL, ENGINE - GAS COMPRESSION, ENGINE - GENERATOR SET, ENGINE - INDUSTRIAL, ENGINE - MACHINE, ENGINE - MARINE, ENGINE - RAIL, ENGINE - TRUCK, ENGINEER SUPPORT TRACTOR, EXCAVATORS, EXPANDED MINING, FAMILY-ALL, FOREST PRODUCTS, FORKLIFT, GENERATOR, HYDRAULIC SHOVEL, INTEGRATED TOOLCARRIER, KNUCKLEBOOM LOADER, LANDFILL COMPACTOR, LOAD, HAUL, DUMP, LONGWALL COMPONENT, MACHINE CONTROL AND GUIDANCE PRODUCTS, MATERIAL HANDLER, MINI HYDRAULIC EXCAVATOR, MOTOR GRADER, MULTI-TERRAIN LOADERS, OEM SOLUTIONS, OFF-HIGHWAY TRUCK, OHT AND TRACTORS-AT, ON HIGHWAY TRUCK, PAVING COMPACTORS, PETROLEUM PRODUCTS, PIPELAYER, ROAD RECLAIMER, SKID STEER LOADER, SWITCHGEAR, TELEHANDLER, TILLAGE, TRACK-TYPE LOADER, TRACK-TYPE SKIDDER, TRACK-TYPE TRACTOR, UNDERGROUND ARTICULATED TRUCK, UPS, UTILITY VEHICLE, WHEEL DOZER, WHEEL FELLER BUNCHER, WHEEL LOADERS - ITC, WHEEL TRACTOR-SCRAPER, WHEEL-TYPE LOADER, WHEEL-TYPE SKIDDER, WORK TOOL]The alphabetical order array list after sort
[18/01/16 10:03:03][INFO][com.perficient.test.cat.catinspectweb.util.LogWebDriverEventListener-30] WebDriver changing value in element found By.xpath: //input[@id='serialPrefix'] from '' to ''
[18/01/16 10:03:03][INFO][com.perficient.test.cat.catinspectweb.util.LogWebDriverEventListener-30] WebDriver changing value in element found By.xpath: //input[@id='serialPrefix'] from '' to '458'
[18/01/16 10:03:03][INFO][com.perficient.test.cat.catinspectweb.util.LogWebDriverEventListener-63] Click the element found By.xpath: //a[@title='Next']
[18/01/16 10:03:04][INFO][com.perficient.test.cat.catinspectweb.util.LogWebDriverEventListener-30] WebDriver changing value in element found By.xpath: //input[@name='addCat'] from '' to ''
[18/01/16 10:03:04][INFO][com.perficient.test.cat.catinspectweb.util.LogWebDriverEventListener-30] WebDriver changing value in element found By.xpath: //input[@name='addCat'] from '' to 'C1'
[18/01/16 10:03:04][INFO][com.perficient.test.cat.catinspectweb.util.LogWebDriverEventListener-63] Click the element found By.xpath: //span[@class = 'input-group-btn']
[18/01/16 10:03:04][INFO][com.perficient.test.cat.catinspectweb.util.LogWebDriverEventListener-63] Click the element found By.xpath: //a[@title='Next']
[18/01/16 10:03:04][INFO][com.perficient.test.cat.catinspectweb.util.LogWebDriverEventListener-63] Click the element found By.xpath: //div[@class = 'cat_add_block']
[18/01/16 10:03:05][INFO][com.perficient.test.cat.catinspectweb.util.LogWebDriverEventListener-30] WebDriver changing value in element found By.xpath: //textarea[@name= 'ques'] from '' to ''
[18/01/16 10:03:05][INFO][com.perficient.test.cat.catinspectweb.util.LogWebDriverEventListener-30] WebDriver changing value in element found By.xpath: //textarea[@name= 'ques'] from '' to 'Question 1'
[18/01/16 10:03:06][INFO][com.perficient.test.cat.catinspectweb.util.LogWebDriverEventListener-101] Click on the element find By.xpath: //div[@class = 'item' and contains(text(),'1-5 Satisfaction')] by javascript
[18/01/16 10:03:07][INFO][com.perficient.test.cat.catinspectweb.util.LogWebDriverEventListener-63] Click the element found By.xpath: //i[@class  = 'fa fa-floppy-o fa-2x']
[18/01/16 10:03:08][INFO][com.perficient.test.cat.catinspectweb.util.LogWebDriverEventListener-63] Click the element found By.xpath: //a[@title='Next']
[18/01/16 10:03:08][INFO][com.perficient.test.cat.catinspectweb.util.LogWebDriverEventListener-63] Click the element found By.xpath: //div[@class='pull-right cat_process form-creation-heading']//a[@title='Publish']
[18/01/16 10:03:08][INFO][com.perficient.test.cat.catinspectweb.util.LogWebDriverEventListener-63] Click the element found By.xpath: //button[@class ='btn btn-danger' ]
[18/01/16 10:03:08][INFO][com.perficient.test.cat.catinspectweb.util.LogWebDriverEventListener-63] Click the element found By.xpath: //div[@class='pull-right cat_process form-creation-heading']//a[@title='Publish']
[18/01/16 10:03:08][INFO][com.perficient.test.cat.catinspectweb.util.LogWebDriverEventListener-63] Click the element found By.xpath: //button[@class = 'btn btn-success']
[18/01/16 10:03:12][INFO][com.perficient.test.cat.catinspectweb.util.LogWebDriverEventListener-63] Click the element found By.xpath: //button[@class = 'btn btn-success']
[18/01/16 10:03:12][INFO][com.perficient.test.cat.catinspectweb.util.LogWebDriverEventListener-63] Click the element found By.xpath: //span[@class='manage_form']
[18/01/16 10:03:12][INFO][com.perficient.test.cat.catinspectweb.util.LogWebDriverEventListener-63] Click the element found By.xpath: //div[@class='col-xs-6 cat_right_border']//select[contains(@class,'cat_status_select')]
[18/01/16 10:03:12][INFO][com.perficient.test.cat.catinspectweb.util.LogWebDriverEventListener-63] Click the element found By.xpath: //div[@class='col-xs-6 cat_right_border']/select/option
[18/01/16 10:03:13][INFO][com.perficient.test.cat.catinspectweb.util.LogWebDriverEventListener-30] WebDriver changing value in element found By.xpath: //input[@placeholder = 'Serial Number Prefix'] from '' to ''
[18/01/16 10:03:13][INFO][com.perficient.test.cat.catinspectweb.util.LogWebDriverEventListener-30] WebDriver changing value in element found By.xpath: //input[@placeholder = 'Serial Number Prefix'] from '' to '458'
[18/01/16 10:03:13][INFO][com.perficient.test.cat.catinspectweb.util.LogWebDriverEventListener-63] Click the element found By.xpath: //span[@class='glyphicon glyphicon-search']
[18/01/16 10:18:50][INFO][com.perficient.test.cat.catinspectweb.util.TestCaseBase-63] 20180116101850
[18/01/16 10:18:55][INFO][com.perficient.test.cat.catinspectweb.util.TestCaseBase-79] Before Deletion
[18/01/16 10:18:55][INFO][com.perficient.test.cat.catinspectweb.util.TestCaseBase-84] File is moved successful!
[18/01/16 10:19:01][INFO][com.perficient.test.cat.catinspectweb.util.LogWebDriverEventListener-20] WebDriver navigating to:'https://catinspectweb-qa.cat.com/'
[18/01/16 10:20:06][INFO][com.perficient.test.cat.catinspectweb.util.LogWebDriverEventListener-30] WebDriver changing value in element found By.xpath: //input[@id='cwsUID'] from '' to ''
[18/01/16 10:20:06][INFO][com.perficient.test.cat.catinspectweb.util.LogWebDriverEventListener-30] WebDriver changing value in element found By.xpath: //input[@id='cwsUID'] from '' to 'zhangc42'
[18/01/16 10:20:06][INFO][com.perficient.test.cat.catinspectweb.util.LogWebDriverEventListener-30] WebDriver changing value in element found By.xpath: //input[@id='cwsPwd'] from '' to ''
[18/01/16 10:20:06][INFO][com.perficient.test.cat.catinspectweb.util.LogWebDriverEventListener-30] WebDriver changing value in element found By.xpath: //input[@id='cwsPwd'] from '' to 'Zhh131109zhh'
[18/01/16 10:20:07][INFO][com.perficient.test.cat.catinspectweb.util.LogWebDriverEventListener-63] Click the element found By.xpath: //input[@id='submitButton']
[18/01/16 10:20:12][INFO][com.perficient.test.cat.catinspectweb.util.LogWebDriverEventListener-63] Click the element found By.xpath: //span[@class='create']
[18/01/16 10:20:12][INFO][com.perficient.test.cat.catinspectweb.util.LogWebDriverEventListener-30] WebDriver changing value in element found By.xpath: //input[@id='formName'] from '' to ''
[18/01/16 10:20:13][INFO][com.perficient.test.cat.catinspectweb.util.LogWebDriverEventListener-30] WebDriver changing value in element found By.xpath: //input[@id='formName'] from '' to 'GDC Form 894'
[18/01/16 10:20:13][INFO][com.perficient.test.cat.catinspectweb.util.LogWebDriverEventListener-63] Click the element found By.xpath: //Select[@id='formType']
[18/01/16 10:20:13][INFO][com.perficient.test.cat.catinspectweb.util.LogWebDriverEventListener-63] Click the element found By.xpath: //Select[@id='formType']
[18/01/16 10:20:16][INFO][com.perficient.test.cat.catinspectweb.util.FunctionUtil-1525] [CCR, Component D&A, Daily, Dealer Process, Field Follow, GET, Hydraulics, Legal, Monthly, PDI, PM, PM Checklist, PSSR, TA1, TA2, Validation, Weekly, Yearly]The original array list
[18/01/16 10:20:16][INFO][com.perficient.test.cat.catinspectweb.util.FunctionUtil-1541] [CCR, Component D&A, Daily, Dealer Process, Field Follow, GET, Hydraulics, Legal, Monthly, PDI, PM, PM Checklist, PSSR, TA1, TA2, Validation, Weekly, Yearly]The alphabetical order array list after sort
[18/01/16 10:20:18][INFO][com.perficient.test.cat.catinspectweb.util.LogWebDriverEventListener-63] Click the element found By.xpath: //Select[@id='formType']
[18/01/16 10:20:20][INFO][com.perficient.test.cat.catinspectweb.util.LogWebDriverEventListener-63] Click the element found By.tagName: option
[18/01/16 10:20:21][INFO][com.perficient.test.cat.catinspectweb.util.LogWebDriverEventListener-63] Click the element found By.xpath: //select[@id='formFamily']
[18/01/16 10:20:21][ERROR][com.perficient.test.cat.catinspectweb.util.LogWebDriverEventListener-45] WebDriver error:
org.openqa.selenium.WebDriverException: unknown error: Element <select _ngcontent-c13="" class="col-xs-8 form-control ng-untouched ng-pristine ng-valid" formcontrolname="formFamily" id="formFamily" name="formFamily">...</select> is not clickable at point (299, 606). Other element would receive the click: <div _ngcontent-c3="" class="navbar-inner footer">...</div>
  (Session info: chrome=62.0.3202.89)
  (Driver info: chromedriver=2.33.506120 (e3e53437346286c0bc2d2dc9aa4915ba81d9023f),platform=Windows NT 6.1.7601 SP1 x86_64) (WARNING: The server did not provide any stacktrace information)
Command duration or timeout: 33 milliseconds
Build info: version: '2.48.2', revision: '41bccdd10cf2c0560f637404c2d96164b67d9d67', time: '2015-10-09 13:08:06'
System info: host: 'H2600-0463L', ip: '10.2.7.14', os.name: 'Windows 7', os.arch: 'amd64', os.version: '6.1', java.version: '1.8.0_151'
Driver info: org.openqa.selenium.chrome.ChromeDriver
Capabilities [{applicationCacheEnabled=false, rotatable=false, mobileEmulationEnabled=false, networkConnectionEnabled=false, chrome={chromedriverVersion=2.33.506120 (e3e53437346286c0bc2d2dc9aa4915ba81d9023f), userDataDir=C:\Users\herby.he\AppData\Local\Temp\scoped_dir9024_22690}, takesHeapSnapshot=true, pageLoadStrategy=normal, databaseEnabled=false, handlesAlerts=true, hasTouchScreen=false, version=62.0.3202.89, platform=XP, browserConnectionEnabled=false, nativeEvents=true, acceptSslCerts=true, locationContextEnabled=true, webStorageEnabled=true, browserName=chrome, takesScreenshot=true, javascriptEnabled=true, cssSelectorsEnabled=true, setWindowRect=true, unexpectedAlertBehaviour=}]
Session ID: f64203fd9f858890733efff1af274ecb
	at sun.reflect.NativeConstructorAccessorImpl.newInstance0(Native Method)
	at sun.reflect.NativeConstructorAccessorImpl.newInstance(Unknown Source)
	at sun.reflect.DelegatingConstructorAccessorImpl.newInstance(Unknown Source)
	at java.lang.reflect.Constructor.newInstance(Unknown Source)
	at org.openqa.selenium.remote.ErrorHandler.createThrowable(ErrorHandler.java:206)
	at org.openqa.selenium.remote.ErrorHandler.throwIfResponseFailed(ErrorHandler.java:158)
	at org.openqa.selenium.remote.RemoteWebDriver.execute(RemoteWebDriver.java:647)
	at org.openqa.selenium.remote.RemoteWebElement.execute(RemoteWebElement.java:326)
	at org.openqa.selenium.remote.RemoteWebElement.click(RemoteWebElement.java:84)
	at sun.reflect.NativeMethodAccessorImpl.invoke0(Native Method)
	at sun.reflect.NativeMethodAccessorImpl.invoke(Unknown Source)
	at sun.reflect.DelegatingMethodAccessorImpl.invoke(Unknown Source)
	at java.lang.reflect.Method.invoke(Unknown Source)
	at org.openqa.selenium.support.events.EventFiringWebDriver$EventFiringWebElement$1.invoke(EventFiringWebDriver.java:334)
	at com.sun.proxy.$Proxy15.click(Unknown Source)
	at org.openqa.selenium.support.events.EventFiringWebDriver$EventFiringWebElement.click(EventFiringWebDriver.java:347)
	at sun.reflect.NativeMethodAccessorImpl.invoke0(Native Method)
	at sun.reflect.NativeMethodAccessorImpl.invoke(Unknown Source)
	at sun.reflect.DelegatingMethodAccessorImpl.invoke(Unknown Source)
	at java.lang.reflect.Method.invoke(Unknown Source)
	at org.openqa.selenium.support.pagefactory.internal.LocatingElementHandler.invoke(LocatingElementHandler.java:51)
	at com.sun.proxy.$Proxy13.click(Unknown Source)
	at com.perficient.test.cat.catinspectweb.util.FunctionUtil.click(FunctionUtil.java:319)
	at com.perficient.test.cat.catinspectweb.util.CustomizedFunctionUtil.click(CustomizedFunctionUtil.java:20)
	at com.perficient.test.cat.catinspectweb.testcase.debug.TC2908_CheckFormExistAfterPublished.Verify_TC2623_ViewHelpFileAfterAdded(TC2908_CheckFormExistAfterPublished.java:54)
	at sun.reflect.NativeMethodAccessorImpl.invoke0(Native Method)
	at sun.reflect.NativeMethodAccessorImpl.invoke(Unknown Source)
	at sun.reflect.DelegatingMethodAccessorImpl.invoke(Unknown Source)
	at java.lang.reflect.Method.invoke(Unknown Source)
	at org.testng.internal.MethodInvocationHelper.invokeMethod(MethodInvocationHelper.java:84)
	at org.testng.internal.Invoker.invokeMethod(Invoker.java:714)
	at org.testng.internal.Invoker.invokeTestMethod(Invoker.java:901)
	at org.testng.internal.Invoker.invokeTestMethods(Invoker.java:1231)
	at org.testng.internal.TestMethodWorker.invokeTestMethods(TestMethodWorker.java:127)
	at org.testng.internal.TestMethodWorker.run(TestMethodWorker.java:111)
	at org.testng.TestRunner.privateRun(TestRunner.java:767)
	at org.testng.TestRunner.run(TestRunner.java:617)
	at org.testng.SuiteRunner.runTest(SuiteRunner.java:348)
	at org.testng.SuiteRunner.runSequentially(SuiteRunner.java:343)
	at org.testng.SuiteRunner.privateRun(SuiteRunner.java:305)
	at org.testng.SuiteRunner.run(SuiteRunner.java:254)
	at org.testng.SuiteRunnerWorker.runSuite(SuiteRunnerWorker.java:52)
	at org.testng.SuiteRunnerWorker.run(SuiteRunnerWorker.java:86)
	at org.testng.TestNG.runSuitesSequentially(TestNG.java:1224)
	at org.testng.TestNG.runSuitesLocally(TestNG.java:1149)
	at org.testng.TestNG.run(TestNG.java:1057)
	at org.testng.remote.AbstractRemoteTestNG.run(AbstractRemoteTestNG.java:114)
	at org.testng.remote.RemoteTestNG.initAndRun(RemoteTestNG.java:251)
	at org.testng.remote.RemoteTestNG.main(RemoteTestNG.java:77)
[18/01/16 10:20:21][INFO][com.perficient.test.cat.catinspectweb.util.CustomAssertion-428] .\errorImages\20180116102021.png
[18/01/16 10:20:21][INFO][com.perficient.test.cat.catinspectweb.util.CustomAssertion-451] StackTrace 0 is: java.lang.Thread.getStackTrace(Unknown Source)
[18/01/16 10:20:21][INFO][com.perficient.test.cat.catinspectweb.util.CustomAssertion-452] LineNumber for 0 stack trace is: -1
[18/01/16 10:20:21][INFO][com.perficient.test.cat.catinspectweb.util.CustomAssertion-451] StackTrace 1 is: com.perficient.test.cat.catinspectweb.util.CustomAssertion.logStackTraceInfo(CustomAssertion.java:451)
[18/01/16 10:20:21][INFO][com.perficient.test.cat.catinspectweb.util.CustomAssertion-452] LineNumber for 1 stack trace is: 452
[18/01/16 10:20:21][INFO][com.perficient.test.cat.catinspectweb.util.CustomAssertion-451] StackTrace 2 is: com.perficient.test.cat.catinspectweb.util.CustomAssertion.printError(CustomAssertion.java:429)
[18/01/16 10:20:21][INFO][com.perficient.test.cat.catinspectweb.util.CustomAssertion-452] LineNumber for 2 stack trace is: 429
[18/01/16 10:20:21][INFO][com.perficient.test.cat.catinspectweb.util.CustomAssertion-451] StackTrace 3 is: com.perficient.test.cat.catinspectweb.util.TestCaseBase.afterMethod(TestCaseBase.java:206)
[18/01/16 10:20:21][INFO][com.perficient.test.cat.catinspectweb.util.CustomAssertion-452] LineNumber for 3 stack trace is: 206
[18/01/16 10:20:21][INFO][com.perficient.test.cat.catinspectweb.util.CustomAssertion-451] StackTrace 4 is: sun.reflect.NativeMethodAccessorImpl.invoke0(Native Method)
[18/01/16 10:20:21][INFO][com.perficient.test.cat.catinspectweb.util.CustomAssertion-452] LineNumber for 4 stack trace is: -2
[18/01/16 10:20:21][INFO][com.perficient.test.cat.catinspectweb.util.CustomAssertion-451] StackTrace 5 is: sun.reflect.NativeMethodAccessorImpl.invoke(Unknown Source)
[18/01/16 10:20:21][INFO][com.perficient.test.cat.catinspectweb.util.CustomAssertion-452] LineNumber for 5 stack trace is: -1
[18/01/16 10:20:21][INFO][com.perficient.test.cat.catinspectweb.util.CustomAssertion-451] StackTrace 6 is: sun.reflect.DelegatingMethodAccessorImpl.invoke(Unknown Source)
[18/01/16 10:20:21][INFO][com.perficient.test.cat.catinspectweb.util.CustomAssertion-452] LineNumber for 6 stack trace is: -1
[18/01/16 10:20:21][INFO][com.perficient.test.cat.catinspectweb.util.CustomAssertion-455] StackTrace for Assert is: com.perficient.test.cat.catinspectweb.util.TestCaseBase.afterMethod(TestCaseBase.java:206)
[18/01/16 10:20:21][INFO][com.perficient.test.cat.catinspectweb.util.CustomAssertion-456] Assert LineNumber is: 206
[18/01/16 10:22:29][INFO][com.perficient.test.cat.catinspectweb.util.TestCaseBase-63] 20180116102229
[18/01/16 10:22:34][INFO][com.perficient.test.cat.catinspectweb.util.TestCaseBase-79] Before Deletion
[18/01/16 10:22:34][INFO][com.perficient.test.cat.catinspectweb.util.FunctionUtil-115] 20180116102021.png
[18/01/16 10:22:34][INFO][com.perficient.test.cat.catinspectweb.util.TestCaseBase-84] File is moved successful!
[18/01/16 10:22:56][ERROR][com.perficient.test.cat.catinspectweb.util.TestCaseBase-196] Driver have quited by other thread or by hand.
[18/01/16 10:23:10][INFO][com.perficient.test.cat.catinspectweb.util.TestCaseBase-63] 20180116102310
[18/01/16 10:23:15][INFO][com.perficient.test.cat.catinspectweb.util.TestCaseBase-79] Before Deletion
[18/01/16 10:23:15][INFO][com.perficient.test.cat.catinspectweb.util.TestCaseBase-84] File is moved successful!
[18/01/16 10:23:21][INFO][com.perficient.test.cat.catinspectweb.util.LogWebDriverEventListener-20] WebDriver navigating to:'https://catinspectweb-qa.cat.com/'
[18/01/16 10:24:21][INFO][com.perficient.test.cat.catinspectweb.util.LogWebDriverEventListener-30] WebDriver changing value in element found By.xpath: //input[@id='cwsUID'] from '' to ''
[18/01/16 10:24:21][INFO][com.perficient.test.cat.catinspectweb.util.LogWebDriverEventListener-30] WebDriver changing value in element found By.xpath: //input[@id='cwsUID'] from '' to 'zhangc42'
[18/01/16 10:24:21][INFO][com.perficient.test.cat.catinspectweb.util.LogWebDriverEventListener-30] WebDriver changing value in element found By.xpath: //input[@id='cwsPwd'] from '' to ''
[18/01/16 10:24:21][INFO][com.perficient.test.cat.catinspectweb.util.LogWebDriverEventListener-30] WebDriver changing value in element found By.xpath: //input[@id='cwsPwd'] from '' to 'Zhh131109zhh'
[18/01/16 10:24:21][INFO][com.perficient.test.cat.catinspectweb.util.LogWebDriverEventListener-63] Click the element found By.xpath: //input[@id='submitButton']
[18/01/16 10:24:26][INFO][com.perficient.test.cat.catinspectweb.util.LogWebDriverEventListener-63] Click the element found By.xpath: //span[@class='create']
[18/01/16 10:24:27][INFO][com.perficient.test.cat.catinspectweb.util.LogWebDriverEventListener-30] WebDriver changing value in element found By.xpath: //input[@id='formName'] from '' to ''
[18/01/16 10:24:27][INFO][com.perficient.test.cat.catinspectweb.util.LogWebDriverEventListener-30] WebDriver changing value in element found By.xpath: //input[@id='formName'] from '' to 'GDC Form 618'
[18/01/16 10:24:27][INFO][com.perficient.test.cat.catinspectweb.util.LogWebDriverEventListener-63] Click the element found By.xpath: //Select[@id='formType']
[18/01/16 10:24:28][INFO][com.perficient.test.cat.catinspectweb.util.LogWebDriverEventListener-63] Click the element found By.xpath: //Select[@id='formType']
[18/01/16 10:24:30][INFO][com.perficient.test.cat.catinspectweb.util.FunctionUtil-1525] [CCR, Component D&A, Daily, Dealer Process, Field Follow, GET, Hydraulics, Legal, Monthly, PDI, PM, PM Checklist, PSSR, TA1, TA2, Validation, Weekly, Yearly]The original array list
[18/01/16 10:24:30][INFO][com.perficient.test.cat.catinspectweb.util.FunctionUtil-1541] [CCR, Component D&A, Daily, Dealer Process, Field Follow, GET, Hydraulics, Legal, Monthly, PDI, PM, PM Checklist, PSSR, TA1, TA2, Validation, Weekly, Yearly]The alphabetical order array list after sort
[18/01/16 10:24:33][INFO][com.perficient.test.cat.catinspectweb.util.LogWebDriverEventListener-63] Click the element found By.xpath: //Select[@id='formType']
[18/01/16 10:24:35][INFO][com.perficient.test.cat.catinspectweb.util.LogWebDriverEventListener-63] Click the element found By.tagName: option
[18/01/16 10:24:35][INFO][com.perficient.test.cat.catinspectweb.util.LogWebDriverEventListener-63] Click the element found By.xpath: //select[@id='formFamily']
[18/01/16 10:24:35][INFO][com.perficient.test.cat.catinspectweb.util.LogWebDriverEventListener-63] Click the element found By.xpath: //select[@id='formFamily']
[18/01/16 10:24:38][INFO][com.perficient.test.cat.catinspectweb.util.FunctionUtil-1525] [ARTICULATED DUMP TRUCK, ASPHALT PAVER, AUTOMATIC TRANSFER SWITCH, BACKHOE LOADERS, CHALLENGER, COLD PLANER, COMBINE, COMPACT TRACK LOADER, COMPACT WHEEL LOADER, CONTINUOUS MINER, CRANE, DRAGLINE, DRILLING, EARTHMOVING COMPACTOR, ELECTRIC ROPE SHOVEL, ENGINE - GAS COMPRESSION, ENGINE - GENERATOR SET, ENGINE - INDUSTRIAL, ENGINE - MACHINE, ENGINE - MARINE, ENGINE - RAIL, ENGINE - TRUCK, ENGINEER SUPPORT TRACTOR, EXCAVATORS, EXPANDED MINING, FAMILY-ALL, FOREST PRODUCTS, FORKLIFT, GENERATOR, HYDRAULIC SHOVEL, INTEGRATED TOOLCARRIER, KNUCKLEBOOM LOADER, LANDFILL COMPACTOR, LOAD, HAUL, DUMP, LONGWALL COMPONENT, MACHINE CONTROL AND GUIDANCE PRODUCTS, MATERIAL HANDLER, MINI HYDRAULIC EXCAVATOR, MOTOR GRADER, MULTI-TERRAIN LOADERS, OEM SOLUTIONS, OFF-HIGHWAY TRUCK, OHT AND TRACTORS-AT, ON HIGHWAY TRUCK, PAVING COMPACTORS, PETROLEUM PRODUCTS, PIPELAYER, ROAD RECLAIMER, SKID STEER LOADER, SWITCHGEAR, TELEHANDLER, TILLAGE, TRACK-TYPE LOADER, TRACK-TYPE SKIDDER, TRACK-TYPE TRACTOR, UNDERGROUND ARTICULATED TRUCK, UPS, UTILITY VEHICLE, WHEEL DOZER, WHEEL FELLER BUNCHER, WHEEL LOADERS - ITC, WHEEL TRACTOR-SCRAPER, WHEEL-TYPE LOADER, WHEEL-TYPE SKIDDER, WORK TOOL]The original array list
[18/01/16 10:24:38][INFO][com.perficient.test.cat.catinspectweb.util.FunctionUtil-1541] [ARTICULATED DUMP TRUCK, ASPHALT PAVER, AUTOMATIC TRANSFER SWITCH, BACKHOE LOADERS, CHALLENGER, COLD PLANER, COMBINE, COMPACT TRACK LOADER, COMPACT WHEEL LOADER, CONTINUOUS MINER, CRANE, DRAGLINE, DRILLING, EARTHMOVING COMPACTOR, ELECTRIC ROPE SHOVEL, ENGINE - GAS COMPRESSION, ENGINE - GENERATOR SET, ENGINE - INDUSTRIAL, ENGINE - MACHINE, ENGINE - MARINE, ENGINE - RAIL, ENGINE - TRUCK, ENGINEER SUPPORT TRACTOR, EXCAVATORS, EXPANDED MINING, FAMILY-ALL, FOREST PRODUCTS, FORKLIFT, GENERATOR, HYDRAULIC SHOVEL, INTEGRATED TOOLCARRIER, KNUCKLEBOOM LOADER, LANDFILL COMPACTOR, LOAD, HAUL, DUMP, LONGWALL COMPONENT, MACHINE CONTROL AND GUIDANCE PRODUCTS, MATERIAL HANDLER, MINI HYDRAULIC EXCAVATOR, MOTOR GRADER, MULTI-TERRAIN LOADERS, OEM SOLUTIONS, OFF-HIGHWAY TRUCK, OHT AND TRACTORS-AT, ON HIGHWAY TRUCK, PAVING COMPACTORS, PETROLEUM PRODUCTS, PIPELAYER, ROAD RECLAIMER, SKID STEER LOADER, SWITCHGEAR, TELEHANDLER, TILLAGE, TRACK-TYPE LOADER, TRACK-TYPE SKIDDER, TRACK-TYPE TRACTOR, UNDERGROUND ARTICULATED TRUCK, UPS, UTILITY VEHICLE, WHEEL DOZER, WHEEL FELLER BUNCHER, WHEEL LOADERS - ITC, WHEEL TRACTOR-SCRAPER, WHEEL-TYPE LOADER, WHEEL-TYPE SKIDDER, WORK TOOL]The alphabetical order array list after sort
[18/01/16 10:24:38][INFO][com.perficient.test.cat.catinspectweb.util.LogWebDriverEventListener-30] WebDriver changing value in element found By.xpath: //input[@id='serialPrefix'] from '' to ''
[18/01/16 10:24:38][INFO][com.perficient.test.cat.catinspectweb.util.LogWebDriverEventListener-30] WebDriver changing value in element found By.xpath: //input[@id='serialPrefix'] from '' to '618'
[18/01/16 10:24:39][INFO][com.perficient.test.cat.catinspectweb.util.LogWebDriverEventListener-63] Click the element found By.xpath: //a[@title='Next']
[18/01/16 10:24:39][INFO][com.perficient.test.cat.catinspectweb.util.LogWebDriverEventListener-30] WebDriver changing value in element found By.xpath: //input[@name='addCat'] from '' to ''
[18/01/16 10:24:39][INFO][com.perficient.test.cat.catinspectweb.util.LogWebDriverEventListener-30] WebDriver changing value in element found By.xpath: //input[@name='addCat'] from '' to 'C1'
[18/01/16 10:24:39][INFO][com.perficient.test.cat.catinspectweb.util.LogWebDriverEventListener-63] Click the element found By.xpath: //span[@class = 'input-group-btn']
[18/01/16 10:24:39][INFO][com.perficient.test.cat.catinspectweb.util.LogWebDriverEventListener-63] Click the element found By.xpath: //a[@title='Next']
[18/01/16 10:24:40][INFO][com.perficient.test.cat.catinspectweb.util.LogWebDriverEventListener-63] Click the element found By.xpath: //div[@class = 'cat_add_block']
[18/01/16 10:24:40][INFO][com.perficient.test.cat.catinspectweb.util.LogWebDriverEventListener-30] WebDriver changing value in element found By.xpath: //textarea[@name= 'ques'] from '' to ''
[18/01/16 10:24:40][INFO][com.perficient.test.cat.catinspectweb.util.LogWebDriverEventListener-30] WebDriver changing value in element found By.xpath: //textarea[@name= 'ques'] from '' to 'Question 1'
[18/01/16 10:24:41][INFO][com.perficient.test.cat.catinspectweb.util.LogWebDriverEventListener-101] Click on the element find By.xpath: //div[@class = 'item' and contains(text(),'1-5 Satisfaction')] by javascript
[18/01/16 10:24:42][INFO][com.perficient.test.cat.catinspectweb.util.LogWebDriverEventListener-63] Click the element found By.xpath: //i[@class  = 'fa fa-floppy-o fa-2x']
[18/01/16 10:24:43][INFO][com.perficient.test.cat.catinspectweb.util.LogWebDriverEventListener-63] Click the element found By.xpath: //a[@title='Next']
[18/01/16 10:24:43][INFO][com.perficient.test.cat.catinspectweb.util.LogWebDriverEventListener-63] Click the element found By.xpath: //div[@class='pull-right cat_process form-creation-heading']//a[@title='Publish']
[18/01/16 10:24:43][INFO][com.perficient.test.cat.catinspectweb.util.LogWebDriverEventListener-63] Click the element found By.xpath: //button[@class ='btn btn-danger' ]
[18/01/16 10:24:43][INFO][com.perficient.test.cat.catinspectweb.util.LogWebDriverEventListener-63] Click the element found By.xpath: //div[@class='pull-right cat_process form-creation-heading']//a[@title='Publish']
[18/01/16 10:24:44][INFO][com.perficient.test.cat.catinspectweb.util.LogWebDriverEventListener-63] Click the element found By.xpath: //button[@class = 'btn btn-success']
[18/01/16 10:24:47][INFO][com.perficient.test.cat.catinspectweb.util.LogWebDriverEventListener-63] Click the element found By.xpath: //button[@class = 'btn btn-success']
[18/01/16 10:24:47][INFO][com.perficient.test.cat.catinspectweb.util.LogWebDriverEventListener-63] Click the element found By.xpath: //span[@class='manage_form']
[18/01/16 10:24:47][INFO][com.perficient.test.cat.catinspectweb.util.LogWebDriverEventListener-63] Click the element found By.xpath: //div[@class='col-xs-6 cat_right_border']//select[contains(@class,'cat_status_select')]
[18/01/16 10:24:47][INFO][com.perficient.test.cat.catinspectweb.util.LogWebDriverEventListener-63] Click the element found By.xpath: //div[@class='col-xs-6 cat_right_border']/select/option
[18/01/16 10:24:48][INFO][com.perficient.test.cat.catinspectweb.util.LogWebDriverEventListener-30] WebDriver changing value in element found By.xpath: //input[@placeholder = 'Serial Number Prefix'] from '' to ''
[18/01/16 10:24:48][INFO][com.perficient.test.cat.catinspectweb.util.LogWebDriverEventListener-30] WebDriver changing value in element found By.xpath: //input[@placeholder = 'Serial Number Prefix'] from '' to '618'
[18/01/16 10:24:48][INFO][com.perficient.test.cat.catinspectweb.util.LogWebDriverEventListener-63] Click the element found By.xpath: //span[@class='glyphicon glyphicon-search']
[18/01/16 13:26:02][INFO][com.perficient.test.cat.catinspectweb.util.TestCaseBase-63] 20180116132602
[18/01/16 13:26:07][INFO][com.perficient.test.cat.catinspectweb.util.TestCaseBase-79] Before Deletion
[18/01/16 13:26:07][INFO][com.perficient.test.cat.catinspectweb.util.TestCaseBase-84] File is moved successful!
[18/01/16 13:26:14][INFO][com.perficient.test.cat.catinspectweb.util.LogWebDriverEventListener-20] WebDriver navigating to:'https://catinspectweb-qa.cat.com/'
[18/01/16 13:27:28][INFO][com.perficient.test.cat.catinspectweb.util.LogWebDriverEventListener-30] WebDriver changing value in element found By.xpath: //input[@id='cwsUID'] from '' to ''
[18/01/16 13:27:29][INFO][com.perficient.test.cat.catinspectweb.util.LogWebDriverEventListener-30] WebDriver changing value in element found By.xpath: //input[@id='cwsUID'] from '' to 'zhangc42'
[18/01/16 13:27:29][INFO][com.perficient.test.cat.catinspectweb.util.LogWebDriverEventListener-30] WebDriver changing value in element found By.xpath: //input[@id='cwsPwd'] from '' to ''
[18/01/16 13:27:29][INFO][com.perficient.test.cat.catinspectweb.util.LogWebDriverEventListener-30] WebDriver changing value in element found By.xpath: //input[@id='cwsPwd'] from '' to 'Zhh131109zhh'
[18/01/16 13:27:29][INFO][com.perficient.test.cat.catinspectweb.util.LogWebDriverEventListener-63] Click the element found By.xpath: //input[@id='submitButton']
[18/01/16 13:27:56][INFO][com.perficient.test.cat.catinspectweb.util.LogWebDriverEventListener-63] Click the element found By.xpath: //span[@class='advSearch']
[18/01/16 13:28:27][INFO][com.perficient.test.cat.catinspectweb.util.CustomAssertion-428] .\errorImages\20180116132827.png
[18/01/16 13:28:27][INFO][com.perficient.test.cat.catinspectweb.util.CustomAssertion-451] StackTrace 0 is: java.lang.Thread.getStackTrace(Unknown Source)
[18/01/16 13:28:27][INFO][com.perficient.test.cat.catinspectweb.util.CustomAssertion-452] LineNumber for 0 stack trace is: -1
[18/01/16 13:28:27][INFO][com.perficient.test.cat.catinspectweb.util.CustomAssertion-451] StackTrace 1 is: com.perficient.test.cat.catinspectweb.util.CustomAssertion.logStackTraceInfo(CustomAssertion.java:451)
[18/01/16 13:28:27][INFO][com.perficient.test.cat.catinspectweb.util.CustomAssertion-452] LineNumber for 1 stack trace is: 452
[18/01/16 13:28:27][INFO][com.perficient.test.cat.catinspectweb.util.CustomAssertion-451] StackTrace 2 is: com.perficient.test.cat.catinspectweb.util.CustomAssertion.printError(CustomAssertion.java:429)
[18/01/16 13:28:27][INFO][com.perficient.test.cat.catinspectweb.util.CustomAssertion-452] LineNumber for 2 stack trace is: 429
[18/01/16 13:28:27][INFO][com.perficient.test.cat.catinspectweb.util.CustomAssertion-451] StackTrace 3 is: com.perficient.test.cat.catinspectweb.util.TestCaseBase.afterMethod(TestCaseBase.java:206)
[18/01/16 13:28:27][INFO][com.perficient.test.cat.catinspectweb.util.CustomAssertion-452] LineNumber for 3 stack trace is: 206
[18/01/16 13:28:27][INFO][com.perficient.test.cat.catinspectweb.util.CustomAssertion-451] StackTrace 4 is: sun.reflect.NativeMethodAccessorImpl.invoke0(Native Method)
[18/01/16 13:28:27][INFO][com.perficient.test.cat.catinspectweb.util.CustomAssertion-452] LineNumber for 4 stack trace is: -2
[18/01/16 13:28:27][INFO][com.perficient.test.cat.catinspectweb.util.CustomAssertion-451] StackTrace 5 is: sun.reflect.NativeMethodAccessorImpl.invoke(Unknown Source)
[18/01/16 13:28:27][INFO][com.perficient.test.cat.catinspectweb.util.CustomAssertion-452] LineNumber for 5 stack trace is: -1
[18/01/16 13:28:27][INFO][com.perficient.test.cat.catinspectweb.util.CustomAssertion-451] StackTrace 6 is: sun.reflect.DelegatingMethodAccessorImpl.invoke(Unknown Source)
[18/01/16 13:28:27][INFO][com.perficient.test.cat.catinspectweb.util.CustomAssertion-452] LineNumber for 6 stack trace is: -1
[18/01/16 13:28:27][INFO][com.perficient.test.cat.catinspectweb.util.CustomAssertion-455] StackTrace for Assert is: com.perficient.test.cat.catinspectweb.util.TestCaseBase.afterMethod(TestCaseBase.java:206)
[18/01/16 13:28:27][INFO][com.perficient.test.cat.catinspectweb.util.CustomAssertion-456] Assert LineNumber is: 206
[18/01/16 13:30:50][INFO][com.perficient.test.cat.catinspectweb.util.TestCaseBase-63] 20180116133050
[18/01/16 13:30:55][INFO][com.perficient.test.cat.catinspectweb.util.TestCaseBase-79] Before Deletion
[18/01/16 13:30:55][INFO][com.perficient.test.cat.catinspectweb.util.FunctionUtil-115] 20180116132827.png
[18/01/16 13:30:55][INFO][com.perficient.test.cat.catinspectweb.util.TestCaseBase-84] File is moved successful!
[18/01/16 13:31:02][INFO][com.perficient.test.cat.catinspectweb.util.LogWebDriverEventListener-20] WebDriver navigating to:'https://catinspectweb-qa.cat.com/'
[18/01/16 13:32:11][INFO][com.perficient.test.cat.catinspectweb.util.LogWebDriverEventListener-30] WebDriver changing value in element found By.xpath: //input[@id='cwsUID'] from '' to ''
[18/01/16 13:32:11][INFO][com.perficient.test.cat.catinspectweb.util.LogWebDriverEventListener-30] WebDriver changing value in element found By.xpath: //input[@id='cwsUID'] from '' to 'zhangc42'
[18/01/16 13:32:11][INFO][com.perficient.test.cat.catinspectweb.util.LogWebDriverEventListener-30] WebDriver changing value in element found By.xpath: //input[@id='cwsPwd'] from '' to ''
[18/01/16 13:32:11][INFO][com.perficient.test.cat.catinspectweb.util.LogWebDriverEventListener-30] WebDriver changing value in element found By.xpath: //input[@id='cwsPwd'] from '' to 'Zhh131109zhh'
[18/01/16 13:32:12][INFO][com.perficient.test.cat.catinspectweb.util.LogWebDriverEventListener-63] Click the element found By.xpath: //input[@id='submitButton']
[18/01/16 13:32:38][INFO][com.perficient.test.cat.catinspectweb.util.LogWebDriverEventListener-63] Click the element found By.xpath: //span[@class='advSearch']
[18/01/16 13:32:39][ERROR][com.perficient.test.cat.catinspectweb.util.LogWebDriverEventListener-45] WebDriver error:
org.openqa.selenium.InvalidElementStateException: invalid element state: Element is not currently interactable and may not be manipulated
  (Session info: chrome=62.0.3202.89)
  (Driver info: chromedriver=2.33.506120 (e3e53437346286c0bc2d2dc9aa4915ba81d9023f),platform=Windows NT 6.1.7601 SP1 x86_64) (WARNING: The server did not provide any stacktrace information)
Command duration or timeout: 48 milliseconds
Build info: version: '2.48.2', revision: '41bccdd10cf2c0560f637404c2d96164b67d9d67', time: '2015-10-09 13:08:06'
System info: host: 'H2600-0463L', ip: '10.2.7.14', os.name: 'Windows 7', os.arch: 'amd64', os.version: '6.1', java.version: '1.8.0_151'
Driver info: org.openqa.selenium.chrome.ChromeDriver
Capabilities [{applicationCacheEnabled=false, rotatable=false, mobileEmulationEnabled=false, networkConnectionEnabled=false, chrome={chromedriverVersion=2.33.506120 (e3e53437346286c0bc2d2dc9aa4915ba81d9023f), userDataDir=C:\Users\herby.he\AppData\Local\Temp\scoped_dir11060_30809}, takesHeapSnapshot=true, pageLoadStrategy=normal, databaseEnabled=false, handlesAlerts=true, hasTouchScreen=false, version=62.0.3202.89, platform=XP, browserConnectionEnabled=false, nativeEvents=true, acceptSslCerts=true, locationContextEnabled=true, webStorageEnabled=true, browserName=chrome, takesScreenshot=true, javascriptEnabled=true, cssSelectorsEnabled=true, setWindowRect=true, unexpectedAlertBehaviour=}]
Session ID: 25d6e1bb7c868895195cb1e822d4ea4d
	at sun.reflect.NativeConstructorAccessorImpl.newInstance0(Native Method)
	at sun.reflect.NativeConstructorAccessorImpl.newInstance(Unknown Source)
	at sun.reflect.DelegatingConstructorAccessorImpl.newInstance(Unknown Source)
	at java.lang.reflect.Constructor.newInstance(Unknown Source)
	at org.openqa.selenium.remote.ErrorHandler.createThrowable(ErrorHandler.java:206)
	at org.openqa.selenium.remote.ErrorHandler.throwIfResponseFailed(ErrorHandler.java:158)
	at org.openqa.selenium.remote.RemoteWebDriver.execute(RemoteWebDriver.java:647)
	at org.openqa.selenium.remote.RemoteWebElement.execute(RemoteWebElement.java:326)
	at org.openqa.selenium.remote.RemoteWebElement.clear(RemoteWebElement.java:139)
	at sun.reflect.NativeMethodAccessorImpl.invoke0(Native Method)
	at sun.reflect.NativeMethodAccessorImpl.invoke(Unknown Source)
	at sun.reflect.DelegatingMethodAccessorImpl.invoke(Unknown Source)
	at java.lang.reflect.Method.invoke(Unknown Source)
	at org.openqa.selenium.support.events.EventFiringWebDriver$EventFiringWebElement$1.invoke(EventFiringWebDriver.java:334)
	at com.sun.proxy.$Proxy15.clear(Unknown Source)
	at org.openqa.selenium.support.events.EventFiringWebDriver$EventFiringWebElement.clear(EventFiringWebDriver.java:363)
	at sun.reflect.NativeMethodAccessorImpl.invoke0(Native Method)
	at sun.reflect.NativeMethodAccessorImpl.invoke(Unknown Source)
	at sun.reflect.DelegatingMethodAccessorImpl.invoke(Unknown Source)
	at java.lang.reflect.Method.invoke(Unknown Source)
	at org.openqa.selenium.support.pagefactory.internal.LocatingElementHandler.invoke(LocatingElementHandler.java:51)
	at com.sun.proxy.$Proxy13.clear(Unknown Source)
	at com.perficient.test.cat.catinspectweb.util.FunctionUtil.input(FunctionUtil.java:228)
	at com.perficient.test.cat.catinspectweb.testcase.debug.TC2914_SearchBySN.Verify_TC2623_ViewHelpFileAfterAdded(TC2914_SearchBySN.java:47)
	at sun.reflect.NativeMethodAccessorImpl.invoke0(Native Method)
	at sun.reflect.NativeMethodAccessorImpl.invoke(Unknown Source)
	at sun.reflect.DelegatingMethodAccessorImpl.invoke(Unknown Source)
	at java.lang.reflect.Method.invoke(Unknown Source)
	at org.testng.internal.MethodInvocationHelper.invokeMethod(MethodInvocationHelper.java:84)
	at org.testng.internal.Invoker.invokeMethod(Invoker.java:714)
	at org.testng.internal.Invoker.invokeTestMethod(Invoker.java:901)
	at org.testng.internal.Invoker.invokeTestMethods(Invoker.java:1231)
	at org.testng.internal.TestMethodWorker.invokeTestMethods(TestMethodWorker.java:127)
	at org.testng.internal.TestMethodWorker.run(TestMethodWorker.java:111)
	at org.testng.TestRunner.privateRun(TestRunner.java:767)
	at org.testng.TestRunner.run(TestRunner.java:617)
	at org.testng.SuiteRunner.runTest(SuiteRunner.java:348)
	at org.testng.SuiteRunner.runSequentially(SuiteRunner.java:343)
	at org.testng.SuiteRunner.privateRun(SuiteRunner.java:305)
	at org.testng.SuiteRunner.run(SuiteRunner.java:254)
	at org.testng.SuiteRunnerWorker.runSuite(SuiteRunnerWorker.java:52)
	at org.testng.SuiteRunnerWorker.run(SuiteRunnerWorker.java:86)
	at org.testng.TestNG.runSuitesSequentially(TestNG.java:1224)
	at org.testng.TestNG.runSuitesLocally(TestNG.java:1149)
	at org.testng.TestNG.run(TestNG.java:1057)
	at org.testng.remote.AbstractRemoteTestNG.run(AbstractRemoteTestNG.java:114)
	at org.testng.remote.RemoteTestNG.initAndRun(RemoteTestNG.java:251)
	at org.testng.remote.RemoteTestNG.main(RemoteTestNG.java:77)
[18/01/16 13:32:39][INFO][com.perficient.test.cat.catinspectweb.util.CustomAssertion-428] .\errorImages\20180116133239.png
[18/01/16 13:32:39][INFO][com.perficient.test.cat.catinspectweb.util.CustomAssertion-451] StackTrace 0 is: java.lang.Thread.getStackTrace(Unknown Source)
[18/01/16 13:32:39][INFO][com.perficient.test.cat.catinspectweb.util.CustomAssertion-452] LineNumber for 0 stack trace is: -1
[18/01/16 13:32:39][INFO][com.perficient.test.cat.catinspectweb.util.CustomAssertion-451] StackTrace 1 is: com.perficient.test.cat.catinspectweb.util.CustomAssertion.logStackTraceInfo(CustomAssertion.java:451)
[18/01/16 13:32:39][INFO][com.perficient.test.cat.catinspectweb.util.CustomAssertion-452] LineNumber for 1 stack trace is: 452
[18/01/16 13:32:39][INFO][com.perficient.test.cat.catinspectweb.util.CustomAssertion-451] StackTrace 2 is: com.perficient.test.cat.catinspectweb.util.CustomAssertion.printError(CustomAssertion.java:429)
[18/01/16 13:32:39][INFO][com.perficient.test.cat.catinspectweb.util.CustomAssertion-452] LineNumber for 2 stack trace is: 429
[18/01/16 13:32:39][INFO][com.perficient.test.cat.catinspectweb.util.CustomAssertion-451] StackTrace 3 is: com.perficient.test.cat.catinspectweb.util.TestCaseBase.afterMethod(TestCaseBase.java:206)
[18/01/16 13:32:39][INFO][com.perficient.test.cat.catinspectweb.util.CustomAssertion-452] LineNumber for 3 stack trace is: 206
[18/01/16 13:32:39][INFO][com.perficient.test.cat.catinspectweb.util.CustomAssertion-451] StackTrace 4 is: sun.reflect.NativeMethodAccessorImpl.invoke0(Native Method)
[18/01/16 13:32:39][INFO][com.perficient.test.cat.catinspectweb.util.CustomAssertion-452] LineNumber for 4 stack trace is: -2
[18/01/16 13:32:39][INFO][com.perficient.test.cat.catinspectweb.util.CustomAssertion-451] StackTrace 5 is: sun.reflect.NativeMethodAccessorImpl.invoke(Unknown Source)
[18/01/16 13:32:39][INFO][com.perficient.test.cat.catinspectweb.util.CustomAssertion-452] LineNumber for 5 stack trace is: -1
[18/01/16 13:32:39][INFO][com.perficient.test.cat.catinspectweb.util.CustomAssertion-451] StackTrace 6 is: sun.reflect.DelegatingMethodAccessorImpl.invoke(Unknown Source)
[18/01/16 13:32:39][INFO][com.perficient.test.cat.catinspectweb.util.CustomAssertion-452] LineNumber for 6 stack trace is: -1
[18/01/16 13:32:39][INFO][com.perficient.test.cat.catinspectweb.util.CustomAssertion-455] StackTrace for Assert is: com.perficient.test.cat.catinspectweb.util.TestCaseBase.afterMethod(TestCaseBase.java:206)
[18/01/16 13:32:39][INFO][com.perficient.test.cat.catinspectweb.util.CustomAssertion-456] Assert LineNumber is: 206
[18/01/16 13:34:53][INFO][com.perficient.test.cat.catinspectweb.util.TestCaseBase-63] 20180116133453
[18/01/16 13:34:58][INFO][com.perficient.test.cat.catinspectweb.util.TestCaseBase-79] Before Deletion
[18/01/16 13:34:58][INFO][com.perficient.test.cat.catinspectweb.util.FunctionUtil-115] 20180116133239.png
[18/01/16 13:34:58][INFO][com.perficient.test.cat.catinspectweb.util.TestCaseBase-84] File is moved successful!
[18/01/16 13:35:04][INFO][com.perficient.test.cat.catinspectweb.util.LogWebDriverEventListener-20] WebDriver navigating to:'https://catinspectweb-qa.cat.com/'
[18/01/16 13:36:15][INFO][com.perficient.test.cat.catinspectweb.util.LogWebDriverEventListener-30] WebDriver changing value in element found By.xpath: //input[@id='cwsUID'] from '' to ''
[18/01/16 13:36:15][INFO][com.perficient.test.cat.catinspectweb.util.LogWebDriverEventListener-30] WebDriver changing value in element found By.xpath: //input[@id='cwsUID'] from '' to 'zhangc42'
[18/01/16 13:36:15][INFO][com.perficient.test.cat.catinspectweb.util.LogWebDriverEventListener-30] WebDriver changing value in element found By.xpath: //input[@id='cwsPwd'] from '' to ''
[18/01/16 13:36:15][INFO][com.perficient.test.cat.catinspectweb.util.LogWebDriverEventListener-30] WebDriver changing value in element found By.xpath: //input[@id='cwsPwd'] from '' to 'Zhh131109zhh'
[18/01/16 13:36:15][INFO][com.perficient.test.cat.catinspectweb.util.LogWebDriverEventListener-63] Click the element found By.xpath: //input[@id='submitButton']
[18/01/16 13:36:43][INFO][com.perficient.test.cat.catinspectweb.util.LogWebDriverEventListener-63] Click the element found By.xpath: //span[@class='advSearch']
[18/01/16 13:36:47][ERROR][com.perficient.test.cat.catinspectweb.util.LogWebDriverEventListener-45] WebDriver error:
org.openqa.selenium.InvalidElementStateException: invalid element state: Element is not currently interactable and may not be manipulated
  (Session info: chrome=62.0.3202.89)
  (Driver info: chromedriver=2.33.506120 (e3e53437346286c0bc2d2dc9aa4915ba81d9023f),platform=Windows NT 6.1.7601 SP1 x86_64) (WARNING: The server did not provide any stacktrace information)
Command duration or timeout: 35 milliseconds
Build info: version: '2.48.2', revision: '41bccdd10cf2c0560f637404c2d96164b67d9d67', time: '2015-10-09 13:08:06'
System info: host: 'H2600-0463L', ip: '10.2.7.14', os.name: 'Windows 7', os.arch: 'amd64', os.version: '6.1', java.version: '1.8.0_151'
Driver info: org.openqa.selenium.chrome.ChromeDriver
Capabilities [{applicationCacheEnabled=false, rotatable=false, mobileEmulationEnabled=false, networkConnectionEnabled=false, chrome={chromedriverVersion=2.33.506120 (e3e53437346286c0bc2d2dc9aa4915ba81d9023f), userDataDir=C:\Users\herby.he\AppData\Local\Temp\scoped_dir13276_19892}, takesHeapSnapshot=true, pageLoadStrategy=normal, databaseEnabled=false, handlesAlerts=true, hasTouchScreen=false, version=62.0.3202.89, platform=XP, browserConnectionEnabled=false, nativeEvents=true, acceptSslCerts=true, locationContextEnabled=true, webStorageEnabled=true, browserName=chrome, takesScreenshot=true, javascriptEnabled=true, cssSelectorsEnabled=true, setWindowRect=true, unexpectedAlertBehaviour=}]
Session ID: 784728c37e74509c9554f5be33cb2ac1
	at sun.reflect.NativeConstructorAccessorImpl.newInstance0(Native Method)
	at sun.reflect.NativeConstructorAccessorImpl.newInstance(Unknown Source)
	at sun.reflect.DelegatingConstructorAccessorImpl.newInstance(Unknown Source)
	at java.lang.reflect.Constructor.newInstance(Unknown Source)
	at org.openqa.selenium.remote.ErrorHandler.createThrowable(ErrorHandler.java:206)
	at org.openqa.selenium.remote.ErrorHandler.throwIfResponseFailed(ErrorHandler.java:158)
	at org.openqa.selenium.remote.RemoteWebDriver.execute(RemoteWebDriver.java:647)
	at org.openqa.selenium.remote.RemoteWebElement.execute(RemoteWebElement.java:326)
	at org.openqa.selenium.remote.RemoteWebElement.clear(RemoteWebElement.java:139)
	at sun.reflect.NativeMethodAccessorImpl.invoke0(Native Method)
	at sun.reflect.NativeMethodAccessorImpl.invoke(Unknown Source)
	at sun.reflect.DelegatingMethodAccessorImpl.invoke(Unknown Source)
	at java.lang.reflect.Method.invoke(Unknown Source)
	at org.openqa.selenium.support.events.EventFiringWebDriver$EventFiringWebElement$1.invoke(EventFiringWebDriver.java:334)
	at com.sun.proxy.$Proxy15.clear(Unknown Source)
	at org.openqa.selenium.support.events.EventFiringWebDriver$EventFiringWebElement.clear(EventFiringWebDriver.java:363)
	at sun.reflect.NativeMethodAccessorImpl.invoke0(Native Method)
	at sun.reflect.NativeMethodAccessorImpl.invoke(Unknown Source)
	at sun.reflect.DelegatingMethodAccessorImpl.invoke(Unknown Source)
	at java.lang.reflect.Method.invoke(Unknown Source)
	at org.openqa.selenium.support.pagefactory.internal.LocatingElementHandler.invoke(LocatingElementHandler.java:51)
	at com.sun.proxy.$Proxy13.clear(Unknown Source)
	at com.perficient.test.cat.catinspectweb.util.FunctionUtil.input(FunctionUtil.java:228)
	at com.perficient.test.cat.catinspectweb.testcase.debug.TC2914_SearchBySN.Verify_TC2623_ViewHelpFileAfterAdded(TC2914_SearchBySN.java:48)
	at sun.reflect.NativeMethodAccessorImpl.invoke0(Native Method)
	at sun.reflect.NativeMethodAccessorImpl.invoke(Unknown Source)
	at sun.reflect.DelegatingMethodAccessorImpl.invoke(Unknown Source)
	at java.lang.reflect.Method.invoke(Unknown Source)
	at org.testng.internal.MethodInvocationHelper.invokeMethod(MethodInvocationHelper.java:84)
	at org.testng.internal.Invoker.invokeMethod(Invoker.java:714)
	at org.testng.internal.Invoker.invokeTestMethod(Invoker.java:901)
	at org.testng.internal.Invoker.invokeTestMethods(Invoker.java:1231)
	at org.testng.internal.TestMethodWorker.invokeTestMethods(TestMethodWorker.java:127)
	at org.testng.internal.TestMethodWorker.run(TestMethodWorker.java:111)
	at org.testng.TestRunner.privateRun(TestRunner.java:767)
	at org.testng.TestRunner.run(TestRunner.java:617)
	at org.testng.SuiteRunner.runTest(SuiteRunner.java:348)
	at org.testng.SuiteRunner.runSequentially(SuiteRunner.java:343)
	at org.testng.SuiteRunner.privateRun(SuiteRunner.java:305)
	at org.testng.SuiteRunner.run(SuiteRunner.java:254)
	at org.testng.SuiteRunnerWorker.runSuite(SuiteRunnerWorker.java:52)
	at org.testng.SuiteRunnerWorker.run(SuiteRunnerWorker.java:86)
	at org.testng.TestNG.runSuitesSequentially(TestNG.java:1224)
	at org.testng.TestNG.runSuitesLocally(TestNG.java:1149)
	at org.testng.TestNG.run(TestNG.java:1057)
	at org.testng.remote.AbstractRemoteTestNG.run(AbstractRemoteTestNG.java:114)
	at org.testng.remote.RemoteTestNG.initAndRun(RemoteTestNG.java:251)
	at org.testng.remote.RemoteTestNG.main(RemoteTestNG.java:77)
[18/01/16 13:36:47][INFO][com.perficient.test.cat.catinspectweb.util.CustomAssertion-428] .\errorImages\20180116133647.png
[18/01/16 13:36:47][INFO][com.perficient.test.cat.catinspectweb.util.CustomAssertion-451] StackTrace 0 is: java.lang.Thread.getStackTrace(Unknown Source)
[18/01/16 13:36:47][INFO][com.perficient.test.cat.catinspectweb.util.CustomAssertion-452] LineNumber for 0 stack trace is: -1
[18/01/16 13:36:47][INFO][com.perficient.test.cat.catinspectweb.util.CustomAssertion-451] StackTrace 1 is: com.perficient.test.cat.catinspectweb.util.CustomAssertion.logStackTraceInfo(CustomAssertion.java:451)
[18/01/16 13:36:47][INFO][com.perficient.test.cat.catinspectweb.util.CustomAssertion-452] LineNumber for 1 stack trace is: 452
[18/01/16 13:36:47][INFO][com.perficient.test.cat.catinspectweb.util.CustomAssertion-451] StackTrace 2 is: com.perficient.test.cat.catinspectweb.util.CustomAssertion.printError(CustomAssertion.java:429)
[18/01/16 13:36:47][INFO][com.perficient.test.cat.catinspectweb.util.CustomAssertion-452] LineNumber for 2 stack trace is: 429
[18/01/16 13:36:47][INFO][com.perficient.test.cat.catinspectweb.util.CustomAssertion-451] StackTrace 3 is: com.perficient.test.cat.catinspectweb.util.TestCaseBase.afterMethod(TestCaseBase.java:206)
[18/01/16 13:36:47][INFO][com.perficient.test.cat.catinspectweb.util.CustomAssertion-452] LineNumber for 3 stack trace is: 206
[18/01/16 13:36:47][INFO][com.perficient.test.cat.catinspectweb.util.CustomAssertion-451] StackTrace 4 is: sun.reflect.NativeMethodAccessorImpl.invoke0(Native Method)
[18/01/16 13:36:47][INFO][com.perficient.test.cat.catinspectweb.util.CustomAssertion-452] LineNumber for 4 stack trace is: -2
[18/01/16 13:36:47][INFO][com.perficient.test.cat.catinspectweb.util.CustomAssertion-451] StackTrace 5 is: sun.reflect.NativeMethodAccessorImpl.invoke(Unknown Source)
[18/01/16 13:36:47][INFO][com.perficient.test.cat.catinspectweb.util.CustomAssertion-452] LineNumber for 5 stack trace is: -1
[18/01/16 13:36:47][INFO][com.perficient.test.cat.catinspectweb.util.CustomAssertion-451] StackTrace 6 is: sun.reflect.DelegatingMethodAccessorImpl.invoke(Unknown Source)
[18/01/16 13:36:47][INFO][com.perficient.test.cat.catinspectweb.util.CustomAssertion-452] LineNumber for 6 stack trace is: -1
[18/01/16 13:36:47][INFO][com.perficient.test.cat.catinspectweb.util.CustomAssertion-455] StackTrace for Assert is: com.perficient.test.cat.catinspectweb.util.TestCaseBase.afterMethod(TestCaseBase.java:206)
[18/01/16 13:36:47][INFO][com.perficient.test.cat.catinspectweb.util.CustomAssertion-456] Assert LineNumber is: 206
[18/01/16 13:38:52][INFO][com.perficient.test.cat.catinspectweb.util.TestCaseBase-63] 20180116133852
[18/01/16 13:38:57][INFO][com.perficient.test.cat.catinspectweb.util.TestCaseBase-79] Before Deletion
[18/01/16 13:38:57][INFO][com.perficient.test.cat.catinspectweb.util.FunctionUtil-115] 20180116133647.png
[18/01/16 13:38:57][INFO][com.perficient.test.cat.catinspectweb.util.TestCaseBase-84] File is moved successful!
[18/01/16 13:39:03][INFO][com.perficient.test.cat.catinspectweb.util.LogWebDriverEventListener-20] WebDriver navigating to:'https://catinspectweb-qa.cat.com/'
[18/01/16 13:40:02][INFO][com.perficient.test.cat.catinspectweb.util.LogWebDriverEventListener-30] WebDriver changing value in element found By.xpath: //input[@id='cwsUID'] from '' to ''
[18/01/16 13:40:03][INFO][com.perficient.test.cat.catinspectweb.util.LogWebDriverEventListener-30] WebDriver changing value in element found By.xpath: //input[@id='cwsUID'] from '' to 'zhangc42'
[18/01/16 13:40:03][INFO][com.perficient.test.cat.catinspectweb.util.LogWebDriverEventListener-30] WebDriver changing value in element found By.xpath: //input[@id='cwsPwd'] from '' to ''
[18/01/16 13:40:03][INFO][com.perficient.test.cat.catinspectweb.util.LogWebDriverEventListener-30] WebDriver changing value in element found By.xpath: //input[@id='cwsPwd'] from '' to 'Zhh131109zhh'
[18/01/16 13:40:03][INFO][com.perficient.test.cat.catinspectweb.util.LogWebDriverEventListener-63] Click the element found By.xpath: //input[@id='submitButton']
[18/01/16 13:40:09][INFO][com.perficient.test.cat.catinspectweb.util.LogWebDriverEventListener-63] Click the element found By.xpath: //span[@class='advSearch']
[18/01/16 13:40:16][ERROR][com.perficient.test.cat.catinspectweb.util.LogWebDriverEventListener-45] WebDriver error:
org.openqa.selenium.InvalidElementStateException: invalid element state: Element is not currently interactable and may not be manipulated
  (Session info: chrome=62.0.3202.89)
  (Driver info: chromedriver=2.33.506120 (e3e53437346286c0bc2d2dc9aa4915ba81d9023f),platform=Windows NT 6.1.7601 SP1 x86_64) (WARNING: The server did not provide any stacktrace information)
Command duration or timeout: 43 milliseconds
Build info: version: '2.48.2', revision: '41bccdd10cf2c0560f637404c2d96164b67d9d67', time: '2015-10-09 13:08:06'
System info: host: 'H2600-0463L', ip: '10.2.7.14', os.name: 'Windows 7', os.arch: 'amd64', os.version: '6.1', java.version: '1.8.0_151'
Driver info: org.openqa.selenium.chrome.ChromeDriver
Capabilities [{applicationCacheEnabled=false, rotatable=false, mobileEmulationEnabled=false, networkConnectionEnabled=false, chrome={chromedriverVersion=2.33.506120 (e3e53437346286c0bc2d2dc9aa4915ba81d9023f), userDataDir=C:\Users\herby.he\AppData\Local\Temp\scoped_dir10964_13453}, takesHeapSnapshot=true, pageLoadStrategy=normal, databaseEnabled=false, handlesAlerts=true, hasTouchScreen=false, version=62.0.3202.89, platform=XP, browserConnectionEnabled=false, nativeEvents=true, acceptSslCerts=true, locationContextEnabled=true, webStorageEnabled=true, browserName=chrome, takesScreenshot=true, javascriptEnabled=true, cssSelectorsEnabled=true, setWindowRect=true, unexpectedAlertBehaviour=}]
Session ID: f092aef08c4fa1d065dbd83c6c9a1693
	at sun.reflect.NativeConstructorAccessorImpl.newInstance0(Native Method)
	at sun.reflect.NativeConstructorAccessorImpl.newInstance(Unknown Source)
	at sun.reflect.DelegatingConstructorAccessorImpl.newInstance(Unknown Source)
	at java.lang.reflect.Constructor.newInstance(Unknown Source)
	at org.openqa.selenium.remote.ErrorHandler.createThrowable(ErrorHandler.java:206)
	at org.openqa.selenium.remote.ErrorHandler.throwIfResponseFailed(ErrorHandler.java:158)
	at org.openqa.selenium.remote.RemoteWebDriver.execute(RemoteWebDriver.java:647)
	at org.openqa.selenium.remote.RemoteWebElement.execute(RemoteWebElement.java:326)
	at org.openqa.selenium.remote.RemoteWebElement.clear(RemoteWebElement.java:139)
	at sun.reflect.NativeMethodAccessorImpl.invoke0(Native Method)
	at sun.reflect.NativeMethodAccessorImpl.invoke(Unknown Source)
	at sun.reflect.DelegatingMethodAccessorImpl.invoke(Unknown Source)
	at java.lang.reflect.Method.invoke(Unknown Source)
	at org.openqa.selenium.support.events.EventFiringWebDriver$EventFiringWebElement$1.invoke(EventFiringWebDriver.java:334)
	at com.sun.proxy.$Proxy15.clear(Unknown Source)
	at org.openqa.selenium.support.events.EventFiringWebDriver$EventFiringWebElement.clear(EventFiringWebDriver.java:363)
	at sun.reflect.NativeMethodAccessorImpl.invoke0(Native Method)
	at sun.reflect.NativeMethodAccessorImpl.invoke(Unknown Source)
	at sun.reflect.DelegatingMethodAccessorImpl.invoke(Unknown Source)
	at java.lang.reflect.Method.invoke(Unknown Source)
	at org.openqa.selenium.support.pagefactory.internal.LocatingElementHandler.invoke(LocatingElementHandler.java:51)
	at com.sun.proxy.$Proxy13.clear(Unknown Source)
	at com.perficient.test.cat.catinspectweb.util.FunctionUtil.input(FunctionUtil.java:228)
	at com.perficient.test.cat.catinspectweb.testcase.debug.TC2914_SearchBySN.Verify_TC2623_ViewHelpFileAfterAdded(TC2914_SearchBySN.java:49)
	at sun.reflect.NativeMethodAccessorImpl.invoke0(Native Method)
	at sun.reflect.NativeMethodAccessorImpl.invoke(Unknown Source)
	at sun.reflect.DelegatingMethodAccessorImpl.invoke(Unknown Source)
	at java.lang.reflect.Method.invoke(Unknown Source)
	at org.testng.internal.MethodInvocationHelper.invokeMethod(MethodInvocationHelper.java:84)
	at org.testng.internal.Invoker.invokeMethod(Invoker.java:714)
	at org.testng.internal.Invoker.invokeTestMethod(Invoker.java:901)
	at org.testng.internal.Invoker.invokeTestMethods(Invoker.java:1231)
	at org.testng.internal.TestMethodWorker.invokeTestMethods(TestMethodWorker.java:127)
	at org.testng.internal.TestMethodWorker.run(TestMethodWorker.java:111)
	at org.testng.TestRunner.privateRun(TestRunner.java:767)
	at org.testng.TestRunner.run(TestRunner.java:617)
	at org.testng.SuiteRunner.runTest(SuiteRunner.java:348)
	at org.testng.SuiteRunner.runSequentially(SuiteRunner.java:343)
	at org.testng.SuiteRunner.privateRun(SuiteRunner.java:305)
	at org.testng.SuiteRunner.run(SuiteRunner.java:254)
	at org.testng.SuiteRunnerWorker.runSuite(SuiteRunnerWorker.java:52)
	at org.testng.SuiteRunnerWorker.run(SuiteRunnerWorker.java:86)
	at org.testng.TestNG.runSuitesSequentially(TestNG.java:1224)
	at org.testng.TestNG.runSuitesLocally(TestNG.java:1149)
	at org.testng.TestNG.run(TestNG.java:1057)
	at org.testng.remote.AbstractRemoteTestNG.run(AbstractRemoteTestNG.java:114)
	at org.testng.remote.RemoteTestNG.initAndRun(RemoteTestNG.java:251)
	at org.testng.remote.RemoteTestNG.main(RemoteTestNG.java:77)
[18/01/16 13:40:16][INFO][com.perficient.test.cat.catinspectweb.util.CustomAssertion-428] .\errorImages\20180116134016.png
[18/01/16 13:40:16][INFO][com.perficient.test.cat.catinspectweb.util.CustomAssertion-451] StackTrace 0 is: java.lang.Thread.getStackTrace(Unknown Source)
[18/01/16 13:40:16][INFO][com.perficient.test.cat.catinspectweb.util.CustomAssertion-452] LineNumber for 0 stack trace is: -1
[18/01/16 13:40:16][INFO][com.perficient.test.cat.catinspectweb.util.CustomAssertion-451] StackTrace 1 is: com.perficient.test.cat.catinspectweb.util.CustomAssertion.logStackTraceInfo(CustomAssertion.java:451)
[18/01/16 13:40:16][INFO][com.perficient.test.cat.catinspectweb.util.CustomAssertion-452] LineNumber for 1 stack trace is: 452
[18/01/16 13:40:16][INFO][com.perficient.test.cat.catinspectweb.util.CustomAssertion-451] StackTrace 2 is: com.perficient.test.cat.catinspectweb.util.CustomAssertion.printError(CustomAssertion.java:429)
[18/01/16 13:40:16][INFO][com.perficient.test.cat.catinspectweb.util.CustomAssertion-452] LineNumber for 2 stack trace is: 429
[18/01/16 13:40:16][INFO][com.perficient.test.cat.catinspectweb.util.CustomAssertion-451] StackTrace 3 is: com.perficient.test.cat.catinspectweb.util.TestCaseBase.afterMethod(TestCaseBase.java:206)
[18/01/16 13:40:16][INFO][com.perficient.test.cat.catinspectweb.util.CustomAssertion-452] LineNumber for 3 stack trace is: 206
[18/01/16 13:40:16][INFO][com.perficient.test.cat.catinspectweb.util.CustomAssertion-451] StackTrace 4 is: sun.reflect.NativeMethodAccessorImpl.invoke0(Native Method)
[18/01/16 13:40:16][INFO][com.perficient.test.cat.catinspectweb.util.CustomAssertion-452] LineNumber for 4 stack trace is: -2
[18/01/16 13:40:16][INFO][com.perficient.test.cat.catinspectweb.util.CustomAssertion-451] StackTrace 5 is: sun.reflect.NativeMethodAccessorImpl.invoke(Unknown Source)
[18/01/16 13:40:16][INFO][com.perficient.test.cat.catinspectweb.util.CustomAssertion-452] LineNumber for 5 stack trace is: -1
[18/01/16 13:40:16][INFO][com.perficient.test.cat.catinspectweb.util.CustomAssertion-451] StackTrace 6 is: sun.reflect.DelegatingMethodAccessorImpl.invoke(Unknown Source)
[18/01/16 13:40:17][INFO][com.perficient.test.cat.catinspectweb.util.CustomAssertion-452] LineNumber for 6 stack trace is: -1
[18/01/16 13:40:17][INFO][com.perficient.test.cat.catinspectweb.util.CustomAssertion-455] StackTrace for Assert is: com.perficient.test.cat.catinspectweb.util.TestCaseBase.afterMethod(TestCaseBase.java:206)
[18/01/16 13:40:17][INFO][com.perficient.test.cat.catinspectweb.util.CustomAssertion-456] Assert LineNumber is: 206
[18/01/16 13:41:21][INFO][com.perficient.test.cat.catinspectweb.util.TestCaseBase-63] 20180116134121
[18/01/16 13:41:26][INFO][com.perficient.test.cat.catinspectweb.util.TestCaseBase-79] Before Deletion
[18/01/16 13:41:26][INFO][com.perficient.test.cat.catinspectweb.util.FunctionUtil-115] 20180116134016.png
[18/01/16 13:41:26][INFO][com.perficient.test.cat.catinspectweb.util.TestCaseBase-84] File is moved successful!
[18/01/16 13:41:47][ERROR][com.perficient.test.cat.catinspectweb.util.TestCaseBase-196] Driver have quited by other thread or by hand.
[18/01/16 13:42:04][INFO][com.perficient.test.cat.catinspectweb.util.TestCaseBase-63] 20180116134204
[18/01/16 13:42:09][INFO][com.perficient.test.cat.catinspectweb.util.TestCaseBase-79] Before Deletion
[18/01/16 13:42:09][INFO][com.perficient.test.cat.catinspectweb.util.TestCaseBase-84] File is moved successful!
[18/01/16 13:42:15][INFO][com.perficient.test.cat.catinspectweb.util.LogWebDriverEventListener-20] WebDriver navigating to:'https://catinspectweb-qa.cat.com/'
[18/01/16 13:43:34][INFO][com.perficient.test.cat.catinspectweb.util.LogWebDriverEventListener-30] WebDriver changing value in element found By.xpath: //input[@id='cwsUID'] from '' to ''
[18/01/16 13:43:34][INFO][com.perficient.test.cat.catinspectweb.util.LogWebDriverEventListener-30] WebDriver changing value in element found By.xpath: //input[@id='cwsUID'] from '' to 'zhangc42'
[18/01/16 13:43:34][INFO][com.perficient.test.cat.catinspectweb.util.LogWebDriverEventListener-30] WebDriver changing value in element found By.xpath: //input[@id='cwsPwd'] from '' to ''
[18/01/16 13:43:34][INFO][com.perficient.test.cat.catinspectweb.util.LogWebDriverEventListener-30] WebDriver changing value in element found By.xpath: //input[@id='cwsPwd'] from '' to 'Zhh131109zhh'
[18/01/16 13:43:34][INFO][com.perficient.test.cat.catinspectweb.util.LogWebDriverEventListener-63] Click the element found By.xpath: //input[@id='submitButton']
[18/01/16 13:44:01][INFO][com.perficient.test.cat.catinspectweb.util.LogWebDriverEventListener-63] Click the element found By.xpath: //span[@class='advSearch']
[18/01/16 13:44:39][INFO][com.perficient.test.cat.catinspectweb.util.CustomAssertion-428] .\errorImages\20180116134439.png
[18/01/16 13:44:39][INFO][com.perficient.test.cat.catinspectweb.util.CustomAssertion-451] StackTrace 0 is: java.lang.Thread.getStackTrace(Unknown Source)
[18/01/16 13:44:39][INFO][com.perficient.test.cat.catinspectweb.util.CustomAssertion-452] LineNumber for 0 stack trace is: -1
[18/01/16 13:44:39][INFO][com.perficient.test.cat.catinspectweb.util.CustomAssertion-451] StackTrace 1 is: com.perficient.test.cat.catinspectweb.util.CustomAssertion.logStackTraceInfo(CustomAssertion.java:451)
[18/01/16 13:44:39][INFO][com.perficient.test.cat.catinspectweb.util.CustomAssertion-452] LineNumber for 1 stack trace is: 452
[18/01/16 13:44:39][INFO][com.perficient.test.cat.catinspectweb.util.CustomAssertion-451] StackTrace 2 is: com.perficient.test.cat.catinspectweb.util.CustomAssertion.printError(CustomAssertion.java:429)
[18/01/16 13:44:39][INFO][com.perficient.test.cat.catinspectweb.util.CustomAssertion-452] LineNumber for 2 stack trace is: 429
[18/01/16 13:44:39][INFO][com.perficient.test.cat.catinspectweb.util.CustomAssertion-451] StackTrace 3 is: com.perficient.test.cat.catinspectweb.util.TestCaseBase.afterMethod(TestCaseBase.java:206)
[18/01/16 13:44:39][INFO][com.perficient.test.cat.catinspectweb.util.CustomAssertion-452] LineNumber for 3 stack trace is: 206
[18/01/16 13:44:39][INFO][com.perficient.test.cat.catinspectweb.util.CustomAssertion-451] StackTrace 4 is: sun.reflect.NativeMethodAccessorImpl.invoke0(Native Method)
[18/01/16 13:44:39][INFO][com.perficient.test.cat.catinspectweb.util.CustomAssertion-452] LineNumber for 4 stack trace is: -2
[18/01/16 13:44:39][INFO][com.perficient.test.cat.catinspectweb.util.CustomAssertion-451] StackTrace 5 is: sun.reflect.NativeMethodAccessorImpl.invoke(Unknown Source)
[18/01/16 13:44:39][INFO][com.perficient.test.cat.catinspectweb.util.CustomAssertion-452] LineNumber for 5 stack trace is: -1
[18/01/16 13:44:39][INFO][com.perficient.test.cat.catinspectweb.util.CustomAssertion-451] StackTrace 6 is: sun.reflect.DelegatingMethodAccessorImpl.invoke(Unknown Source)
[18/01/16 13:44:39][INFO][com.perficient.test.cat.catinspectweb.util.CustomAssertion-452] LineNumber for 6 stack trace is: -1
[18/01/16 13:44:39][INFO][com.perficient.test.cat.catinspectweb.util.CustomAssertion-455] StackTrace for Assert is: com.perficient.test.cat.catinspectweb.util.TestCaseBase.afterMethod(TestCaseBase.java:206)
[18/01/16 13:44:39][INFO][com.perficient.test.cat.catinspectweb.util.CustomAssertion-456] Assert LineNumber is: 206
[18/01/16 13:45:11][INFO][com.perficient.test.cat.catinspectweb.util.TestCaseBase-63] 20180116134511
[18/01/16 13:45:16][INFO][com.perficient.test.cat.catinspectweb.util.TestCaseBase-79] Before Deletion
[18/01/16 13:45:16][INFO][com.perficient.test.cat.catinspectweb.util.FunctionUtil-115] 20180116134439.png
[18/01/16 13:45:16][INFO][com.perficient.test.cat.catinspectweb.util.TestCaseBase-84] File is moved successful!
[18/01/16 13:45:38][ERROR][com.perficient.test.cat.catinspectweb.util.TestCaseBase-196] Driver have quited by other thread or by hand.
[18/01/16 13:45:50][INFO][com.perficient.test.cat.catinspectweb.util.TestCaseBase-63] 20180116134550
[18/01/16 13:45:55][INFO][com.perficient.test.cat.catinspectweb.util.TestCaseBase-79] Before Deletion
[18/01/16 13:45:55][INFO][com.perficient.test.cat.catinspectweb.util.TestCaseBase-84] File is moved successful!
[18/01/16 13:46:02][INFO][com.perficient.test.cat.catinspectweb.util.LogWebDriverEventListener-20] WebDriver navigating to:'https://catinspectweb-qa.cat.com/'
[18/01/16 13:47:21][INFO][com.perficient.test.cat.catinspectweb.util.LogWebDriverEventListener-30] WebDriver changing value in element found By.xpath: //input[@id='cwsUID'] from '' to ''
[18/01/16 13:47:21][INFO][com.perficient.test.cat.catinspectweb.util.LogWebDriverEventListener-30] WebDriver changing value in element found By.xpath: //input[@id='cwsUID'] from '' to 'zhangc42'
[18/01/16 13:47:21][INFO][com.perficient.test.cat.catinspectweb.util.LogWebDriverEventListener-30] WebDriver changing value in element found By.xpath: //input[@id='cwsPwd'] from '' to ''
[18/01/16 13:47:21][INFO][com.perficient.test.cat.catinspectweb.util.LogWebDriverEventListener-30] WebDriver changing value in element found By.xpath: //input[@id='cwsPwd'] from '' to 'Zhh131109zhh'
[18/01/16 13:47:21][INFO][com.perficient.test.cat.catinspectweb.util.LogWebDriverEventListener-63] Click the element found By.xpath: //input[@id='submitButton']
[18/01/16 13:47:48][INFO][com.perficient.test.cat.catinspectweb.util.LogWebDriverEventListener-63] Click the element found By.xpath: //span[@class='advSearch']
[18/01/16 13:48:23][INFO][com.perficient.test.cat.catinspectweb.util.CustomAssertion-428] .\errorImages\20180116134823.png
[18/01/16 13:48:23][INFO][com.perficient.test.cat.catinspectweb.util.CustomAssertion-451] StackTrace 0 is: java.lang.Thread.getStackTrace(Unknown Source)
[18/01/16 13:48:23][INFO][com.perficient.test.cat.catinspectweb.util.CustomAssertion-452] LineNumber for 0 stack trace is: -1
[18/01/16 13:48:23][INFO][com.perficient.test.cat.catinspectweb.util.CustomAssertion-451] StackTrace 1 is: com.perficient.test.cat.catinspectweb.util.CustomAssertion.logStackTraceInfo(CustomAssertion.java:451)
[18/01/16 13:48:23][INFO][com.perficient.test.cat.catinspectweb.util.CustomAssertion-452] LineNumber for 1 stack trace is: 452
[18/01/16 13:48:23][INFO][com.perficient.test.cat.catinspectweb.util.CustomAssertion-451] StackTrace 2 is: com.perficient.test.cat.catinspectweb.util.CustomAssertion.printError(CustomAssertion.java:429)
[18/01/16 13:48:23][INFO][com.perficient.test.cat.catinspectweb.util.CustomAssertion-452] LineNumber for 2 stack trace is: 429
[18/01/16 13:48:23][INFO][com.perficient.test.cat.catinspectweb.util.CustomAssertion-451] StackTrace 3 is: com.perficient.test.cat.catinspectweb.util.TestCaseBase.afterMethod(TestCaseBase.java:206)
[18/01/16 13:48:23][INFO][com.perficient.test.cat.catinspectweb.util.CustomAssertion-452] LineNumber for 3 stack trace is: 206
[18/01/16 13:48:23][INFO][com.perficient.test.cat.catinspectweb.util.CustomAssertion-451] StackTrace 4 is: sun.reflect.NativeMethodAccessorImpl.invoke0(Native Method)
[18/01/16 13:48:23][INFO][com.perficient.test.cat.catinspectweb.util.CustomAssertion-452] LineNumber for 4 stack trace is: -2
[18/01/16 13:48:23][INFO][com.perficient.test.cat.catinspectweb.util.CustomAssertion-451] StackTrace 5 is: sun.reflect.NativeMethodAccessorImpl.invoke(Unknown Source)
[18/01/16 13:48:23][INFO][com.perficient.test.cat.catinspectweb.util.CustomAssertion-452] LineNumber for 5 stack trace is: -1
[18/01/16 13:48:23][INFO][com.perficient.test.cat.catinspectweb.util.CustomAssertion-451] StackTrace 6 is: sun.reflect.DelegatingMethodAccessorImpl.invoke(Unknown Source)
[18/01/16 13:48:23][INFO][com.perficient.test.cat.catinspectweb.util.CustomAssertion-452] LineNumber for 6 stack trace is: -1
[18/01/16 13:48:23][INFO][com.perficient.test.cat.catinspectweb.util.CustomAssertion-455] StackTrace for Assert is: com.perficient.test.cat.catinspectweb.util.TestCaseBase.afterMethod(TestCaseBase.java:206)
[18/01/16 13:48:23][INFO][com.perficient.test.cat.catinspectweb.util.CustomAssertion-456] Assert LineNumber is: 206
[18/01/16 13:51:21][INFO][com.perficient.test.cat.catinspectweb.util.TestCaseBase-63] 20180116135121
[18/01/16 13:51:26][INFO][com.perficient.test.cat.catinspectweb.util.TestCaseBase-79] Before Deletion
[18/01/16 13:51:26][INFO][com.perficient.test.cat.catinspectweb.util.FunctionUtil-115] 20180116134823.png
[18/01/16 13:51:26][INFO][com.perficient.test.cat.catinspectweb.util.TestCaseBase-84] File is moved successful!
[18/01/16 13:51:31][INFO][com.perficient.test.cat.catinspectweb.util.LogWebDriverEventListener-20] WebDriver navigating to:'https://catinspectweb-qa.cat.com/'
[18/01/16 13:52:46][INFO][com.perficient.test.cat.catinspectweb.util.LogWebDriverEventListener-30] WebDriver changing value in element found By.xpath: //input[@id='cwsUID'] from '' to ''
[18/01/16 13:52:46][INFO][com.perficient.test.cat.catinspectweb.util.LogWebDriverEventListener-30] WebDriver changing value in element found By.xpath: //input[@id='cwsUID'] from '' to 'zhangc42'
[18/01/16 13:52:46][INFO][com.perficient.test.cat.catinspectweb.util.LogWebDriverEventListener-30] WebDriver changing value in element found By.xpath: //input[@id='cwsPwd'] from '' to ''
[18/01/16 13:52:47][INFO][com.perficient.test.cat.catinspectweb.util.LogWebDriverEventListener-30] WebDriver changing value in element found By.xpath: //input[@id='cwsPwd'] from '' to 'Zhh131109zhh'
[18/01/16 13:52:47][INFO][com.perficient.test.cat.catinspectweb.util.LogWebDriverEventListener-63] Click the element found By.xpath: //input[@id='submitButton']
[18/01/16 13:53:14][INFO][com.perficient.test.cat.catinspectweb.util.LogWebDriverEventListener-63] Click the element found By.xpath: //span[@class='advSearch']
[18/01/16 13:53:18][INFO][com.perficient.test.cat.catinspectweb.util.LogWebDriverEventListener-30] WebDriver changing value in element found By.xpath: //div[@class = 'col-xs-4 cat_date_filter cat_side_borders']//input[@type= 'text'] from '' to ''
[18/01/16 13:53:19][INFO][com.perficient.test.cat.catinspectweb.util.LogWebDriverEventListener-30] WebDriver changing value in element found By.xpath: //div[@class = 'col-xs-4 cat_date_filter cat_side_borders']//input[@type= 'text'] from '' to 'NON-EXISTENT'
[18/01/16 13:53:19][INFO][com.perficient.test.cat.catinspectweb.util.LogWebDriverEventListener-63] Click the element found By.xpath: //button[contains(@class,'btn btn-default btn-success btn-click')]
[18/01/16 13:53:19][INFO][com.perficient.test.cat.catinspectweb.util.CustomAssertion-409] .\errorImages\20180116135319.png
[18/01/16 13:53:19][INFO][com.perficient.test.cat.catinspectweb.util.CustomAssertion-451] StackTrace 0 is: java.lang.Thread.getStackTrace(Unknown Source)
[18/01/16 13:53:19][INFO][com.perficient.test.cat.catinspectweb.util.CustomAssertion-452] LineNumber for 0 stack trace is: -1
[18/01/16 13:53:19][INFO][com.perficient.test.cat.catinspectweb.util.CustomAssertion-451] StackTrace 1 is: com.perficient.test.cat.catinspectweb.util.CustomAssertion.logStackTraceInfo(CustomAssertion.java:451)
[18/01/16 13:53:19][INFO][com.perficient.test.cat.catinspectweb.util.CustomAssertion-452] LineNumber for 1 stack trace is: 452
[18/01/16 13:53:19][INFO][com.perficient.test.cat.catinspectweb.util.CustomAssertion-451] StackTrace 2 is: com.perficient.test.cat.catinspectweb.util.CustomAssertion.printError(CustomAssertion.java:410)
[18/01/16 13:53:19][INFO][com.perficient.test.cat.catinspectweb.util.CustomAssertion-452] LineNumber for 2 stack trace is: 410
[18/01/16 13:53:19][INFO][com.perficient.test.cat.catinspectweb.util.CustomAssertion-451] StackTrace 3 is: com.perficient.test.cat.catinspectweb.util.CustomAssertion.assertEquals(CustomAssertion.java:51)
[18/01/16 13:53:19][INFO][com.perficient.test.cat.catinspectweb.util.CustomAssertion-452] LineNumber for 3 stack trace is: 51
[18/01/16 13:53:19][INFO][com.perficient.test.cat.catinspectweb.util.CustomAssertion-451] StackTrace 4 is: com.perficient.test.cat.catinspectweb.testcase.debug.TC2914_SearchBySN.Verify_TC2623_ViewHelpFileAfterAdded(TC2914_SearchBySN.java:49)
[18/01/16 13:53:19][INFO][com.perficient.test.cat.catinspectweb.util.CustomAssertion-452] LineNumber for 4 stack trace is: 49
[18/01/16 13:53:19][INFO][com.perficient.test.cat.catinspectweb.util.CustomAssertion-451] StackTrace 5 is: sun.reflect.NativeMethodAccessorImpl.invoke0(Native Method)
[18/01/16 13:53:19][INFO][com.perficient.test.cat.catinspectweb.util.CustomAssertion-452] LineNumber for 5 stack trace is: -2
[18/01/16 13:53:19][INFO][com.perficient.test.cat.catinspectweb.util.CustomAssertion-451] StackTrace 6 is: sun.reflect.NativeMethodAccessorImpl.invoke(Unknown Source)
[18/01/16 13:53:19][INFO][com.perficient.test.cat.catinspectweb.util.CustomAssertion-452] LineNumber for 6 stack trace is: -1
[18/01/16 13:53:19][INFO][com.perficient.test.cat.catinspectweb.util.CustomAssertion-455] StackTrace for Assert is: com.perficient.test.cat.catinspectweb.util.CustomAssertion.assertEquals(CustomAssertion.java:51)
[18/01/16 13:53:19][INFO][com.perficient.test.cat.catinspectweb.util.CustomAssertion-456] Assert LineNumber is: 51
[18/01/16 13:53:19][INFO][com.perficient.test.cat.catinspectweb.util.LogWebDriverEventListener-30] WebDriver changing value in element found By.xpath: //div[@class = 'col-xs-4 cat_date_filter cat_side_borders']//input[@type= 'text'] from 'NON-EXISTENT' to ''
[18/01/16 13:53:20][INFO][com.perficient.test.cat.catinspectweb.util.LogWebDriverEventListener-30] WebDriver changing value in element found By.xpath: //div[@class = 'col-xs-4 cat_date_filter cat_side_borders']//input[@type= 'text'] from '' to '12345678'
[18/01/16 13:53:20][INFO][com.perficient.test.cat.catinspectweb.util.LogWebDriverEventListener-63] Click the element found By.xpath: //button[contains(@class,'btn btn-default btn-success btn-click')]
[18/01/16 13:57:11][INFO][com.perficient.test.cat.catinspectweb.util.TestCaseBase-63] 20180116135711
[18/01/16 13:57:16][INFO][com.perficient.test.cat.catinspectweb.util.TestCaseBase-79] Before Deletion
[18/01/16 13:57:16][INFO][com.perficient.test.cat.catinspectweb.util.FunctionUtil-115] 20180116135319.png
[18/01/16 13:57:16][INFO][com.perficient.test.cat.catinspectweb.util.TestCaseBase-84] File is moved successful!
[18/01/16 13:57:22][INFO][com.perficient.test.cat.catinspectweb.util.LogWebDriverEventListener-20] WebDriver navigating to:'https://catinspectweb-qa.cat.com/'
[18/01/16 13:58:28][INFO][com.perficient.test.cat.catinspectweb.util.LogWebDriverEventListener-30] WebDriver changing value in element found By.xpath: //input[@id='cwsUID'] from '' to ''
[18/01/16 13:58:28][INFO][com.perficient.test.cat.catinspectweb.util.LogWebDriverEventListener-30] WebDriver changing value in element found By.xpath: //input[@id='cwsUID'] from '' to 'zhangc42'
[18/01/16 13:58:28][INFO][com.perficient.test.cat.catinspectweb.util.LogWebDriverEventListener-30] WebDriver changing value in element found By.xpath: //input[@id='cwsPwd'] from '' to ''
[18/01/16 13:58:28][INFO][com.perficient.test.cat.catinspectweb.util.LogWebDriverEventListener-30] WebDriver changing value in element found By.xpath: //input[@id='cwsPwd'] from '' to 'Zhh131109zhh'
[18/01/16 13:58:29][INFO][com.perficient.test.cat.catinspectweb.util.LogWebDriverEventListener-63] Click the element found By.xpath: //input[@id='submitButton']
[18/01/16 13:58:55][INFO][com.perficient.test.cat.catinspectweb.util.LogWebDriverEventListener-63] Click the element found By.xpath: //span[@class='advSearch']
[18/01/16 13:59:00][INFO][com.perficient.test.cat.catinspectweb.util.LogWebDriverEventListener-30] WebDriver changing value in element found By.xpath: //div[@class = 'col-xs-4 cat_date_filter cat_side_borders']//input[@type= 'text'] from '' to ''
[18/01/16 13:59:00][INFO][com.perficient.test.cat.catinspectweb.util.LogWebDriverEventListener-30] WebDriver changing value in element found By.xpath: //div[@class = 'col-xs-4 cat_date_filter cat_side_borders']//input[@type= 'text'] from '' to 'NON-EXISTENT'
[18/01/16 13:59:00][INFO][com.perficient.test.cat.catinspectweb.util.LogWebDriverEventListener-63] Click the element found By.xpath: //button[contains(@class,'btn btn-default btn-success btn-click')]
[18/01/16 13:59:03][INFO][com.perficient.test.cat.catinspectweb.util.CustomAssertion-409] .\errorImages\20180116135903.png
[18/01/16 13:59:03][INFO][com.perficient.test.cat.catinspectweb.util.CustomAssertion-451] StackTrace 0 is: java.lang.Thread.getStackTrace(Unknown Source)
[18/01/16 13:59:03][INFO][com.perficient.test.cat.catinspectweb.util.CustomAssertion-452] LineNumber for 0 stack trace is: -1
[18/01/16 13:59:03][INFO][com.perficient.test.cat.catinspectweb.util.CustomAssertion-451] StackTrace 1 is: com.perficient.test.cat.catinspectweb.util.CustomAssertion.logStackTraceInfo(CustomAssertion.java:451)
[18/01/16 13:59:03][INFO][com.perficient.test.cat.catinspectweb.util.CustomAssertion-452] LineNumber for 1 stack trace is: 452
[18/01/16 13:59:03][INFO][com.perficient.test.cat.catinspectweb.util.CustomAssertion-451] StackTrace 2 is: com.perficient.test.cat.catinspectweb.util.CustomAssertion.printError(CustomAssertion.java:410)
[18/01/16 13:59:03][INFO][com.perficient.test.cat.catinspectweb.util.CustomAssertion-452] LineNumber for 2 stack trace is: 410
[18/01/16 13:59:03][INFO][com.perficient.test.cat.catinspectweb.util.CustomAssertion-451] StackTrace 3 is: com.perficient.test.cat.catinspectweb.util.CustomAssertion.assertEquals(CustomAssertion.java:51)
[18/01/16 13:59:03][INFO][com.perficient.test.cat.catinspectweb.util.CustomAssertion-452] LineNumber for 3 stack trace is: 51
[18/01/16 13:59:03][INFO][com.perficient.test.cat.catinspectweb.util.CustomAssertion-451] StackTrace 4 is: com.perficient.test.cat.catinspectweb.testcase.debug.TC2914_SearchBySN.Verify_TC2623_ViewHelpFileAfterAdded(TC2914_SearchBySN.java:50)
[18/01/16 13:59:03][INFO][com.perficient.test.cat.catinspectweb.util.CustomAssertion-452] LineNumber for 4 stack trace is: 50
[18/01/16 13:59:03][INFO][com.perficient.test.cat.catinspectweb.util.CustomAssertion-451] StackTrace 5 is: sun.reflect.NativeMethodAccessorImpl.invoke0(Native Method)
[18/01/16 13:59:03][INFO][com.perficient.test.cat.catinspectweb.util.CustomAssertion-452] LineNumber for 5 stack trace is: -2
[18/01/16 13:59:03][INFO][com.perficient.test.cat.catinspectweb.util.CustomAssertion-451] StackTrace 6 is: sun.reflect.NativeMethodAccessorImpl.invoke(Unknown Source)
[18/01/16 13:59:03][INFO][com.perficient.test.cat.catinspectweb.util.CustomAssertion-452] LineNumber for 6 stack trace is: -1
[18/01/16 13:59:03][INFO][com.perficient.test.cat.catinspectweb.util.CustomAssertion-455] StackTrace for Assert is: com.perficient.test.cat.catinspectweb.util.CustomAssertion.assertEquals(CustomAssertion.java:51)
[18/01/16 13:59:03][INFO][com.perficient.test.cat.catinspectweb.util.CustomAssertion-456] Assert LineNumber is: 51
[18/01/16 13:59:03][INFO][com.perficient.test.cat.catinspectweb.util.LogWebDriverEventListener-30] WebDriver changing value in element found By.xpath: //div[@class = 'col-xs-4 cat_date_filter cat_side_borders']//input[@type= 'text'] from 'NON-EXISTENT' to ''
[18/01/16 13:59:03][INFO][com.perficient.test.cat.catinspectweb.util.LogWebDriverEventListener-30] WebDriver changing value in element found By.xpath: //div[@class = 'col-xs-4 cat_date_filter cat_side_borders']//input[@type= 'text'] from '' to '12345678'
[18/01/16 13:59:03][INFO][com.perficient.test.cat.catinspectweb.util.LogWebDriverEventListener-63] Click the element found By.xpath: //button[contains(@class,'btn btn-default btn-success btn-click')]
[18/01/16 14:01:11][INFO][com.perficient.test.cat.catinspectweb.util.TestCaseBase-63] 20180116140111
[18/01/16 14:01:16][INFO][com.perficient.test.cat.catinspectweb.util.TestCaseBase-79] Before Deletion
[18/01/16 14:01:16][INFO][com.perficient.test.cat.catinspectweb.util.FunctionUtil-115] 20180116135903.png
[18/01/16 14:01:16][INFO][com.perficient.test.cat.catinspectweb.util.TestCaseBase-84] File is moved successful!
[18/01/16 14:01:22][INFO][com.perficient.test.cat.catinspectweb.util.LogWebDriverEventListener-20] WebDriver navigating to:'https://catinspectweb-qa.cat.com/'
[18/01/16 14:02:12][INFO][com.perficient.test.cat.catinspectweb.util.LogWebDriverEventListener-30] WebDriver changing value in element found By.xpath: //input[@id='cwsUID'] from '' to ''
[18/01/16 14:02:12][INFO][com.perficient.test.cat.catinspectweb.util.LogWebDriverEventListener-30] WebDriver changing value in element found By.xpath: //input[@id='cwsUID'] from '' to 'zhangc42'
[18/01/16 14:02:12][INFO][com.perficient.test.cat.catinspectweb.util.LogWebDriverEventListener-30] WebDriver changing value in element found By.xpath: //input[@id='cwsPwd'] from '' to ''
[18/01/16 14:02:12][INFO][com.perficient.test.cat.catinspectweb.util.LogWebDriverEventListener-30] WebDriver changing value in element found By.xpath: //input[@id='cwsPwd'] from '' to 'Zhh131109zhh'
[18/01/16 14:02:12][INFO][com.perficient.test.cat.catinspectweb.util.LogWebDriverEventListener-63] Click the element found By.xpath: //input[@id='submitButton']
[18/01/16 14:02:18][INFO][com.perficient.test.cat.catinspectweb.util.LogWebDriverEventListener-63] Click the element found By.xpath: //span[@class='advSearch']
[18/01/16 14:02:22][INFO][com.perficient.test.cat.catinspectweb.util.LogWebDriverEventListener-30] WebDriver changing value in element found By.xpath: //div[@class = 'col-xs-4 cat_date_filter cat_side_borders']//input[@type= 'text'] from '' to ''
[18/01/16 14:02:22][INFO][com.perficient.test.cat.catinspectweb.util.LogWebDriverEventListener-30] WebDriver changing value in element found By.xpath: //div[@class = 'col-xs-4 cat_date_filter cat_side_borders']//input[@type= 'text'] from '' to 'NON-EXISTENT'
[18/01/16 14:02:22][INFO][com.perficient.test.cat.catinspectweb.util.LogWebDriverEventListener-63] Click the element found By.xpath: //button[contains(@class,'btn btn-default btn-success btn-click')]
[18/01/16 14:02:25][INFO][com.perficient.test.cat.catinspectweb.util.LogWebDriverEventListener-30] WebDriver changing value in element found By.xpath: //div[@class = 'col-xs-4 cat_date_filter cat_side_borders']//input[@type= 'text'] from 'NON-EXISTENT' to ''
[18/01/16 14:02:25][INFO][com.perficient.test.cat.catinspectweb.util.LogWebDriverEventListener-30] WebDriver changing value in element found By.xpath: //div[@class = 'col-xs-4 cat_date_filter cat_side_borders']//input[@type= 'text'] from '' to '12345678'
[18/01/16 14:02:25][INFO][com.perficient.test.cat.catinspectweb.util.LogWebDriverEventListener-63] Click the element found By.xpath: //button[contains(@class,'btn btn-default btn-success btn-click')]
[18/01/16 15:06:16][INFO][com.perficient.test.cat.catinspectweb.util.TestCaseBase-63] 20180116150616
[18/01/16 15:06:21][INFO][com.perficient.test.cat.catinspectweb.util.TestCaseBase-79] Before Deletion
[18/01/16 15:06:21][INFO][com.perficient.test.cat.catinspectweb.util.TestCaseBase-84] File is moved successful!
[18/01/16 15:06:27][INFO][com.perficient.test.cat.catinspectweb.util.LogWebDriverEventListener-20] WebDriver navigating to:'https://catinspectweb-qa.cat.com/'
[18/01/16 15:06:30][ERROR][com.perficient.test.cat.catinspectweb.util.LogWebDriverEventListener-45] WebDriver error:
org.openqa.selenium.NoSuchWindowException: no such window: target window already closed
from unknown error: web view not found
  (Session info: chrome=62.0.3202.89)
  (Driver info: chromedriver=2.33.506120 (e3e53437346286c0bc2d2dc9aa4915ba81d9023f),platform=Windows NT 6.1.7601 SP1 x86_64) (WARNING: The server did not provide any stacktrace information)
Command duration or timeout: 3 milliseconds
Build info: version: '2.48.2', revision: '41bccdd10cf2c0560f637404c2d96164b67d9d67', time: '2015-10-09 13:08:06'
System info: host: 'H2600-0463L', ip: '10.2.7.14', os.name: 'Windows 7', os.arch: 'amd64', os.version: '6.1', java.version: '1.8.0_151'
Driver info: org.openqa.selenium.chrome.ChromeDriver
Capabilities [{applicationCacheEnabled=false, rotatable=false, mobileEmulationEnabled=false, networkConnectionEnabled=false, chrome={chromedriverVersion=2.33.506120 (e3e53437346286c0bc2d2dc9aa4915ba81d9023f), userDataDir=C:\Users\herby.he\AppData\Local\Temp\scoped_dir10384_23492}, takesHeapSnapshot=true, pageLoadStrategy=normal, databaseEnabled=false, handlesAlerts=true, hasTouchScreen=false, version=62.0.3202.89, platform=XP, browserConnectionEnabled=false, nativeEvents=true, acceptSslCerts=true, locationContextEnabled=true, webStorageEnabled=true, browserName=chrome, takesScreenshot=true, javascriptEnabled=true, cssSelectorsEnabled=true, setWindowRect=true, unexpectedAlertBehaviour=}]
Session ID: de9d3b69d576d389eff0613df601c1e7
*** Element info: {Using=xpath, value=//input[@id='cwsUID']}
	at sun.reflect.NativeConstructorAccessorImpl.newInstance0(Native Method)
	at sun.reflect.NativeConstructorAccessorImpl.newInstance(Unknown Source)
	at sun.reflect.DelegatingConstructorAccessorImpl.newInstance(Unknown Source)
	at java.lang.reflect.Constructor.newInstance(Unknown Source)
	at org.openqa.selenium.remote.ErrorHandler.createThrowable(ErrorHandler.java:206)
	at org.openqa.selenium.remote.ErrorHandler.throwIfResponseFailed(ErrorHandler.java:158)
	at org.openqa.selenium.remote.RemoteWebDriver.execute(RemoteWebDriver.java:647)
	at org.openqa.selenium.remote.RemoteWebDriver.findElement(RemoteWebDriver.java:353)
	at org.openqa.selenium.remote.RemoteWebDriver.findElementByXPath(RemoteWebDriver.java:490)
	at org.openqa.selenium.By$ByXPath.findElement(By.java:361)
	at org.openqa.selenium.remote.RemoteWebDriver.findElement(RemoteWebDriver.java:345)
	at sun.reflect.NativeMethodAccessorImpl.invoke0(Native Method)
	at sun.reflect.NativeMethodAccessorImpl.invoke(Unknown Source)
	at sun.reflect.DelegatingMethodAccessorImpl.invoke(Unknown Source)
	at java.lang.reflect.Method.invoke(Unknown Source)
	at org.openqa.selenium.support.events.EventFiringWebDriver$2.invoke(EventFiringWebDriver.java:102)
	at com.sun.proxy.$Proxy11.findElement(Unknown Source)
	at org.openqa.selenium.support.events.EventFiringWebDriver.findElement(EventFiringWebDriver.java:187)
	at org.openqa.selenium.support.pagefactory.DefaultElementLocator.findElement(DefaultElementLocator.java:69)
	at org.openqa.selenium.support.pagefactory.internal.LocatingElementHandler.invoke(LocatingElementHandler.java:38)
	at com.sun.proxy.$Proxy13.clear(Unknown Source)
	at com.perficient.test.cat.catinspectweb.util.FunctionUtil.input(FunctionUtil.java:228)
	at com.perficient.test.cat.catinspectweb.util.CustomizedFunctionUtil.input(CustomizedFunctionUtil.java:30)
	at com.perficient.test.cat.catinspectweb.basepages.CatLoginPage.login(CatLoginPage.java:28)
	at com.perficient.test.cat.catinspectweb.basepages.CatLoginPage.login(CatLoginPage.java:36)
	at com.perficient.test.cat.catinspectweb.reusablefunctions.ReusableFunctions.setupCatInspect(ReusableFunctions.java:40)
	at com.perficient.test.cat.catinspectweb.testcase.debug.TC2932_CheckSortingInAdvancedSearchPage.Verify_TC2623_ViewHelpFileAfterAdded(TC2932_CheckSortingInAdvancedSearchPage.java:28)
	at sun.reflect.NativeMethodAccessorImpl.invoke0(Native Method)
	at sun.reflect.NativeMethodAccessorImpl.invoke(Unknown Source)
	at sun.reflect.DelegatingMethodAccessorImpl.invoke(Unknown Source)
	at java.lang.reflect.Method.invoke(Unknown Source)
	at org.testng.internal.MethodInvocationHelper.invokeMethod(MethodInvocationHelper.java:84)
	at org.testng.internal.Invoker.invokeMethod(Invoker.java:714)
	at org.testng.internal.Invoker.invokeTestMethod(Invoker.java:901)
	at org.testng.internal.Invoker.invokeTestMethods(Invoker.java:1231)
	at org.testng.internal.TestMethodWorker.invokeTestMethods(TestMethodWorker.java:127)
	at org.testng.internal.TestMethodWorker.run(TestMethodWorker.java:111)
	at org.testng.TestRunner.privateRun(TestRunner.java:767)
	at org.testng.TestRunner.run(TestRunner.java:617)
	at org.testng.SuiteRunner.runTest(SuiteRunner.java:348)
	at org.testng.SuiteRunner.runSequentially(SuiteRunner.java:343)
	at org.testng.SuiteRunner.privateRun(SuiteRunner.java:305)
	at org.testng.SuiteRunner.run(SuiteRunner.java:254)
	at org.testng.SuiteRunnerWorker.runSuite(SuiteRunnerWorker.java:52)
	at org.testng.SuiteRunnerWorker.run(SuiteRunnerWorker.java:86)
	at org.testng.TestNG.runSuitesSequentially(TestNG.java:1224)
	at org.testng.TestNG.runSuitesLocally(TestNG.java:1149)
	at org.testng.TestNG.run(TestNG.java:1057)
	at org.testng.remote.AbstractRemoteTestNG.run(AbstractRemoteTestNG.java:114)
	at org.testng.remote.RemoteTestNG.initAndRun(RemoteTestNG.java:251)
	at org.testng.remote.RemoteTestNG.main(RemoteTestNG.java:77)
[18/01/16 15:06:30][ERROR][com.perficient.test.cat.catinspectweb.util.TestCaseBase-196] Driver have quited by other thread or by hand.
[18/01/16 15:10:52][INFO][com.perficient.test.cat.catinspectweb.util.TestCaseBase-63] 20180116151052
[18/01/16 15:10:57][INFO][com.perficient.test.cat.catinspectweb.util.TestCaseBase-79] Before Deletion
[18/01/16 15:10:57][INFO][com.perficient.test.cat.catinspectweb.util.TestCaseBase-84] File is moved successful!
[18/01/16 15:11:03][INFO][com.perficient.test.cat.catinspectweb.util.LogWebDriverEventListener-20] WebDriver navigating to:'https://catinspectweb-qa.cat.com/'
[18/01/16 15:11:50][INFO][com.perficient.test.cat.catinspectweb.util.LogWebDriverEventListener-30] WebDriver changing value in element found By.xpath: //input[@id='cwsUID'] from '' to ''
[18/01/16 15:11:50][INFO][com.perficient.test.cat.catinspectweb.util.LogWebDriverEventListener-30] WebDriver changing value in element found By.xpath: //input[@id='cwsUID'] from '' to 'zhangc42'
[18/01/16 15:11:50][INFO][com.perficient.test.cat.catinspectweb.util.LogWebDriverEventListener-30] WebDriver changing value in element found By.xpath: //input[@id='cwsPwd'] from '' to ''
[18/01/16 15:11:50][INFO][com.perficient.test.cat.catinspectweb.util.LogWebDriverEventListener-30] WebDriver changing value in element found By.xpath: //input[@id='cwsPwd'] from '' to 'Zhh131109zhh'
[18/01/16 15:11:50][INFO][com.perficient.test.cat.catinspectweb.util.LogWebDriverEventListener-63] Click the element found By.xpath: //input[@id='submitButton']
[18/01/16 15:11:57][INFO][com.perficient.test.cat.catinspectweb.util.LogWebDriverEventListener-63] Click the element found By.xpath: //span[@class='advSearch']
[18/01/16 15:12:01][INFO][com.perficient.test.cat.catinspectweb.util.LogWebDriverEventListener-30] WebDriver changing value in element found By.xpath: //div[@class = 'col-xs-4 cat_date_filter cat_side_borders']//input[@type= 'text'] from '' to ''
[18/01/16 15:12:01][INFO][com.perficient.test.cat.catinspectweb.util.LogWebDriverEventListener-30] WebDriver changing value in element found By.xpath: //div[@class = 'col-xs-4 cat_date_filter cat_side_borders']//input[@type= 'text'] from '' to '12345678'
[18/01/16 15:12:01][INFO][com.perficient.test.cat.catinspectweb.util.LogWebDriverEventListener-63] Click the element found By.xpath: //button[contains(@class,'btn btn-default btn-success btn-click')]
[18/01/16 15:12:04][INFO][com.perficient.test.cat.catinspectweb.util.LogWebDriverEventListener-63] Click the element found By.xpath: //span[@class = 'glyphicon glyphicon-menu-hamburger']
[18/01/16 15:12:08][INFO][com.perficient.test.cat.catinspectweb.util.LogWebDriverEventListener-63] Click the element found By.xpath: //a[@data-toggle= 'dropdown']
[18/01/16 15:14:12][INFO][com.perficient.test.cat.catinspectweb.util.TestCaseBase-63] 20180116151412
[18/01/16 15:14:17][INFO][com.perficient.test.cat.catinspectweb.util.TestCaseBase-79] Before Deletion
[18/01/16 15:14:17][INFO][com.perficient.test.cat.catinspectweb.util.TestCaseBase-84] File is moved successful!
[18/01/16 15:14:23][INFO][com.perficient.test.cat.catinspectweb.util.LogWebDriverEventListener-20] WebDriver navigating to:'https://catinspectweb-qa.cat.com/'
[18/01/16 15:15:22][INFO][com.perficient.test.cat.catinspectweb.util.LogWebDriverEventListener-30] WebDriver changing value in element found By.xpath: //input[@id='cwsUID'] from '' to ''
[18/01/16 15:15:22][INFO][com.perficient.test.cat.catinspectweb.util.LogWebDriverEventListener-30] WebDriver changing value in element found By.xpath: //input[@id='cwsUID'] from '' to 'zhangc42'
[18/01/16 15:15:22][INFO][com.perficient.test.cat.catinspectweb.util.LogWebDriverEventListener-30] WebDriver changing value in element found By.xpath: //input[@id='cwsPwd'] from '' to ''
[18/01/16 15:15:22][INFO][com.perficient.test.cat.catinspectweb.util.LogWebDriverEventListener-30] WebDriver changing value in element found By.xpath: //input[@id='cwsPwd'] from '' to 'Zhh131109zhh'
[18/01/16 15:15:22][INFO][com.perficient.test.cat.catinspectweb.util.LogWebDriverEventListener-63] Click the element found By.xpath: //input[@id='submitButton']
[18/01/16 15:15:28][INFO][com.perficient.test.cat.catinspectweb.util.LogWebDriverEventListener-63] Click the element found By.xpath: //span[@class='advSearch']
[18/01/16 15:15:32][INFO][com.perficient.test.cat.catinspectweb.util.LogWebDriverEventListener-30] WebDriver changing value in element found By.xpath: //div[@class = 'col-xs-4 cat_date_filter cat_side_borders']//input[@type= 'text'] from '' to ''
[18/01/16 15:15:32][INFO][com.perficient.test.cat.catinspectweb.util.LogWebDriverEventListener-30] WebDriver changing value in element found By.xpath: //div[@class = 'col-xs-4 cat_date_filter cat_side_borders']//input[@type= 'text'] from '' to '12345678'
[18/01/16 15:15:32][INFO][com.perficient.test.cat.catinspectweb.util.LogWebDriverEventListener-63] Click the element found By.xpath: //button[contains(@class,'btn btn-default btn-success btn-click')]
[18/01/16 15:15:35][INFO][com.perficient.test.cat.catinspectweb.util.LogWebDriverEventListener-63] Click the element found By.xpath: //span[@class = 'glyphicon glyphicon-menu-hamburger']
[18/01/16 15:15:36][INFO][com.perficient.test.cat.catinspectweb.util.LogWebDriverEventListener-63] Click the element found By.xpath: //a[@data-toggle= 'dropdown']
[18/01/16 15:19:02][INFO][com.perficient.test.cat.catinspectweb.util.TestCaseBase-63] 20180116151902
[18/01/16 15:19:07][INFO][com.perficient.test.cat.catinspectweb.util.TestCaseBase-79] Before Deletion
[18/01/16 15:19:07][INFO][com.perficient.test.cat.catinspectweb.util.TestCaseBase-84] File is moved successful!
[18/01/16 15:19:12][INFO][com.perficient.test.cat.catinspectweb.util.LogWebDriverEventListener-20] WebDriver navigating to:'https://catinspectweb-qa.cat.com/'
[18/01/16 15:20:01][INFO][com.perficient.test.cat.catinspectweb.util.LogWebDriverEventListener-30] WebDriver changing value in element found By.xpath: //input[@id='cwsUID'] from '' to ''
[18/01/16 15:20:01][INFO][com.perficient.test.cat.catinspectweb.util.LogWebDriverEventListener-30] WebDriver changing value in element found By.xpath: //input[@id='cwsUID'] from '' to 'zhangc42'
[18/01/16 15:20:01][INFO][com.perficient.test.cat.catinspectweb.util.LogWebDriverEventListener-30] WebDriver changing value in element found By.xpath: //input[@id='cwsPwd'] from '' to ''
[18/01/16 15:20:01][INFO][com.perficient.test.cat.catinspectweb.util.LogWebDriverEventListener-30] WebDriver changing value in element found By.xpath: //input[@id='cwsPwd'] from '' to 'Zhh131109zhh'
[18/01/16 15:20:01][INFO][com.perficient.test.cat.catinspectweb.util.LogWebDriverEventListener-63] Click the element found By.xpath: //input[@id='submitButton']
[18/01/16 15:20:06][INFO][com.perficient.test.cat.catinspectweb.util.LogWebDriverEventListener-63] Click the element found By.xpath: //span[@class='advSearch']
[18/01/16 15:20:11][INFO][com.perficient.test.cat.catinspectweb.util.LogWebDriverEventListener-30] WebDriver changing value in element found By.xpath: //div[@class = 'col-xs-4 cat_date_filter cat_side_borders']//input[@type= 'text'] from '' to ''
[18/01/16 15:20:11][INFO][com.perficient.test.cat.catinspectweb.util.LogWebDriverEventListener-30] WebDriver changing value in element found By.xpath: //div[@class = 'col-xs-4 cat_date_filter cat_side_borders']//input[@type= 'text'] from '' to '12345678'
[18/01/16 15:20:11][INFO][com.perficient.test.cat.catinspectweb.util.LogWebDriverEventListener-63] Click the element found By.xpath: //button[contains(@class,'btn btn-default btn-success btn-click')]
[18/01/16 15:20:14][INFO][com.perficient.test.cat.catinspectweb.util.LogWebDriverEventListener-63] Click the element found By.xpath: //span[@class = 'glyphicon glyphicon-menu-hamburger']
[18/01/16 15:20:14][INFO][com.perficient.test.cat.catinspectweb.util.LogWebDriverEventListener-63] Click the element found By.xpath: //a[@data-toggle= 'dropdown']
[18/01/16 15:20:51][INFO][com.perficient.test.cat.catinspectweb.util.TestCaseBase-63] 20180116152051
[18/01/16 15:20:56][INFO][com.perficient.test.cat.catinspectweb.util.TestCaseBase-79] Before Deletion
[18/01/16 15:20:56][INFO][com.perficient.test.cat.catinspectweb.util.TestCaseBase-84] File is moved successful!
[18/01/16 15:21:17][ERROR][com.perficient.test.cat.catinspectweb.util.TestCaseBase-196] Driver have quited by other thread or by hand.
[18/01/16 15:21:28][INFO][com.perficient.test.cat.catinspectweb.util.TestCaseBase-63] 20180116152128
[18/01/16 15:21:33][INFO][com.perficient.test.cat.catinspectweb.util.TestCaseBase-79] Before Deletion
[18/01/16 15:21:33][INFO][com.perficient.test.cat.catinspectweb.util.TestCaseBase-84] File is moved successful!
[18/01/16 15:21:39][INFO][com.perficient.test.cat.catinspectweb.util.LogWebDriverEventListener-20] WebDriver navigating to:'https://catinspectweb-qa.cat.com/'
[18/01/16 15:22:32][INFO][com.perficient.test.cat.catinspectweb.util.LogWebDriverEventListener-30] WebDriver changing value in element found By.xpath: //input[@id='cwsUID'] from '' to ''
[18/01/16 15:22:32][INFO][com.perficient.test.cat.catinspectweb.util.LogWebDriverEventListener-30] WebDriver changing value in element found By.xpath: //input[@id='cwsUID'] from '' to 'zhangc42'
[18/01/16 15:22:32][INFO][com.perficient.test.cat.catinspectweb.util.LogWebDriverEventListener-30] WebDriver changing value in element found By.xpath: //input[@id='cwsPwd'] from '' to ''
[18/01/16 15:22:32][INFO][com.perficient.test.cat.catinspectweb.util.LogWebDriverEventListener-30] WebDriver changing value in element found By.xpath: //input[@id='cwsPwd'] from '' to 'Zhh131109zhh'
[18/01/16 15:22:32][INFO][com.perficient.test.cat.catinspectweb.util.LogWebDriverEventListener-63] Click the element found By.xpath: //input[@id='submitButton']
[18/01/16 15:22:38][INFO][com.perficient.test.cat.catinspectweb.util.LogWebDriverEventListener-63] Click the element found By.xpath: //span[@class='advSearch']
[18/01/16 15:22:42][INFO][com.perficient.test.cat.catinspectweb.util.LogWebDriverEventListener-30] WebDriver changing value in element found By.xpath: //div[@class = 'col-xs-4 cat_date_filter cat_side_borders']//input[@type= 'text'] from '' to ''
[18/01/16 15:22:42][INFO][com.perficient.test.cat.catinspectweb.util.LogWebDriverEventListener-30] WebDriver changing value in element found By.xpath: //div[@class = 'col-xs-4 cat_date_filter cat_side_borders']//input[@type= 'text'] from '' to '12345678'
[18/01/16 15:22:42][INFO][com.perficient.test.cat.catinspectweb.util.LogWebDriverEventListener-63] Click the element found By.xpath: //button[contains(@class,'btn btn-default btn-success btn-click')]
[18/01/16 15:22:46][INFO][com.perficient.test.cat.catinspectweb.util.LogWebDriverEventListener-63] Click the element found By.xpath: //span[@class = 'glyphicon glyphicon-menu-hamburger']
[18/01/16 15:22:46][INFO][com.perficient.test.cat.catinspectweb.util.LogWebDriverEventListener-63] Click the element found By.xpath: //a[@data-toggle= 'dropdown']
[18/01/16 15:31:56][INFO][com.perficient.test.cat.catinspectweb.util.TestCaseBase-63] 20180116153156
[18/01/16 15:32:01][INFO][com.perficient.test.cat.catinspectweb.util.TestCaseBase-79] Before Deletion
[18/01/16 15:32:01][INFO][com.perficient.test.cat.catinspectweb.util.TestCaseBase-84] File is moved successful!
[18/01/16 15:32:07][INFO][com.perficient.test.cat.catinspectweb.util.CustomAssertion-428] .\errorImages\20180116153207.png
[18/01/16 15:32:07][INFO][com.perficient.test.cat.catinspectweb.util.CustomAssertion-451] StackTrace 0 is: java.lang.Thread.getStackTrace(Unknown Source)
[18/01/16 15:32:07][INFO][com.perficient.test.cat.catinspectweb.util.CustomAssertion-452] LineNumber for 0 stack trace is: -1
[18/01/16 15:32:07][INFO][com.perficient.test.cat.catinspectweb.util.CustomAssertion-451] StackTrace 1 is: com.perficient.test.cat.catinspectweb.util.CustomAssertion.logStackTraceInfo(CustomAssertion.java:451)
[18/01/16 15:32:07][INFO][com.perficient.test.cat.catinspectweb.util.CustomAssertion-452] LineNumber for 1 stack trace is: 452
[18/01/16 15:32:07][INFO][com.perficient.test.cat.catinspectweb.util.CustomAssertion-451] StackTrace 2 is: com.perficient.test.cat.catinspectweb.util.CustomAssertion.printError(CustomAssertion.java:429)
[18/01/16 15:32:07][INFO][com.perficient.test.cat.catinspectweb.util.CustomAssertion-452] LineNumber for 2 stack trace is: 429
[18/01/16 15:32:07][INFO][com.perficient.test.cat.catinspectweb.util.CustomAssertion-451] StackTrace 3 is: com.perficient.test.cat.catinspectweb.util.TestCaseBase.afterMethod(TestCaseBase.java:206)
[18/01/16 15:32:07][INFO][com.perficient.test.cat.catinspectweb.util.CustomAssertion-452] LineNumber for 3 stack trace is: 206
[18/01/16 15:32:07][INFO][com.perficient.test.cat.catinspectweb.util.CustomAssertion-451] StackTrace 4 is: sun.reflect.NativeMethodAccessorImpl.invoke0(Native Method)
[18/01/16 15:32:07][INFO][com.perficient.test.cat.catinspectweb.util.CustomAssertion-452] LineNumber for 4 stack trace is: -2
[18/01/16 15:32:07][INFO][com.perficient.test.cat.catinspectweb.util.CustomAssertion-451] StackTrace 5 is: sun.reflect.NativeMethodAccessorImpl.invoke(Unknown Source)
[18/01/16 15:32:07][INFO][com.perficient.test.cat.catinspectweb.util.CustomAssertion-452] LineNumber for 5 stack trace is: -1
[18/01/16 15:32:07][INFO][com.perficient.test.cat.catinspectweb.util.CustomAssertion-451] StackTrace 6 is: sun.reflect.DelegatingMethodAccessorImpl.invoke(Unknown Source)
[18/01/16 15:32:07][INFO][com.perficient.test.cat.catinspectweb.util.CustomAssertion-452] LineNumber for 6 stack trace is: -1
[18/01/16 15:32:07][INFO][com.perficient.test.cat.catinspectweb.util.CustomAssertion-455] StackTrace for Assert is: com.perficient.test.cat.catinspectweb.util.TestCaseBase.afterMethod(TestCaseBase.java:206)
[18/01/16 15:32:07][INFO][com.perficient.test.cat.catinspectweb.util.CustomAssertion-456] Assert LineNumber is: 206
[18/01/16 15:32:29][INFO][com.perficient.test.cat.catinspectweb.util.TestCaseBase-63] 20180116153229
[18/01/16 15:32:34][INFO][com.perficient.test.cat.catinspectweb.util.TestCaseBase-79] Before Deletion
[18/01/16 15:32:34][INFO][com.perficient.test.cat.catinspectweb.util.FunctionUtil-115] 20180116153207.png
[18/01/16 15:32:34][INFO][com.perficient.test.cat.catinspectweb.util.TestCaseBase-84] File is moved successful!
[18/01/16 15:32:46][INFO][com.perficient.test.cat.catinspectweb.util.CustomAssertion-428] .\errorImages\20180116153245.png
[18/01/16 15:32:46][INFO][com.perficient.test.cat.catinspectweb.util.CustomAssertion-451] StackTrace 0 is: java.lang.Thread.getStackTrace(Unknown Source)
[18/01/16 15:32:46][INFO][com.perficient.test.cat.catinspectweb.util.CustomAssertion-452] LineNumber for 0 stack trace is: -1
[18/01/16 15:32:46][INFO][com.perficient.test.cat.catinspectweb.util.CustomAssertion-451] StackTrace 1 is: com.perficient.test.cat.catinspectweb.util.CustomAssertion.logStackTraceInfo(CustomAssertion.java:451)
[18/01/16 15:32:46][INFO][com.perficient.test.cat.catinspectweb.util.CustomAssertion-452] LineNumber for 1 stack trace is: 452
[18/01/16 15:32:46][INFO][com.perficient.test.cat.catinspectweb.util.CustomAssertion-451] StackTrace 2 is: com.perficient.test.cat.catinspectweb.util.CustomAssertion.printError(CustomAssertion.java:429)
[18/01/16 15:32:46][INFO][com.perficient.test.cat.catinspectweb.util.CustomAssertion-452] LineNumber for 2 stack trace is: 429
[18/01/16 15:32:46][INFO][com.perficient.test.cat.catinspectweb.util.CustomAssertion-451] StackTrace 3 is: com.perficient.test.cat.catinspectweb.util.TestCaseBase.afterMethod(TestCaseBase.java:206)
[18/01/16 15:32:46][INFO][com.perficient.test.cat.catinspectweb.util.CustomAssertion-452] LineNumber for 3 stack trace is: 206
[18/01/16 15:32:46][INFO][com.perficient.test.cat.catinspectweb.util.CustomAssertion-451] StackTrace 4 is: sun.reflect.NativeMethodAccessorImpl.invoke0(Native Method)
[18/01/16 15:32:46][INFO][com.perficient.test.cat.catinspectweb.util.CustomAssertion-452] LineNumber for 4 stack trace is: -2
[18/01/16 15:32:46][INFO][com.perficient.test.cat.catinspectweb.util.CustomAssertion-451] StackTrace 5 is: sun.reflect.NativeMethodAccessorImpl.invoke(Unknown Source)
[18/01/16 15:32:46][INFO][com.perficient.test.cat.catinspectweb.util.CustomAssertion-452] LineNumber for 5 stack trace is: -1
[18/01/16 15:32:46][INFO][com.perficient.test.cat.catinspectweb.util.CustomAssertion-451] StackTrace 6 is: sun.reflect.DelegatingMethodAccessorImpl.invoke(Unknown Source)
[18/01/16 15:32:46][INFO][com.perficient.test.cat.catinspectweb.util.CustomAssertion-452] LineNumber for 6 stack trace is: -1
[18/01/16 15:32:46][INFO][com.perficient.test.cat.catinspectweb.util.CustomAssertion-455] StackTrace for Assert is: com.perficient.test.cat.catinspectweb.util.TestCaseBase.afterMethod(TestCaseBase.java:206)
[18/01/16 15:32:46][INFO][com.perficient.test.cat.catinspectweb.util.CustomAssertion-456] Assert LineNumber is: 206
[18/01/16 15:33:51][INFO][com.perficient.test.cat.catinspectweb.util.TestCaseBase-63] 20180116153351
[18/01/16 15:33:56][INFO][com.perficient.test.cat.catinspectweb.util.TestCaseBase-79] Before Deletion
[18/01/16 15:33:56][INFO][com.perficient.test.cat.catinspectweb.util.FunctionUtil-115] 20180116153245.png
[18/01/16 15:33:56][INFO][com.perficient.test.cat.catinspectweb.util.TestCaseBase-84] File is moved successful!
[18/01/16 15:34:02][INFO][com.perficient.test.cat.catinspectweb.util.CustomAssertion-428] .\errorImages\20180116153402.png
[18/01/16 15:34:02][INFO][com.perficient.test.cat.catinspectweb.util.CustomAssertion-451] StackTrace 0 is: java.lang.Thread.getStackTrace(Unknown Source)
[18/01/16 15:34:02][INFO][com.perficient.test.cat.catinspectweb.util.CustomAssertion-452] LineNumber for 0 stack trace is: -1
[18/01/16 15:34:02][INFO][com.perficient.test.cat.catinspectweb.util.CustomAssertion-451] StackTrace 1 is: com.perficient.test.cat.catinspectweb.util.CustomAssertion.logStackTraceInfo(CustomAssertion.java:451)
[18/01/16 15:34:02][INFO][com.perficient.test.cat.catinspectweb.util.CustomAssertion-452] LineNumber for 1 stack trace is: 452
[18/01/16 15:34:02][INFO][com.perficient.test.cat.catinspectweb.util.CustomAssertion-451] StackTrace 2 is: com.perficient.test.cat.catinspectweb.util.CustomAssertion.printError(CustomAssertion.java:429)
[18/01/16 15:34:02][INFO][com.perficient.test.cat.catinspectweb.util.CustomAssertion-452] LineNumber for 2 stack trace is: 429
[18/01/16 15:34:02][INFO][com.perficient.test.cat.catinspectweb.util.CustomAssertion-451] StackTrace 3 is: com.perficient.test.cat.catinspectweb.util.TestCaseBase.afterMethod(TestCaseBase.java:206)
[18/01/16 15:34:02][INFO][com.perficient.test.cat.catinspectweb.util.CustomAssertion-452] LineNumber for 3 stack trace is: 206
[18/01/16 15:34:02][INFO][com.perficient.test.cat.catinspectweb.util.CustomAssertion-451] StackTrace 4 is: sun.reflect.NativeMethodAccessorImpl.invoke0(Native Method)
[18/01/16 15:34:02][INFO][com.perficient.test.cat.catinspectweb.util.CustomAssertion-452] LineNumber for 4 stack trace is: -2
[18/01/16 15:34:02][INFO][com.perficient.test.cat.catinspectweb.util.CustomAssertion-451] StackTrace 5 is: sun.reflect.NativeMethodAccessorImpl.invoke(Unknown Source)
[18/01/16 15:34:02][INFO][com.perficient.test.cat.catinspectweb.util.CustomAssertion-452] LineNumber for 5 stack trace is: -1
[18/01/16 15:34:02][INFO][com.perficient.test.cat.catinspectweb.util.CustomAssertion-451] StackTrace 6 is: sun.reflect.DelegatingMethodAccessorImpl.invoke(Unknown Source)
[18/01/16 15:34:02][INFO][com.perficient.test.cat.catinspectweb.util.CustomAssertion-452] LineNumber for 6 stack trace is: -1
[18/01/16 15:34:02][INFO][com.perficient.test.cat.catinspectweb.util.CustomAssertion-455] StackTrace for Assert is: com.perficient.test.cat.catinspectweb.util.TestCaseBase.afterMethod(TestCaseBase.java:206)
[18/01/16 15:34:02][INFO][com.perficient.test.cat.catinspectweb.util.CustomAssertion-456] Assert LineNumber is: 206
[18/01/16 15:38:27][INFO][com.perficient.test.cat.catinspectweb.util.TestCaseBase-63] 20180116153827
[18/01/16 15:38:32][INFO][com.perficient.test.cat.catinspectweb.util.TestCaseBase-79] Before Deletion
[18/01/16 15:38:32][INFO][com.perficient.test.cat.catinspectweb.util.FunctionUtil-115] 20180116153402.png
[18/01/16 15:38:32][INFO][com.perficient.test.cat.catinspectweb.util.TestCaseBase-84] File is moved successful!
[18/01/16 15:38:37][INFO][com.perficient.test.cat.catinspectweb.util.LogWebDriverEventListener-20] WebDriver navigating to:'https://catinspectweb-qa.cat.com/'
[18/01/16 15:40:02][INFO][com.perficient.test.cat.catinspectweb.util.LogWebDriverEventListener-30] WebDriver changing value in element found By.xpath: //input[@id='cwsUID'] from '' to ''
[18/01/16 15:40:02][INFO][com.perficient.test.cat.catinspectweb.util.LogWebDriverEventListener-30] WebDriver changing value in element found By.xpath: //input[@id='cwsUID'] from '' to 'zhangc42'
[18/01/16 15:40:02][INFO][com.perficient.test.cat.catinspectweb.util.LogWebDriverEventListener-30] WebDriver changing value in element found By.xpath: //input[@id='cwsPwd'] from '' to ''
[18/01/16 15:40:02][INFO][com.perficient.test.cat.catinspectweb.util.LogWebDriverEventListener-30] WebDriver changing value in element found By.xpath: //input[@id='cwsPwd'] from '' to 'Zhh131109zhh'
[18/01/16 15:40:03][INFO][com.perficient.test.cat.catinspectweb.util.LogWebDriverEventListener-63] Click the element found By.xpath: //input[@id='submitButton']
[18/01/16 15:40:08][INFO][com.perficient.test.cat.catinspectweb.util.LogWebDriverEventListener-63] Click the element found By.xpath: //span[@class='advSearch']
[18/01/16 15:40:12][INFO][com.perficient.test.cat.catinspectweb.util.LogWebDriverEventListener-30] WebDriver changing value in element found By.xpath: //div[@class = 'col-xs-4 cat_date_filter cat_side_borders']//input[@type= 'text'] from '' to ''
[18/01/16 15:40:12][INFO][com.perficient.test.cat.catinspectweb.util.LogWebDriverEventListener-30] WebDriver changing value in element found By.xpath: //div[@class = 'col-xs-4 cat_date_filter cat_side_borders']//input[@type= 'text'] from '' to '12345678'
[18/01/16 15:40:12][INFO][com.perficient.test.cat.catinspectweb.util.LogWebDriverEventListener-63] Click the element found By.xpath: //button[contains(@class,'btn btn-default btn-success btn-click')]
[18/01/16 15:40:16][INFO][com.perficient.test.cat.catinspectweb.util.LogWebDriverEventListener-63] Click the element found By.xpath: //span[@class = 'glyphicon glyphicon-menu-hamburger']
[18/01/16 15:40:16][INFO][com.perficient.test.cat.catinspectweb.util.LogWebDriverEventListener-63] Click the element found By.xpath: //a[@data-toggle= 'dropdown']
[18/01/16 15:40:16][INFO][com.perficient.test.cat.catinspectweb.util.LogWebDriverEventListener-63] Click the element found By.xpath: //label/span
[18/01/16 15:40:16][INFO][com.perficient.test.cat.catinspectweb.util.LogWebDriverEventListener-63] Click the element found By.xpath: //label/span
[18/01/16 15:40:17][INFO][com.perficient.test.cat.catinspectweb.util.LogWebDriverEventListener-63] Click the element found By.xpath: //label/span
[18/01/16 15:40:17][INFO][com.perficient.test.cat.catinspectweb.util.LogWebDriverEventListener-63] Click the element found By.xpath: //label/span
[18/01/16 16:27:20][INFO][com.perficient.test.cat.catinspectweb.util.TestCaseBase-63] 20180116162720
[18/01/16 16:27:25][INFO][com.perficient.test.cat.catinspectweb.util.TestCaseBase-79] Before Deletion
[18/01/16 16:27:25][INFO][com.perficient.test.cat.catinspectweb.util.TestCaseBase-84] File is moved successful!
[18/01/16 16:27:31][INFO][com.perficient.test.cat.catinspectweb.util.LogWebDriverEventListener-20] WebDriver navigating to:'https://catinspectweb-qa.cat.com/'
[18/01/16 16:28:32][INFO][com.perficient.test.cat.catinspectweb.util.LogWebDriverEventListener-30] WebDriver changing value in element found By.xpath: //input[@id='cwsUID'] from '' to ''
[18/01/16 16:28:32][INFO][com.perficient.test.cat.catinspectweb.util.LogWebDriverEventListener-30] WebDriver changing value in element found By.xpath: //input[@id='cwsUID'] from '' to 'zhangc42'
[18/01/16 16:28:32][INFO][com.perficient.test.cat.catinspectweb.util.LogWebDriverEventListener-30] WebDriver changing value in element found By.xpath: //input[@id='cwsPwd'] from '' to ''
[18/01/16 16:28:32][INFO][com.perficient.test.cat.catinspectweb.util.LogWebDriverEventListener-30] WebDriver changing value in element found By.xpath: //input[@id='cwsPwd'] from '' to 'Zhh131109zhh'
[18/01/16 16:28:32][INFO][com.perficient.test.cat.catinspectweb.util.LogWebDriverEventListener-63] Click the element found By.xpath: //input[@id='submitButton']
[18/01/16 16:28:38][INFO][com.perficient.test.cat.catinspectweb.util.LogWebDriverEventListener-63] Click the element found By.xpath: //span[@class='advSearch']
[18/01/16 16:28:42][INFO][com.perficient.test.cat.catinspectweb.util.LogWebDriverEventListener-30] WebDriver changing value in element found By.xpath: //div[@class = 'col-xs-4 cat_date_filter cat_side_borders']//input[@type= 'text'] from '' to ''
[18/01/16 16:28:42][INFO][com.perficient.test.cat.catinspectweb.util.LogWebDriverEventListener-30] WebDriver changing value in element found By.xpath: //div[@class = 'col-xs-4 cat_date_filter cat_side_borders']//input[@type= 'text'] from '' to '12345678'
[18/01/16 16:28:43][INFO][com.perficient.test.cat.catinspectweb.util.LogWebDriverEventListener-63] Click the element found By.xpath: //button[contains(@class,'btn btn-default btn-success btn-click')]
[18/01/16 16:28:46][INFO][com.perficient.test.cat.catinspectweb.util.LogWebDriverEventListener-63] Click the element found By.xpath: //span[@class = 'glyphicon glyphicon-menu-hamburger']
[18/01/16 16:28:46][INFO][com.perficient.test.cat.catinspectweb.util.LogWebDriverEventListener-63] Click the element found By.xpath: //a[@data-toggle= 'dropdown']
[18/01/16 16:28:46][INFO][com.perficient.test.cat.catinspectweb.util.LogWebDriverEventListener-63] Click the element found By.xpath: //label/span
[18/01/16 16:28:47][INFO][com.perficient.test.cat.catinspectweb.util.LogWebDriverEventListener-63] Click the element found By.xpath: //label/span
[18/01/16 16:28:47][INFO][com.perficient.test.cat.catinspectweb.util.LogWebDriverEventListener-63] Click the element found By.xpath: //label/span
[18/01/16 16:28:47][INFO][com.perficient.test.cat.catinspectweb.util.LogWebDriverEventListener-63] Click the element found By.xpath: //label/span
[18/01/16 16:28:47][INFO][com.perficient.test.cat.catinspectweb.util.LogWebDriverEventListener-63] Click the element found By.xpath: //table[@id='insp-head-table']//th
[18/01/16 16:28:50][INFO][com.perficient.test.cat.catinspectweb.util.FunctionUtil-1525] [8675309, 12345, 123, , , , , , , , , , , , , , , , , , , , , , , , , , , , , , , , , , , , , , , , , , , , , , , , , ]The original array list
[18/01/16 16:28:50][INFO][com.perficient.test.cat.catinspectweb.util.FunctionUtil-1541] [8675309, 12345, 123, , , , , , , , , , , , , , , , , , , , , , , , , , , , , , , , , , , , , , , , , , , , , , , , , ]The alphabetical order array list after sort
[18/01/16 16:28:50][INFO][com.perficient.test.cat.catinspectweb.util.LogWebDriverEventListener-63] Click the element found By.xpath: //table[@id='insp-head-table']//th
[18/01/16 16:28:53][INFO][com.perficient.test.cat.catinspectweb.util.FunctionUtil-1525] [, , , , , , , , , , , , , , , , , , , , , , , , , , , , , , , , , , , , , , , , , , , , , , , , , 123, 12345, 8675309]The original array list
[18/01/16 16:28:53][INFO][com.perficient.test.cat.catinspectweb.util.FunctionUtil-1541] [, , , , , , , , , , , , , , , , , , , , , , , , , , , , , , , , , , , , , , , , , , , , , , , , , 123, 12345, 8675309]The alphabetical order array list after sort
[18/01/16 16:28:53][INFO][com.perficient.test.cat.catinspectweb.util.LogWebDriverEventListener-63] Click the element found By.xpath: //table[@id='insp-head-table']//th
[18/01/16 16:28:55][INFO][com.perficient.test.cat.catinspectweb.util.FunctionUtil-1525] [Validation, Validation, TA1, TA1, TA1, TA1, TA1, TA1, TA1, TA1, TA1, TA1, TA1, PSSR, PSSR, PSSR, PSSR, PSSR, PSSR, PSSR, PSSR, PSSR, PSSR, PSSR, PSSR, PSSR, PSSR, PSSR, PSSR, PSSR, PSSR, PSSR, PM Checklist, PM Checklist, PM Checklist, PM Checklist, PM Checklist, PM Checklist, PDI, PDI, PDI, PDI, Field Follow, Dealer Process, Dealer Process, Contamination Control, Contamination Control, Contamination Control, Contamination Control, Component D&A, CCR, CCR]The original array list
[18/01/16 16:28:55][INFO][com.perficient.test.cat.catinspectweb.util.FunctionUtil-1541] [Validation, Validation, TA1, TA1, TA1, TA1, TA1, TA1, TA1, TA1, TA1, TA1, TA1, PSSR, PSSR, PSSR, PSSR, PSSR, PSSR, PSSR, PSSR, PSSR, PSSR, PSSR, PSSR, PSSR, PSSR, PSSR, PSSR, PSSR, PSSR, PSSR, PM Checklist, PM Checklist, PM Checklist, PM Checklist, PM Checklist, PM Checklist, PDI, PDI, PDI, PDI, Field Follow, Dealer Process, Dealer Process, Contamination Control, Contamination Control, Contamination Control, Contamination Control, Component D&A, CCR, CCR]The alphabetical order array list after sort
[18/01/16 16:28:55][INFO][com.perficient.test.cat.catinspectweb.util.LogWebDriverEventListener-63] Click the element found By.xpath: //table[@id='insp-head-table']//th
[18/01/16 16:28:58][INFO][com.perficient.test.cat.catinspectweb.util.FunctionUtil-1525] [CCR, CCR, Component D&A, Contamination Control, Contamination Control, Contamination Control, Contamination Control, Dealer Process, Dealer Process, Field Follow, PDI, PDI, PDI, PDI, PM Checklist, PM Checklist, PM Checklist, PM Checklist, PM Checklist, PM Checklist, PSSR, PSSR, PSSR, PSSR, PSSR, PSSR, PSSR, PSSR, PSSR, PSSR, PSSR, PSSR, PSSR, PSSR, PSSR, PSSR, PSSR, PSSR, PSSR, TA1, TA1, TA1, TA1, TA1, TA1, TA1, TA1, TA1, TA1, TA1, Validation, Validation]The original array list
[18/01/16 16:28:58][INFO][com.perficient.test.cat.catinspectweb.util.FunctionUtil-1541] [CCR, CCR, Component D&A, Contamination Control, Contamination Control, Contamination Control, Contamination Control, Dealer Process, Dealer Process, Field Follow, PDI, PDI, PDI, PDI, PM Checklist, PM Checklist, PM Checklist, PM Checklist, PM Checklist, PM Checklist, PSSR, PSSR, PSSR, PSSR, PSSR, PSSR, PSSR, PSSR, PSSR, PSSR, PSSR, PSSR, PSSR, PSSR, PSSR, PSSR, PSSR, PSSR, PSSR, TA1, TA1, TA1, TA1, TA1, TA1, TA1, TA1, TA1, TA1, TA1, Validation, Validation]The alphabetical order array list after sort
[18/01/16 16:28:58][INFO][com.perficient.test.cat.catinspectweb.util.LogWebDriverEventListener-63] Click the element found By.xpath: //table[@id='insp-head-table']//th
[18/01/16 16:29:07][INFO][com.perficient.test.cat.catinspectweb.util.FunctionUtil-1525] [ 2,  2,  2, , , , , , , , , Wheel Loader TA1, Wheel Loader TA1, Trial Form BB 3, Trial Form BB 3, Test, TEST, Quarry Site Evaluation, Quarry Site Evaluation, PSSR Inspection - WL, PSSR Inspection - WL, PSSR Inspection - AT, PSSR Inspection - AT, PSSR Inspection - AT, PSSR Inspection - AT, PSSR Inspection - AT, PSSR Inspection - AT, PM 3 (1000 HOUR INTERVAL), PM 1 (250 HOUR INTERVAL), Next Generation Caterpillar Excavators C Machine Delivery Checklist, Next Generation Caterpillar Excavators - First Follow-Up Visit Checklist, Marine Engine TA1, KP25-30 Gearbox, GMD PPG Incoming Machine Checklist, Form for QA testing 06/28, form 6/17, Driver Safety System (Quarterly Inspection/Maintenance), Driver Safety System (Operator Maintenance Check), Daily Hammer Inspection (H80), CX38 Disassembly - Transmission v0.1, Contamination Control (Espa?ol), Contamination Control (English), Contamination Control (English), Cat Yb, Cat Yb, BHL Dealer, Customer & Field Visit Report, Benchmark Site Operations - Quarry Evaluation, Asphalt Paver TA1, Articulated Truck TA1 (Portuguese), Articulated Truck TA1, Articulated Truck TA1, Articulated Truck ( ??  ?? ?? ) TA1 (Russi]The original array list
[18/01/16 16:29:07][INFO][com.perficient.test.cat.catinspectweb.util.FunctionUtil-1541] [ 2,  2,  2, , , , , , , , , Wheel Loader TA1, Wheel Loader TA1, Trial Form BB 3, Trial Form BB 3, Test, TEST, Quarry Site Evaluation, Quarry Site Evaluation, PSSR Inspection - WL, PSSR Inspection - WL, PSSR Inspection - AT, PSSR Inspection - AT, PSSR Inspection - AT, PSSR Inspection - AT, PSSR Inspection - AT, PSSR Inspection - AT, PM 3 (1000 HOUR INTERVAL), PM 1 (250 HOUR INTERVAL), Next Generation Caterpillar Excavators C Machine Delivery Checklist, Next Generation Caterpillar Excavators - First Follow-Up Visit Checklist, Marine Engine TA1, KP25-30 Gearbox, GMD PPG Incoming Machine Checklist, Form for QA testing 06/28, form 6/17, Driver Safety System (Quarterly Inspection/Maintenance), Driver Safety System (Operator Maintenance Check), Daily Hammer Inspection (H80), CX38 Disassembly - Transmission v0.1, Contamination Control (Espa?ol), Contamination Control (English), Contamination Control (English), Cat Yb, Cat Yb, BHL Dealer, Customer & Field Visit Report, Benchmark Site Operations - Quarry Evaluation, Asphalt Paver TA1, Articulated Truck TA1 (Portuguese), Articulated Truck TA1, Articulated Truck TA1, Articulated Truck ( ??  ?? ?? ) TA1 (Russi]The alphabetical order array list after sort
[18/01/16 16:29:07][INFO][com.perficient.test.cat.catinspectweb.util.LogWebDriverEventListener-63] Click the element found By.xpath: //table[@id='insp-head-table']//th
[18/01/16 16:29:09][INFO][com.perficient.test.cat.catinspectweb.util.FunctionUtil-1525] [Articulated Truck ( ??  ?? ?? ) TA1 (Russi, Articulated Truck TA1, Articulated Truck TA1, Articulated Truck TA1 (Portuguese), Asphalt Paver TA1, Benchmark Site Operations - Quarry Evaluation, BHL Dealer, Customer & Field Visit Report, Cat Yb, Cat Yb, Contamination Control (English), Contamination Control (English), Contamination Control (Espa?ol), CX38 Disassembly - Transmission v0.1, Daily Hammer Inspection (H80), Driver Safety System (Operator Maintenance Check), Driver Safety System (Quarterly Inspection/Maintenance), form 6/17, Form for QA testing 06/28, GMD PPG Incoming Machine Checklist, KP25-30 Gearbox, Marine Engine TA1, Next Generation Caterpillar Excavators - First Follow-Up Visit Checklist, Next Generation Caterpillar Excavators C Machine Delivery Checklist, PM 1 (250 HOUR INTERVAL), PM 3 (1000 HOUR INTERVAL), PSSR Inspection - AT, PSSR Inspection - AT, PSSR Inspection - AT, PSSR Inspection - AT, PSSR Inspection - AT, PSSR Inspection - AT, PSSR Inspection - WL, PSSR Inspection - WL, Quarry Site Evaluation, Quarry Site Evaluation, Test, TEST, Trial Form BB 3, Trial Form BB 3, Wheel Loader TA1, Wheel Loader TA1, , , , , , , , ,  2,  2,  2]The original array list
[18/01/16 16:29:09][INFO][com.perficient.test.cat.catinspectweb.util.FunctionUtil-1541] [Articulated Truck ( ??  ?? ?? ) TA1 (Russi, Articulated Truck TA1, Articulated Truck TA1, Articulated Truck TA1 (Portuguese), Asphalt Paver TA1, Benchmark Site Operations - Quarry Evaluation, BHL Dealer, Customer & Field Visit Report, Cat Yb, Cat Yb, Contamination Control (English), Contamination Control (English), Contamination Control (Espa?ol), CX38 Disassembly - Transmission v0.1, Daily Hammer Inspection (H80), Driver Safety System (Operator Maintenance Check), Driver Safety System (Quarterly Inspection/Maintenance), form 6/17, Form for QA testing 06/28, GMD PPG Incoming Machine Checklist, KP25-30 Gearbox, Marine Engine TA1, Next Generation Caterpillar Excavators - First Follow-Up Visit Checklist, Next Generation Caterpillar Excavators C Machine Delivery Checklist, PM 1 (250 HOUR INTERVAL), PM 3 (1000 HOUR INTERVAL), PSSR Inspection - AT, PSSR Inspection - AT, PSSR Inspection - AT, PSSR Inspection - AT, PSSR Inspection - AT, PSSR Inspection - AT, PSSR Inspection - WL, PSSR Inspection - WL, Quarry Site Evaluation, Quarry Site Evaluation, Test, TEST, Trial Form BB 3, Trial Form BB 3, Wheel Loader TA1, Wheel Loader TA1, , , , , , , , ,  2,  2,  2]The alphabetical order array list after sort
[18/01/16 16:29:09][INFO][com.perficient.test.cat.catinspectweb.util.LogWebDriverEventListener-63] Click the element found By.xpath: //table[@id='insp-head-table']//th
[18/01/16 16:29:11][INFO][com.perficient.test.cat.catinspectweb.util.FunctionUtil-1525] [Yasushi Takahashi, Timothy Noon, Timothy Noon, Keith Corkill, Keith Corkill, Keith Corkill, Juan Velandia, Jarod Skocaj, Hiroshi Jikumaru, Dmitry Anatolevich Markin, Curtis Tyler Albertsen, Curtis Tyler Albertsen, Curtis Tyler Albertsen, Curtis Tyler Albertsen, Christal Zhang, Bharath Rajarethinam, , , , , , , , , , , , , , , , , , , , , , , , , , , , , , , , , , , , ]The original array list
[18/01/16 16:29:11][INFO][com.perficient.test.cat.catinspectweb.util.FunctionUtil-1541] [Yasushi Takahashi, Timothy Noon, Timothy Noon, Keith Corkill, Keith Corkill, Keith Corkill, Juan Velandia, Jarod Skocaj, Hiroshi Jikumaru, Dmitry Anatolevich Markin, Curtis Tyler Albertsen, Curtis Tyler Albertsen, Curtis Tyler Albertsen, Curtis Tyler Albertsen, Christal Zhang, Bharath Rajarethinam, , , , , , , , , , , , , , , , , , , , , , , , , , , , , , , , , , , , ]The alphabetical order array list after sort
[18/01/16 16:29:12][INFO][com.perficient.test.cat.catinspectweb.util.LogWebDriverEventListener-63] Click the element found By.xpath: //table[@id='insp-head-table']//th
[18/01/16 16:29:17][INFO][com.perficient.test.cat.catinspectweb.util.FunctionUtil-1525] [, , , , , , , , , , , , , , , , , , , , , , , , , , , , , , , , , , , , Bharath Rajarethinam, Christal Zhang, Curtis Tyler Albertsen, Curtis Tyler Albertsen, Curtis Tyler Albertsen, Curtis Tyler Albertsen, Dmitry Anatolevich Markin, Hiroshi Jikumaru, Jarod Skocaj, Juan Velandia, Keith Corkill, Keith Corkill, Keith Corkill, Timothy Noon, Timothy Noon, Yasushi Takahashi]The original array list
[18/01/16 16:29:17][INFO][com.perficient.test.cat.catinspectweb.util.FunctionUtil-1541] [, , , , , , , , , , , , , , , , , , , , , , , , , , , , , , , , , , , , Bharath Rajarethinam, Christal Zhang, Curtis Tyler Albertsen, Curtis Tyler Albertsen, Curtis Tyler Albertsen, Curtis Tyler Albertsen, Dmitry Anatolevich Markin, Hiroshi Jikumaru, Jarod Skocaj, Juan Velandia, Keith Corkill, Keith Corkill, Keith Corkill, Timothy Noon, Timothy Noon, Yasushi Takahashi]The alphabetical order array list after sort
[18/01/16 16:29:17][INFO][com.perficient.test.cat.catinspectweb.util.LogWebDriverEventListener-63] Click the element found By.xpath: //table[@id='insp-head-table']//th
[18/01/16 16:29:20][INFO][com.perficient.test.cat.catinspectweb.util.FunctionUtil-1525] [L, O, O, O, uO, Test Aa, Test, Team 2, NA, Carmeuse Lime, , , , , , , , , , , , , , , , , , , , , , , , , , , , , , , , , , , , , , , , , , ]The original array list
[18/01/16 16:29:20][INFO][com.perficient.test.cat.catinspectweb.util.FunctionUtil-1541] [L, O, O, O, uO, Test Aa, Test, Team 2, NA, Carmeuse Lime, , , , , , , , , , , , , , , , , , , , , , , , , , , , , , , , , , , , , , , , , , ]The alphabetical order array list after sort
[18/01/16 16:29:20][INFO][com.perficient.test.cat.catinspectweb.util.LogWebDriverEventListener-63] Click the element found By.xpath: //table[@id='insp-head-table']//th
[18/01/16 16:29:22][INFO][com.perficient.test.cat.catinspectweb.util.FunctionUtil-1525] [, , , , , , , , , , , , , , , , , , , , , , , , , , , , , , , , , , , , , , , , , , Carmeuse Lime, NA, Team 2, Test, Test Aa, uO, O, O, O, L]The original array list
[18/01/16 16:29:22][INFO][com.perficient.test.cat.catinspectweb.util.FunctionUtil-1541] [, , , , , , , , , , , , , , , , , , , , , , , , , , , , , , , , , , , , , , , , , , Carmeuse Lime, NA, Team 2, Test, Test Aa, uO, O, O, O, L]The alphabetical order array list after sort
[18/01/16 16:48:51][INFO][com.perficient.test.cat.catinspectweb.util.TestCaseBase-63] 20180116164851
[18/01/16 16:48:56][INFO][com.perficient.test.cat.catinspectweb.util.TestCaseBase-79] Before Deletion
[18/01/16 16:48:56][INFO][com.perficient.test.cat.catinspectweb.util.TestCaseBase-84] File is moved successful!
[18/01/16 16:49:02][INFO][com.perficient.test.cat.catinspectweb.util.LogWebDriverEventListener-20] WebDriver navigating to:'https://catinspectweb-qa.cat.com/'
[18/01/16 16:49:54][INFO][com.perficient.test.cat.catinspectweb.util.LogWebDriverEventListener-30] WebDriver changing value in element found By.xpath: //input[@id='cwsUID'] from '' to ''
[18/01/16 16:49:54][INFO][com.perficient.test.cat.catinspectweb.util.LogWebDriverEventListener-30] WebDriver changing value in element found By.xpath: //input[@id='cwsUID'] from '' to 'zhangc42'
[18/01/16 16:49:54][INFO][com.perficient.test.cat.catinspectweb.util.LogWebDriverEventListener-30] WebDriver changing value in element found By.xpath: //input[@id='cwsPwd'] from '' to ''
[18/01/16 16:49:54][INFO][com.perficient.test.cat.catinspectweb.util.LogWebDriverEventListener-30] WebDriver changing value in element found By.xpath: //input[@id='cwsPwd'] from '' to 'Zhh131109zhh'
[18/01/16 16:49:54][INFO][com.perficient.test.cat.catinspectweb.util.LogWebDriverEventListener-63] Click the element found By.xpath: //input[@id='submitButton']
[18/01/16 16:50:00][INFO][com.perficient.test.cat.catinspectweb.util.LogWebDriverEventListener-63] Click the element found By.xpath: //span[@class='advSearch']
[18/01/16 16:50:04][INFO][com.perficient.test.cat.catinspectweb.util.LogWebDriverEventListener-30] WebDriver changing value in element found By.xpath: //div[@class = 'col-xs-4 cat_date_filter cat_side_borders']//input[@type= 'text'] from '' to ''
[18/01/16 16:50:04][INFO][com.perficient.test.cat.catinspectweb.util.LogWebDriverEventListener-30] WebDriver changing value in element found By.xpath: //div[@class = 'col-xs-4 cat_date_filter cat_side_borders']//input[@type= 'text'] from '' to '12345678'
[18/01/16 16:50:04][INFO][com.perficient.test.cat.catinspectweb.util.LogWebDriverEventListener-63] Click the element found By.xpath: //button[contains(@class,'btn btn-default btn-success btn-click')]
[18/01/16 16:50:08][INFO][com.perficient.test.cat.catinspectweb.util.LogWebDriverEventListener-63] Click the element found By.xpath: //span[@class = 'glyphicon glyphicon-menu-hamburger']
[18/01/16 16:50:08][INFO][com.perficient.test.cat.catinspectweb.util.LogWebDriverEventListener-63] Click the element found By.xpath: //a[@data-toggle= 'dropdown']
[18/01/16 16:50:08][INFO][com.perficient.test.cat.catinspectweb.util.LogWebDriverEventListener-63] Click the element found By.xpath: //label/span
[18/01/16 16:50:08][INFO][com.perficient.test.cat.catinspectweb.util.LogWebDriverEventListener-63] Click the element found By.xpath: //label/span
[18/01/16 16:50:09][INFO][com.perficient.test.cat.catinspectweb.util.LogWebDriverEventListener-63] Click the element found By.xpath: //label/span
[18/01/16 16:50:09][INFO][com.perficient.test.cat.catinspectweb.util.LogWebDriverEventListener-63] Click the element found By.xpath: //label/span
[18/01/16 16:50:14][INFO][com.perficient.test.cat.catinspectweb.util.LogWebDriverEventListener-63] Click the element found By.xpath: //table[@id='insp-head-table']//th
[18/01/16 16:50:14][ERROR][com.perficient.test.cat.catinspectweb.util.LogWebDriverEventListener-45] WebDriver error:
org.openqa.selenium.WebDriverException: unknown error: Element <th _ngcontent-c13="" sort-by="DateClosed" style="width: 150px;" class="cat_bg_eee">...</th> is not clickable at point (985, 249). Other element would receive the click: <label _ngcontent-c1="" for="ex6_11">...</label>
  (Session info: chrome=62.0.3202.89)
  (Driver info: chromedriver=2.33.506120 (e3e53437346286c0bc2d2dc9aa4915ba81d9023f),platform=Windows NT 6.1.7601 SP1 x86_64) (WARNING: The server did not provide any stacktrace information)
Command duration or timeout: 48 milliseconds
Build info: version: '2.48.2', revision: '41bccdd10cf2c0560f637404c2d96164b67d9d67', time: '2015-10-09 13:08:06'
System info: host: 'H2600-0463L', ip: '10.2.7.14', os.name: 'Windows 7', os.arch: 'amd64', os.version: '6.1', java.version: '1.8.0_151'
Driver info: org.openqa.selenium.chrome.ChromeDriver
Capabilities [{applicationCacheEnabled=false, rotatable=false, mobileEmulationEnabled=false, networkConnectionEnabled=false, chrome={chromedriverVersion=2.33.506120 (e3e53437346286c0bc2d2dc9aa4915ba81d9023f), userDataDir=C:\Users\herby.he\AppData\Local\Temp\scoped_dir13224_247}, takesHeapSnapshot=true, pageLoadStrategy=normal, databaseEnabled=false, handlesAlerts=true, hasTouchScreen=false, version=62.0.3202.89, platform=XP, browserConnectionEnabled=false, nativeEvents=true, acceptSslCerts=true, locationContextEnabled=true, webStorageEnabled=true, browserName=chrome, takesScreenshot=true, javascriptEnabled=true, cssSelectorsEnabled=true, setWindowRect=true, unexpectedAlertBehaviour=}]
Session ID: 568d9f40bc2144c1e98790b4cb55399d
	at sun.reflect.NativeConstructorAccessorImpl.newInstance0(Native Method)
	at sun.reflect.NativeConstructorAccessorImpl.newInstance(Unknown Source)
	at sun.reflect.DelegatingConstructorAccessorImpl.newInstance(Unknown Source)
	at java.lang.reflect.Constructor.newInstance(Unknown Source)
	at org.openqa.selenium.remote.ErrorHandler.createThrowable(ErrorHandler.java:206)
	at org.openqa.selenium.remote.ErrorHandler.throwIfResponseFailed(ErrorHandler.java:158)
	at org.openqa.selenium.remote.RemoteWebDriver.execute(RemoteWebDriver.java:647)
	at org.openqa.selenium.remote.RemoteWebElement.execute(RemoteWebElement.java:326)
	at org.openqa.selenium.remote.RemoteWebElement.click(RemoteWebElement.java:84)
	at sun.reflect.NativeMethodAccessorImpl.invoke0(Native Method)
	at sun.reflect.NativeMethodAccessorImpl.invoke(Unknown Source)
	at sun.reflect.DelegatingMethodAccessorImpl.invoke(Unknown Source)
	at java.lang.reflect.Method.invoke(Unknown Source)
	at org.openqa.selenium.support.events.EventFiringWebDriver$EventFiringWebElement$1.invoke(EventFiringWebDriver.java:334)
	at com.sun.proxy.$Proxy15.click(Unknown Source)
	at org.openqa.selenium.support.events.EventFiringWebDriver$EventFiringWebElement.click(EventFiringWebDriver.java:347)
	at com.perficient.test.cat.catinspectweb.util.FunctionUtil.click(FunctionUtil.java:320)
	at com.perficient.test.cat.catinspectweb.util.CustomizedFunctionUtil.click(CustomizedFunctionUtil.java:20)
	at com.perficient.test.cat.catinspectweb.testcase.debug.TC2932_CheckSortingInAdvancedSearchPage.Verify_TC2623_ViewHelpFileAfterAdded(TC2932_CheckSortingInAdvancedSearchPage.java:44)
	at sun.reflect.NativeMethodAccessorImpl.invoke0(Native Method)
	at sun.reflect.NativeMethodAccessorImpl.invoke(Unknown Source)
	at sun.reflect.DelegatingMethodAccessorImpl.invoke(Unknown Source)
	at java.lang.reflect.Method.invoke(Unknown Source)
	at org.testng.internal.MethodInvocationHelper.invokeMethod(MethodInvocationHelper.java:84)
	at org.testng.internal.Invoker.invokeMethod(Invoker.java:714)
	at org.testng.internal.Invoker.invokeTestMethod(Invoker.java:901)
	at org.testng.internal.Invoker.invokeTestMethods(Invoker.java:1231)
	at org.testng.internal.TestMethodWorker.invokeTestMethods(TestMethodWorker.java:127)
	at org.testng.internal.TestMethodWorker.run(TestMethodWorker.java:111)
	at org.testng.TestRunner.privateRun(TestRunner.java:767)
	at org.testng.TestRunner.run(TestRunner.java:617)
	at org.testng.SuiteRunner.runTest(SuiteRunner.java:348)
	at org.testng.SuiteRunner.runSequentially(SuiteRunner.java:343)
	at org.testng.SuiteRunner.privateRun(SuiteRunner.java:305)
	at org.testng.SuiteRunner.run(SuiteRunner.java:254)
	at org.testng.SuiteRunnerWorker.runSuite(SuiteRunnerWorker.java:52)
	at org.testng.SuiteRunnerWorker.run(SuiteRunnerWorker.java:86)
	at org.testng.TestNG.runSuitesSequentially(TestNG.java:1224)
	at org.testng.TestNG.runSuitesLocally(TestNG.java:1149)
	at org.testng.TestNG.run(TestNG.java:1057)
	at org.testng.remote.AbstractRemoteTestNG.run(AbstractRemoteTestNG.java:114)
	at org.testng.remote.RemoteTestNG.initAndRun(RemoteTestNG.java:251)
	at org.testng.remote.RemoteTestNG.main(RemoteTestNG.java:77)
[18/01/16 16:50:14][INFO][com.perficient.test.cat.catinspectweb.util.CustomAssertion-428] .\errorImages\20180116165014.png
[18/01/16 16:50:14][INFO][com.perficient.test.cat.catinspectweb.util.CustomAssertion-451] StackTrace 0 is: java.lang.Thread.getStackTrace(Unknown Source)
[18/01/16 16:50:14][INFO][com.perficient.test.cat.catinspectweb.util.CustomAssertion-452] LineNumber for 0 stack trace is: -1
[18/01/16 16:50:14][INFO][com.perficient.test.cat.catinspectweb.util.CustomAssertion-451] StackTrace 1 is: com.perficient.test.cat.catinspectweb.util.CustomAssertion.logStackTraceInfo(CustomAssertion.java:451)
[18/01/16 16:50:14][INFO][com.perficient.test.cat.catinspectweb.util.CustomAssertion-452] LineNumber for 1 stack trace is: 452
[18/01/16 16:50:14][INFO][com.perficient.test.cat.catinspectweb.util.CustomAssertion-451] StackTrace 2 is: com.perficient.test.cat.catinspectweb.util.CustomAssertion.printError(CustomAssertion.java:429)
[18/01/16 16:50:14][INFO][com.perficient.test.cat.catinspectweb.util.CustomAssertion-452] LineNumber for 2 stack trace is: 429
[18/01/16 16:50:14][INFO][com.perficient.test.cat.catinspectweb.util.CustomAssertion-451] StackTrace 3 is: com.perficient.test.cat.catinspectweb.util.TestCaseBase.afterMethod(TestCaseBase.java:206)
[18/01/16 16:50:14][INFO][com.perficient.test.cat.catinspectweb.util.CustomAssertion-452] LineNumber for 3 stack trace is: 206
[18/01/16 16:50:14][INFO][com.perficient.test.cat.catinspectweb.util.CustomAssertion-451] StackTrace 4 is: sun.reflect.NativeMethodAccessorImpl.invoke0(Native Method)
[18/01/16 16:50:14][INFO][com.perficient.test.cat.catinspectweb.util.CustomAssertion-452] LineNumber for 4 stack trace is: -2
[18/01/16 16:50:14][INFO][com.perficient.test.cat.catinspectweb.util.CustomAssertion-451] StackTrace 5 is: sun.reflect.NativeMethodAccessorImpl.invoke(Unknown Source)
[18/01/16 16:50:14][INFO][com.perficient.test.cat.catinspectweb.util.CustomAssertion-452] LineNumber for 5 stack trace is: -1
[18/01/16 16:50:14][INFO][com.perficient.test.cat.catinspectweb.util.CustomAssertion-451] StackTrace 6 is: sun.reflect.DelegatingMethodAccessorImpl.invoke(Unknown Source)
[18/01/16 16:50:14][INFO][com.perficient.test.cat.catinspectweb.util.CustomAssertion-452] LineNumber for 6 stack trace is: -1
[18/01/16 16:50:14][INFO][com.perficient.test.cat.catinspectweb.util.CustomAssertion-455] StackTrace for Assert is: com.perficient.test.cat.catinspectweb.util.TestCaseBase.afterMethod(TestCaseBase.java:206)
[18/01/16 16:50:14][INFO][com.perficient.test.cat.catinspectweb.util.CustomAssertion-456] Assert LineNumber is: 206
[18/01/16 16:51:22][INFO][com.perficient.test.cat.catinspectweb.util.TestCaseBase-63] 20180116165122
[18/01/16 16:51:27][INFO][com.perficient.test.cat.catinspectweb.util.TestCaseBase-79] Before Deletion
[18/01/16 16:51:27][INFO][com.perficient.test.cat.catinspectweb.util.FunctionUtil-116] 20180116165014.png
[18/01/16 16:51:27][INFO][com.perficient.test.cat.catinspectweb.util.TestCaseBase-84] File is moved successful!
[18/01/16 16:51:32][INFO][com.perficient.test.cat.catinspectweb.util.LogWebDriverEventListener-20] WebDriver navigating to:'https://catinspectweb-qa.cat.com/'
[18/01/16 16:52:18][INFO][com.perficient.test.cat.catinspectweb.util.LogWebDriverEventListener-30] WebDriver changing value in element found By.xpath: //input[@id='cwsUID'] from '' to ''
[18/01/16 16:52:18][INFO][com.perficient.test.cat.catinspectweb.util.LogWebDriverEventListener-30] WebDriver changing value in element found By.xpath: //input[@id='cwsUID'] from '' to 'zhangc42'
[18/01/16 16:52:18][INFO][com.perficient.test.cat.catinspectweb.util.LogWebDriverEventListener-30] WebDriver changing value in element found By.xpath: //input[@id='cwsPwd'] from '' to ''
[18/01/16 16:52:18][INFO][com.perficient.test.cat.catinspectweb.util.LogWebDriverEventListener-30] WebDriver changing value in element found By.xpath: //input[@id='cwsPwd'] from '' to 'Zhh131109zhh'
[18/01/16 16:52:18][INFO][com.perficient.test.cat.catinspectweb.util.LogWebDriverEventListener-63] Click the element found By.xpath: //input[@id='submitButton']
[18/01/16 16:52:24][INFO][com.perficient.test.cat.catinspectweb.util.LogWebDriverEventListener-63] Click the element found By.xpath: //span[@class='advSearch']
[18/01/16 16:52:28][INFO][com.perficient.test.cat.catinspectweb.util.LogWebDriverEventListener-30] WebDriver changing value in element found By.xpath: //div[@class = 'col-xs-4 cat_date_filter cat_side_borders']//input[@type= 'text'] from '' to ''
[18/01/16 16:52:28][INFO][com.perficient.test.cat.catinspectweb.util.LogWebDriverEventListener-30] WebDriver changing value in element found By.xpath: //div[@class = 'col-xs-4 cat_date_filter cat_side_borders']//input[@type= 'text'] from '' to '12345678'
[18/01/16 16:52:29][INFO][com.perficient.test.cat.catinspectweb.util.LogWebDriverEventListener-63] Click the element found By.xpath: //button[contains(@class,'btn btn-default btn-success btn-click')]
[18/01/16 16:52:32][INFO][com.perficient.test.cat.catinspectweb.util.LogWebDriverEventListener-63] Click the element found By.xpath: //span[@class = 'glyphicon glyphicon-menu-hamburger']
[18/01/16 16:52:32][INFO][com.perficient.test.cat.catinspectweb.util.LogWebDriverEventListener-63] Click the element found By.xpath: //a[@data-toggle= 'dropdown']
[18/01/16 16:52:32][INFO][com.perficient.test.cat.catinspectweb.util.LogWebDriverEventListener-63] Click the element found By.xpath: //label/span
[18/01/16 16:52:33][INFO][com.perficient.test.cat.catinspectweb.util.LogWebDriverEventListener-63] Click the element found By.xpath: //label/span
[18/01/16 16:52:33][INFO][com.perficient.test.cat.catinspectweb.util.LogWebDriverEventListener-63] Click the element found By.xpath: //label/span
[18/01/16 16:52:33][INFO][com.perficient.test.cat.catinspectweb.util.LogWebDriverEventListener-63] Click the element found By.xpath: //label/span
[18/01/16 16:52:33][INFO][com.perficient.test.cat.catinspectweb.util.LogWebDriverEventListener-63] Click the element found By.xpath: //table[@id='insp-head-table']//th
[18/01/16 16:52:40][INFO][com.perficient.test.cat.catinspectweb.util.CustomAssertion-402] .\errorImages\20180116165240.png
[18/01/16 16:52:40][INFO][com.perficient.test.cat.catinspectweb.util.CustomAssertion-451] StackTrace 0 is: java.lang.Thread.getStackTrace(Unknown Source)
[18/01/16 16:52:40][INFO][com.perficient.test.cat.catinspectweb.util.CustomAssertion-452] LineNumber for 0 stack trace is: -1
[18/01/16 16:52:40][INFO][com.perficient.test.cat.catinspectweb.util.CustomAssertion-451] StackTrace 1 is: com.perficient.test.cat.catinspectweb.util.CustomAssertion.logStackTraceInfo(CustomAssertion.java:451)
[18/01/16 16:52:40][INFO][com.perficient.test.cat.catinspectweb.util.CustomAssertion-452] LineNumber for 1 stack trace is: 452
[18/01/16 16:52:40][INFO][com.perficient.test.cat.catinspectweb.util.CustomAssertion-451] StackTrace 2 is: com.perficient.test.cat.catinspectweb.util.CustomAssertion.printError(CustomAssertion.java:403)
[18/01/16 16:52:40][INFO][com.perficient.test.cat.catinspectweb.util.CustomAssertion-452] LineNumber for 2 stack trace is: 403
[18/01/16 16:52:40][INFO][com.perficient.test.cat.catinspectweb.util.CustomAssertion-451] StackTrace 3 is: com.perficient.test.cat.catinspectweb.util.CustomAssertion.assertTrue(CustomAssertion.java:313)
[18/01/16 16:52:40][INFO][com.perficient.test.cat.catinspectweb.util.CustomAssertion-452] LineNumber for 3 stack trace is: 313
[18/01/16 16:52:40][INFO][com.perficient.test.cat.catinspectweb.util.CustomAssertion-451] StackTrace 4 is: com.perficient.test.cat.catinspectweb.util.FunctionUtil.verifyDateOrdercorrectly(FunctionUtil.java:1585)
[18/01/16 16:52:40][INFO][com.perficient.test.cat.catinspectweb.util.CustomAssertion-452] LineNumber for 4 stack trace is: 1585
[18/01/16 16:52:40][INFO][com.perficient.test.cat.catinspectweb.util.CustomAssertion-451] StackTrace 5 is: com.perficient.test.cat.catinspectweb.testcase.debug.TC2932_CheckSortingInAdvancedSearchPage.Verify_TC2623_ViewHelpFileAfterAdded(TC2932_CheckSortingInAdvancedSearchPage.java:44)
[18/01/16 16:52:40][INFO][com.perficient.test.cat.catinspectweb.util.CustomAssertion-452] LineNumber for 5 stack trace is: 44
[18/01/16 16:52:40][INFO][com.perficient.test.cat.catinspectweb.util.CustomAssertion-451] StackTrace 6 is: sun.reflect.NativeMethodAccessorImpl.invoke0(Native Method)
[18/01/16 16:52:40][INFO][com.perficient.test.cat.catinspectweb.util.CustomAssertion-452] LineNumber for 6 stack trace is: -2
[18/01/16 16:52:40][INFO][com.perficient.test.cat.catinspectweb.util.CustomAssertion-455] StackTrace for Assert is: com.perficient.test.cat.catinspectweb.util.CustomAssertion.assertTrue(CustomAssertion.java:313)
[18/01/16 16:52:40][INFO][com.perficient.test.cat.catinspectweb.util.CustomAssertion-456] Assert LineNumber is: 313
[18/01/16 16:52:40][INFO][com.perficient.test.cat.catinspectweb.util.LogWebDriverEventListener-63] Click the element found By.xpath: //table[@id='insp-head-table']//th
[18/01/16 16:52:45][INFO][com.perficient.test.cat.catinspectweb.util.CustomAssertion-402] .\errorImages\20180116165245.png
[18/01/16 16:52:45][INFO][com.perficient.test.cat.catinspectweb.util.CustomAssertion-451] StackTrace 0 is: java.lang.Thread.getStackTrace(Unknown Source)
[18/01/16 16:52:45][INFO][com.perficient.test.cat.catinspectweb.util.CustomAssertion-452] LineNumber for 0 stack trace is: -1
[18/01/16 16:52:45][INFO][com.perficient.test.cat.catinspectweb.util.CustomAssertion-451] StackTrace 1 is: com.perficient.test.cat.catinspectweb.util.CustomAssertion.logStackTraceInfo(CustomAssertion.java:451)
[18/01/16 16:52:45][INFO][com.perficient.test.cat.catinspectweb.util.CustomAssertion-452] LineNumber for 1 stack trace is: 452
[18/01/16 16:52:45][INFO][com.perficient.test.cat.catinspectweb.util.CustomAssertion-451] StackTrace 2 is: com.perficient.test.cat.catinspectweb.util.CustomAssertion.printError(CustomAssertion.java:403)
[18/01/16 16:52:45][INFO][com.perficient.test.cat.catinspectweb.util.CustomAssertion-452] LineNumber for 2 stack trace is: 403
[18/01/16 16:52:45][INFO][com.perficient.test.cat.catinspectweb.util.CustomAssertion-451] StackTrace 3 is: com.perficient.test.cat.catinspectweb.util.CustomAssertion.assertTrue(CustomAssertion.java:313)
[18/01/16 16:52:45][INFO][com.perficient.test.cat.catinspectweb.util.CustomAssertion-452] LineNumber for 3 stack trace is: 313
[18/01/16 16:52:45][INFO][com.perficient.test.cat.catinspectweb.util.CustomAssertion-451] StackTrace 4 is: com.perficient.test.cat.catinspectweb.util.FunctionUtil.verifyDateOrdercorrectly(FunctionUtil.java:1579)
[18/01/16 16:52:45][INFO][com.perficient.test.cat.catinspectweb.util.CustomAssertion-452] LineNumber for 4 stack trace is: 1579
[18/01/16 16:52:45][INFO][com.perficient.test.cat.catinspectweb.util.CustomAssertion-451] StackTrace 5 is: com.perficient.test.cat.catinspectweb.testcase.debug.TC2932_CheckSortingInAdvancedSearchPage.Verify_TC2623_ViewHelpFileAfterAdded(TC2932_CheckSortingInAdvancedSearchPage.java:46)
[18/01/16 16:52:45][INFO][com.perficient.test.cat.catinspectweb.util.CustomAssertion-452] LineNumber for 5 stack trace is: 46
[18/01/16 16:52:45][INFO][com.perficient.test.cat.catinspectweb.util.CustomAssertion-451] StackTrace 6 is: sun.reflect.NativeMethodAccessorImpl.invoke0(Native Method)
[18/01/16 16:52:45][INFO][com.perficient.test.cat.catinspectweb.util.CustomAssertion-452] LineNumber for 6 stack trace is: -2
[18/01/16 16:52:45][INFO][com.perficient.test.cat.catinspectweb.util.CustomAssertion-455] StackTrace for Assert is: com.perficient.test.cat.catinspectweb.util.CustomAssertion.assertTrue(CustomAssertion.java:313)
[18/01/16 16:52:45][INFO][com.perficient.test.cat.catinspectweb.util.CustomAssertion-456] Assert LineNumber is: 313
[18/01/16 16:52:45][INFO][com.perficient.test.cat.catinspectweb.util.LogWebDriverEventListener-63] Click the element found By.xpath: //table[@id='insp-head-table']//th
[18/01/16 16:52:51][INFO][com.perficient.test.cat.catinspectweb.util.FunctionUtil-1526] [8675309, 12345, 123, , , , , , , , , , , , , , , , , , , , , , , , , , , , , , , , , , , , , , , , , , , , , , , , , ]The original array list
[18/01/16 16:52:51][INFO][com.perficient.test.cat.catinspectweb.util.FunctionUtil-1542] [8675309, 12345, 123, , , , , , , , , , , , , , , , , , , , , , , , , , , , , , , , , , , , , , , , , , , , , , , , , ]The alphabetical order array list after sort
[18/01/16 16:52:51][INFO][com.perficient.test.cat.catinspectweb.util.LogWebDriverEventListener-63] Click the element found By.xpath: //table[@id='insp-head-table']//th
[18/01/16 16:52:53][INFO][com.perficient.test.cat.catinspectweb.util.FunctionUtil-1526] [, , , , , , , , , , , , , , , , , , , , , , , , , , , , , , , , , , , , , , , , , , , , , , , , , 123, 12345, 8675309]The original array list
[18/01/16 16:52:53][INFO][com.perficient.test.cat.catinspectweb.util.FunctionUtil-1542] [, , , , , , , , , , , , , , , , , , , , , , , , , , , , , , , , , , , , , , , , , , , , , , , , , 123, 12345, 8675309]The alphabetical order array list after sort
[18/01/16 16:52:53][INFO][com.perficient.test.cat.catinspectweb.util.LogWebDriverEventListener-63] Click the element found By.xpath: //table[@id='insp-head-table']//th
[18/01/16 16:52:55][INFO][com.perficient.test.cat.catinspectweb.util.FunctionUtil-1526] [Validation, Validation, TA1, TA1, TA1, TA1, TA1, TA1, TA1, TA1, TA1, TA1, TA1, PSSR, PSSR, PSSR, PSSR, PSSR, PSSR, PSSR, PSSR, PSSR, PSSR, PSSR, PSSR, PSSR, PSSR, PSSR, PSSR, PSSR, PSSR, PSSR, PM Checklist, PM Checklist, PM Checklist, PM Checklist, PM Checklist, PM Checklist, PDI, PDI, PDI, PDI, Field Follow, Dealer Process, Dealer Process, Contamination Control, Contamination Control, Contamination Control, Contamination Control, Component D&A, CCR, CCR]The original array list
[18/01/16 16:52:55][INFO][com.perficient.test.cat.catinspectweb.util.FunctionUtil-1542] [Validation, Validation, TA1, TA1, TA1, TA1, TA1, TA1, TA1, TA1, TA1, TA1, TA1, PSSR, PSSR, PSSR, PSSR, PSSR, PSSR, PSSR, PSSR, PSSR, PSSR, PSSR, PSSR, PSSR, PSSR, PSSR, PSSR, PSSR, PSSR, PSSR, PM Checklist, PM Checklist, PM Checklist, PM Checklist, PM Checklist, PM Checklist, PDI, PDI, PDI, PDI, Field Follow, Dealer Process, Dealer Process, Contamination Control, Contamination Control, Contamination Control, Contamination Control, Component D&A, CCR, CCR]The alphabetical order array list after sort
[18/01/16 16:52:56][INFO][com.perficient.test.cat.catinspectweb.util.LogWebDriverEventListener-63] Click the element found By.xpath: //table[@id='insp-head-table']//th
[18/01/16 16:52:58][INFO][com.perficient.test.cat.catinspectweb.util.FunctionUtil-1526] [CCR, CCR, Component D&A, Contamination Control, Contamination Control, Contamination Control, Contamination Control, Dealer Process, Dealer Process, Field Follow, PDI, PDI, PDI, PDI, PM Checklist, PM Checklist, PM Checklist, PM Checklist, PM Checklist, PM Checklist, PSSR, PSSR, PSSR, PSSR, PSSR, PSSR, PSSR, PSSR, PSSR, PSSR, PSSR, PSSR, PSSR, PSSR, PSSR, PSSR, PSSR, PSSR, PSSR, TA1, TA1, TA1, TA1, TA1, TA1, TA1, TA1, TA1, TA1, TA1, Validation, Validation]The original array list
[18/01/16 16:52:58][INFO][com.perficient.test.cat.catinspectweb.util.FunctionUtil-1542] [CCR, CCR, Component D&A, Contamination Control, Contamination Control, Contamination Control, Contamination Control, Dealer Process, Dealer Process, Field Follow, PDI, PDI, PDI, PDI, PM Checklist, PM Checklist, PM Checklist, PM Checklist, PM Checklist, PM Checklist, PSSR, PSSR, PSSR, PSSR, PSSR, PSSR, PSSR, PSSR, PSSR, PSSR, PSSR, PSSR, PSSR, PSSR, PSSR, PSSR, PSSR, PSSR, PSSR, TA1, TA1, TA1, TA1, TA1, TA1, TA1, TA1, TA1, TA1, TA1, Validation, Validation]The alphabetical order array list after sort
[18/01/16 16:52:58][INFO][com.perficient.test.cat.catinspectweb.util.LogWebDriverEventListener-63] Click the element found By.xpath: //table[@id='insp-head-table']//th
[18/01/16 16:53:00][INFO][com.perficient.test.cat.catinspectweb.util.FunctionUtil-1526] [ 2,  2,  2, , , , , , , , , Wheel Loader TA1, Wheel Loader TA1, Trial Form BB 3, Trial Form BB 3, Test, TEST, Quarry Site Evaluation, Quarry Site Evaluation, PSSR Inspection - WL, PSSR Inspection - WL, PSSR Inspection - AT, PSSR Inspection - AT, PSSR Inspection - AT, PSSR Inspection - AT, PSSR Inspection - AT, PSSR Inspection - AT, PM 3 (1000 HOUR INTERVAL), PM 1 (250 HOUR INTERVAL), Next Generation Caterpillar Excavators C Machine Delivery Checklist, Next Generation Caterpillar Excavators - First Follow-Up Visit Checklist, Marine Engine TA1, KP25-30 Gearbox, GMD PPG Incoming Machine Checklist, Form for QA testing 06/28, form 6/17, Driver Safety System (Quarterly Inspection/Maintenance), Driver Safety System (Operator Maintenance Check), Daily Hammer Inspection (H80), CX38 Disassembly - Transmission v0.1, Contamination Control (Espa?ol), Contamination Control (English), Contamination Control (English), Cat Yb, Cat Yb, BHL Dealer, Customer & Field Visit Report, Benchmark Site Operations - Quarry Evaluation, Asphalt Paver TA1, Articulated Truck TA1 (Portuguese), Articulated Truck TA1, Articulated Truck TA1, Articulated Truck ( ??  ?? ?? ) TA1 (Russi]The original array list
[18/01/16 16:53:00][INFO][com.perficient.test.cat.catinspectweb.util.FunctionUtil-1542] [ 2,  2,  2, , , , , , , , , Wheel Loader TA1, Wheel Loader TA1, Trial Form BB 3, Trial Form BB 3, Test, TEST, Quarry Site Evaluation, Quarry Site Evaluation, PSSR Inspection - WL, PSSR Inspection - WL, PSSR Inspection - AT, PSSR Inspection - AT, PSSR Inspection - AT, PSSR Inspection - AT, PSSR Inspection - AT, PSSR Inspection - AT, PM 3 (1000 HOUR INTERVAL), PM 1 (250 HOUR INTERVAL), Next Generation Caterpillar Excavators C Machine Delivery Checklist, Next Generation Caterpillar Excavators - First Follow-Up Visit Checklist, Marine Engine TA1, KP25-30 Gearbox, GMD PPG Incoming Machine Checklist, Form for QA testing 06/28, form 6/17, Driver Safety System (Quarterly Inspection/Maintenance), Driver Safety System (Operator Maintenance Check), Daily Hammer Inspection (H80), CX38 Disassembly - Transmission v0.1, Contamination Control (Espa?ol), Contamination Control (English), Contamination Control (English), Cat Yb, Cat Yb, BHL Dealer, Customer & Field Visit Report, Benchmark Site Operations - Quarry Evaluation, Asphalt Paver TA1, Articulated Truck TA1 (Portuguese), Articulated Truck TA1, Articulated Truck TA1, Articulated Truck ( ??  ?? ?? ) TA1 (Russi]The alphabetical order array list after sort
[18/01/16 16:53:00][INFO][com.perficient.test.cat.catinspectweb.util.LogWebDriverEventListener-63] Click the element found By.xpath: //table[@id='insp-head-table']//th
[18/01/16 16:53:03][INFO][com.perficient.test.cat.catinspectweb.util.FunctionUtil-1526] [Articulated Truck ( ??  ?? ?? ) TA1 (Russi, Articulated Truck TA1, Articulated Truck TA1, Articulated Truck TA1 (Portuguese), Asphalt Paver TA1, Benchmark Site Operations - Quarry Evaluation, BHL Dealer, Customer & Field Visit Report, Cat Yb, Cat Yb, Contamination Control (English), Contamination Control (English), Contamination Control (Espa?ol), CX38 Disassembly - Transmission v0.1, Daily Hammer Inspection (H80), Driver Safety System (Operator Maintenance Check), Driver Safety System (Quarterly Inspection/Maintenance), form 6/17, Form for QA testing 06/28, GMD PPG Incoming Machine Checklist, KP25-30 Gearbox, Marine Engine TA1, Next Generation Caterpillar Excavators - First Follow-Up Visit Checklist, Next Generation Caterpillar Excavators C Machine Delivery Checklist, PM 1 (250 HOUR INTERVAL), PM 3 (1000 HOUR INTERVAL), PSSR Inspection - AT, PSSR Inspection - AT, PSSR Inspection - AT, PSSR Inspection - AT, PSSR Inspection - AT, PSSR Inspection - AT, PSSR Inspection - WL, PSSR Inspection - WL, Quarry Site Evaluation, Quarry Site Evaluation, Test, TEST, Trial Form BB 3, Trial Form BB 3, Wheel Loader TA1, Wheel Loader TA1, , , , , , , , ,  2,  2,  2]The original array list
[18/01/16 16:53:03][INFO][com.perficient.test.cat.catinspectweb.util.FunctionUtil-1542] [Articulated Truck ( ??  ?? ?? ) TA1 (Russi, Articulated Truck TA1, Articulated Truck TA1, Articulated Truck TA1 (Portuguese), Asphalt Paver TA1, Benchmark Site Operations - Quarry Evaluation, BHL Dealer, Customer & Field Visit Report, Cat Yb, Cat Yb, Contamination Control (English), Contamination Control (English), Contamination Control (Espa?ol), CX38 Disassembly - Transmission v0.1, Daily Hammer Inspection (H80), Driver Safety System (Operator Maintenance Check), Driver Safety System (Quarterly Inspection/Maintenance), form 6/17, Form for QA testing 06/28, GMD PPG Incoming Machine Checklist, KP25-30 Gearbox, Marine Engine TA1, Next Generation Caterpillar Excavators - First Follow-Up Visit Checklist, Next Generation Caterpillar Excavators C Machine Delivery Checklist, PM 1 (250 HOUR INTERVAL), PM 3 (1000 HOUR INTERVAL), PSSR Inspection - AT, PSSR Inspection - AT, PSSR Inspection - AT, PSSR Inspection - AT, PSSR Inspection - AT, PSSR Inspection - AT, PSSR Inspection - WL, PSSR Inspection - WL, Quarry Site Evaluation, Quarry Site Evaluation, Test, TEST, Trial Form BB 3, Trial Form BB 3, Wheel Loader TA1, Wheel Loader TA1, , , , , , , , ,  2,  2,  2]The alphabetical order array list after sort
[18/01/16 16:53:03][INFO][com.perficient.test.cat.catinspectweb.util.LogWebDriverEventListener-63] Click the element found By.xpath: //table[@id='insp-head-table']//th
[18/01/16 16:53:05][INFO][com.perficient.test.cat.catinspectweb.util.FunctionUtil-1526] [Yasushi Takahashi, Timothy Noon, Timothy Noon, Keith Corkill, Keith Corkill, Keith Corkill, Juan Velandia, Jarod Skocaj, Hiroshi Jikumaru, Dmitry Anatolevich Markin, Curtis Tyler Albertsen, Curtis Tyler Albertsen, Curtis Tyler Albertsen, Curtis Tyler Albertsen, Christal Zhang, Bharath Rajarethinam, , , , , , , , , , , , , , , , , , , , , , , , , , , , , , , , , , , , ]The original array list
[18/01/16 16:53:05][INFO][com.perficient.test.cat.catinspectweb.util.FunctionUtil-1542] [Yasushi Takahashi, Timothy Noon, Timothy Noon, Keith Corkill, Keith Corkill, Keith Corkill, Juan Velandia, Jarod Skocaj, Hiroshi Jikumaru, Dmitry Anatolevich Markin, Curtis Tyler Albertsen, Curtis Tyler Albertsen, Curtis Tyler Albertsen, Curtis Tyler Albertsen, Christal Zhang, Bharath Rajarethinam, , , , , , , , , , , , , , , , , , , , , , , , , , , , , , , , , , , , ]The alphabetical order array list after sort
[18/01/16 16:53:05][INFO][com.perficient.test.cat.catinspectweb.util.LogWebDriverEventListener-63] Click the element found By.xpath: //table[@id='insp-head-table']//th
[18/01/16 16:53:08][INFO][com.perficient.test.cat.catinspectweb.util.FunctionUtil-1526] [, , , , , , , , , , , , , , , , , , , , , , , , , , , , , , , , , , , , Bharath Rajarethinam, Christal Zhang, Curtis Tyler Albertsen, Curtis Tyler Albertsen, Curtis Tyler Albertsen, Curtis Tyler Albertsen, Dmitry Anatolevich Markin, Hiroshi Jikumaru, Jarod Skocaj, Juan Velandia, Keith Corkill, Keith Corkill, Keith Corkill, Timothy Noon, Timothy Noon, Yasushi Takahashi]The original array list
[18/01/16 16:53:08][INFO][com.perficient.test.cat.catinspectweb.util.FunctionUtil-1542] [, , , , , , , , , , , , , , , , , , , , , , , , , , , , , , , , , , , , Bharath Rajarethinam, Christal Zhang, Curtis Tyler Albertsen, Curtis Tyler Albertsen, Curtis Tyler Albertsen, Curtis Tyler Albertsen, Dmitry Anatolevich Markin, Hiroshi Jikumaru, Jarod Skocaj, Juan Velandia, Keith Corkill, Keith Corkill, Keith Corkill, Timothy Noon, Timothy Noon, Yasushi Takahashi]The alphabetical order array list after sort
[18/01/16 16:53:08][INFO][com.perficient.test.cat.catinspectweb.util.LogWebDriverEventListener-63] Click the element found By.xpath: //table[@id='insp-head-table']//th
[18/01/16 16:53:13][INFO][com.perficient.test.cat.catinspectweb.util.LogWebDriverEventListener-63] Click the element found By.xpath: //table[@id='insp-head-table']//th
[18/01/16 16:53:17][INFO][com.perficient.test.cat.catinspectweb.util.LogWebDriverEventListener-63] Click the element found By.xpath: //table[@id='insp-head-table']//th
[18/01/16 16:53:20][INFO][com.perficient.test.cat.catinspectweb.util.FunctionUtil-1526] [L, O, O, O, uO, Test Aa, Test, Team 2, NA, Carmeuse Lime, , , , , , , , , , , , , , , , , , , , , , , , , , , , , , , , , , , , , , , , , , ]The original array list
[18/01/16 16:53:20][INFO][com.perficient.test.cat.catinspectweb.util.FunctionUtil-1542] [L, O, O, O, uO, Test Aa, Test, Team 2, NA, Carmeuse Lime, , , , , , , , , , , , , , , , , , , , , , , , , , , , , , , , , , , , , , , , , , ]The alphabetical order array list after sort
[18/01/16 16:53:20][INFO][com.perficient.test.cat.catinspectweb.util.LogWebDriverEventListener-63] Click the element found By.xpath: //table[@id='insp-head-table']//th
[18/01/16 16:53:22][INFO][com.perficient.test.cat.catinspectweb.util.FunctionUtil-1526] [, , , , , , , , , , , , , , , , , , , , , , , , , , , , , , , , , , , , , , , , , , Carmeuse Lime, NA, Team 2, Test, Test Aa, uO, O, O, O, L]The original array list
[18/01/16 16:53:22][INFO][com.perficient.test.cat.catinspectweb.util.FunctionUtil-1542] [, , , , , , , , , , , , , , , , , , , , , , , , , , , , , , , , , , , , , , , , , , Carmeuse Lime, NA, Team 2, Test, Test Aa, uO, O, O, O, L]The alphabetical order array list after sort
[18/01/16 16:55:00][INFO][com.perficient.test.cat.catinspectweb.util.TestCaseBase-63] 20180116165500
[18/01/16 16:55:05][INFO][com.perficient.test.cat.catinspectweb.util.TestCaseBase-79] Before Deletion
[18/01/16 16:55:05][INFO][com.perficient.test.cat.catinspectweb.util.FunctionUtil-116] 20180116165240.png
[18/01/16 16:55:05][INFO][com.perficient.test.cat.catinspectweb.util.FunctionUtil-116] 20180116165245.png
[18/01/16 16:55:05][INFO][com.perficient.test.cat.catinspectweb.util.TestCaseBase-84] File is moved successful!
[18/01/16 16:55:10][INFO][com.perficient.test.cat.catinspectweb.util.LogWebDriverEventListener-20] WebDriver navigating to:'https://catinspectweb-qa.cat.com/'
[18/01/16 16:55:59][INFO][com.perficient.test.cat.catinspectweb.util.LogWebDriverEventListener-30] WebDriver changing value in element found By.xpath: //input[@id='cwsUID'] from '' to ''
[18/01/16 16:55:59][INFO][com.perficient.test.cat.catinspectweb.util.LogWebDriverEventListener-30] WebDriver changing value in element found By.xpath: //input[@id='cwsUID'] from '' to 'zhangc42'
[18/01/16 16:55:59][INFO][com.perficient.test.cat.catinspectweb.util.LogWebDriverEventListener-30] WebDriver changing value in element found By.xpath: //input[@id='cwsPwd'] from '' to ''
[18/01/16 16:55:59][INFO][com.perficient.test.cat.catinspectweb.util.LogWebDriverEventListener-30] WebDriver changing value in element found By.xpath: //input[@id='cwsPwd'] from '' to 'Zhh131109zhh'
[18/01/16 16:55:59][INFO][com.perficient.test.cat.catinspectweb.util.LogWebDriverEventListener-63] Click the element found By.xpath: //input[@id='submitButton']
[18/01/16 16:56:04][INFO][com.perficient.test.cat.catinspectweb.util.LogWebDriverEventListener-63] Click the element found By.xpath: //span[@class='advSearch']
[18/01/16 16:56:09][INFO][com.perficient.test.cat.catinspectweb.util.LogWebDriverEventListener-30] WebDriver changing value in element found By.xpath: //div[@class = 'col-xs-4 cat_date_filter cat_side_borders']//input[@type= 'text'] from '' to ''
[18/01/16 16:56:09][INFO][com.perficient.test.cat.catinspectweb.util.LogWebDriverEventListener-30] WebDriver changing value in element found By.xpath: //div[@class = 'col-xs-4 cat_date_filter cat_side_borders']//input[@type= 'text'] from '' to '12345678'
[18/01/16 16:56:09][INFO][com.perficient.test.cat.catinspectweb.util.LogWebDriverEventListener-63] Click the element found By.xpath: //button[contains(@class,'btn btn-default btn-success btn-click')]
[18/01/16 16:56:12][INFO][com.perficient.test.cat.catinspectweb.util.LogWebDriverEventListener-63] Click the element found By.xpath: //span[@class = 'glyphicon glyphicon-menu-hamburger']
[18/01/16 16:56:12][INFO][com.perficient.test.cat.catinspectweb.util.LogWebDriverEventListener-63] Click the element found By.xpath: //a[@data-toggle= 'dropdown']
[18/01/16 16:56:13][INFO][com.perficient.test.cat.catinspectweb.util.LogWebDriverEventListener-63] Click the element found By.xpath: //label/span
[18/01/16 16:56:13][INFO][com.perficient.test.cat.catinspectweb.util.LogWebDriverEventListener-63] Click the element found By.xpath: //label/span
[18/01/16 16:56:13][INFO][com.perficient.test.cat.catinspectweb.util.LogWebDriverEventListener-63] Click the element found By.xpath: //label/span
[18/01/16 16:56:13][INFO][com.perficient.test.cat.catinspectweb.util.LogWebDriverEventListener-63] Click the element found By.xpath: //label/span
[18/01/16 16:56:14][INFO][com.perficient.test.cat.catinspectweb.util.LogWebDriverEventListener-63] Click the element found By.xpath: //table[@id='insp-head-table']//th
[18/01/16 16:56:14][INFO][com.perficient.test.cat.catinspectweb.util.LogWebDriverEventListener-63] Click the element found By.xpath: //table[@id='insp-head-table']//th
[18/01/16 16:56:19][INFO][com.perficient.test.cat.catinspectweb.util.LogWebDriverEventListener-63] Click the element found By.xpath: //table[@id='insp-head-table']//th
[18/01/16 16:56:24][INFO][com.perficient.test.cat.catinspectweb.util.LogWebDriverEventListener-63] Click the element found By.xpath: //table[@id='insp-head-table']//th
[18/01/16 16:56:26][INFO][com.perficient.test.cat.catinspectweb.util.FunctionUtil-1526] [8675309, 12345, 123, , , , , , , , , , , , , , , , , , , , , , , , , , , , , , , , , , , , , , , , , , , , , , , , , ]The original array list
[18/01/16 16:56:26][INFO][com.perficient.test.cat.catinspectweb.util.FunctionUtil-1542] [8675309, 12345, 123, , , , , , , , , , , , , , , , , , , , , , , , , , , , , , , , , , , , , , , , , , , , , , , , , ]The alphabetical order array list after sort
[18/01/16 16:56:26][INFO][com.perficient.test.cat.catinspectweb.util.LogWebDriverEventListener-63] Click the element found By.xpath: //table[@id='insp-head-table']//th
[18/01/16 16:56:28][INFO][com.perficient.test.cat.catinspectweb.util.FunctionUtil-1526] [, , , , , , , , , , , , , , , , , , , , , , , , , , , , , , , , , , , , , , , , , , , , , , , , , 123, 12345, 8675309]The original array list
[18/01/16 16:56:28][INFO][com.perficient.test.cat.catinspectweb.util.FunctionUtil-1542] [, , , , , , , , , , , , , , , , , , , , , , , , , , , , , , , , , , , , , , , , , , , , , , , , , 123, 12345, 8675309]The alphabetical order array list after sort
[18/01/16 16:56:28][INFO][com.perficient.test.cat.catinspectweb.util.LogWebDriverEventListener-63] Click the element found By.xpath: //table[@id='insp-head-table']//th
[18/01/16 16:56:31][INFO][com.perficient.test.cat.catinspectweb.util.FunctionUtil-1526] [Validation, Validation, TA1, TA1, TA1, TA1, TA1, TA1, TA1, TA1, TA1, TA1, TA1, PSSR, PSSR, PSSR, PSSR, PSSR, PSSR, PSSR, PSSR, PSSR, PSSR, PSSR, PSSR, PSSR, PSSR, PSSR, PSSR, PSSR, PSSR, PSSR, PM Checklist, PM Checklist, PM Checklist, PM Checklist, PM Checklist, PM Checklist, PDI, PDI, PDI, PDI, Field Follow, Dealer Process, Dealer Process, Contamination Control, Contamination Control, Contamination Control, Contamination Control, Component D&A, CCR, CCR]The original array list
[18/01/16 16:56:31][INFO][com.perficient.test.cat.catinspectweb.util.FunctionUtil-1542] [Validation, Validation, TA1, TA1, TA1, TA1, TA1, TA1, TA1, TA1, TA1, TA1, TA1, PSSR, PSSR, PSSR, PSSR, PSSR, PSSR, PSSR, PSSR, PSSR, PSSR, PSSR, PSSR, PSSR, PSSR, PSSR, PSSR, PSSR, PSSR, PSSR, PM Checklist, PM Checklist, PM Checklist, PM Checklist, PM Checklist, PM Checklist, PDI, PDI, PDI, PDI, Field Follow, Dealer Process, Dealer Process, Contamination Control, Contamination Control, Contamination Control, Contamination Control, Component D&A, CCR, CCR]The alphabetical order array list after sort
[18/01/16 16:56:31][INFO][com.perficient.test.cat.catinspectweb.util.LogWebDriverEventListener-63] Click the element found By.xpath: //table[@id='insp-head-table']//th
[18/01/16 16:56:33][INFO][com.perficient.test.cat.catinspectweb.util.FunctionUtil-1526] [CCR, CCR, Component D&A, Contamination Control, Contamination Control, Contamination Control, Contamination Control, Dealer Process, Dealer Process, Field Follow, PDI, PDI, PDI, PDI, PM Checklist, PM Checklist, PM Checklist, PM Checklist, PM Checklist, PM Checklist, PSSR, PSSR, PSSR, PSSR, PSSR, PSSR, PSSR, PSSR, PSSR, PSSR, PSSR, PSSR, PSSR, PSSR, PSSR, PSSR, PSSR, PSSR, PSSR, TA1, TA1, TA1, TA1, TA1, TA1, TA1, TA1, TA1, TA1, TA1, Validation, Validation]The original array list
[18/01/16 16:56:33][INFO][com.perficient.test.cat.catinspectweb.util.FunctionUtil-1542] [CCR, CCR, Component D&A, Contamination Control, Contamination Control, Contamination Control, Contamination Control, Dealer Process, Dealer Process, Field Follow, PDI, PDI, PDI, PDI, PM Checklist, PM Checklist, PM Checklist, PM Checklist, PM Checklist, PM Checklist, PSSR, PSSR, PSSR, PSSR, PSSR, PSSR, PSSR, PSSR, PSSR, PSSR, PSSR, PSSR, PSSR, PSSR, PSSR, PSSR, PSSR, PSSR, PSSR, TA1, TA1, TA1, TA1, TA1, TA1, TA1, TA1, TA1, TA1, TA1, Validation, Validation]The alphabetical order array list after sort
[18/01/16 16:56:33][INFO][com.perficient.test.cat.catinspectweb.util.LogWebDriverEventListener-63] Click the element found By.xpath: //table[@id='insp-head-table']//th
[18/01/16 16:56:35][INFO][com.perficient.test.cat.catinspectweb.util.FunctionUtil-1526] [ 2,  2,  2, , , , , , , , , Wheel Loader TA1, Wheel Loader TA1, Trial Form BB 3, Trial Form BB 3, Test, TEST, Quarry Site Evaluation, Quarry Site Evaluation, PSSR Inspection - WL, PSSR Inspection - WL, PSSR Inspection - AT, PSSR Inspection - AT, PSSR Inspection - AT, PSSR Inspection - AT, PSSR Inspection - AT, PSSR Inspection - AT, PM 3 (1000 HOUR INTERVAL), PM 1 (250 HOUR INTERVAL), Next Generation Caterpillar Excavators C Machine Delivery Checklist, Next Generation Caterpillar Excavators - First Follow-Up Visit Checklist, Marine Engine TA1, KP25-30 Gearbox, GMD PPG Incoming Machine Checklist, Form for QA testing 06/28, form 6/17, Driver Safety System (Quarterly Inspection/Maintenance), Driver Safety System (Operator Maintenance Check), Daily Hammer Inspection (H80), CX38 Disassembly - Transmission v0.1, Contamination Control (Espa?ol), Contamination Control (English), Contamination Control (English), Cat Yb, Cat Yb, BHL Dealer, Customer & Field Visit Report, Benchmark Site Operations - Quarry Evaluation, Asphalt Paver TA1, Articulated Truck TA1 (Portuguese), Articulated Truck TA1, Articulated Truck TA1, Articulated Truck ( ??  ?? ?? ) TA1 (Russi]The original array list
[18/01/16 16:56:35][INFO][com.perficient.test.cat.catinspectweb.util.FunctionUtil-1542] [ 2,  2,  2, , , , , , , , , Wheel Loader TA1, Wheel Loader TA1, Trial Form BB 3, Trial Form BB 3, Test, TEST, Quarry Site Evaluation, Quarry Site Evaluation, PSSR Inspection - WL, PSSR Inspection - WL, PSSR Inspection - AT, PSSR Inspection - AT, PSSR Inspection - AT, PSSR Inspection - AT, PSSR Inspection - AT, PSSR Inspection - AT, PM 3 (1000 HOUR INTERVAL), PM 1 (250 HOUR INTERVAL), Next Generation Caterpillar Excavators C Machine Delivery Checklist, Next Generation Caterpillar Excavators - First Follow-Up Visit Checklist, Marine Engine TA1, KP25-30 Gearbox, GMD PPG Incoming Machine Checklist, Form for QA testing 06/28, form 6/17, Driver Safety System (Quarterly Inspection/Maintenance), Driver Safety System (Operator Maintenance Check), Daily Hammer Inspection (H80), CX38 Disassembly - Transmission v0.1, Contamination Control (Espa?ol), Contamination Control (English), Contamination Control (English), Cat Yb, Cat Yb, BHL Dealer, Customer & Field Visit Report, Benchmark Site Operations - Quarry Evaluation, Asphalt Paver TA1, Articulated Truck TA1 (Portuguese), Articulated Truck TA1, Articulated Truck TA1, Articulated Truck ( ??  ?? ?? ) TA1 (Russi]The alphabetical order array list after sort
[18/01/16 16:56:36][INFO][com.perficient.test.cat.catinspectweb.util.LogWebDriverEventListener-63] Click the element found By.xpath: //table[@id='insp-head-table']//th
[18/01/16 16:56:38][INFO][com.perficient.test.cat.catinspectweb.util.FunctionUtil-1526] [Articulated Truck ( ??  ?? ?? ) TA1 (Russi, Articulated Truck TA1, Articulated Truck TA1, Articulated Truck TA1 (Portuguese), Asphalt Paver TA1, Benchmark Site Operations - Quarry Evaluation, BHL Dealer, Customer & Field Visit Report, Cat Yb, Cat Yb, Contamination Control (English), Contamination Control (English), Contamination Control (Espa?ol), CX38 Disassembly - Transmission v0.1, Daily Hammer Inspection (H80), Driver Safety System (Operator Maintenance Check), Driver Safety System (Quarterly Inspection/Maintenance), form 6/17, Form for QA testing 06/28, GMD PPG Incoming Machine Checklist, KP25-30 Gearbox, Marine Engine TA1, Next Generation Caterpillar Excavators - First Follow-Up Visit Checklist, Next Generation Caterpillar Excavators C Machine Delivery Checklist, PM 1 (250 HOUR INTERVAL), PM 3 (1000 HOUR INTERVAL), PSSR Inspection - AT, PSSR Inspection - AT, PSSR Inspection - AT, PSSR Inspection - AT, PSSR Inspection - AT, PSSR Inspection - AT, PSSR Inspection - WL, PSSR Inspection - WL, Quarry Site Evaluation, Quarry Site Evaluation, Test, TEST, Trial Form BB 3, Trial Form BB 3, Wheel Loader TA1, Wheel Loader TA1, , , , , , , , ,  2,  2,  2]The original array list
[18/01/16 16:56:38][INFO][com.perficient.test.cat.catinspectweb.util.FunctionUtil-1542] [Articulated Truck ( ??  ?? ?? ) TA1 (Russi, Articulated Truck TA1, Articulated Truck TA1, Articulated Truck TA1 (Portuguese), Asphalt Paver TA1, Benchmark Site Operations - Quarry Evaluation, BHL Dealer, Customer & Field Visit Report, Cat Yb, Cat Yb, Contamination Control (English), Contamination Control (English), Contamination Control (Espa?ol), CX38 Disassembly - Transmission v0.1, Daily Hammer Inspection (H80), Driver Safety System (Operator Maintenance Check), Driver Safety System (Quarterly Inspection/Maintenance), form 6/17, Form for QA testing 06/28, GMD PPG Incoming Machine Checklist, KP25-30 Gearbox, Marine Engine TA1, Next Generation Caterpillar Excavators - First Follow-Up Visit Checklist, Next Generation Caterpillar Excavators C Machine Delivery Checklist, PM 1 (250 HOUR INTERVAL), PM 3 (1000 HOUR INTERVAL), PSSR Inspection - AT, PSSR Inspection - AT, PSSR Inspection - AT, PSSR Inspection - AT, PSSR Inspection - AT, PSSR Inspection - AT, PSSR Inspection - WL, PSSR Inspection - WL, Quarry Site Evaluation, Quarry Site Evaluation, Test, TEST, Trial Form BB 3, Trial Form BB 3, Wheel Loader TA1, Wheel Loader TA1, , , , , , , , ,  2,  2,  2]The alphabetical order array list after sort
[18/01/16 16:56:38][INFO][com.perficient.test.cat.catinspectweb.util.LogWebDriverEventListener-63] Click the element found By.xpath: //table[@id='insp-head-table']//th
[18/01/16 16:56:40][INFO][com.perficient.test.cat.catinspectweb.util.FunctionUtil-1526] [Yasushi Takahashi, Timothy Noon, Timothy Noon, Keith Corkill, Keith Corkill, Keith Corkill, Juan Velandia, Jarod Skocaj, Hiroshi Jikumaru, Dmitry Anatolevich Markin, Curtis Tyler Albertsen, Curtis Tyler Albertsen, Curtis Tyler Albertsen, Curtis Tyler Albertsen, Christal Zhang, Bharath Rajarethinam, , , , , , , , , , , , , , , , , , , , , , , , , , , , , , , , , , , , ]The original array list
[18/01/16 16:56:40][INFO][com.perficient.test.cat.catinspectweb.util.FunctionUtil-1542] [Yasushi Takahashi, Timothy Noon, Timothy Noon, Keith Corkill, Keith Corkill, Keith Corkill, Juan Velandia, Jarod Skocaj, Hiroshi Jikumaru, Dmitry Anatolevich Markin, Curtis Tyler Albertsen, Curtis Tyler Albertsen, Curtis Tyler Albertsen, Curtis Tyler Albertsen, Christal Zhang, Bharath Rajarethinam, , , , , , , , , , , , , , , , , , , , , , , , , , , , , , , , , , , , ]The alphabetical order array list after sort
[18/01/16 16:56:41][INFO][com.perficient.test.cat.catinspectweb.util.LogWebDriverEventListener-63] Click the element found By.xpath: //table[@id='insp-head-table']//th
[18/01/16 16:56:43][INFO][com.perficient.test.cat.catinspectweb.util.FunctionUtil-1526] [, , , , , , , , , , , , , , , , , , , , , , , , , , , , , , , , , , , , Bharath Rajarethinam, Christal Zhang, Curtis Tyler Albertsen, Curtis Tyler Albertsen, Curtis Tyler Albertsen, Curtis Tyler Albertsen, Dmitry Anatolevich Markin, Hiroshi Jikumaru, Jarod Skocaj, Juan Velandia, Keith Corkill, Keith Corkill, Keith Corkill, Timothy Noon, Timothy Noon, Yasushi Takahashi]The original array list
[18/01/16 16:56:43][INFO][com.perficient.test.cat.catinspectweb.util.FunctionUtil-1542] [, , , , , , , , , , , , , , , , , , , , , , , , , , , , , , , , , , , , Bharath Rajarethinam, Christal Zhang, Curtis Tyler Albertsen, Curtis Tyler Albertsen, Curtis Tyler Albertsen, Curtis Tyler Albertsen, Dmitry Anatolevich Markin, Hiroshi Jikumaru, Jarod Skocaj, Juan Velandia, Keith Corkill, Keith Corkill, Keith Corkill, Timothy Noon, Timothy Noon, Yasushi Takahashi]The alphabetical order array list after sort
[18/01/16 16:56:43][INFO][com.perficient.test.cat.catinspectweb.util.LogWebDriverEventListener-63] Click the element found By.xpath: //table[@id='insp-head-table']//th
[18/01/16 16:56:48][INFO][com.perficient.test.cat.catinspectweb.util.LogWebDriverEventListener-63] Click the element found By.xpath: //table[@id='insp-head-table']//th
[18/01/16 16:56:53][INFO][com.perficient.test.cat.catinspectweb.util.LogWebDriverEventListener-63] Click the element found By.xpath: //table[@id='insp-head-table']//th
[18/01/16 16:56:58][INFO][com.perficient.test.cat.catinspectweb.util.FunctionUtil-1526] [L, O, O, O, uO, Test Aa, Test, Team 2, NA, Carmeuse Lime, , , , , , , , , , , , , , , , , , , , , , , , , , , , , , , , , , , , , , , , , , ]The original array list
[18/01/16 16:56:58][INFO][com.perficient.test.cat.catinspectweb.util.FunctionUtil-1542] [L, O, O, O, uO, Test Aa, Test, Team 2, NA, Carmeuse Lime, , , , , , , , , , , , , , , , , , , , , , , , , , , , , , , , , , , , , , , , , , ]The alphabetical order array list after sort
[18/01/16 16:56:58][INFO][com.perficient.test.cat.catinspectweb.util.LogWebDriverEventListener-63] Click the element found By.xpath: //table[@id='insp-head-table']//th
[18/01/16 16:57:01][INFO][com.perficient.test.cat.catinspectweb.util.FunctionUtil-1526] [, , , , , , , , , , , , , , , , , , , , , , , , , , , , , , , , , , , , , , , , , , Carmeuse Lime, NA, Team 2, Test, Test Aa, uO, O, O, O, L]The original array list
[18/01/16 16:57:01][INFO][com.perficient.test.cat.catinspectweb.util.FunctionUtil-1542] [, , , , , , , , , , , , , , , , , , , , , , , , , , , , , , , , , , , , , , , , , , Carmeuse Lime, NA, Team 2, Test, Test Aa, uO, O, O, O, L]The alphabetical order array list after sort
