[17/12/19 09:28:24][INFO][com.perficient.test.cat.catinspectweb.util.TestCaseBase-288] 20171219092824
[17/12/19 09:28:29][INFO][com.perficient.test.cat.catinspectweb.util.TestCaseBase-268] File is moved successful!
[17/12/19 09:28:29][INFO][com.perficient.test.cat.catinspectweb.util.TestCaseBase-277] Deleting old screen shots created 2 days ago............
[17/12/19 09:28:29][INFO][com.perficient.test.cat.catinspectweb.util.TestCaseBase-279] Deletion completed!
[17/12/19 09:28:51][ERROR][com.perficient.test.cat.catinspectweb.util.TestCaseBase-244] Driver have quited by other thread or by hand.
[17/12/19 09:30:44][INFO][com.perficient.test.cat.catinspectweb.util.TestCaseBase-288] 20171219093044
[17/12/19 09:30:49][INFO][com.perficient.test.cat.catinspectweb.util.TestCaseBase-268] File is moved successful!
[17/12/19 09:30:49][INFO][com.perficient.test.cat.catinspectweb.util.TestCaseBase-277] Deleting old screen shots created 2 days ago............
[17/12/19 09:30:49][INFO][com.perficient.test.cat.catinspectweb.util.TestCaseBase-279] Deletion completed!
[17/12/19 09:30:55][INFO][com.perficient.test.cat.catinspectweb.util.TestCaseBase-211] Run in Browser: =Chrome
[17/12/19 09:30:55][INFO][com.perficient.test.cat.catinspectweb.util.TestCaseBase-212] Run in Environment: =DEV
[17/12/19 09:30:55][INFO][com.perficient.test.cat.catinspectweb.util.TestCaseBase-213] Current Test Case Name =TC2363_FilterFormByDraftForms
[17/12/19 09:30:55][INFO][com.perficient.test.cat.catinspectweb.util.LogWebDriverEventListener-20] WebDriver navigating to:'https://catinspectweb-dev.cat.com/'
[17/12/19 09:31:45][INFO][com.perficient.test.cat.catinspectweb.util.LogWebDriverEventListener-30] WebDriver changing value in element found By.xpath: //input[@id='cwsUID'] from '' to ''
[17/12/19 09:31:45][INFO][com.perficient.test.cat.catinspectweb.util.LogWebDriverEventListener-30] WebDriver changing value in element found By.xpath: //input[@id='cwsUID'] from '' to 'zhangc42'
[17/12/19 09:31:45][INFO][com.perficient.test.cat.catinspectweb.util.LogWebDriverEventListener-30] WebDriver changing value in element found By.xpath: //input[@id='cwsPwd'] from '' to ''
[17/12/19 09:31:45][INFO][com.perficient.test.cat.catinspectweb.util.LogWebDriverEventListener-30] WebDriver changing value in element found By.xpath: //input[@id='cwsPwd'] from '' to 'Zhh131109'
[17/12/19 09:31:46][INFO][com.perficient.test.cat.catinspectweb.util.LogWebDriverEventListener-63] Click the element found By.xpath: //input[@id='submitButton']
[17/12/19 09:31:52][INFO][com.perficient.test.cat.catinspectweb.util.LogWebDriverEventListener-63] Click the element found By.xpath: //span[@class='manage_form']
[17/12/19 09:31:53][INFO][com.perficient.test.cat.catinspectweb.util.LogWebDriverEventListener-63] Click the element found By.xpath: //div[@class='col-xs-6 cat_right_border']//select[contains(@class,'cat_status_select')]
[17/12/19 09:31:53][INFO][com.perficient.test.cat.catinspectweb.util.LogWebDriverEventListener-63] Click the element found By.xpath: //div[@class='col-xs-6 cat_right_border']/select/option
[17/12/19 09:31:53][INFO][com.perficient.test.cat.catinspectweb.util.LogWebDriverEventListener-63] Click the element found By.xpath: //span[@class='glyphicon glyphicon-search']
[17/12/19 09:31:53][INFO][com.perficient.test.cat.catinspectweb.util.LogWebDriverEventListener-63] Click the element found By.xpath: //button[@class = 'form-control btn btn-default uploadBtn']
[17/12/19 09:31:55][INFO][com.perficient.test.cat.catinspectweb.util.LogWebDriverEventListener-63] Click the element found By.xpath: //button[@class = 'btn btn-danger']
[17/12/19 09:31:55][INFO][com.perficient.test.cat.catinspectweb.util.LogWebDriverEventListener-63] Click the element found By.xpath: //button[@class = 'form-control btn btn-default uploadBtn']
[17/12/19 09:31:56][INFO][com.perficient.test.cat.catinspectweb.util.LogWebDriverEventListener-63] Click the element found By.xpath: //button[@class = 'btn btn-success']
[17/12/19 09:31:57][INFO][com.perficient.test.cat.catinspectweb.util.LogWebDriverEventListener-63] Click the element found By.xpath: //button[@class = 'form-control btn btn-default uploadBtn']
[17/12/19 09:31:58][INFO][com.perficient.test.cat.catinspectweb.util.LogWebDriverEventListener-63] Click the element found By.xpath: //button[@class = 'btn btn-success']
[17/12/19 09:32:00][INFO][com.perficient.test.cat.catinspectweb.util.FunctionUtil-1479] [C Form, X form]The original array list
[17/12/19 09:32:00][INFO][com.perficient.test.cat.catinspectweb.util.FunctionUtil-1495] [C Form, X form]The alphabetical order array list after sort
[17/12/19 09:32:00][INFO][com.perficient.test.cat.catinspectweb.util.LogWebDriverEventListener-63] Click the element found By.xpath: //th[@sort-by]
[17/12/19 09:32:00][INFO][com.perficient.test.cat.catinspectweb.util.FunctionUtil-1479] [Daily, CCR]The original array list
[17/12/19 09:32:00][INFO][com.perficient.test.cat.catinspectweb.util.FunctionUtil-1495] [Daily, CCR]The alphabetical order array list after sort
[17/12/19 09:32:00][INFO][com.perficient.test.cat.catinspectweb.util.LogWebDriverEventListener-63] Click the element found By.xpath: //th[@sort-by]
[17/12/19 09:32:01][INFO][com.perficient.test.cat.catinspectweb.util.FunctionUtil-1479] [ENGINE - MACHINE, ARTICULATED DUMP TRUCK]The original array list
[17/12/19 09:32:01][INFO][com.perficient.test.cat.catinspectweb.util.FunctionUtil-1495] [ENGINE - MACHINE, ARTICULATED DUMP TRUCK]The alphabetical order array list after sort
[17/12/19 09:32:01][INFO][com.perficient.test.cat.catinspectweb.util.LogWebDriverEventListener-63] Click the element found By.xpath: //th[@sort-by]
[17/12/19 09:32:01][INFO][com.perficient.test.cat.catinspectweb.util.FunctionUtil-1479] [TEX, ASE]The original array list
[17/12/19 09:32:01][INFO][com.perficient.test.cat.catinspectweb.util.FunctionUtil-1495] [TEX, ASE]The alphabetical order array list after sort
[17/12/19 09:32:01][INFO][com.perficient.test.cat.catinspectweb.util.LogWebDriverEventListener-63] Click the element found By.xpath: //th[@sort-by]
[17/12/19 09:32:01][INFO][com.perficient.test.cat.catinspectweb.util.LogWebDriverEventListener-101] Click on the element find By.xpath: //i[@title = 'Download'] by javascript
[17/12/19 09:32:04][INFO][com.perficient.test.cat.catinspectweb.util.LogWebDriverEventListener-101] Click on the element find By.xpath: //i[@title = 'Delete'] by javascript
[17/12/19 09:32:06][INFO][com.perficient.test.cat.catinspectweb.util.LogWebDriverEventListener-63] Click the element found By.xpath: //button[@class = 'btn btn-danger']
[17/12/19 09:32:06][INFO][com.perficient.test.cat.catinspectweb.util.LogWebDriverEventListener-101] Click on the element find By.xpath: //i[@title = 'Delete'] by javascript
[17/12/19 09:32:07][INFO][com.perficient.test.cat.catinspectweb.util.LogWebDriverEventListener-63] Click the element found By.xpath: //button[@class = 'btn btn-success']
[17/12/19 09:32:17][INFO][com.perficient.test.cat.catinspectweb.util.TestCaseBase-211] Run in Browser: =Chrome
[17/12/19 09:32:17][INFO][com.perficient.test.cat.catinspectweb.util.TestCaseBase-212] Run in Environment: =DEV
[17/12/19 09:32:17][INFO][com.perficient.test.cat.catinspectweb.util.TestCaseBase-213] Current Test Case Name =TC2388_FilterFormBySerialNumberPrefix
[17/12/19 09:32:17][INFO][com.perficient.test.cat.catinspectweb.util.LogWebDriverEventListener-20] WebDriver navigating to:'https://catinspectweb-dev.cat.com/'
[17/12/19 09:33:10][INFO][com.perficient.test.cat.catinspectweb.util.LogWebDriverEventListener-30] WebDriver changing value in element found By.xpath: //input[@id='cwsUID'] from '' to ''
[17/12/19 09:33:10][INFO][com.perficient.test.cat.catinspectweb.util.LogWebDriverEventListener-30] WebDriver changing value in element found By.xpath: //input[@id='cwsUID'] from '' to 'zhangc42'
[17/12/19 09:33:10][INFO][com.perficient.test.cat.catinspectweb.util.LogWebDriverEventListener-30] WebDriver changing value in element found By.xpath: //input[@id='cwsPwd'] from '' to ''
[17/12/19 09:33:10][INFO][com.perficient.test.cat.catinspectweb.util.LogWebDriverEventListener-30] WebDriver changing value in element found By.xpath: //input[@id='cwsPwd'] from '' to 'Zhh131109'
[17/12/19 09:33:10][INFO][com.perficient.test.cat.catinspectweb.util.LogWebDriverEventListener-63] Click the element found By.xpath: //input[@id='submitButton']
[17/12/19 09:33:16][INFO][com.perficient.test.cat.catinspectweb.util.LogWebDriverEventListener-63] Click the element found By.xpath: //span[@class='manage_form']
[17/12/19 09:33:19][INFO][com.perficient.test.cat.catinspectweb.util.LogWebDriverEventListener-63] Click the element found By.xpath: //div[@class='col-xs-6 cat_right_border']//select[contains(@class,'cat_status_select')]
[17/12/19 09:33:19][INFO][com.perficient.test.cat.catinspectweb.util.LogWebDriverEventListener-63] Click the element found By.xpath: //div[@class='col-xs-6 cat_right_border']/select/option
[17/12/19 09:33:19][INFO][com.perficient.test.cat.catinspectweb.util.LogWebDriverEventListener-30] WebDriver changing value in element found By.xpath: //input[@placeholder = 'Serial Number Prefix'] from '' to ''
[17/12/19 09:33:20][INFO][com.perficient.test.cat.catinspectweb.util.LogWebDriverEventListener-30] WebDriver changing value in element found By.xpath: //input[@placeholder = 'Serial Number Prefix'] from '' to 'NON-Serial Number Prefix'
[17/12/19 09:33:20][INFO][com.perficient.test.cat.catinspectweb.util.LogWebDriverEventListener-63] Click the element found By.xpath: //span[@class='glyphicon glyphicon-search']
[17/12/19 09:33:21][INFO][com.perficient.test.cat.catinspectweb.util.LogWebDriverEventListener-30] WebDriver changing value in element found By.xpath: //input[@placeholder = 'Serial Number Prefix'] from 'NON-Serial Number Prefix' to ''
[17/12/19 09:33:21][INFO][com.perficient.test.cat.catinspectweb.util.LogWebDriverEventListener-30] WebDriver changing value in element found By.xpath: //input[@placeholder = 'Serial Number Prefix'] from '' to 'DUG'
[17/12/19 09:33:21][INFO][com.perficient.test.cat.catinspectweb.util.LogWebDriverEventListener-63] Click the element found By.xpath: //span[@class='glyphicon glyphicon-search']
[17/12/19 09:33:27][INFO][com.perficient.test.cat.catinspectweb.util.LogWebDriverEventListener-101] Click on the element find By.xpath: //td/i[1][contains(@class, 'material-icons')] by javascript
[17/12/19 09:33:28][INFO][com.perficient.test.cat.catinspectweb.util.LogWebDriverEventListener-63] Click the element found By.xpath: //button[@class = 'btn btn-success']
[17/12/19 09:33:38][INFO][com.perficient.test.cat.catinspectweb.util.LogWebDriverEventListener-63] Click the element found By.xpath: //div[@class= 'cat_date_filter cat_right_border col-xs-4']/select
[17/12/19 09:33:38][INFO][com.perficient.test.cat.catinspectweb.util.LogWebDriverEventListener-63] Click the element found By.xpath: //div[@class ='cat_date_filter cat_right_border col-xs-4']/select/option
[17/12/19 09:33:41][INFO][com.perficient.test.cat.catinspectweb.util.LogWebDriverEventListener-63] Click the element found By.xpath: //div[@class= 'cat_date_filter cat_right_border col-xs-4']/select
[17/12/19 09:33:41][INFO][com.perficient.test.cat.catinspectweb.util.LogWebDriverEventListener-63] Click the element found By.xpath: //div[@class ='cat_date_filter cat_right_border col-xs-4']/select/option
[17/12/19 09:33:43][INFO][com.perficient.test.cat.catinspectweb.util.LogWebDriverEventListener-101] Click on the element find By.xpath: //td/i[1][contains(@class, 'material-icons')] by javascript
[17/12/19 09:33:44][INFO][com.perficient.test.cat.catinspectweb.util.LogWebDriverEventListener-63] Click the element found By.xpath: //button[@class = 'btn btn-success']
[17/12/19 09:33:54][INFO][com.perficient.test.cat.catinspectweb.util.LogWebDriverEventListener-63] Click the element found By.xpath: //div[@class = 'col-xs-4 cat_right_border']/select
[17/12/19 09:33:55][INFO][com.perficient.test.cat.catinspectweb.util.LogWebDriverEventListener-63] Click the element found By.xpath: //div[@class = 'col-xs-4 cat_right_border']/select/option
[17/12/19 09:33:57][INFO][com.perficient.test.cat.catinspectweb.util.LogWebDriverEventListener-63] Click the element found By.xpath: //div[@class = 'col-xs-4 cat_right_border']/select
[17/12/19 09:33:57][INFO][com.perficient.test.cat.catinspectweb.util.LogWebDriverEventListener-63] Click the element found By.xpath: //div[@class = 'col-xs-4 cat_right_border']/select/option
[17/12/19 09:33:59][INFO][com.perficient.test.cat.catinspectweb.util.LogWebDriverEventListener-30] WebDriver changing value in element found By.xpath: //div[@class = 'cat_search_filter col-xs-3']/input from '' to ''
[17/12/19 09:33:59][INFO][com.perficient.test.cat.catinspectweb.util.LogWebDriverEventListener-30] WebDriver changing value in element found By.xpath: //div[@class = 'cat_search_filter col-xs-3']/input from '' to '21867'
[17/12/19 09:34:09][INFO][com.perficient.test.cat.catinspectweb.util.TestCaseBase-211] Run in Browser: =Chrome
[17/12/19 09:34:09][INFO][com.perficient.test.cat.catinspectweb.util.TestCaseBase-212] Run in Environment: =DEV
[17/12/19 09:34:09][INFO][com.perficient.test.cat.catinspectweb.util.TestCaseBase-213] Current Test Case Name =TC2623_ViewHelpFileAfterAdded
[17/12/19 09:34:09][INFO][com.perficient.test.cat.catinspectweb.util.LogWebDriverEventListener-20] WebDriver navigating to:'https://catinspectweb-dev.cat.com/'
[17/12/19 09:34:58][INFO][com.perficient.test.cat.catinspectweb.util.LogWebDriverEventListener-30] WebDriver changing value in element found By.xpath: //input[@id='cwsUID'] from '' to ''
[17/12/19 09:34:58][INFO][com.perficient.test.cat.catinspectweb.util.LogWebDriverEventListener-30] WebDriver changing value in element found By.xpath: //input[@id='cwsUID'] from '' to 'zhangc42'
[17/12/19 09:34:58][INFO][com.perficient.test.cat.catinspectweb.util.LogWebDriverEventListener-30] WebDriver changing value in element found By.xpath: //input[@id='cwsPwd'] from '' to ''
[17/12/19 09:34:58][INFO][com.perficient.test.cat.catinspectweb.util.LogWebDriverEventListener-30] WebDriver changing value in element found By.xpath: //input[@id='cwsPwd'] from '' to 'Zhh131109'
[17/12/19 09:34:58][INFO][com.perficient.test.cat.catinspectweb.util.LogWebDriverEventListener-63] Click the element found By.xpath: //input[@id='submitButton']
[17/12/19 09:35:06][INFO][com.perficient.test.cat.catinspectweb.util.LogWebDriverEventListener-63] Click the element found By.xpath: //span[@class='create']
[17/12/19 09:35:06][INFO][com.perficient.test.cat.catinspectweb.util.LogWebDriverEventListener-30] WebDriver changing value in element found By.xpath: //input[@id='formName'] from '' to ''
[17/12/19 09:35:07][INFO][com.perficient.test.cat.catinspectweb.util.LogWebDriverEventListener-30] WebDriver changing value in element found By.xpath: //input[@id='formName'] from '' to 'TestViewHelpFile'
[17/12/19 09:35:09][INFO][com.perficient.test.cat.catinspectweb.util.LogWebDriverEventListener-63] Click the element found By.xpath: //Select[@id='formType']
[17/12/19 09:35:11][INFO][com.perficient.test.cat.catinspectweb.util.LogWebDriverEventListener-63] Click the element found By.tagName: option
[17/12/19 09:35:14][INFO][com.perficient.test.cat.catinspectweb.util.LogWebDriverEventListener-63] Click the element found By.xpath: //select[@id='formFamily']
[17/12/19 09:35:16][INFO][com.perficient.test.cat.catinspectweb.util.LogWebDriverEventListener-63] Click the element found By.tagName: option
[17/12/19 09:35:17][INFO][com.perficient.test.cat.catinspectweb.util.LogWebDriverEventListener-63] Click the element found By.xpath: //a[@title='Next']
[17/12/19 09:35:17][INFO][com.perficient.test.cat.catinspectweb.util.LogWebDriverEventListener-30] WebDriver changing value in element found By.xpath: //input[@name='addCat'] from '' to ''
[17/12/19 09:35:17][INFO][com.perficient.test.cat.catinspectweb.util.LogWebDriverEventListener-30] WebDriver changing value in element found By.xpath: //input[@name='addCat'] from '' to 'Category1'
[17/12/19 09:35:18][INFO][com.perficient.test.cat.catinspectweb.util.LogWebDriverEventListener-63] Click the element found By.xpath: //span[@class = 'input-group-btn']
[17/12/19 09:35:18][INFO][com.perficient.test.cat.catinspectweb.util.LogWebDriverEventListener-63] Click the element found By.xpath: //a[@title='Next']
[17/12/19 09:35:18][INFO][com.perficient.test.cat.catinspectweb.util.LogWebDriverEventListener-63] Click the element found By.xpath: //div[@class = 'cat_add_block']
[17/12/19 09:35:19][INFO][com.perficient.test.cat.catinspectweb.util.LogWebDriverEventListener-101] Click on the element find By.xpath: //span[@class = 'glyphicon glyphicon-chevron-right'] by javascript
[17/12/19 09:35:20][INFO][com.perficient.test.cat.catinspectweb.util.LogWebDriverEventListener-63] Click the element found By.xpath: //input[@value = 'text_and_image']
[17/12/19 09:35:21][INFO][com.perficient.test.cat.catinspectweb.util.LogWebDriverEventListener-63] Click the element found By.xpath: //input[@name = 'helpPic']
[17/12/19 09:35:21][ERROR][com.perficient.test.cat.catinspectweb.util.LogWebDriverEventListener-45] WebDriver error:
org.openqa.selenium.WebDriverException: unknown error: Element <input _ngcontent-sad-49="" accept=".png,.jpg,.jpeg" class="form-control col-xs-12 ng-untouched ng-pristine ng-valid" formcontrolname="helpPic" name="helpPic" type="file"> is not clickable at point (1051, 778). Other element would receive the click: <div _ngcontent-sad-69="" class="navbar-inner footer">...</div>
  (Session info: chrome=62.0.3202.89)
  (Driver info: chromedriver=2.33.506120 (e3e53437346286c0bc2d2dc9aa4915ba81d9023f),platform=Windows NT 6.1.7601 SP1 x86_64) (WARNING: The server did not provide any stacktrace information)
Command duration or timeout: 82 milliseconds
Build info: version: '2.48.2', revision: '41bccdd10cf2c0560f637404c2d96164b67d9d67', time: '2015-10-09 13:08:06'
System info: host: 'H2600-0463L', ip: '10.2.7.10', os.name: 'Windows 7', os.arch: 'amd64', os.version: '6.1', java.version: '1.8.0_151'
Driver info: org.openqa.selenium.chrome.ChromeDriver
Capabilities [{applicationCacheEnabled=false, rotatable=false, mobileEmulationEnabled=false, networkConnectionEnabled=false, chrome={chromedriverVersion=2.33.506120 (e3e53437346286c0bc2d2dc9aa4915ba81d9023f), userDataDir=C:\Users\herby.he\AppData\Local\Temp\scoped_dir2300_2374}, takesHeapSnapshot=true, pageLoadStrategy=normal, databaseEnabled=false, handlesAlerts=true, hasTouchScreen=false, version=62.0.3202.89, platform=XP, browserConnectionEnabled=false, nativeEvents=true, acceptSslCerts=true, locationContextEnabled=true, webStorageEnabled=true, browserName=chrome, takesScreenshot=true, javascriptEnabled=true, cssSelectorsEnabled=true, setWindowRect=true, unexpectedAlertBehaviour=}]
Session ID: d9c16e140177e159dc7cefcc637efd9f
	at sun.reflect.NativeConstructorAccessorImpl.newInstance0(Native Method)
	at sun.reflect.NativeConstructorAccessorImpl.newInstance(Unknown Source)
	at sun.reflect.DelegatingConstructorAccessorImpl.newInstance(Unknown Source)
	at java.lang.reflect.Constructor.newInstance(Unknown Source)
	at org.openqa.selenium.remote.ErrorHandler.createThrowable(ErrorHandler.java:206)
	at org.openqa.selenium.remote.ErrorHandler.throwIfResponseFailed(ErrorHandler.java:158)
	at org.openqa.selenium.remote.RemoteWebDriver.execute(RemoteWebDriver.java:647)
	at org.openqa.selenium.remote.RemoteWebElement.execute(RemoteWebElement.java:326)
	at org.openqa.selenium.remote.RemoteWebElement.click(RemoteWebElement.java:84)
	at sun.reflect.GeneratedMethodAccessor10.invoke(Unknown Source)
	at sun.reflect.DelegatingMethodAccessorImpl.invoke(Unknown Source)
	at java.lang.reflect.Method.invoke(Unknown Source)
	at org.openqa.selenium.support.events.EventFiringWebDriver$EventFiringWebElement$1.invoke(EventFiringWebDriver.java:334)
	at com.sun.proxy.$Proxy15.click(Unknown Source)
	at org.openqa.selenium.support.events.EventFiringWebDriver$EventFiringWebElement.click(EventFiringWebDriver.java:347)
	at sun.reflect.GeneratedMethodAccessor10.invoke(Unknown Source)
	at sun.reflect.DelegatingMethodAccessorImpl.invoke(Unknown Source)
	at java.lang.reflect.Method.invoke(Unknown Source)
	at org.openqa.selenium.support.pagefactory.internal.LocatingElementHandler.invoke(LocatingElementHandler.java:51)
	at com.sun.proxy.$Proxy13.click(Unknown Source)
	at com.perficient.test.cat.catinspectweb.util.FunctionUtil.click(FunctionUtil.java:273)
	at com.perficient.test.cat.catinspectweb.util.CustomizedFunctionUtil.click(CustomizedFunctionUtil.java:20)
	at com.perficient.test.cat.catinspectweb.testcase.createform.TC2623_ViewHelpFileAfterAdded.Verify_TC2623_ViewHelpFileAfterAdded(TC2623_ViewHelpFileAfterAdded.java:71)
	at sun.reflect.NativeMethodAccessorImpl.invoke0(Native Method)
	at sun.reflect.NativeMethodAccessorImpl.invoke(Unknown Source)
	at sun.reflect.DelegatingMethodAccessorImpl.invoke(Unknown Source)
	at java.lang.reflect.Method.invoke(Unknown Source)
	at org.testng.internal.MethodInvocationHelper.invokeMethod(MethodInvocationHelper.java:84)
	at org.testng.internal.Invoker.invokeMethod(Invoker.java:714)
	at org.testng.internal.Invoker.invokeTestMethod(Invoker.java:901)
	at org.testng.internal.Invoker.invokeTestMethods(Invoker.java:1231)
	at org.testng.internal.TestMethodWorker.invokeTestMethods(TestMethodWorker.java:127)
	at org.testng.internal.TestMethodWorker.run(TestMethodWorker.java:111)
	at org.testng.TestRunner.privateRun(TestRunner.java:767)
	at org.testng.TestRunner.run(TestRunner.java:617)
	at org.testng.SuiteRunner.runTest(SuiteRunner.java:348)
	at org.testng.SuiteRunner.runSequentially(SuiteRunner.java:343)
	at org.testng.SuiteRunner.privateRun(SuiteRunner.java:305)
	at org.testng.SuiteRunner.run(SuiteRunner.java:254)
	at org.testng.SuiteRunnerWorker.runSuite(SuiteRunnerWorker.java:52)
	at org.testng.SuiteRunnerWorker.run(SuiteRunnerWorker.java:86)
	at org.testng.TestNG.runSuitesSequentially(TestNG.java:1224)
	at org.testng.TestNG.runSuitesLocally(TestNG.java:1149)
	at org.testng.TestNG.run(TestNG.java:1057)
	at org.testng.remote.AbstractRemoteTestNG.run(AbstractRemoteTestNG.java:114)
	at org.testng.remote.RemoteTestNG.initAndRun(RemoteTestNG.java:251)
	at org.testng.remote.RemoteTestNG.main(RemoteTestNG.java:77)
[17/12/19 09:35:21][INFO][com.perficient.test.cat.catinspectweb.util.CustomAssertion-428] .\errorImages\20171219093521.png
[17/12/19 09:35:21][INFO][com.perficient.test.cat.catinspectweb.util.CustomAssertion-451] StackTrace 0 is: java.lang.Thread.getStackTrace(Unknown Source)
[17/12/19 09:35:21][INFO][com.perficient.test.cat.catinspectweb.util.CustomAssertion-452] LineNumber for 0 stack trace is: -1
[17/12/19 09:35:21][INFO][com.perficient.test.cat.catinspectweb.util.CustomAssertion-451] StackTrace 1 is: com.perficient.test.cat.catinspectweb.util.CustomAssertion.logStackTraceInfo(CustomAssertion.java:451)
[17/12/19 09:35:21][INFO][com.perficient.test.cat.catinspectweb.util.CustomAssertion-452] LineNumber for 1 stack trace is: 452
[17/12/19 09:35:21][INFO][com.perficient.test.cat.catinspectweb.util.CustomAssertion-451] StackTrace 2 is: com.perficient.test.cat.catinspectweb.util.CustomAssertion.printError(CustomAssertion.java:429)
[17/12/19 09:35:21][INFO][com.perficient.test.cat.catinspectweb.util.CustomAssertion-452] LineNumber for 2 stack trace is: 429
[17/12/19 09:35:21][INFO][com.perficient.test.cat.catinspectweb.util.CustomAssertion-451] StackTrace 3 is: com.perficient.test.cat.catinspectweb.util.TestCaseBase.tearDown(TestCaseBase.java:233)
[17/12/19 09:35:21][INFO][com.perficient.test.cat.catinspectweb.util.CustomAssertion-452] LineNumber for 3 stack trace is: 233
[17/12/19 09:35:21][INFO][com.perficient.test.cat.catinspectweb.util.CustomAssertion-451] StackTrace 4 is: sun.reflect.NativeMethodAccessorImpl.invoke0(Native Method)
[17/12/19 09:35:21][INFO][com.perficient.test.cat.catinspectweb.util.CustomAssertion-452] LineNumber for 4 stack trace is: -2
[17/12/19 09:35:21][INFO][com.perficient.test.cat.catinspectweb.util.CustomAssertion-451] StackTrace 5 is: sun.reflect.NativeMethodAccessorImpl.invoke(Unknown Source)
[17/12/19 09:35:21][INFO][com.perficient.test.cat.catinspectweb.util.CustomAssertion-452] LineNumber for 5 stack trace is: -1
[17/12/19 09:35:21][INFO][com.perficient.test.cat.catinspectweb.util.CustomAssertion-451] StackTrace 6 is: sun.reflect.DelegatingMethodAccessorImpl.invoke(Unknown Source)
[17/12/19 09:35:21][INFO][com.perficient.test.cat.catinspectweb.util.CustomAssertion-452] LineNumber for 6 stack trace is: -1
[17/12/19 09:35:21][INFO][com.perficient.test.cat.catinspectweb.util.CustomAssertion-455] StackTrace for Assert is: com.perficient.test.cat.catinspectweb.util.TestCaseBase.tearDown(TestCaseBase.java:233)
[17/12/19 09:35:21][INFO][com.perficient.test.cat.catinspectweb.util.CustomAssertion-456] Assert LineNumber is: 233
[17/12/19 09:35:31][INFO][com.perficient.test.cat.catinspectweb.util.TestCaseBase-211] Run in Browser: =Chrome
[17/12/19 09:35:31][INFO][com.perficient.test.cat.catinspectweb.util.TestCaseBase-212] Run in Environment: =DEV
[17/12/19 09:35:31][INFO][com.perficient.test.cat.catinspectweb.util.TestCaseBase-213] Current Test Case Name =TC2624ViewImageFileWhenCloneAForm
[17/12/19 09:35:31][INFO][com.perficient.test.cat.catinspectweb.util.LogWebDriverEventListener-20] WebDriver navigating to:'https://catinspectweb-dev.cat.com/'
[17/12/19 09:36:20][INFO][com.perficient.selenium.support.TimeoutListener-68] System have been waiting for 1 min(s).
[17/12/19 09:36:24][INFO][com.perficient.test.cat.catinspectweb.util.LogWebDriverEventListener-30] WebDriver changing value in element found By.xpath: //input[@id='cwsUID'] from '' to ''
[17/12/19 09:36:25][INFO][com.perficient.test.cat.catinspectweb.util.LogWebDriverEventListener-30] WebDriver changing value in element found By.xpath: //input[@id='cwsUID'] from '' to 'zhangc42'
[17/12/19 09:36:25][INFO][com.perficient.test.cat.catinspectweb.util.LogWebDriverEventListener-30] WebDriver changing value in element found By.xpath: //input[@id='cwsPwd'] from '' to ''
[17/12/19 09:36:25][INFO][com.perficient.test.cat.catinspectweb.util.LogWebDriverEventListener-30] WebDriver changing value in element found By.xpath: //input[@id='cwsPwd'] from '' to 'Zhh131109'
[17/12/19 09:36:25][INFO][com.perficient.test.cat.catinspectweb.util.LogWebDriverEventListener-63] Click the element found By.xpath: //input[@id='submitButton']
[17/12/19 09:36:32][INFO][com.perficient.test.cat.catinspectweb.util.LogWebDriverEventListener-63] Click the element found By.xpath: //span[@class='create']
[17/12/19 09:36:33][INFO][com.perficient.test.cat.catinspectweb.util.LogWebDriverEventListener-30] WebDriver changing value in element found By.xpath: //input[@id='formName'] from '' to ''
[17/12/19 09:36:34][INFO][com.perficient.test.cat.catinspectweb.util.LogWebDriverEventListener-30] WebDriver changing value in element found By.xpath: //input[@id='formName'] from '' to 'Test View file from cloning a from'
[17/12/19 09:36:36][INFO][com.perficient.test.cat.catinspectweb.util.LogWebDriverEventListener-63] Click the element found By.xpath: //Select[@id='formType']
[17/12/19 09:36:38][INFO][com.perficient.test.cat.catinspectweb.util.LogWebDriverEventListener-63] Click the element found By.tagName: option
[17/12/19 09:36:40][INFO][com.perficient.test.cat.catinspectweb.util.LogWebDriverEventListener-63] Click the element found By.xpath: //select[@id='formFamily']
[17/12/19 09:36:43][INFO][com.perficient.test.cat.catinspectweb.util.LogWebDriverEventListener-63] Click the element found By.tagName: option
[17/12/19 09:36:43][INFO][com.perficient.test.cat.catinspectweb.util.LogWebDriverEventListener-63] Click the element found By.xpath: //button[@class = 'btn btn-sm btn-warning pull-right']
[17/12/19 09:36:52][INFO][com.perficient.test.cat.catinspectweb.util.CustomAssertion-428] .\errorImages\20171219093652.png
[17/12/19 09:36:52][INFO][com.perficient.test.cat.catinspectweb.util.CustomAssertion-451] StackTrace 0 is: java.lang.Thread.getStackTrace(Unknown Source)
[17/12/19 09:36:52][INFO][com.perficient.test.cat.catinspectweb.util.CustomAssertion-452] LineNumber for 0 stack trace is: -1
[17/12/19 09:36:52][INFO][com.perficient.test.cat.catinspectweb.util.CustomAssertion-451] StackTrace 1 is: com.perficient.test.cat.catinspectweb.util.CustomAssertion.logStackTraceInfo(CustomAssertion.java:451)
[17/12/19 09:36:52][INFO][com.perficient.test.cat.catinspectweb.util.CustomAssertion-452] LineNumber for 1 stack trace is: 452
[17/12/19 09:36:52][INFO][com.perficient.test.cat.catinspectweb.util.CustomAssertion-451] StackTrace 2 is: com.perficient.test.cat.catinspectweb.util.CustomAssertion.printError(CustomAssertion.java:429)
[17/12/19 09:36:52][INFO][com.perficient.test.cat.catinspectweb.util.CustomAssertion-452] LineNumber for 2 stack trace is: 429
[17/12/19 09:36:52][INFO][com.perficient.test.cat.catinspectweb.util.CustomAssertion-451] StackTrace 3 is: com.perficient.test.cat.catinspectweb.util.TestCaseBase.tearDown(TestCaseBase.java:233)
[17/12/19 09:36:52][INFO][com.perficient.test.cat.catinspectweb.util.CustomAssertion-452] LineNumber for 3 stack trace is: 233
[17/12/19 09:36:52][INFO][com.perficient.test.cat.catinspectweb.util.CustomAssertion-451] StackTrace 4 is: sun.reflect.NativeMethodAccessorImpl.invoke0(Native Method)
[17/12/19 09:36:52][INFO][com.perficient.test.cat.catinspectweb.util.CustomAssertion-452] LineNumber for 4 stack trace is: -2
[17/12/19 09:36:52][INFO][com.perficient.test.cat.catinspectweb.util.CustomAssertion-451] StackTrace 5 is: sun.reflect.NativeMethodAccessorImpl.invoke(Unknown Source)
[17/12/19 09:36:52][INFO][com.perficient.test.cat.catinspectweb.util.CustomAssertion-452] LineNumber for 5 stack trace is: -1
[17/12/19 09:36:52][INFO][com.perficient.test.cat.catinspectweb.util.CustomAssertion-451] StackTrace 6 is: sun.reflect.DelegatingMethodAccessorImpl.invoke(Unknown Source)
[17/12/19 09:36:52][INFO][com.perficient.test.cat.catinspectweb.util.CustomAssertion-452] LineNumber for 6 stack trace is: -1
[17/12/19 09:36:52][INFO][com.perficient.test.cat.catinspectweb.util.CustomAssertion-455] StackTrace for Assert is: com.perficient.test.cat.catinspectweb.util.TestCaseBase.tearDown(TestCaseBase.java:233)
[17/12/19 09:36:52][INFO][com.perficient.test.cat.catinspectweb.util.CustomAssertion-456] Assert LineNumber is: 233
[17/12/19 09:37:04][INFO][com.perficient.test.cat.catinspectweb.util.TestCaseBase-211] Run in Browser: =Chrome
[17/12/19 09:37:04][INFO][com.perficient.test.cat.catinspectweb.util.TestCaseBase-212] Run in Environment: =DEV
[17/12/19 09:37:04][INFO][com.perficient.test.cat.catinspectweb.util.TestCaseBase-213] Current Test Case Name =TC2625_FilterFormByFamily
[17/12/19 09:37:04][INFO][com.perficient.test.cat.catinspectweb.util.LogWebDriverEventListener-20] WebDriver navigating to:'https://catinspectweb-dev.cat.com/'
[17/12/19 09:37:21][INFO][com.perficient.selenium.support.TimeoutListener-68] System have been waiting for 2 min(s).
[17/12/19 09:37:57][INFO][com.perficient.test.cat.catinspectweb.util.LogWebDriverEventListener-30] WebDriver changing value in element found By.xpath: //input[@id='cwsUID'] from '' to ''
[17/12/19 09:37:57][INFO][com.perficient.test.cat.catinspectweb.util.LogWebDriverEventListener-30] WebDriver changing value in element found By.xpath: //input[@id='cwsUID'] from '' to 'zhangc42'
[17/12/19 09:37:57][INFO][com.perficient.test.cat.catinspectweb.util.LogWebDriverEventListener-30] WebDriver changing value in element found By.xpath: //input[@id='cwsPwd'] from '' to ''
[17/12/19 09:38:01][INFO][com.perficient.test.cat.catinspectweb.util.LogWebDriverEventListener-30] WebDriver changing value in element found By.xpath: //input[@id='cwsPwd'] from '' to 'Zhh131109'
[17/12/19 09:38:04][INFO][com.perficient.test.cat.catinspectweb.util.LogWebDriverEventListener-63] Click the element found By.xpath: //input[@id='submitButton']
[17/12/19 09:38:15][INFO][com.perficient.test.cat.catinspectweb.util.LogWebDriverEventListener-63] Click the element found By.xpath: //span[@class='manage_form']
[17/12/19 09:38:22][INFO][com.perficient.test.cat.catinspectweb.util.LogWebDriverEventListener-63] Click the element found By.xpath: //div[@class='col-xs-6']//select[contains(@class,'cat_status_select')]
[17/12/19 09:38:23][INFO][com.perficient.selenium.support.TimeoutListener-68] System have been waiting for 3 min(s).
[17/12/19 09:38:26][INFO][com.perficient.test.cat.catinspectweb.util.LogWebDriverEventListener-63] Click the element found By.tagName: option
[17/12/19 09:38:26][INFO][com.perficient.test.cat.catinspectweb.util.LogWebDriverEventListener-63] Click the element found By.xpath: //span[@class='glyphicon glyphicon-search']
[17/12/19 09:38:36][INFO][com.perficient.test.cat.catinspectweb.util.LogWebDriverEventListener-101] Click on the element find By.xpath: //td/i[1][contains(@class, 'material-icons')] by javascript
[17/12/19 09:38:37][INFO][com.perficient.test.cat.catinspectweb.util.LogWebDriverEventListener-63] Click the element found By.xpath: //button[@class = 'btn btn-success']
[17/12/19 09:38:48][INFO][com.perficient.test.cat.catinspectweb.util.LogWebDriverEventListener-63] Click the element found By.xpath: //div[@class= 'cat_date_filter cat_right_border col-xs-4']/select
[17/12/19 09:38:50][INFO][com.perficient.test.cat.catinspectweb.util.LogWebDriverEventListener-63] Click the element found By.xpath: //div[@class ='cat_date_filter cat_right_border col-xs-4']/select/option
[17/12/19 09:38:50][INFO][com.perficient.test.cat.catinspectweb.util.LogWebDriverEventListener-63] Click the element found By.xpath: //div[@class= 'cat_date_filter cat_right_border col-xs-4']/select
[17/12/19 09:38:50][INFO][com.perficient.test.cat.catinspectweb.util.LogWebDriverEventListener-63] Click the element found By.xpath: //div[@class ='cat_date_filter cat_right_border col-xs-4']/select/option
[17/12/19 09:38:58][INFO][com.perficient.test.cat.catinspectweb.util.LogWebDriverEventListener-101] Click on the element find By.xpath: //td/i[1][contains(@class, 'material-icons')] by javascript
[17/12/19 09:38:59][INFO][com.perficient.test.cat.catinspectweb.util.LogWebDriverEventListener-63] Click the element found By.xpath: //button[@class = 'btn btn-success']
[17/12/19 09:39:13][INFO][com.perficient.test.cat.catinspectweb.util.LogWebDriverEventListener-63] Click the element found By.xpath: //div[@class = 'col-xs-4 cat_right_border']/select
[17/12/19 09:39:13][INFO][com.perficient.test.cat.catinspectweb.util.LogWebDriverEventListener-63] Click the element found By.xpath: //div[@class = 'col-xs-4 cat_right_border']/select/option
[17/12/19 09:39:20][INFO][com.perficient.test.cat.catinspectweb.util.LogWebDriverEventListener-63] Click the element found By.xpath: //div[@class = 'col-xs-4 cat_right_border']/select
[17/12/19 09:39:23][INFO][com.perficient.test.cat.catinspectweb.util.LogWebDriverEventListener-63] Click the element found By.xpath: //div[@class = 'col-xs-4 cat_right_border']/select/option
[17/12/19 09:39:24][INFO][com.perficient.selenium.support.TimeoutListener-68] System have been waiting for 4 min(s).
[17/12/19 09:39:30][INFO][com.perficient.test.cat.catinspectweb.util.FunctionUtil-1479] [1223232, 20171109, 20171113, 2222222, A Level For HY, Articulated Truck (Внешний о??мотр грузового автомобил?? ?? шарнирно) TA1 (Russi, Articulated Truck (铰接式卡车外观检查) TA1 (Chinese), Articulated Truck TA1, Articulated Truck TA1 (Portuguese), Articulated Truck TA1 (Spanish), Articulated Trucks: Safety & Maintenance, Big form 05/03 imtiaz, cat used demo, Clone of form 6/17 pub, Copy Form, CX38 Assembly - Transmission & Sub Modules Combined v1.0, CX38 Disassembly - Clutch 2, CX38 Disassembly - Sub-Modules v0.1, CX38 Disassembly - Sub-Modules v0.2, CX38 Disassembly - Transmission, CX38 Disassembly - Transmission & Sub Modules Combined v1.0, CX38 Disassembly - Transmission v0.1, CX38 Transmission Rebuild Checklist, CX38 Transmission Test Procedures, Draft Form Testing 1, dsfdddds, Form 05/30, form 6/17, form 6/17 pub, Form for QA testing 06/28, form test dealer author, Form to test deletion of category 5/7 UAT, GMD-PPG-Articulated Truck TA1 w/ Performance Inspection, imtiaz UAT 05/03, Indira Test 2675, JANE TEST CLONE FORM, Jane Testing please ignore, janetesting, JoshConExpotest02, new form 7/1, PDI Articulated Truck Inspection, PM 3 (1000 HOUR INTERVAL) test, PSSR Inspection - AT, Regression testing 05/16, rekha form 6/17 publisher, REPUBLIC ARTICULATED DUMP TRUCK, REPUBLIC ARTICULATED DUMP TRUCK 50/30, test, TEST -INDIRA, Test for dealer, Test Form, Test Indira4, TEST-INDIRA, TESTFORM02062017, Testggff, TestIndira6, testing, testing filetypes, TESTING FORM 1, Testing Form 1-jane, TESTING FORM 2, Testing6, tttttttttt, UAT testing 0 of 0 5/7/2013, Underground Articulated Truck TA1]The original array list
[17/12/19 09:39:30][INFO][com.perficient.test.cat.catinspectweb.util.FunctionUtil-1495] [1223232, 20171109, 20171113, 2222222, A Level For HY, Articulated Truck (Внешний о??мотр грузового автомобил?? ?? шарнирно) TA1 (Russi, Articulated Truck (铰接式卡车外观检查) TA1 (Chinese), Articulated Truck TA1, Articulated Truck TA1 (Portuguese), Articulated Truck TA1 (Spanish), Articulated Trucks: Safety & Maintenance, Big form 05/03 imtiaz, cat used demo, Clone of form 6/17 pub, Copy Form, CX38 Assembly - Transmission & Sub Modules Combined v1.0, CX38 Disassembly - Clutch 2, CX38 Disassembly - Sub-Modules v0.1, CX38 Disassembly - Sub-Modules v0.2, CX38 Disassembly - Transmission, CX38 Disassembly - Transmission & Sub Modules Combined v1.0, CX38 Disassembly - Transmission v0.1, CX38 Transmission Rebuild Checklist, CX38 Transmission Test Procedures, Draft Form Testing 1, dsfdddds, Form 05/30, form 6/17, form 6/17 pub, Form for QA testing 06/28, form test dealer author, Form to test deletion of category 5/7 UAT, GMD-PPG-Articulated Truck TA1 w/ Performance Inspection, imtiaz UAT 05/03, Indira Test 2675, JANE TEST CLONE FORM, Jane Testing please ignore, janetesting, JoshConExpotest02, new form 7/1, PDI Articulated Truck Inspection, PM 3 (1000 HOUR INTERVAL) test, PSSR Inspection - AT, Regression testing 05/16, rekha form 6/17 publisher, REPUBLIC ARTICULATED DUMP TRUCK, REPUBLIC ARTICULATED DUMP TRUCK 50/30, test, TEST -INDIRA, Test for dealer, Test Form, Test Indira4, TEST-INDIRA, TESTFORM02062017, Testggff, TestIndira6, testing, testing filetypes, TESTING FORM 1, Testing Form 1-jane, TESTING FORM 2, Testing6, tttttttttt, UAT testing 0 of 0 5/7/2013, Underground Articulated Truck TA1]The alphabetical order array list after sort
[17/12/19 09:39:30][INFO][com.perficient.test.cat.catinspectweb.util.LogWebDriverEventListener-63] Click the element found By.xpath: //th[@sort-by]
[17/12/19 09:39:32][INFO][com.perficient.test.cat.catinspectweb.util.FunctionUtil-1479] [SSP, RAG, JPA, IMT, EAT, dug, BZY, BZY, BXY, 123]The original array list
[17/12/19 09:39:32][INFO][com.perficient.test.cat.catinspectweb.util.FunctionUtil-1495] [SSP, RAG, JPA, IMT, EAT, dug, BZY, BZY, BXY, 123]The alphabetical order array list after sort
[17/12/19 09:39:32][INFO][com.perficient.test.cat.catinspectweb.util.LogWebDriverEventListener-63] Click the element found By.xpath: //th[@sort-by]
[17/12/19 09:39:45][INFO][com.perficient.test.cat.catinspectweb.util.FunctionUtil-1479] [Yearly, Validation, Validation, TA1, TA1, TA1, TA1, TA1, TA1, TA1, TA1, TA1, TA1, TA1, TA1, TA1, PSSR, PM Checklist, PM Checklist, PM Checklist, PM Checklist, PM Checklist, PM Checklist, PM Checklist, PM Checklist, PDI, PDI, PDI, GET, Daily, Daily, Daily, Daily, Daily, Component D&A, Component D&A, Component D&A, Component D&A, Component D&A, Component D&A, Component D&A, Component D&A, Component D&A, Component D&A, Component D&A, Component D&A, CCR, CCR, CCR, CCR, CCR, CCR, CCR, CCR, CCR, CCR, CCR, CCR, CCR, CCR, CCR, CCR, CCR, CCR, CCR]The original array list
[17/12/19 09:39:45][INFO][com.perficient.test.cat.catinspectweb.util.FunctionUtil-1495] [Yearly, Validation, Validation, TA1, TA1, TA1, TA1, TA1, TA1, TA1, TA1, TA1, TA1, TA1, TA1, TA1, PSSR, PM Checklist, PM Checklist, PM Checklist, PM Checklist, PM Checklist, PM Checklist, PM Checklist, PM Checklist, PDI, PDI, PDI, GET, Daily, Daily, Daily, Daily, Daily, Component D&A, Component D&A, Component D&A, Component D&A, Component D&A, Component D&A, Component D&A, Component D&A, Component D&A, Component D&A, Component D&A, Component D&A, CCR, CCR, CCR, CCR, CCR, CCR, CCR, CCR, CCR, CCR, CCR, CCR, CCR, CCR, CCR, CCR, CCR, CCR, CCR]The alphabetical order array list after sort
[17/12/19 09:39:45][INFO][com.perficient.test.cat.catinspectweb.util.LogWebDriverEventListener-63] Click the element found By.xpath: //th[@sort-by]
[17/12/19 09:40:06][INFO][com.perficient.test.cat.catinspectweb.util.FunctionUtil-1479] [Sami Sarraf, Ron Penick, Ron Penick, Ron Penick, Ron Penick, Ron Penick, Ron Penick, Ron Penick, Robert Whayne Spear, Robert G Bullock, Robert G Bullock, Robert G Bullock, Muthushankar Raghunathan, Matthew Feng, Matthew Feng, Matthew Feng, Matthew Feng, Leandro Medrano, John William Schalk, Joey Pickett, Jane Zhang, Jane Zhang, Jane Zhang, Jane Zhang, Jane Zhang, Jane Zhang, Jane Zhang, Indira Kondapaneni, Indira Kondapaneni, Indira Kondapaneni, Indira Kondapaneni, Indira Kondapaneni, Indira Kondapaneni, Herby He - Test, Herby He - Test, Herby He - Test, Herby He - Test, Douglas Siemer, Christal Zhang, Christal Zhang, Christal Zhang, , , , , , , , , , , , , , , , , , , , , , , , ]The original array list
[17/12/19 09:40:06][INFO][com.perficient.test.cat.catinspectweb.util.FunctionUtil-1495] [Sami Sarraf, Ron Penick, Ron Penick, Ron Penick, Ron Penick, Ron Penick, Ron Penick, Ron Penick, Robert Whayne Spear, Robert G Bullock, Robert G Bullock, Robert G Bullock, Muthushankar Raghunathan, Matthew Feng, Matthew Feng, Matthew Feng, Matthew Feng, Leandro Medrano, John William Schalk, Joey Pickett, Jane Zhang, Jane Zhang, Jane Zhang, Jane Zhang, Jane Zhang, Jane Zhang, Jane Zhang, Indira Kondapaneni, Indira Kondapaneni, Indira Kondapaneni, Indira Kondapaneni, Indira Kondapaneni, Indira Kondapaneni, Herby He - Test, Herby He - Test, Herby He - Test, Herby He - Test, Douglas Siemer, Christal Zhang, Christal Zhang, Christal Zhang, , , , , , , , , , , , , , , , , , , , , , , , ]The alphabetical order array list after sort
[17/12/19 09:40:06][INFO][com.perficient.test.cat.catinspectweb.util.LogWebDriverEventListener-63] Click the element found By.xpath: //th[@sort-by]
[17/12/19 09:40:25][ERROR][com.perficient.selenium.support.TimeoutListener-63] System have been waiting for 5 mins. Timeout! Try to kill the driver.
[17/12/19 09:40:28][ERROR][com.perficient.test.cat.catinspectweb.util.LogWebDriverEventListener-45] WebDriver error:
org.openqa.selenium.remote.UnreachableBrowserException: Error communicating with the remote browser. It may have died.
Build info: version: '2.48.2', revision: '41bccdd10cf2c0560f637404c2d96164b67d9d67', time: '2015-10-09 13:08:06'
System info: host: 'H2600-0463L', ip: '10.2.7.10', os.name: 'Windows 7', os.arch: 'amd64', os.version: '6.1', java.version: '1.8.0_151'
Driver info: driver.version: RemoteWebDriver
	at org.openqa.selenium.remote.RemoteWebDriver.execute(RemoteWebDriver.java:641)
	at org.openqa.selenium.remote.RemoteWebElement.execute(RemoteWebElement.java:326)
	at org.openqa.selenium.remote.RemoteWebElement.getText(RemoteWebElement.java:178)
	at sun.reflect.GeneratedMethodAccessor12.invoke(Unknown Source)
	at sun.reflect.DelegatingMethodAccessorImpl.invoke(Unknown Source)
	at java.lang.reflect.Method.invoke(Unknown Source)
	at org.openqa.selenium.support.events.EventFiringWebDriver$EventFiringWebElement$1.invoke(EventFiringWebDriver.java:334)
	at com.sun.proxy.$Proxy15.getText(Unknown Source)
	at org.openqa.selenium.support.events.EventFiringWebDriver$EventFiringWebElement.getText(EventFiringWebDriver.java:384)
	at com.perficient.test.cat.catinspectweb.basepages.ManageFormPage.verifyDateOrdercorrectly(ManageFormPage.java:236)
	at com.perficient.test.cat.catinspectweb.testcase.ManageForm.TC2625_FilterFormByFamily.verify_TC2625_FilterFormByFamily(TC2625_FilterFormByFamily.java:108)
	at sun.reflect.NativeMethodAccessorImpl.invoke0(Native Method)
	at sun.reflect.NativeMethodAccessorImpl.invoke(Unknown Source)
	at sun.reflect.DelegatingMethodAccessorImpl.invoke(Unknown Source)
	at java.lang.reflect.Method.invoke(Unknown Source)
	at org.testng.internal.MethodInvocationHelper.invokeMethod(MethodInvocationHelper.java:84)
	at org.testng.internal.Invoker.invokeMethod(Invoker.java:714)
	at org.testng.internal.Invoker.invokeTestMethod(Invoker.java:901)
	at org.testng.internal.Invoker.invokeTestMethods(Invoker.java:1231)
	at org.testng.internal.TestMethodWorker.invokeTestMethods(TestMethodWorker.java:127)
	at org.testng.internal.TestMethodWorker.run(TestMethodWorker.java:111)
	at org.testng.TestRunner.privateRun(TestRunner.java:767)
	at org.testng.TestRunner.run(TestRunner.java:617)
	at org.testng.SuiteRunner.runTest(SuiteRunner.java:348)
	at org.testng.SuiteRunner.runSequentially(SuiteRunner.java:343)
	at org.testng.SuiteRunner.privateRun(SuiteRunner.java:305)
	at org.testng.SuiteRunner.run(SuiteRunner.java:254)
	at org.testng.SuiteRunnerWorker.runSuite(SuiteRunnerWorker.java:52)
	at org.testng.SuiteRunnerWorker.run(SuiteRunnerWorker.java:86)
	at org.testng.TestNG.runSuitesSequentially(TestNG.java:1224)
	at org.testng.TestNG.runSuitesLocally(TestNG.java:1149)
	at org.testng.TestNG.run(TestNG.java:1057)
	at org.testng.remote.AbstractRemoteTestNG.run(AbstractRemoteTestNG.java:114)
	at org.testng.remote.RemoteTestNG.initAndRun(RemoteTestNG.java:251)
	at org.testng.remote.RemoteTestNG.main(RemoteTestNG.java:77)
Caused by: org.openqa.selenium.WebDriverException: org.apache.http.conn.HttpHostConnectException: Connect to localhost:22227 [localhost/127.0.0.1, localhost/0:0:0:0:0:0:0:1] failed: Connection refused: connect
Build info: version: '2.48.2', revision: '41bccdd10cf2c0560f637404c2d96164b67d9d67', time: '2015-10-09 13:08:06'
System info: host: 'H2600-0463L', ip: '10.2.7.10', os.name: 'Windows 7', os.arch: 'amd64', os.version: '6.1', java.version: '1.8.0_151'
Driver info: driver.version: RemoteWebDriver
	at org.openqa.selenium.remote.service.DriverCommandExecutor.execute(DriverCommandExecutor.java:91)
	at org.openqa.selenium.remote.RemoteWebDriver.execute(RemoteWebDriver.java:620)
	... 34 more
Caused by: org.apache.http.conn.HttpHostConnectException: Connect to localhost:22227 [localhost/127.0.0.1, localhost/0:0:0:0:0:0:0:1] failed: Connection refused: connect
	at org.apache.http.impl.conn.DefaultHttpClientConnectionOperator.connect(DefaultHttpClientConnectionOperator.java:151)
	at org.apache.http.impl.conn.PoolingHttpClientConnectionManager.connect(PoolingHttpClientConnectionManager.java:353)
	at org.apache.http.impl.execchain.MainClientExec.establishRoute(MainClientExec.java:380)
	at org.apache.http.impl.execchain.MainClientExec.execute(MainClientExec.java:236)
	at org.apache.http.impl.execchain.ProtocolExec.execute(ProtocolExec.java:184)
	at org.apache.http.impl.execchain.RetryExec.execute(RetryExec.java:88)
	at org.apache.http.impl.execchain.RedirectExec.execute(RedirectExec.java:110)
	at org.apache.http.impl.client.InternalHttpClient.doExecute(InternalHttpClient.java:184)
	at org.apache.http.impl.client.CloseableHttpClient.execute(CloseableHttpClient.java:71)
	at org.apache.http.impl.client.CloseableHttpClient.execute(CloseableHttpClient.java:55)
	at org.openqa.selenium.remote.internal.ApacheHttpClient.fallBackExecute(ApacheHttpClient.java:143)
	at org.openqa.selenium.remote.internal.ApacheHttpClient.execute(ApacheHttpClient.java:89)
	at org.openqa.selenium.remote.HttpCommandExecutor.execute(HttpCommandExecutor.java:142)
	at org.openqa.selenium.remote.service.DriverCommandExecutor.execute(DriverCommandExecutor.java:82)
	... 35 more
Caused by: java.net.ConnectException: Connection refused: connect
	at java.net.DualStackPlainSocketImpl.waitForConnect(Native Method)
	at java.net.DualStackPlainSocketImpl.socketConnect(Unknown Source)
	at java.net.AbstractPlainSocketImpl.doConnect(Unknown Source)
	at java.net.AbstractPlainSocketImpl.connectToAddress(Unknown Source)
	at java.net.AbstractPlainSocketImpl.connect(Unknown Source)
	at java.net.PlainSocketImpl.connect(Unknown Source)
	at java.net.SocksSocketImpl.connect(Unknown Source)
	at java.net.Socket.connect(Unknown Source)
	at org.apache.http.conn.socket.PlainConnectionSocketFactory.connectSocket(PlainConnectionSocketFactory.java:74)
	at org.apache.http.impl.conn.DefaultHttpClientConnectionOperator.connect(DefaultHttpClientConnectionOperator.java:134)
	... 48 more
