[18/01/25 09:36:02][INFO][com.perficient.test.cat.catinspectweb.util.TestCaseBase-65] 20180125093602
[18/01/25 09:36:02][INFO][com.perficient.test.cat.catinspectweb.util.TestCaseBase-67] Delete screen shots generated 2 days ago.
[18/01/25 09:36:25][INFO][com.perficient.test.cat.catinspectweb.util.LogWebDriverEventListener-20] WebDriver navigating to:'https://catinspectweb-dev.cat.com/'
[18/01/25 09:37:17][INFO][com.perficient.test.cat.catinspectweb.util.LogWebDriverEventListener-106] Clicked the element found By.xpath: //input[@id='submitButton']
[18/01/25 09:37:21][INFO][com.perficient.test.cat.catinspectweb.util.LogWebDriverEventListener-106] Clicked the element found By.xpath: //span[@class='manage_form']
[18/01/25 09:37:21][INFO][com.perficient.test.cat.catinspectweb.util.LogWebDriverEventListener-106] Clicked the element found By.xpath: //div[@class='col-xs-6 cat_right_border']//select[contains(@class,'cat_status_select')]
[18/01/25 09:37:21][INFO][com.perficient.test.cat.catinspectweb.util.LogWebDriverEventListener-106] Clicked the element found By.xpath: //div[@class='col-xs-6 cat_right_border']/select/option
[18/01/25 09:37:21][INFO][com.perficient.test.cat.catinspectweb.util.LogWebDriverEventListener-106] Clicked the element found By.xpath: //span[@class='glyphicon glyphicon-search']
[18/01/25 09:37:21][INFO][com.perficient.test.cat.catinspectweb.util.LogWebDriverEventListener-106] Clicked the element found By.xpath: //button[@class = 'form-control btn btn-default uploadBtn']
[18/01/25 09:37:24][INFO][com.perficient.test.cat.catinspectweb.util.LogWebDriverEventListener-106] Clicked the element found By.xpath: //button[@class = 'btn btn-danger']
[18/01/25 09:37:24][INFO][com.perficient.test.cat.catinspectweb.util.LogWebDriverEventListener-106] Clicked the element found By.xpath: //button[@class = 'form-control btn btn-default uploadBtn']
[18/01/25 09:37:26][INFO][com.perficient.test.cat.catinspectweb.util.LogWebDriverEventListener-106] Clicked the element found By.xpath: //button[@class = 'btn btn-success']
[18/01/25 09:37:26][INFO][com.perficient.test.cat.catinspectweb.util.LogWebDriverEventListener-106] Clicked the element found By.xpath: //button[@class = 'form-control btn btn-default uploadBtn']
[18/01/25 09:37:27][INFO][com.perficient.test.cat.catinspectweb.util.LogWebDriverEventListener-106] Clicked the element found By.xpath: //button[@class = 'btn btn-success']
[18/01/25 09:37:29][INFO][com.perficient.test.cat.catinspectweb.util.FunctionUtil-1487] [C Form, X form]The original array list
[18/01/25 09:37:29][INFO][com.perficient.test.cat.catinspectweb.util.FunctionUtil-1503] [C Form, X form]The alphabetical order array list after sort
[18/01/25 09:37:29][INFO][com.perficient.test.cat.catinspectweb.util.LogWebDriverEventListener-106] Clicked the element found By.xpath: //th[@sort-by]
[18/01/25 09:37:29][INFO][com.perficient.test.cat.catinspectweb.util.FunctionUtil-1487] [Daily, CCR]The original array list
[18/01/25 09:37:29][INFO][com.perficient.test.cat.catinspectweb.util.FunctionUtil-1503] [Daily, CCR]The alphabetical order array list after sort
[18/01/25 09:37:30][INFO][com.perficient.test.cat.catinspectweb.util.LogWebDriverEventListener-106] Clicked the element found By.xpath: //th[@sort-by]
[18/01/25 09:37:30][INFO][com.perficient.test.cat.catinspectweb.util.FunctionUtil-1487] [ENGINE - MACHINE, ARTICULATED DUMP TRUCK]The original array list
[18/01/25 09:37:30][INFO][com.perficient.test.cat.catinspectweb.util.FunctionUtil-1503] [ENGINE - MACHINE, ARTICULATED DUMP TRUCK]The alphabetical order array list after sort
[18/01/25 09:37:30][INFO][com.perficient.test.cat.catinspectweb.util.LogWebDriverEventListener-106] Clicked the element found By.xpath: //th[@sort-by]
[18/01/25 09:37:30][INFO][com.perficient.test.cat.catinspectweb.util.FunctionUtil-1487] [TEX, ASE]The original array list
[18/01/25 09:37:30][INFO][com.perficient.test.cat.catinspectweb.util.FunctionUtil-1503] [TEX, ASE]The alphabetical order array list after sort
[18/01/25 09:37:30][INFO][com.perficient.test.cat.catinspectweb.util.LogWebDriverEventListener-106] Clicked the element found By.xpath: //th[@sort-by]
[18/01/25 09:37:30][INFO][com.perficient.test.cat.catinspectweb.util.LogWebDriverEventListener-134] Click on the element find By.xpath: //i[@title = 'Download'] by javascript
[18/01/25 09:37:33][INFO][com.perficient.test.cat.catinspectweb.util.LogWebDriverEventListener-134] Click on the element find By.xpath: //i[@title = 'Delete'] by javascript
[18/01/25 09:37:35][INFO][com.perficient.test.cat.catinspectweb.util.LogWebDriverEventListener-106] Clicked the element found By.xpath: //button[@class = 'btn btn-danger']
[18/01/25 09:37:35][INFO][com.perficient.test.cat.catinspectweb.util.LogWebDriverEventListener-134] Click on the element find By.xpath: //i[@title = 'Delete'] by javascript
[18/01/25 09:37:36][INFO][com.perficient.test.cat.catinspectweb.util.LogWebDriverEventListener-106] Clicked the element found By.xpath: //button[@class = 'btn btn-success']
[18/01/25 09:39:55][INFO][com.perficient.test.cat.catinspectweb.util.TestCaseBase-65] 20180125093955
[18/01/25 09:39:55][INFO][com.perficient.test.cat.catinspectweb.util.TestCaseBase-67] Delete screen shots generated 2 days ago.
[18/01/25 09:40:01][INFO][com.perficient.test.cat.catinspectweb.util.LogWebDriverEventListener-20] WebDriver navigating to:'https://catinspectweb-dev.cat.com/'
[18/01/25 09:40:52][INFO][com.perficient.test.cat.catinspectweb.util.LogWebDriverEventListener-106] Clicked the element found By.xpath: //input[@id='submitButton']
[18/01/25 09:40:55][INFO][com.perficient.test.cat.catinspectweb.util.LogWebDriverEventListener-106] Clicked the element found By.xpath: //span[@class='create']
[18/01/25 09:40:57][INFO][com.perficient.test.cat.catinspectweb.util.LogWebDriverEventListener-106] Clicked the element found By.xpath: //Select[@id='formType']
[18/01/25 09:41:00][INFO][com.perficient.test.cat.catinspectweb.util.LogWebDriverEventListener-106] Clicked the element found By.tagName: option
[18/01/25 09:41:02][INFO][com.perficient.test.cat.catinspectweb.util.LogWebDriverEventListener-106] Clicked the element found By.xpath: //select[@id='formFamily']
[18/01/25 09:41:05][INFO][com.perficient.test.cat.catinspectweb.util.LogWebDriverEventListener-106] Clicked the element found By.tagName: option
[18/01/25 09:41:05][INFO][com.perficient.test.cat.catinspectweb.util.LogWebDriverEventListener-106] Clicked the element found By.xpath: //a[@title='Next']
[18/01/25 09:41:06][INFO][com.perficient.test.cat.catinspectweb.util.LogWebDriverEventListener-106] Clicked the element found By.xpath: //span[@class = 'input-group-btn']
[18/01/25 09:41:06][INFO][com.perficient.test.cat.catinspectweb.util.LogWebDriverEventListener-106] Clicked the element found By.xpath: //a[@title='Next']
[18/01/25 09:41:06][INFO][com.perficient.test.cat.catinspectweb.util.LogWebDriverEventListener-106] Clicked the element found By.xpath: //div[@class = 'cat_add_block']
[18/01/25 09:41:06][INFO][com.perficient.test.cat.catinspectweb.util.LogWebDriverEventListener-134] Click on the element find By.xpath: //span[@class = 'glyphicon glyphicon-chevron-right'] by javascript
[18/01/25 09:41:07][INFO][com.perficient.test.cat.catinspectweb.util.LogWebDriverEventListener-106] Clicked the element found By.xpath: //input[@value = 'text_and_image']
[18/01/25 09:41:08][ERROR][com.perficient.test.cat.catinspectweb.util.LogWebDriverEventListener-77] WebDriver error:
org.openqa.selenium.ElementNotVisibleException: element not visible
  (Session info: chrome=62.0.3202.89)
  (Driver info: chromedriver=2.33.506120 (e3e53437346286c0bc2d2dc9aa4915ba81d9023f),platform=Windows NT 6.1.7601 SP1 x86_64) (WARNING: The server did not provide any stacktrace information)
Command duration or timeout: 0 milliseconds
Build info: version: '3.7.1', revision: '8a0099a', time: '2017-11-06T21:01:39.354Z'
System info: host: 'H2600-0463L', ip: '10.2.7.38', os.name: 'Windows 7', os.arch: 'amd64', os.version: '6.1', java.version: '1.8.0_151'
Driver info: org.openqa.selenium.chrome.ChromeDriver
Capabilities {acceptSslCerts: true, applicationCacheEnabled: false, browserConnectionEnabled: false, browserName: chrome, chrome: {chromedriverVersion: 2.33.506120 (e3e53437346286..., userDataDir: C:\Users\herby.he\AppData\L...}, cssSelectorsEnabled: true, databaseEnabled: false, handlesAlerts: true, hasTouchScreen: false, javascriptEnabled: true, locationContextEnabled: true, mobileEmulationEnabled: false, nativeEvents: true, networkConnectionEnabled: false, pageLoadStrategy: normal, platform: XP, platformName: XP, rotatable: false, setWindowRect: true, takesHeapSnapshot: true, takesScreenshot: true, unexpectedAlertBehaviour: , unhandledPromptBehavior: , version: 62.0.3202.89, webStorageEnabled: true}
Session ID: bdc2624cd1ab6a5b260216d1550ce75f
	at sun.reflect.NativeConstructorAccessorImpl.newInstance0(Native Method)
	at sun.reflect.NativeConstructorAccessorImpl.newInstance(Unknown Source)
	at sun.reflect.DelegatingConstructorAccessorImpl.newInstance(Unknown Source)
	at java.lang.reflect.Constructor.newInstance(Unknown Source)
	at org.openqa.selenium.remote.ErrorHandler.createThrowable(ErrorHandler.java:214)
	at org.openqa.selenium.remote.ErrorHandler.throwIfResponseFailed(ErrorHandler.java:166)
	at org.openqa.selenium.remote.http.JsonHttpResponseCodec.reconstructValue(JsonHttpResponseCodec.java:40)
	at org.openqa.selenium.remote.http.AbstractHttpResponseCodec.decode(AbstractHttpResponseCodec.java:80)
	at org.openqa.selenium.remote.http.AbstractHttpResponseCodec.decode(AbstractHttpResponseCodec.java:44)
	at org.openqa.selenium.remote.HttpCommandExecutor.execute(HttpCommandExecutor.java:164)
	at org.openqa.selenium.remote.service.DriverCommandExecutor.execute(DriverCommandExecutor.java:83)
	at org.openqa.selenium.remote.RemoteWebDriver.execute(RemoteWebDriver.java:600)
	at org.openqa.selenium.remote.RemoteWebElement.execute(RemoteWebElement.java:279)
	at org.openqa.selenium.remote.RemoteWebElement.click(RemoteWebElement.java:83)
	at sun.reflect.GeneratedMethodAccessor7.invoke(Unknown Source)
	at sun.reflect.DelegatingMethodAccessorImpl.invoke(Unknown Source)
	at java.lang.reflect.Method.invoke(Unknown Source)
	at org.openqa.selenium.support.events.EventFiringWebDriver$EventFiringWebElement$1.invoke(EventFiringWebDriver.java:376)
	at com.sun.proxy.$Proxy17.click(Unknown Source)
	at org.openqa.selenium.support.events.EventFiringWebDriver$EventFiringWebElement.click(EventFiringWebDriver.java:389)
	at sun.reflect.GeneratedMethodAccessor7.invoke(Unknown Source)
	at sun.reflect.DelegatingMethodAccessorImpl.invoke(Unknown Source)
	at java.lang.reflect.Method.invoke(Unknown Source)
	at org.openqa.selenium.support.pagefactory.internal.LocatingElementHandler.invoke(LocatingElementHandler.java:51)
	at com.sun.proxy.$Proxy15.click(Unknown Source)
	at com.perficient.test.cat.catinspectweb.util.FunctionUtil.click(FunctionUtil.java:314)
	at com.perficient.test.cat.catinspectweb.util.CustomizedFunctionUtil.click(CustomizedFunctionUtil.java:20)
	at com.perficient.test.cat.catinspectweb.testcase.createform.TC2623_ViewHelpFileAfterAdded.Verify_TC2623_ViewHelpFileAfterAdded(TC2623_ViewHelpFileAfterAdded.java:72)
	at sun.reflect.NativeMethodAccessorImpl.invoke0(Native Method)
	at sun.reflect.NativeMethodAccessorImpl.invoke(Unknown Source)
	at sun.reflect.DelegatingMethodAccessorImpl.invoke(Unknown Source)
	at java.lang.reflect.Method.invoke(Unknown Source)
	at org.testng.internal.MethodInvocationHelper.invokeMethod(MethodInvocationHelper.java:84)
	at org.testng.internal.Invoker.invokeMethod(Invoker.java:714)
	at org.testng.internal.Invoker.invokeTestMethod(Invoker.java:901)
	at org.testng.internal.Invoker.invokeTestMethods(Invoker.java:1231)
	at org.testng.internal.TestMethodWorker.invokeTestMethods(TestMethodWorker.java:127)
	at org.testng.internal.TestMethodWorker.run(TestMethodWorker.java:111)
	at org.testng.TestRunner.privateRun(TestRunner.java:767)
	at org.testng.TestRunner.run(TestRunner.java:617)
	at org.testng.SuiteRunner.runTest(SuiteRunner.java:348)
	at org.testng.SuiteRunner.runSequentially(SuiteRunner.java:343)
	at org.testng.SuiteRunner.privateRun(SuiteRunner.java:305)
	at org.testng.SuiteRunner.run(SuiteRunner.java:254)
	at org.testng.SuiteRunnerWorker.runSuite(SuiteRunnerWorker.java:52)
	at org.testng.SuiteRunnerWorker.run(SuiteRunnerWorker.java:86)
	at org.testng.TestNG.runSuitesSequentially(TestNG.java:1224)
	at org.testng.TestNG.runSuitesLocally(TestNG.java:1149)
	at org.testng.TestNG.run(TestNG.java:1057)
	at org.testng.remote.AbstractRemoteTestNG.run(AbstractRemoteTestNG.java:114)
	at org.testng.remote.RemoteTestNG.initAndRun(RemoteTestNG.java:251)
	at org.testng.remote.RemoteTestNG.main(RemoteTestNG.java:77)
[18/01/25 09:41:08][INFO][com.perficient.test.cat.catinspectweb.util.CustomAssertion-428] .\errorImages\20180125094108.png
[18/01/25 09:41:08][INFO][com.perficient.test.cat.catinspectweb.util.CustomAssertion-451] StackTrace 0 is: java.lang.Thread.getStackTrace(Unknown Source)
[18/01/25 09:41:08][INFO][com.perficient.test.cat.catinspectweb.util.CustomAssertion-452] LineNumber for 0 stack trace is: -1
[18/01/25 09:41:08][INFO][com.perficient.test.cat.catinspectweb.util.CustomAssertion-451] StackTrace 1 is: com.perficient.test.cat.catinspectweb.util.CustomAssertion.logStackTraceInfo(CustomAssertion.java:451)
[18/01/25 09:41:08][INFO][com.perficient.test.cat.catinspectweb.util.CustomAssertion-452] LineNumber for 1 stack trace is: 452
[18/01/25 09:41:08][INFO][com.perficient.test.cat.catinspectweb.util.CustomAssertion-451] StackTrace 2 is: com.perficient.test.cat.catinspectweb.util.CustomAssertion.printError(CustomAssertion.java:429)
[18/01/25 09:41:08][INFO][com.perficient.test.cat.catinspectweb.util.CustomAssertion-452] LineNumber for 2 stack trace is: 429
[18/01/25 09:41:08][INFO][com.perficient.test.cat.catinspectweb.util.CustomAssertion-451] StackTrace 3 is: com.perficient.test.cat.catinspectweb.util.TestCaseBase.afterMethod(TestCaseBase.java:210)
[18/01/25 09:41:08][INFO][com.perficient.test.cat.catinspectweb.util.CustomAssertion-452] LineNumber for 3 stack trace is: 210
[18/01/25 09:41:08][INFO][com.perficient.test.cat.catinspectweb.util.CustomAssertion-451] StackTrace 4 is: sun.reflect.NativeMethodAccessorImpl.invoke0(Native Method)
[18/01/25 09:41:08][INFO][com.perficient.test.cat.catinspectweb.util.CustomAssertion-452] LineNumber for 4 stack trace is: -2
[18/01/25 09:41:08][INFO][com.perficient.test.cat.catinspectweb.util.CustomAssertion-451] StackTrace 5 is: sun.reflect.NativeMethodAccessorImpl.invoke(Unknown Source)
[18/01/25 09:41:08][INFO][com.perficient.test.cat.catinspectweb.util.CustomAssertion-452] LineNumber for 5 stack trace is: -1
[18/01/25 09:41:08][INFO][com.perficient.test.cat.catinspectweb.util.CustomAssertion-451] StackTrace 6 is: sun.reflect.DelegatingMethodAccessorImpl.invoke(Unknown Source)
[18/01/25 09:41:08][INFO][com.perficient.test.cat.catinspectweb.util.CustomAssertion-452] LineNumber for 6 stack trace is: -1
[18/01/25 09:41:08][INFO][com.perficient.test.cat.catinspectweb.util.CustomAssertion-455] StackTrace for Assert is: com.perficient.test.cat.catinspectweb.util.TestCaseBase.afterMethod(TestCaseBase.java:210)
[18/01/25 09:41:08][INFO][com.perficient.test.cat.catinspectweb.util.CustomAssertion-456] Assert LineNumber is: 210
[18/01/25 09:43:27][INFO][com.perficient.test.cat.catinspectweb.util.TestCaseBase-65] 20180125094327
[18/01/25 09:43:27][INFO][com.perficient.test.cat.catinspectweb.util.TestCaseBase-67] Delete screen shots generated 2 days ago.
[18/01/25 09:43:33][INFO][com.perficient.test.cat.catinspectweb.util.LogWebDriverEventListener-20] WebDriver navigating to:'https://catinspectweb-dev.cat.com/'
[18/01/25 09:44:34][INFO][com.perficient.test.cat.catinspectweb.util.LogWebDriverEventListener-106] Clicked the element found By.xpath: //input[@id='submitButton']
[18/01/25 09:44:36][INFO][com.perficient.test.cat.catinspectweb.util.LogWebDriverEventListener-106] Clicked the element found By.xpath: //span[@class='create']
[18/01/25 09:44:39][INFO][com.perficient.test.cat.catinspectweb.util.LogWebDriverEventListener-106] Clicked the element found By.xpath: //Select[@id='formType']
[18/01/25 09:44:41][INFO][com.perficient.test.cat.catinspectweb.util.LogWebDriverEventListener-106] Clicked the element found By.tagName: option
[18/01/25 09:44:43][INFO][com.perficient.test.cat.catinspectweb.util.LogWebDriverEventListener-106] Clicked the element found By.xpath: //select[@id='formFamily']
[18/01/25 09:44:46][INFO][com.perficient.test.cat.catinspectweb.util.LogWebDriverEventListener-106] Clicked the element found By.tagName: option
[18/01/25 09:44:46][INFO][com.perficient.test.cat.catinspectweb.util.LogWebDriverEventListener-106] Clicked the element found By.xpath: //a[@title='Next']
[18/01/25 09:44:47][INFO][com.perficient.test.cat.catinspectweb.util.LogWebDriverEventListener-106] Clicked the element found By.xpath: //span[@class = 'input-group-btn']
[18/01/25 09:44:47][INFO][com.perficient.test.cat.catinspectweb.util.LogWebDriverEventListener-106] Clicked the element found By.xpath: //a[@title='Next']
[18/01/25 09:44:47][INFO][com.perficient.test.cat.catinspectweb.util.LogWebDriverEventListener-106] Clicked the element found By.xpath: //div[@class = 'cat_add_block']
[18/01/25 09:44:47][INFO][com.perficient.test.cat.catinspectweb.util.LogWebDriverEventListener-134] Click on the element find By.xpath: //span[@class = 'glyphicon glyphicon-chevron-right'] by javascript
[18/01/25 09:44:49][INFO][com.perficient.test.cat.catinspectweb.util.LogWebDriverEventListener-106] Clicked the element found By.xpath: //input[@value = 'text_and_image']
[18/01/25 09:44:49][ERROR][com.perficient.test.cat.catinspectweb.util.LogWebDriverEventListener-77] WebDriver error:
org.openqa.selenium.ElementNotVisibleException: element not visible
  (Session info: chrome=62.0.3202.89)
  (Driver info: chromedriver=2.33.506120 (e3e53437346286c0bc2d2dc9aa4915ba81d9023f),platform=Windows NT 6.1.7601 SP1 x86_64) (WARNING: The server did not provide any stacktrace information)
Command duration or timeout: 0 milliseconds
Build info: version: '3.7.1', revision: '8a0099a', time: '2017-11-06T21:01:39.354Z'
System info: host: 'H2600-0463L', ip: '10.2.7.38', os.name: 'Windows 7', os.arch: 'amd64', os.version: '6.1', java.version: '1.8.0_151'
Driver info: org.openqa.selenium.chrome.ChromeDriver
Capabilities {acceptSslCerts: true, applicationCacheEnabled: false, browserConnectionEnabled: false, browserName: chrome, chrome: {chromedriverVersion: 2.33.506120 (e3e53437346286..., userDataDir: C:\Users\herby.he\AppData\L...}, cssSelectorsEnabled: true, databaseEnabled: false, handlesAlerts: true, hasTouchScreen: false, javascriptEnabled: true, locationContextEnabled: true, mobileEmulationEnabled: false, nativeEvents: true, networkConnectionEnabled: false, pageLoadStrategy: normal, platform: XP, platformName: XP, rotatable: false, setWindowRect: true, takesHeapSnapshot: true, takesScreenshot: true, unexpectedAlertBehaviour: , unhandledPromptBehavior: , version: 62.0.3202.89, webStorageEnabled: true}
Session ID: aa8a3b26d56092cd071d271b49c20638
	at sun.reflect.NativeConstructorAccessorImpl.newInstance0(Native Method)
	at sun.reflect.NativeConstructorAccessorImpl.newInstance(Unknown Source)
	at sun.reflect.DelegatingConstructorAccessorImpl.newInstance(Unknown Source)
	at java.lang.reflect.Constructor.newInstance(Unknown Source)
	at org.openqa.selenium.remote.ErrorHandler.createThrowable(ErrorHandler.java:214)
	at org.openqa.selenium.remote.ErrorHandler.throwIfResponseFailed(ErrorHandler.java:166)
	at org.openqa.selenium.remote.http.JsonHttpResponseCodec.reconstructValue(JsonHttpResponseCodec.java:40)
	at org.openqa.selenium.remote.http.AbstractHttpResponseCodec.decode(AbstractHttpResponseCodec.java:80)
	at org.openqa.selenium.remote.http.AbstractHttpResponseCodec.decode(AbstractHttpResponseCodec.java:44)
	at org.openqa.selenium.remote.HttpCommandExecutor.execute(HttpCommandExecutor.java:164)
	at org.openqa.selenium.remote.service.DriverCommandExecutor.execute(DriverCommandExecutor.java:83)
	at org.openqa.selenium.remote.RemoteWebDriver.execute(RemoteWebDriver.java:600)
	at org.openqa.selenium.remote.RemoteWebElement.execute(RemoteWebElement.java:279)
	at org.openqa.selenium.remote.RemoteWebElement.click(RemoteWebElement.java:83)
	at sun.reflect.GeneratedMethodAccessor7.invoke(Unknown Source)
	at sun.reflect.DelegatingMethodAccessorImpl.invoke(Unknown Source)
	at java.lang.reflect.Method.invoke(Unknown Source)
	at org.openqa.selenium.support.events.EventFiringWebDriver$EventFiringWebElement$1.invoke(EventFiringWebDriver.java:376)
	at com.sun.proxy.$Proxy17.click(Unknown Source)
	at org.openqa.selenium.support.events.EventFiringWebDriver$EventFiringWebElement.click(EventFiringWebDriver.java:389)
	at sun.reflect.GeneratedMethodAccessor7.invoke(Unknown Source)
	at sun.reflect.DelegatingMethodAccessorImpl.invoke(Unknown Source)
	at java.lang.reflect.Method.invoke(Unknown Source)
	at org.openqa.selenium.support.pagefactory.internal.LocatingElementHandler.invoke(LocatingElementHandler.java:51)
	at com.sun.proxy.$Proxy15.click(Unknown Source)
	at com.perficient.test.cat.catinspectweb.util.FunctionUtil.click(FunctionUtil.java:314)
	at com.perficient.test.cat.catinspectweb.util.CustomizedFunctionUtil.click(CustomizedFunctionUtil.java:20)
	at com.perficient.test.cat.catinspectweb.testcase.createform.TC2623_ViewHelpFileAfterAdded.Verify_TC2623_ViewHelpFileAfterAdded(TC2623_ViewHelpFileAfterAdded.java:73)
	at sun.reflect.NativeMethodAccessorImpl.invoke0(Native Method)
	at sun.reflect.NativeMethodAccessorImpl.invoke(Unknown Source)
	at sun.reflect.DelegatingMethodAccessorImpl.invoke(Unknown Source)
	at java.lang.reflect.Method.invoke(Unknown Source)
	at org.testng.internal.MethodInvocationHelper.invokeMethod(MethodInvocationHelper.java:84)
	at org.testng.internal.Invoker.invokeMethod(Invoker.java:714)
	at org.testng.internal.Invoker.invokeTestMethod(Invoker.java:901)
	at org.testng.internal.Invoker.invokeTestMethods(Invoker.java:1231)
	at org.testng.internal.TestMethodWorker.invokeTestMethods(TestMethodWorker.java:127)
	at org.testng.internal.TestMethodWorker.run(TestMethodWorker.java:111)
	at org.testng.TestRunner.privateRun(TestRunner.java:767)
	at org.testng.TestRunner.run(TestRunner.java:617)
	at org.testng.SuiteRunner.runTest(SuiteRunner.java:348)
	at org.testng.SuiteRunner.runSequentially(SuiteRunner.java:343)
	at org.testng.SuiteRunner.privateRun(SuiteRunner.java:305)
	at org.testng.SuiteRunner.run(SuiteRunner.java:254)
	at org.testng.SuiteRunnerWorker.runSuite(SuiteRunnerWorker.java:52)
	at org.testng.SuiteRunnerWorker.run(SuiteRunnerWorker.java:86)
	at org.testng.TestNG.runSuitesSequentially(TestNG.java:1224)
	at org.testng.TestNG.runSuitesLocally(TestNG.java:1149)
	at org.testng.TestNG.run(TestNG.java:1057)
	at org.testng.remote.AbstractRemoteTestNG.run(AbstractRemoteTestNG.java:114)
	at org.testng.remote.RemoteTestNG.initAndRun(RemoteTestNG.java:251)
	at org.testng.remote.RemoteTestNG.main(RemoteTestNG.java:77)
[18/01/25 09:44:49][INFO][com.perficient.test.cat.catinspectweb.util.CustomAssertion-428] .\errorImages\20180125094449.png
[18/01/25 09:44:49][INFO][com.perficient.test.cat.catinspectweb.util.CustomAssertion-451] StackTrace 0 is: java.lang.Thread.getStackTrace(Unknown Source)
[18/01/25 09:44:49][INFO][com.perficient.test.cat.catinspectweb.util.CustomAssertion-452] LineNumber for 0 stack trace is: -1
[18/01/25 09:44:49][INFO][com.perficient.test.cat.catinspectweb.util.CustomAssertion-451] StackTrace 1 is: com.perficient.test.cat.catinspectweb.util.CustomAssertion.logStackTraceInfo(CustomAssertion.java:451)
[18/01/25 09:44:49][INFO][com.perficient.test.cat.catinspectweb.util.CustomAssertion-452] LineNumber for 1 stack trace is: 452
[18/01/25 09:44:49][INFO][com.perficient.test.cat.catinspectweb.util.CustomAssertion-451] StackTrace 2 is: com.perficient.test.cat.catinspectweb.util.CustomAssertion.printError(CustomAssertion.java:429)
[18/01/25 09:44:49][INFO][com.perficient.test.cat.catinspectweb.util.CustomAssertion-452] LineNumber for 2 stack trace is: 429
[18/01/25 09:44:49][INFO][com.perficient.test.cat.catinspectweb.util.CustomAssertion-451] StackTrace 3 is: com.perficient.test.cat.catinspectweb.util.TestCaseBase.afterMethod(TestCaseBase.java:210)
[18/01/25 09:44:49][INFO][com.perficient.test.cat.catinspectweb.util.CustomAssertion-452] LineNumber for 3 stack trace is: 210
[18/01/25 09:44:49][INFO][com.perficient.test.cat.catinspectweb.util.CustomAssertion-451] StackTrace 4 is: sun.reflect.NativeMethodAccessorImpl.invoke0(Native Method)
[18/01/25 09:44:49][INFO][com.perficient.test.cat.catinspectweb.util.CustomAssertion-452] LineNumber for 4 stack trace is: -2
[18/01/25 09:44:49][INFO][com.perficient.test.cat.catinspectweb.util.CustomAssertion-451] StackTrace 5 is: sun.reflect.NativeMethodAccessorImpl.invoke(Unknown Source)
[18/01/25 09:44:49][INFO][com.perficient.test.cat.catinspectweb.util.CustomAssertion-452] LineNumber for 5 stack trace is: -1
[18/01/25 09:44:49][INFO][com.perficient.test.cat.catinspectweb.util.CustomAssertion-451] StackTrace 6 is: sun.reflect.DelegatingMethodAccessorImpl.invoke(Unknown Source)
[18/01/25 09:44:49][INFO][com.perficient.test.cat.catinspectweb.util.CustomAssertion-452] LineNumber for 6 stack trace is: -1
[18/01/25 09:44:49][INFO][com.perficient.test.cat.catinspectweb.util.CustomAssertion-455] StackTrace for Assert is: com.perficient.test.cat.catinspectweb.util.TestCaseBase.afterMethod(TestCaseBase.java:210)
[18/01/25 09:44:49][INFO][com.perficient.test.cat.catinspectweb.util.CustomAssertion-456] Assert LineNumber is: 210
[18/01/25 09:45:32][INFO][com.perficient.test.cat.catinspectweb.util.TestCaseBase-65] 20180125094532
[18/01/25 09:45:32][INFO][com.perficient.test.cat.catinspectweb.util.TestCaseBase-67] Delete screen shots generated 2 days ago.
[18/01/25 09:45:38][INFO][com.perficient.test.cat.catinspectweb.util.LogWebDriverEventListener-20] WebDriver navigating to:'https://catinspectweb-dev.cat.com/'
[18/01/25 09:46:30][INFO][com.perficient.test.cat.catinspectweb.util.LogWebDriverEventListener-106] Clicked the element found By.xpath: //input[@id='submitButton']
[18/01/25 09:46:33][INFO][com.perficient.test.cat.catinspectweb.util.LogWebDriverEventListener-106] Clicked the element found By.xpath: //span[@class='create']
[18/01/25 09:46:36][INFO][com.perficient.test.cat.catinspectweb.util.LogWebDriverEventListener-106] Clicked the element found By.xpath: //Select[@id='formType']
[18/01/25 09:46:38][INFO][com.perficient.test.cat.catinspectweb.util.LogWebDriverEventListener-106] Clicked the element found By.tagName: option
[18/01/25 09:46:40][INFO][com.perficient.test.cat.catinspectweb.util.LogWebDriverEventListener-106] Clicked the element found By.xpath: //select[@id='formFamily']
[18/01/25 09:46:43][INFO][com.perficient.test.cat.catinspectweb.util.LogWebDriverEventListener-106] Clicked the element found By.tagName: option
[18/01/25 09:46:43][INFO][com.perficient.test.cat.catinspectweb.util.LogWebDriverEventListener-106] Clicked the element found By.xpath: //a[@title='Next']
[18/01/25 09:46:44][INFO][com.perficient.test.cat.catinspectweb.util.LogWebDriverEventListener-106] Clicked the element found By.xpath: //span[@class = 'input-group-btn']
[18/01/25 09:46:44][INFO][com.perficient.test.cat.catinspectweb.util.LogWebDriverEventListener-106] Clicked the element found By.xpath: //a[@title='Next']
[18/01/25 09:46:44][INFO][com.perficient.test.cat.catinspectweb.util.LogWebDriverEventListener-106] Clicked the element found By.xpath: //div[@class = 'cat_add_block']
[18/01/25 09:46:44][INFO][com.perficient.test.cat.catinspectweb.util.LogWebDriverEventListener-134] Click on the element find By.xpath: //span[@class = 'glyphicon glyphicon-chevron-right'] by javascript
[18/01/25 09:46:45][INFO][com.perficient.test.cat.catinspectweb.util.LogWebDriverEventListener-106] Clicked the element found By.xpath: //input[@value = 'text_and_image']
[18/01/25 09:46:46][INFO][com.perficient.test.cat.catinspectweb.util.LogWebDriverEventListener-134] Click on the element find By.xpath: //input[@name = 'helpPic'] by javascript
[18/01/25 09:46:51][INFO][com.perficient.test.cat.catinspectweb.util.LogWebDriverEventListener-75] Element is still not found By.xpath: //input[@name = 'helpPic']
[18/01/25 09:46:57][INFO][com.perficient.test.cat.catinspectweb.util.LogWebDriverEventListener-75] Element is still not found By.xpath: //input[@name = 'helpPic']
[18/01/25 09:47:03][INFO][com.perficient.test.cat.catinspectweb.util.LogWebDriverEventListener-75] Element is still not found By.xpath: //input[@name = 'helpPic']
[18/01/25 09:47:09][INFO][com.perficient.test.cat.catinspectweb.util.LogWebDriverEventListener-75] Element is still not found By.xpath: //input[@name = 'helpPic']
[18/01/25 09:47:15][INFO][com.perficient.test.cat.catinspectweb.util.LogWebDriverEventListener-75] Element is still not found By.xpath: //input[@name = 'helpPic']
[18/01/25 09:47:21][INFO][com.perficient.test.cat.catinspectweb.util.LogWebDriverEventListener-75] Element is still not found By.xpath: //input[@name = 'helpPic']
[18/01/25 09:47:27][INFO][com.perficient.test.cat.catinspectweb.util.LogWebDriverEventListener-75] Element is still not found By.xpath: //input[@name = 'helpPic']
[18/01/25 09:47:42][ERROR][com.perficient.test.cat.catinspectweb.util.TestCaseBase-200] Driver have quited by other thread or by hand.
[18/01/25 10:06:18][INFO][com.perficient.test.cat.catinspectweb.util.TestCaseBase-65] 20180125100618
[18/01/25 10:06:18][INFO][com.perficient.test.cat.catinspectweb.util.TestCaseBase-67] Delete screen shots generated 2 days ago.
[18/01/25 10:06:23][INFO][com.perficient.test.cat.catinspectweb.util.LogWebDriverEventListener-20] WebDriver navigating to:'https://catinspectweb-dev.cat.com/'
[18/01/25 10:07:26][INFO][com.perficient.test.cat.catinspectweb.util.LogWebDriverEventListener-106] Clicked the element found By.xpath: //input[@id='submitButton']
[18/01/25 10:07:28][INFO][com.perficient.test.cat.catinspectweb.util.LogWebDriverEventListener-106] Clicked the element found By.xpath: //span[@class='create']
[18/01/25 10:07:31][INFO][com.perficient.test.cat.catinspectweb.util.LogWebDriverEventListener-106] Clicked the element found By.xpath: //Select[@id='formType']
[18/01/25 10:07:33][INFO][com.perficient.test.cat.catinspectweb.util.LogWebDriverEventListener-106] Clicked the element found By.tagName: option
[18/01/25 10:07:35][INFO][com.perficient.test.cat.catinspectweb.util.LogWebDriverEventListener-106] Clicked the element found By.xpath: //select[@id='formFamily']
[18/01/25 10:07:38][INFO][com.perficient.test.cat.catinspectweb.util.LogWebDriverEventListener-106] Clicked the element found By.tagName: option
[18/01/25 10:07:38][INFO][com.perficient.test.cat.catinspectweb.util.LogWebDriverEventListener-106] Clicked the element found By.xpath: //a[@title='Next']
[18/01/25 10:07:39][INFO][com.perficient.test.cat.catinspectweb.util.LogWebDriverEventListener-106] Clicked the element found By.xpath: //span[@class = 'input-group-btn']
[18/01/25 10:07:39][INFO][com.perficient.test.cat.catinspectweb.util.LogWebDriverEventListener-106] Clicked the element found By.xpath: //a[@title='Next']
[18/01/25 10:07:39][INFO][com.perficient.test.cat.catinspectweb.util.LogWebDriverEventListener-106] Clicked the element found By.xpath: //div[@class = 'cat_add_block']
[18/01/25 10:07:39][INFO][com.perficient.test.cat.catinspectweb.util.LogWebDriverEventListener-134] Click on the element find By.xpath: //span[@class = 'glyphicon glyphicon-chevron-right'] by javascript
[18/01/25 10:07:41][INFO][com.perficient.test.cat.catinspectweb.util.LogWebDriverEventListener-106] Clicked the element found By.xpath: //input[@value = 'text_and_image']
[18/01/25 10:07:41][INFO][com.perficient.test.cat.catinspectweb.util.LogWebDriverEventListener-106] Clicked the element found By.xpath: //a[@class ='cat_button']
[18/01/25 10:07:42][INFO][com.perficient.test.cat.catinspectweb.util.LogWebDriverEventListener-106] Clicked the element found By.xpath: //button[@class = 'btn btn-success']
[18/01/25 10:07:51][INFO][com.perficient.test.cat.catinspectweb.util.LogWebDriverEventListener-75] Element is still not found By.xpath: //div[@class = 'text-center']
[18/01/25 10:07:52][INFO][com.perficient.test.cat.catinspectweb.util.LogWebDriverEventListener-134] Click on the element find By.xpath: //span[contains(@class, 'glyphicon-download-alt')] by javascript
[18/01/25 10:07:55][INFO][com.perficient.test.cat.catinspectweb.util.LogWebDriverEventListener-106] Clicked the element found By.xpath: //input[@value = 'doc']
[18/01/25 10:07:59][INFO][com.perficient.test.cat.catinspectweb.util.LogWebDriverEventListener-106] Clicked the element found By.xpath: //button[@class = 'btn btn-success']
[18/01/25 10:08:05][INFO][com.perficient.test.cat.catinspectweb.util.LogWebDriverEventListener-75] Element is still not found By.xpath: //button[@class = 'btn btn-success']
[18/01/25 10:08:05][INFO][com.perficient.test.cat.catinspectweb.util.LogWebDriverEventListener-106] Clicked the element found By.xpath: //a[@class ='cat_button']
[18/01/25 10:08:06][INFO][com.perficient.test.cat.catinspectweb.util.LogWebDriverEventListener-106] Clicked the element found By.xpath: //button[@class = 'btn btn-success']
[18/01/25 10:08:13][INFO][com.perficient.test.cat.catinspectweb.util.LogWebDriverEventListener-75] Element is still not found By.xpath: //button[@class = 'btn btn-success']
[18/01/25 10:08:13][INFO][com.perficient.test.cat.catinspectweb.util.LogWebDriverEventListener-106] Clicked the element found By.xpath: //span[contains(@class, 'glyphicon-download-alt')]
[18/01/25 10:12:44][INFO][com.perficient.test.cat.catinspectweb.util.TestCaseBase-65] 20180125101244
[18/01/25 10:12:44][INFO][com.perficient.test.cat.catinspectweb.util.TestCaseBase-67] Delete screen shots generated 2 days ago.
[18/01/25 10:12:50][INFO][com.perficient.test.cat.catinspectweb.util.LogWebDriverEventListener-20] WebDriver navigating to:'https://catinspectweb-dev.cat.com/'
[18/01/25 10:13:42][INFO][com.perficient.test.cat.catinspectweb.util.LogWebDriverEventListener-106] Clicked the element found By.xpath: //input[@id='submitButton']
[18/01/25 10:13:45][INFO][com.perficient.test.cat.catinspectweb.util.LogWebDriverEventListener-106] Clicked the element found By.xpath: //span[@class='create']
[18/01/25 10:13:48][INFO][com.perficient.test.cat.catinspectweb.util.LogWebDriverEventListener-106] Clicked the element found By.xpath: //Select[@id='formType']
[18/01/25 10:13:50][INFO][com.perficient.test.cat.catinspectweb.util.LogWebDriverEventListener-106] Clicked the element found By.tagName: option
[18/01/25 10:13:52][INFO][com.perficient.test.cat.catinspectweb.util.LogWebDriverEventListener-106] Clicked the element found By.xpath: //select[@id='formFamily']
[18/01/25 10:13:55][INFO][com.perficient.test.cat.catinspectweb.util.LogWebDriverEventListener-106] Clicked the element found By.tagName: option
[18/01/25 10:13:55][INFO][com.perficient.test.cat.catinspectweb.util.LogWebDriverEventListener-106] Clicked the element found By.xpath: //button[@class = 'btn btn-sm btn-warning pull-right']
[18/01/25 10:13:59][INFO][com.perficient.test.cat.catinspectweb.util.LogWebDriverEventListener-134] Click on the element find By.xpath: //input[@id = 'cloneForm'] by javascript
[18/01/25 10:14:00][INFO][com.perficient.test.cat.catinspectweb.util.LogWebDriverEventListener-106] Clicked the element found By.xpath: //a[@title='Next']
[18/01/25 10:14:00][INFO][com.perficient.test.cat.catinspectweb.util.LogWebDriverEventListener-106] Clicked the element found By.xpath: //button[@class = 'btn btn-success']
[18/01/25 10:14:02][INFO][com.perficient.test.cat.catinspectweb.util.LogWebDriverEventListener-106] Clicked the element found By.xpath: //a[@title='Next']
[18/01/25 10:14:02][ERROR][com.perficient.test.cat.catinspectweb.util.LogWebDriverEventListener-77] WebDriver error:
org.openqa.selenium.UnsupportedCommandException: actions
Build info: version: '3.7.1', revision: '8a0099a', time: '2017-11-06T21:01:39.354Z'
System info: host: 'H2600-0463L', ip: '10.2.7.38', os.name: 'Windows 7', os.arch: 'amd64', os.version: '6.1', java.version: '1.8.0_151'
Driver info: driver.version: EventFiringWebDriver
	at org.openqa.selenium.remote.http.AbstractHttpCommandCodec.encode(AbstractHttpCommandCodec.java:219)
	at org.openqa.selenium.remote.http.AbstractHttpCommandCodec.encode(AbstractHttpCommandCodec.java:118)
	at org.openqa.selenium.remote.HttpCommandExecutor.execute(HttpCommandExecutor.java:158)
	at org.openqa.selenium.remote.service.DriverCommandExecutor.execute(DriverCommandExecutor.java:83)
	at org.openqa.selenium.remote.RemoteWebDriver.execute(RemoteWebDriver.java:600)
	at org.openqa.selenium.remote.RemoteWebDriver.perform(RemoteWebDriver.java:666)
	at sun.reflect.NativeMethodAccessorImpl.invoke0(Native Method)
	at sun.reflect.NativeMethodAccessorImpl.invoke(Unknown Source)
	at sun.reflect.DelegatingMethodAccessorImpl.invoke(Unknown Source)
	at java.lang.reflect.Method.invoke(Unknown Source)
	at org.openqa.selenium.support.events.EventFiringWebDriver$2.invoke(EventFiringWebDriver.java:109)
	at com.sun.proxy.$Proxy11.perform(Unknown Source)
	at org.openqa.selenium.support.events.EventFiringWebDriver.perform(EventFiringWebDriver.java:342)
	at org.openqa.selenium.interactions.Actions$BuiltAction.perform(Actions.java:638)
	at org.openqa.selenium.interactions.Actions.perform(Actions.java:594)
	at com.perficient.test.cat.catinspectweb.util.FunctionUtil.hoverOver(FunctionUtil.java:2692)
	at com.perficient.test.cat.catinspectweb.util.CustomizedFunctionUtil.hoverOver(CustomizedFunctionUtil.java:25)
	at com.perficient.test.cat.catinspectweb.testcase.createform.TC2624ViewImageFileWhenCloneAForm.Verify_TC2624ViewImageFileWhenCloneAForm(TC2624ViewImageFileWhenCloneAForm.java:65)
	at sun.reflect.NativeMethodAccessorImpl.invoke0(Native Method)
	at sun.reflect.NativeMethodAccessorImpl.invoke(Unknown Source)
	at sun.reflect.DelegatingMethodAccessorImpl.invoke(Unknown Source)
	at java.lang.reflect.Method.invoke(Unknown Source)
	at org.testng.internal.MethodInvocationHelper.invokeMethod(MethodInvocationHelper.java:84)
	at org.testng.internal.Invoker.invokeMethod(Invoker.java:714)
	at org.testng.internal.Invoker.invokeTestMethod(Invoker.java:901)
	at org.testng.internal.Invoker.invokeTestMethods(Invoker.java:1231)
	at org.testng.internal.TestMethodWorker.invokeTestMethods(TestMethodWorker.java:127)
	at org.testng.internal.TestMethodWorker.run(TestMethodWorker.java:111)
	at org.testng.TestRunner.privateRun(TestRunner.java:767)
	at org.testng.TestRunner.run(TestRunner.java:617)
	at org.testng.SuiteRunner.runTest(SuiteRunner.java:348)
	at org.testng.SuiteRunner.runSequentially(SuiteRunner.java:343)
	at org.testng.SuiteRunner.privateRun(SuiteRunner.java:305)
	at org.testng.SuiteRunner.run(SuiteRunner.java:254)
	at org.testng.SuiteRunnerWorker.runSuite(SuiteRunnerWorker.java:52)
	at org.testng.SuiteRunnerWorker.run(SuiteRunnerWorker.java:86)
	at org.testng.TestNG.runSuitesSequentially(TestNG.java:1224)
	at org.testng.TestNG.runSuitesLocally(TestNG.java:1149)
	at org.testng.TestNG.run(TestNG.java:1057)
	at org.testng.remote.AbstractRemoteTestNG.run(AbstractRemoteTestNG.java:114)
	at org.testng.remote.RemoteTestNG.initAndRun(RemoteTestNG.java:251)
	at org.testng.remote.RemoteTestNG.main(RemoteTestNG.java:77)
[18/01/25 10:14:03][INFO][com.perficient.test.cat.catinspectweb.util.LogWebDriverEventListener-106] Clicked the element found By.xpath: //span[@class = 'glyphicon glyphicon-edit glyphicon-yellow gly-right']
[18/01/25 10:14:08][INFO][com.perficient.test.cat.catinspectweb.util.LogWebDriverEventListener-106] Clicked the element found By.xpath: //span[contains(@class, 'glyphicon-download-alt')]
[18/01/25 10:17:04][INFO][com.perficient.test.cat.catinspectweb.util.TestCaseBase-65] 20180125101704
[18/01/25 10:17:04][INFO][com.perficient.test.cat.catinspectweb.util.TestCaseBase-67] Delete screen shots generated 2 days ago.
[18/01/25 10:17:10][INFO][com.perficient.test.cat.catinspectweb.util.LogWebDriverEventListener-20] WebDriver navigating to:'https://catinspectweb-dev.cat.com/'
[18/01/25 10:18:07][INFO][com.perficient.test.cat.catinspectweb.util.LogWebDriverEventListener-106] Clicked the element found By.xpath: //input[@id='submitButton']
[18/01/25 10:18:10][INFO][com.perficient.test.cat.catinspectweb.util.LogWebDriverEventListener-106] Clicked the element found By.xpath: //select[@name='statusselect']
[18/01/25 10:18:12][INFO][com.perficient.test.cat.catinspectweb.util.LogWebDriverEventListener-106] Clicked the element found By.tagName: option
[18/01/25 10:18:15][INFO][com.perficient.test.cat.catinspectweb.util.LogWebDriverEventListener-106] Clicked the element found By.xpath: //td[@class='inspections-row']/a[@href='javascript:void(0)']
[18/01/25 10:18:21][INFO][com.perficient.test.cat.catinspectweb.util.LogWebDriverEventListener-75] Element is still not found By.xpath: //td[@class='inspections-row']/a[@href='javascript:void(0)']
[18/01/25 10:18:22][INFO][com.perficient.test.cat.catinspectweb.util.LogWebDriverEventListener-106] Clicked the element found By.xpath: //button[@class='btn btn-default']
[18/01/25 10:18:22][INFO][com.perficient.test.cat.catinspectweb.util.LogWebDriverEventListener-134] Click on the element find By.xpath: //a[@title= 'Details'] by javascript
[18/01/25 10:18:23][INFO][com.perficient.test.cat.catinspectweb.util.LogWebDriverEventListener-106] Clicked the element found By.xpath: //li[@class='toolbar-item']//a[contains(@href,'edit')]
[18/01/25 10:18:30][INFO][com.perficient.test.cat.catinspectweb.util.LogWebDriverEventListener-75] Element is still not found By.xpath: //li[@class='toolbar-item']//a[contains(@href,'edit')]
[18/01/25 10:18:30][INFO][com.perficient.test.cat.catinspectweb.util.FunctionUtil-1796] String: 1
[18/01/25 10:18:30][INFO][com.perficient.test.cat.catinspectweb.util.FunctionUtil-1797] WebElement: 1
[18/01/25 10:18:31][INFO][com.perficient.test.cat.catinspectweb.util.LogWebDriverEventListener-106] Clicked the element found By.xpath: //div[@class = 'cat_div cat_div_edit']
[18/01/25 10:18:34][INFO][com.perficient.test.cat.catinspectweb.util.LogWebDriverEventListener-75] Element is still not found By.xpath: //div[@class = 'cat_div cat_div_edit']
[18/01/25 10:18:34][INFO][com.perficient.test.cat.catinspectweb.util.LogWebDriverEventListener-106] Clicked the element found By.xpath: (//div[@class='ques_response'])[1]/following-sibling::div//a[@class='cat_button']
[18/01/25 10:18:35][INFO][com.perficient.test.cat.catinspectweb.util.LogWebDriverEventListener-106] Clicked the element found By.xpath: //button[@class = 'btn btn-danger']
[18/01/25 10:18:38][INFO][com.perficient.test.cat.catinspectweb.util.LogWebDriverEventListener-75] Element is still not found By.xpath: //button[@class = 'btn btn-danger']
[18/01/25 10:18:39][INFO][com.perficient.test.cat.catinspectweb.util.LogWebDriverEventListener-106] Clicked the element found By.xpath: (//div[@class='ques_response'])[1]/following-sibling::div//a[@class='cat_button']
[18/01/25 10:18:40][INFO][com.perficient.test.cat.catinspectweb.util.LogWebDriverEventListener-106] Clicked the element found By.xpath: //div[@class='modal-footer']//span[@class='glyphicon glyphicon-ok']
[18/01/25 10:18:49][INFO][com.perficient.test.cat.catinspectweb.util.LogWebDriverEventListener-75] Element is still not found By.xpath: //div[@class='popup-dialog']
[18/01/25 10:18:52][INFO][com.perficient.test.cat.catinspectweb.util.LogWebDriverEventListener-75] Element is still not found By.xpath: //a[@class='thumbnail thumb-img inline-img dynSt']
[18/01/25 10:18:52][INFO][com.perficient.test.cat.catinspectweb.util.LogWebDriverEventListener-106] Clicked the element found By.xpath: (//div[@class='ques_response'])[1]/following-sibling::div//a[@class='cat_button']
[18/01/25 10:18:53][INFO][com.perficient.test.cat.catinspectweb.util.LogWebDriverEventListener-106] Clicked the element found By.xpath: //div[@class='modal-footer']//span[@class='glyphicon glyphicon-ok']
[18/01/25 10:18:59][INFO][com.perficient.test.cat.catinspectweb.util.LogWebDriverEventListener-75] Element is still not found By.xpath: //div[@class='modal-footer']//span[@class='glyphicon glyphicon-ok']
[18/01/25 10:19:02][INFO][com.perficient.test.cat.catinspectweb.util.LogWebDriverEventListener-75] Element is still not found By.xpath: //div[@class='modal-footer']//span[@class='glyphicon glyphicon-ok']
[18/01/25 10:19:03][INFO][com.perficient.test.cat.catinspectweb.util.LogWebDriverEventListener-106] Clicked the element found By.xpath: (//div[@class='ques_response'])[1]/following-sibling::div//a[@class='cat_button']
[18/01/25 10:19:04][INFO][com.perficient.test.cat.catinspectweb.util.LogWebDriverEventListener-106] Clicked the element found By.xpath: //div[@class='modal-footer']//span[@class='glyphicon glyphicon-ok']
[18/01/25 10:19:13][INFO][com.perficient.test.cat.catinspectweb.util.LogWebDriverEventListener-75] Element is still not found By.xpath: //div[@class='popup-dialog']
[18/01/25 10:19:13][INFO][com.perficient.test.cat.catinspectweb.util.LogWebDriverEventListener-106] Clicked the element found By.xpath: //img[@src and not(@class)]/../following-sibling::span
[18/01/25 10:19:17][INFO][com.perficient.test.cat.catinspectweb.util.LogWebDriverEventListener-106] Clicked the element found By.xpath: //div[@class='checkbox lft-align']/label
[18/01/25 10:19:17][INFO][com.perficient.test.cat.catinspectweb.util.LogWebDriverEventListener-106] Clicked the element found By.xpath: //div[@class='modal-footer']//span[@class='glyphicon glyphicon-ok']
[18/01/25 10:19:17][INFO][com.perficient.test.cat.catinspectweb.util.LogWebDriverEventListener-106] Clicked the element found By.xpath: //img[@src and not(@class)]/../following-sibling::span
[18/01/25 10:19:17][INFO][com.perficient.test.cat.catinspectweb.util.LogWebDriverEventListener-106] Clicked the element found By.xpath: //div[@class = 'cat_div cat_div_edit']
[18/01/25 10:19:18][ERROR][com.perficient.test.cat.catinspectweb.util.LogWebDriverEventListener-77] WebDriver error:
org.openqa.selenium.WebDriverException: unknown error: Element <select _ngcontent-c14="" class="form-control ng-untouched ng-pristine ng-valid" formcontrolname="SMUType" name="SMUType">...</select> is not clickable at point (399, 606). Other element would receive the click: <div _ngcontent-c3="" class="navbar-inner footer">...</div>
  (Session info: chrome=62.0.3202.89)
  (Driver info: chromedriver=2.33.506120 (e3e53437346286c0bc2d2dc9aa4915ba81d9023f),platform=Windows NT 6.1.7601 SP1 x86_64) (WARNING: The server did not provide any stacktrace information)
Command duration or timeout: 0 milliseconds
Build info: version: '3.7.1', revision: '8a0099a', time: '2017-11-06T21:01:39.354Z'
System info: host: 'H2600-0463L', ip: '10.2.7.38', os.name: 'Windows 7', os.arch: 'amd64', os.version: '6.1', java.version: '1.8.0_151'
Driver info: org.openqa.selenium.chrome.ChromeDriver
Capabilities {acceptSslCerts: true, applicationCacheEnabled: false, browserConnectionEnabled: false, browserName: chrome, chrome: {chromedriverVersion: 2.33.506120 (e3e53437346286..., userDataDir: C:\Users\herby.he\AppData\L...}, cssSelectorsEnabled: true, databaseEnabled: false, handlesAlerts: true, hasTouchScreen: false, javascriptEnabled: true, locationContextEnabled: true, mobileEmulationEnabled: false, nativeEvents: true, networkConnectionEnabled: false, pageLoadStrategy: normal, platform: XP, platformName: XP, rotatable: false, setWindowRect: true, takesHeapSnapshot: true, takesScreenshot: true, unexpectedAlertBehaviour: , unhandledPromptBehavior: , version: 62.0.3202.89, webStorageEnabled: true}
Session ID: debc5ff3d69543db9f573a23407ccf7f
	at sun.reflect.NativeConstructorAccessorImpl.newInstance0(Native Method)
	at sun.reflect.NativeConstructorAccessorImpl.newInstance(Unknown Source)
	at sun.reflect.DelegatingConstructorAccessorImpl.newInstance(Unknown Source)
	at java.lang.reflect.Constructor.newInstance(Unknown Source)
	at org.openqa.selenium.remote.ErrorHandler.createThrowable(ErrorHandler.java:214)
	at org.openqa.selenium.remote.ErrorHandler.throwIfResponseFailed(ErrorHandler.java:166)
	at org.openqa.selenium.remote.http.JsonHttpResponseCodec.reconstructValue(JsonHttpResponseCodec.java:40)
	at org.openqa.selenium.remote.http.AbstractHttpResponseCodec.decode(AbstractHttpResponseCodec.java:80)
	at org.openqa.selenium.remote.http.AbstractHttpResponseCodec.decode(AbstractHttpResponseCodec.java:44)
	at org.openqa.selenium.remote.HttpCommandExecutor.execute(HttpCommandExecutor.java:164)
	at org.openqa.selenium.remote.service.DriverCommandExecutor.execute(DriverCommandExecutor.java:83)
	at org.openqa.selenium.remote.RemoteWebDriver.execute(RemoteWebDriver.java:600)
	at org.openqa.selenium.remote.RemoteWebElement.execute(RemoteWebElement.java:279)
	at org.openqa.selenium.remote.RemoteWebElement.click(RemoteWebElement.java:83)
	at sun.reflect.GeneratedMethodAccessor6.invoke(Unknown Source)
	at sun.reflect.DelegatingMethodAccessorImpl.invoke(Unknown Source)
	at java.lang.reflect.Method.invoke(Unknown Source)
	at org.openqa.selenium.support.events.EventFiringWebDriver$EventFiringWebElement$1.invoke(EventFiringWebDriver.java:376)
	at com.sun.proxy.$Proxy17.click(Unknown Source)
	at org.openqa.selenium.support.events.EventFiringWebDriver$EventFiringWebElement.click(EventFiringWebDriver.java:389)
	at sun.reflect.GeneratedMethodAccessor6.invoke(Unknown Source)
	at sun.reflect.DelegatingMethodAccessorImpl.invoke(Unknown Source)
	at java.lang.reflect.Method.invoke(Unknown Source)
	at org.openqa.selenium.support.pagefactory.internal.LocatingElementHandler.invoke(LocatingElementHandler.java:51)
	at com.sun.proxy.$Proxy15.click(Unknown Source)
	at com.perficient.test.cat.catinspectweb.util.FunctionUtil.click(FunctionUtil.java:314)
	at com.perficient.test.cat.catinspectweb.util.CustomizedFunctionUtil.click(CustomizedFunctionUtil.java:20)
	at com.perficient.test.cat.catinspectweb.reusablefunctions.ReusableFunctions.selectFromSelector(ReusableFunctions.java:69)
	at com.perficient.test.cat.catinspectweb.testcase.editinspection.TC2640_UpdatePicturesInEditInspectionPage.verify_TC2640_UpdatePicturesInEditInspectionPage(TC2640_UpdatePicturesInEditInspectionPage.java:134)
	at sun.reflect.NativeMethodAccessorImpl.invoke0(Native Method)
	at sun.reflect.NativeMethodAccessorImpl.invoke(Unknown Source)
	at sun.reflect.DelegatingMethodAccessorImpl.invoke(Unknown Source)
	at java.lang.reflect.Method.invoke(Unknown Source)
	at org.testng.internal.MethodInvocationHelper.invokeMethod(MethodInvocationHelper.java:84)
	at org.testng.internal.Invoker.invokeMethod(Invoker.java:714)
	at org.testng.internal.Invoker.invokeTestMethod(Invoker.java:901)
	at org.testng.internal.Invoker.invokeTestMethods(Invoker.java:1231)
	at org.testng.internal.TestMethodWorker.invokeTestMethods(TestMethodWorker.java:127)
	at org.testng.internal.TestMethodWorker.run(TestMethodWorker.java:111)
	at org.testng.TestRunner.privateRun(TestRunner.java:767)
	at org.testng.TestRunner.run(TestRunner.java:617)
	at org.testng.SuiteRunner.runTest(SuiteRunner.java:348)
	at org.testng.SuiteRunner.runSequentially(SuiteRunner.java:343)
	at org.testng.SuiteRunner.privateRun(SuiteRunner.java:305)
	at org.testng.SuiteRunner.run(SuiteRunner.java:254)
	at org.testng.SuiteRunnerWorker.runSuite(SuiteRunnerWorker.java:52)
	at org.testng.SuiteRunnerWorker.run(SuiteRunnerWorker.java:86)
	at org.testng.TestNG.runSuitesSequentially(TestNG.java:1224)
	at org.testng.TestNG.runSuitesLocally(TestNG.java:1149)
	at org.testng.TestNG.run(TestNG.java:1057)
	at org.testng.remote.AbstractRemoteTestNG.run(AbstractRemoteTestNG.java:114)
	at org.testng.remote.RemoteTestNG.initAndRun(RemoteTestNG.java:251)
	at org.testng.remote.RemoteTestNG.main(RemoteTestNG.java:77)
[18/01/25 10:19:18][INFO][com.perficient.test.cat.catinspectweb.util.CustomAssertion-428] .\errorImages\20180125101918.png
[18/01/25 10:19:18][INFO][com.perficient.test.cat.catinspectweb.util.CustomAssertion-451] StackTrace 0 is: java.lang.Thread.getStackTrace(Unknown Source)
[18/01/25 10:19:18][INFO][com.perficient.test.cat.catinspectweb.util.CustomAssertion-452] LineNumber for 0 stack trace is: -1
[18/01/25 10:19:18][INFO][com.perficient.test.cat.catinspectweb.util.CustomAssertion-451] StackTrace 1 is: com.perficient.test.cat.catinspectweb.util.CustomAssertion.logStackTraceInfo(CustomAssertion.java:451)
[18/01/25 10:19:18][INFO][com.perficient.test.cat.catinspectweb.util.CustomAssertion-452] LineNumber for 1 stack trace is: 452
[18/01/25 10:19:18][INFO][com.perficient.test.cat.catinspectweb.util.CustomAssertion-451] StackTrace 2 is: com.perficient.test.cat.catinspectweb.util.CustomAssertion.printError(CustomAssertion.java:429)
[18/01/25 10:19:18][INFO][com.perficient.test.cat.catinspectweb.util.CustomAssertion-452] LineNumber for 2 stack trace is: 429
[18/01/25 10:19:18][INFO][com.perficient.test.cat.catinspectweb.util.CustomAssertion-451] StackTrace 3 is: com.perficient.test.cat.catinspectweb.util.TestCaseBase.afterMethod(TestCaseBase.java:210)
[18/01/25 10:19:18][INFO][com.perficient.test.cat.catinspectweb.util.CustomAssertion-452] LineNumber for 3 stack trace is: 210
[18/01/25 10:19:18][INFO][com.perficient.test.cat.catinspectweb.util.CustomAssertion-451] StackTrace 4 is: sun.reflect.NativeMethodAccessorImpl.invoke0(Native Method)
[18/01/25 10:19:18][INFO][com.perficient.test.cat.catinspectweb.util.CustomAssertion-452] LineNumber for 4 stack trace is: -2
[18/01/25 10:19:18][INFO][com.perficient.test.cat.catinspectweb.util.CustomAssertion-451] StackTrace 5 is: sun.reflect.NativeMethodAccessorImpl.invoke(Unknown Source)
[18/01/25 10:19:18][INFO][com.perficient.test.cat.catinspectweb.util.CustomAssertion-452] LineNumber for 5 stack trace is: -1
[18/01/25 10:19:18][INFO][com.perficient.test.cat.catinspectweb.util.CustomAssertion-451] StackTrace 6 is: sun.reflect.DelegatingMethodAccessorImpl.invoke(Unknown Source)
[18/01/25 10:19:18][INFO][com.perficient.test.cat.catinspectweb.util.CustomAssertion-452] LineNumber for 6 stack trace is: -1
[18/01/25 10:19:18][INFO][com.perficient.test.cat.catinspectweb.util.CustomAssertion-455] StackTrace for Assert is: com.perficient.test.cat.catinspectweb.util.TestCaseBase.afterMethod(TestCaseBase.java:210)
[18/01/25 10:19:18][INFO][com.perficient.test.cat.catinspectweb.util.CustomAssertion-456] Assert LineNumber is: 210
[18/01/25 10:22:22][INFO][com.perficient.test.cat.catinspectweb.util.TestCaseBase-65] 20180125102222
[18/01/25 10:22:22][INFO][com.perficient.test.cat.catinspectweb.util.TestCaseBase-67] Delete screen shots generated 2 days ago.
[18/01/25 10:22:27][INFO][com.perficient.test.cat.catinspectweb.util.LogWebDriverEventListener-20] WebDriver navigating to:'https://catinspectweb-dev.cat.com/'
[18/01/25 10:23:17][INFO][com.perficient.test.cat.catinspectweb.util.LogWebDriverEventListener-106] Clicked the element found By.xpath: //input[@id='submitButton']
[18/01/25 10:23:20][INFO][com.perficient.test.cat.catinspectweb.util.LogWebDriverEventListener-106] Clicked the element found By.xpath: //select[@name='statusselect']
[18/01/25 10:23:22][INFO][com.perficient.test.cat.catinspectweb.util.LogWebDriverEventListener-106] Clicked the element found By.tagName: option
[18/01/25 10:23:25][INFO][com.perficient.test.cat.catinspectweb.util.LogWebDriverEventListener-106] Clicked the element found By.xpath: //td[@class='inspections-row']/a[@href='javascript:void(0)']
[18/01/25 10:23:31][INFO][com.perficient.test.cat.catinspectweb.util.LogWebDriverEventListener-75] Element is still not found By.xpath: //td[@class='inspections-row']/a[@href='javascript:void(0)']
[18/01/25 10:23:31][INFO][com.perficient.test.cat.catinspectweb.util.LogWebDriverEventListener-106] Clicked the element found By.xpath: //button[@class='btn btn-default']
[18/01/25 10:23:32][INFO][com.perficient.test.cat.catinspectweb.util.LogWebDriverEventListener-134] Click on the element find By.xpath: //a[@title= 'Details'] by javascript
[18/01/25 10:23:33][INFO][com.perficient.test.cat.catinspectweb.util.LogWebDriverEventListener-106] Clicked the element found By.xpath: //li[@class='toolbar-item']//a[contains(@href,'edit')]
[18/01/25 10:23:40][INFO][com.perficient.test.cat.catinspectweb.util.LogWebDriverEventListener-75] Element is still not found By.xpath: //li[@class='toolbar-item']//a[contains(@href,'edit')]
[18/01/25 10:23:40][INFO][com.perficient.test.cat.catinspectweb.util.FunctionUtil-1796] String: 1
[18/01/25 10:23:40][INFO][com.perficient.test.cat.catinspectweb.util.FunctionUtil-1797] WebElement: 1
[18/01/25 10:23:40][INFO][com.perficient.test.cat.catinspectweb.util.LogWebDriverEventListener-106] Clicked the element found By.xpath: //div[@class = 'cat_div cat_div_edit']
[18/01/25 10:23:43][INFO][com.perficient.test.cat.catinspectweb.util.LogWebDriverEventListener-75] Element is still not found By.xpath: //div[@class = 'cat_div cat_div_edit']
[18/01/25 10:23:44][INFO][com.perficient.test.cat.catinspectweb.util.LogWebDriverEventListener-106] Clicked the element found By.xpath: (//div[@class='ques_response'])[1]/following-sibling::div//a[@class='cat_button']
[18/01/25 10:23:45][INFO][com.perficient.test.cat.catinspectweb.util.LogWebDriverEventListener-106] Clicked the element found By.xpath: //button[@class = 'btn btn-danger']
[18/01/25 10:23:48][INFO][com.perficient.test.cat.catinspectweb.util.LogWebDriverEventListener-75] Element is still not found By.xpath: //button[@class = 'btn btn-danger']
[18/01/25 10:23:48][INFO][com.perficient.test.cat.catinspectweb.util.LogWebDriverEventListener-106] Clicked the element found By.xpath: (//div[@class='ques_response'])[1]/following-sibling::div//a[@class='cat_button']
[18/01/25 10:23:49][INFO][com.perficient.test.cat.catinspectweb.util.LogWebDriverEventListener-106] Clicked the element found By.xpath: //div[@class='modal-footer']//span[@class='glyphicon glyphicon-ok']
[18/01/25 10:23:55][INFO][com.perficient.test.cat.catinspectweb.util.LogWebDriverEventListener-75] Element is still not found By.xpath: //div[@class='modal-footer']//span[@class='glyphicon glyphicon-ok']
[18/01/25 10:23:59][INFO][com.perficient.test.cat.catinspectweb.util.LogWebDriverEventListener-75] Element is still not found By.xpath: //a[@class='thumbnail thumb-img inline-img dynSt']
[18/01/25 10:23:59][INFO][com.perficient.test.cat.catinspectweb.util.LogWebDriverEventListener-106] Clicked the element found By.xpath: (//div[@class='ques_response'])[1]/following-sibling::div//a[@class='cat_button']
[18/01/25 10:24:00][INFO][com.perficient.test.cat.catinspectweb.util.LogWebDriverEventListener-106] Clicked the element found By.xpath: //div[@class='modal-footer']//span[@class='glyphicon glyphicon-ok']
[18/01/25 10:24:06][INFO][com.perficient.test.cat.catinspectweb.util.LogWebDriverEventListener-75] Element is still not found By.xpath: //div[@class='modal-footer']//span[@class='glyphicon glyphicon-ok']
[18/01/25 10:24:09][INFO][com.perficient.test.cat.catinspectweb.util.LogWebDriverEventListener-75] Element is still not found By.xpath: //div[@class='modal-footer']//span[@class='glyphicon glyphicon-ok']
[18/01/25 10:24:09][INFO][com.perficient.test.cat.catinspectweb.util.LogWebDriverEventListener-106] Clicked the element found By.xpath: (//div[@class='ques_response'])[1]/following-sibling::div//a[@class='cat_button']
[18/01/25 10:24:11][INFO][com.perficient.test.cat.catinspectweb.util.LogWebDriverEventListener-106] Clicked the element found By.xpath: //div[@class='modal-footer']//span[@class='glyphicon glyphicon-ok']
[18/01/25 10:24:20][INFO][com.perficient.test.cat.catinspectweb.util.LogWebDriverEventListener-75] Element is still not found By.xpath: //div[@class='popup-dialog']
[18/01/25 10:24:20][INFO][com.perficient.test.cat.catinspectweb.util.LogWebDriverEventListener-106] Clicked the element found By.xpath: //img[@src and not(@class)]/../following-sibling::span
[18/01/25 10:24:23][INFO][com.perficient.test.cat.catinspectweb.util.LogWebDriverEventListener-106] Clicked the element found By.xpath: //div[@class='checkbox lft-align']/label
[18/01/25 10:24:24][INFO][com.perficient.test.cat.catinspectweb.util.LogWebDriverEventListener-106] Clicked the element found By.xpath: //div[@class='modal-footer']//span[@class='glyphicon glyphicon-ok']
[18/01/25 10:24:24][INFO][com.perficient.test.cat.catinspectweb.util.LogWebDriverEventListener-106] Clicked the element found By.xpath: //img[@src and not(@class)]/../following-sibling::span
[18/01/25 10:24:24][INFO][com.perficient.test.cat.catinspectweb.util.LogWebDriverEventListener-106] Clicked the element found By.xpath: //div[@class = 'cat_div cat_div_edit']
[18/01/25 10:24:26][ERROR][com.perficient.test.cat.catinspectweb.util.LogWebDriverEventListener-77] WebDriver error:
org.openqa.selenium.WebDriverException: unknown error: Element <select _ngcontent-c14="" class="form-control ng-untouched ng-pristine ng-valid" formcontrolname="SMUType" name="SMUType">...</select> is not clickable at point (399, 17). Other element would receive the click: <div _ngcontent-c1="" class="container-fluid" style="position: relative;">...</div>
  (Session info: chrome=62.0.3202.89)
  (Driver info: chromedriver=2.33.506120 (e3e53437346286c0bc2d2dc9aa4915ba81d9023f),platform=Windows NT 6.1.7601 SP1 x86_64) (WARNING: The server did not provide any stacktrace information)
Command duration or timeout: 0 milliseconds
Build info: version: '3.7.1', revision: '8a0099a', time: '2017-11-06T21:01:39.354Z'
System info: host: 'H2600-0463L', ip: '10.2.7.38', os.name: 'Windows 7', os.arch: 'amd64', os.version: '6.1', java.version: '1.8.0_151'
Driver info: org.openqa.selenium.chrome.ChromeDriver
Capabilities {acceptSslCerts: true, applicationCacheEnabled: false, browserConnectionEnabled: false, browserName: chrome, chrome: {chromedriverVersion: 2.33.506120 (e3e53437346286..., userDataDir: C:\Users\herby.he\AppData\L...}, cssSelectorsEnabled: true, databaseEnabled: false, handlesAlerts: true, hasTouchScreen: false, javascriptEnabled: true, locationContextEnabled: true, mobileEmulationEnabled: false, nativeEvents: true, networkConnectionEnabled: false, pageLoadStrategy: normal, platform: XP, platformName: XP, rotatable: false, setWindowRect: true, takesHeapSnapshot: true, takesScreenshot: true, unexpectedAlertBehaviour: , unhandledPromptBehavior: , version: 62.0.3202.89, webStorageEnabled: true}
Session ID: f10369f5d68deca7d922dc07d55b0431
	at sun.reflect.NativeConstructorAccessorImpl.newInstance0(Native Method)
	at sun.reflect.NativeConstructorAccessorImpl.newInstance(Unknown Source)
	at sun.reflect.DelegatingConstructorAccessorImpl.newInstance(Unknown Source)
	at java.lang.reflect.Constructor.newInstance(Unknown Source)
	at org.openqa.selenium.remote.ErrorHandler.createThrowable(ErrorHandler.java:214)
	at org.openqa.selenium.remote.ErrorHandler.throwIfResponseFailed(ErrorHandler.java:166)
	at org.openqa.selenium.remote.http.JsonHttpResponseCodec.reconstructValue(JsonHttpResponseCodec.java:40)
	at org.openqa.selenium.remote.http.AbstractHttpResponseCodec.decode(AbstractHttpResponseCodec.java:80)
	at org.openqa.selenium.remote.http.AbstractHttpResponseCodec.decode(AbstractHttpResponseCodec.java:44)
	at org.openqa.selenium.remote.HttpCommandExecutor.execute(HttpCommandExecutor.java:164)
	at org.openqa.selenium.remote.service.DriverCommandExecutor.execute(DriverCommandExecutor.java:83)
	at org.openqa.selenium.remote.RemoteWebDriver.execute(RemoteWebDriver.java:600)
	at org.openqa.selenium.remote.RemoteWebElement.execute(RemoteWebElement.java:279)
	at org.openqa.selenium.remote.RemoteWebElement.click(RemoteWebElement.java:83)
	at sun.reflect.GeneratedMethodAccessor6.invoke(Unknown Source)
	at sun.reflect.DelegatingMethodAccessorImpl.invoke(Unknown Source)
	at java.lang.reflect.Method.invoke(Unknown Source)
	at org.openqa.selenium.support.events.EventFiringWebDriver$EventFiringWebElement$1.invoke(EventFiringWebDriver.java:376)
	at com.sun.proxy.$Proxy17.click(Unknown Source)
	at org.openqa.selenium.support.events.EventFiringWebDriver$EventFiringWebElement.click(EventFiringWebDriver.java:389)
	at sun.reflect.GeneratedMethodAccessor6.invoke(Unknown Source)
	at sun.reflect.DelegatingMethodAccessorImpl.invoke(Unknown Source)
	at java.lang.reflect.Method.invoke(Unknown Source)
	at org.openqa.selenium.support.pagefactory.internal.LocatingElementHandler.invoke(LocatingElementHandler.java:51)
	at com.sun.proxy.$Proxy15.click(Unknown Source)
	at com.perficient.test.cat.catinspectweb.util.FunctionUtil.click(FunctionUtil.java:314)
	at com.perficient.test.cat.catinspectweb.util.CustomizedFunctionUtil.click(CustomizedFunctionUtil.java:20)
	at com.perficient.test.cat.catinspectweb.reusablefunctions.ReusableFunctions.selectFromSelector(ReusableFunctions.java:69)
	at com.perficient.test.cat.catinspectweb.testcase.editinspection.TC2640_UpdatePicturesInEditInspectionPage.verify_TC2640_UpdatePicturesInEditInspectionPage(TC2640_UpdatePicturesInEditInspectionPage.java:137)
	at sun.reflect.NativeMethodAccessorImpl.invoke0(Native Method)
	at sun.reflect.NativeMethodAccessorImpl.invoke(Unknown Source)
	at sun.reflect.DelegatingMethodAccessorImpl.invoke(Unknown Source)
	at java.lang.reflect.Method.invoke(Unknown Source)
	at org.testng.internal.MethodInvocationHelper.invokeMethod(MethodInvocationHelper.java:84)
	at org.testng.internal.Invoker.invokeMethod(Invoker.java:714)
	at org.testng.internal.Invoker.invokeTestMethod(Invoker.java:901)
	at org.testng.internal.Invoker.invokeTestMethods(Invoker.java:1231)
	at org.testng.internal.TestMethodWorker.invokeTestMethods(TestMethodWorker.java:127)
	at org.testng.internal.TestMethodWorker.run(TestMethodWorker.java:111)
	at org.testng.TestRunner.privateRun(TestRunner.java:767)
	at org.testng.TestRunner.run(TestRunner.java:617)
	at org.testng.SuiteRunner.runTest(SuiteRunner.java:348)
	at org.testng.SuiteRunner.runSequentially(SuiteRunner.java:343)
	at org.testng.SuiteRunner.privateRun(SuiteRunner.java:305)
	at org.testng.SuiteRunner.run(SuiteRunner.java:254)
	at org.testng.SuiteRunnerWorker.runSuite(SuiteRunnerWorker.java:52)
	at org.testng.SuiteRunnerWorker.run(SuiteRunnerWorker.java:86)
	at org.testng.TestNG.runSuitesSequentially(TestNG.java:1224)
	at org.testng.TestNG.runSuitesLocally(TestNG.java:1149)
	at org.testng.TestNG.run(TestNG.java:1057)
	at org.testng.remote.AbstractRemoteTestNG.run(AbstractRemoteTestNG.java:114)
	at org.testng.remote.RemoteTestNG.initAndRun(RemoteTestNG.java:251)
	at org.testng.remote.RemoteTestNG.main(RemoteTestNG.java:77)
[18/01/25 10:24:27][INFO][com.perficient.test.cat.catinspectweb.util.CustomAssertion-428] .\errorImages\20180125102427.png
[18/01/25 10:24:27][INFO][com.perficient.test.cat.catinspectweb.util.CustomAssertion-451] StackTrace 0 is: java.lang.Thread.getStackTrace(Unknown Source)
[18/01/25 10:24:27][INFO][com.perficient.test.cat.catinspectweb.util.CustomAssertion-452] LineNumber for 0 stack trace is: -1
[18/01/25 10:24:27][INFO][com.perficient.test.cat.catinspectweb.util.CustomAssertion-451] StackTrace 1 is: com.perficient.test.cat.catinspectweb.util.CustomAssertion.logStackTraceInfo(CustomAssertion.java:451)
[18/01/25 10:24:27][INFO][com.perficient.test.cat.catinspectweb.util.CustomAssertion-452] LineNumber for 1 stack trace is: 452
[18/01/25 10:24:27][INFO][com.perficient.test.cat.catinspectweb.util.CustomAssertion-451] StackTrace 2 is: com.perficient.test.cat.catinspectweb.util.CustomAssertion.printError(CustomAssertion.java:429)
[18/01/25 10:24:27][INFO][com.perficient.test.cat.catinspectweb.util.CustomAssertion-452] LineNumber for 2 stack trace is: 429
[18/01/25 10:24:27][INFO][com.perficient.test.cat.catinspectweb.util.CustomAssertion-451] StackTrace 3 is: com.perficient.test.cat.catinspectweb.util.TestCaseBase.afterMethod(TestCaseBase.java:210)
[18/01/25 10:24:27][INFO][com.perficient.test.cat.catinspectweb.util.CustomAssertion-452] LineNumber for 3 stack trace is: 210
[18/01/25 10:24:27][INFO][com.perficient.test.cat.catinspectweb.util.CustomAssertion-451] StackTrace 4 is: sun.reflect.NativeMethodAccessorImpl.invoke0(Native Method)
[18/01/25 10:24:27][INFO][com.perficient.test.cat.catinspectweb.util.CustomAssertion-452] LineNumber for 4 stack trace is: -2
[18/01/25 10:24:27][INFO][com.perficient.test.cat.catinspectweb.util.CustomAssertion-451] StackTrace 5 is: sun.reflect.NativeMethodAccessorImpl.invoke(Unknown Source)
[18/01/25 10:24:27][INFO][com.perficient.test.cat.catinspectweb.util.CustomAssertion-452] LineNumber for 5 stack trace is: -1
[18/01/25 10:24:27][INFO][com.perficient.test.cat.catinspectweb.util.CustomAssertion-451] StackTrace 6 is: sun.reflect.DelegatingMethodAccessorImpl.invoke(Unknown Source)
[18/01/25 10:24:27][INFO][com.perficient.test.cat.catinspectweb.util.CustomAssertion-452] LineNumber for 6 stack trace is: -1
[18/01/25 10:24:27][INFO][com.perficient.test.cat.catinspectweb.util.CustomAssertion-455] StackTrace for Assert is: com.perficient.test.cat.catinspectweb.util.TestCaseBase.afterMethod(TestCaseBase.java:210)
[18/01/25 10:24:27][INFO][com.perficient.test.cat.catinspectweb.util.CustomAssertion-456] Assert LineNumber is: 210
[18/01/25 10:25:42][INFO][com.perficient.test.cat.catinspectweb.util.TestCaseBase-65] 20180125102542
[18/01/25 10:25:42][INFO][com.perficient.test.cat.catinspectweb.util.TestCaseBase-67] Delete screen shots generated 2 days ago.
[18/01/25 10:25:47][INFO][com.perficient.test.cat.catinspectweb.util.LogWebDriverEventListener-20] WebDriver navigating to:'https://catinspectweb-dev.cat.com/'
[18/01/25 10:26:37][INFO][com.perficient.test.cat.catinspectweb.util.LogWebDriverEventListener-106] Clicked the element found By.xpath: //input[@id='submitButton']
[18/01/25 10:26:40][INFO][com.perficient.test.cat.catinspectweb.util.LogWebDriverEventListener-106] Clicked the element found By.xpath: //select[@name='statusselect']
[18/01/25 10:26:42][INFO][com.perficient.test.cat.catinspectweb.util.LogWebDriverEventListener-106] Clicked the element found By.tagName: option
[18/01/25 10:26:45][INFO][com.perficient.test.cat.catinspectweb.util.LogWebDriverEventListener-106] Clicked the element found By.xpath: //td[@class='inspections-row']/a[@href='javascript:void(0)']
[18/01/25 10:26:51][INFO][com.perficient.test.cat.catinspectweb.util.LogWebDriverEventListener-75] Element is still not found By.xpath: //td[@class='inspections-row']/a[@href='javascript:void(0)']
[18/01/25 10:26:52][INFO][com.perficient.test.cat.catinspectweb.util.LogWebDriverEventListener-106] Clicked the element found By.xpath: //button[@class='btn btn-default']
[18/01/25 10:26:52][INFO][com.perficient.test.cat.catinspectweb.util.LogWebDriverEventListener-134] Click on the element find By.xpath: //a[@title= 'Details'] by javascript
[18/01/25 10:26:53][INFO][com.perficient.test.cat.catinspectweb.util.LogWebDriverEventListener-106] Clicked the element found By.xpath: //li[@class='toolbar-item']//a[contains(@href,'edit')]
[18/01/25 10:27:00][INFO][com.perficient.test.cat.catinspectweb.util.LogWebDriverEventListener-75] Element is still not found By.xpath: //li[@class='toolbar-item']//a[contains(@href,'edit')]
[18/01/25 10:27:00][INFO][com.perficient.test.cat.catinspectweb.util.FunctionUtil-1796] String: 1
[18/01/25 10:27:00][INFO][com.perficient.test.cat.catinspectweb.util.FunctionUtil-1797] WebElement: 1
[18/01/25 10:27:01][INFO][com.perficient.test.cat.catinspectweb.util.LogWebDriverEventListener-106] Clicked the element found By.xpath: //div[@class = 'cat_div cat_div_edit']
[18/01/25 10:27:04][INFO][com.perficient.test.cat.catinspectweb.util.LogWebDriverEventListener-75] Element is still not found By.xpath: //div[@class = 'cat_div cat_div_edit']
[18/01/25 10:27:04][INFO][com.perficient.test.cat.catinspectweb.util.LogWebDriverEventListener-106] Clicked the element found By.xpath: (//div[@class='ques_response'])[1]/following-sibling::div//a[@class='cat_button']
[18/01/25 10:27:05][INFO][com.perficient.test.cat.catinspectweb.util.LogWebDriverEventListener-106] Clicked the element found By.xpath: //button[@class = 'btn btn-danger']
[18/01/25 10:27:08][INFO][com.perficient.test.cat.catinspectweb.util.LogWebDriverEventListener-75] Element is still not found By.xpath: //button[@class = 'btn btn-danger']
[18/01/25 10:27:08][INFO][com.perficient.test.cat.catinspectweb.util.LogWebDriverEventListener-106] Clicked the element found By.xpath: (//div[@class='ques_response'])[1]/following-sibling::div//a[@class='cat_button']
[18/01/25 10:27:10][INFO][com.perficient.test.cat.catinspectweb.util.LogWebDriverEventListener-106] Clicked the element found By.xpath: //div[@class='modal-footer']//span[@class='glyphicon glyphicon-ok']
[18/01/25 10:27:19][INFO][com.perficient.test.cat.catinspectweb.util.LogWebDriverEventListener-75] Element is still not found By.xpath: //div[@class='popup-dialog']
[18/01/25 10:27:22][INFO][com.perficient.test.cat.catinspectweb.util.LogWebDriverEventListener-75] Element is still not found By.xpath: //a[@class='thumbnail thumb-img inline-img dynSt']
[18/01/25 10:27:22][INFO][com.perficient.test.cat.catinspectweb.util.LogWebDriverEventListener-106] Clicked the element found By.xpath: (//div[@class='ques_response'])[1]/following-sibling::div//a[@class='cat_button']
[18/01/25 10:27:23][INFO][com.perficient.test.cat.catinspectweb.util.LogWebDriverEventListener-106] Clicked the element found By.xpath: //div[@class='modal-footer']//span[@class='glyphicon glyphicon-ok']
[18/01/25 10:27:30][INFO][com.perficient.test.cat.catinspectweb.util.LogWebDriverEventListener-75] Element is still not found By.xpath: //div[@class='modal-footer']//span[@class='glyphicon glyphicon-ok']
[18/01/25 10:27:33][INFO][com.perficient.test.cat.catinspectweb.util.LogWebDriverEventListener-75] Element is still not found By.xpath: //div[@class='modal-footer']//span[@class='glyphicon glyphicon-ok']
[18/01/25 10:27:33][INFO][com.perficient.test.cat.catinspectweb.util.LogWebDriverEventListener-106] Clicked the element found By.xpath: (//div[@class='ques_response'])[1]/following-sibling::div//a[@class='cat_button']
[18/01/25 10:27:34][INFO][com.perficient.test.cat.catinspectweb.util.LogWebDriverEventListener-106] Clicked the element found By.xpath: //div[@class='modal-footer']//span[@class='glyphicon glyphicon-ok']
[18/01/25 10:27:43][INFO][com.perficient.test.cat.catinspectweb.util.LogWebDriverEventListener-75] Element is still not found By.xpath: //div[@class='popup-dialog']
[18/01/25 10:27:46][INFO][com.perficient.test.cat.catinspectweb.util.LogWebDriverEventListener-106] Clicked the element found By.xpath: //img[@src and not(@class)]/../following-sibling::span
[18/01/25 10:27:50][INFO][com.perficient.test.cat.catinspectweb.util.LogWebDriverEventListener-106] Clicked the element found By.xpath: //div[@class='checkbox lft-align']/label
[18/01/25 10:27:50][INFO][com.perficient.test.cat.catinspectweb.util.LogWebDriverEventListener-106] Clicked the element found By.xpath: //div[@class='modal-footer']//span[@class='glyphicon glyphicon-ok']
[18/01/25 10:27:50][INFO][com.perficient.test.cat.catinspectweb.util.LogWebDriverEventListener-106] Clicked the element found By.xpath: //img[@src and not(@class)]/../following-sibling::span
[18/01/25 10:27:51][INFO][com.perficient.test.cat.catinspectweb.util.LogWebDriverEventListener-106] Clicked the element found By.xpath: //div[@class = 'cat_div cat_div_edit']
[18/01/25 10:27:51][ERROR][com.perficient.test.cat.catinspectweb.util.LogWebDriverEventListener-77] WebDriver error:
org.openqa.selenium.WebDriverException: unknown error: Element <select _ngcontent-c14="" class="form-control ng-untouched ng-pristine ng-valid" formcontrolname="SMUType" name="SMUType">...</select> is not clickable at point (399, 606). Other element would receive the click: <div _ngcontent-c3="" class="navbar-inner footer">...</div>
  (Session info: chrome=62.0.3202.89)
  (Driver info: chromedriver=2.33.506120 (e3e53437346286c0bc2d2dc9aa4915ba81d9023f),platform=Windows NT 6.1.7601 SP1 x86_64) (WARNING: The server did not provide any stacktrace information)
Command duration or timeout: 0 milliseconds
Build info: version: '3.7.1', revision: '8a0099a', time: '2017-11-06T21:01:39.354Z'
System info: host: 'H2600-0463L', ip: '10.2.7.38', os.name: 'Windows 7', os.arch: 'amd64', os.version: '6.1', java.version: '1.8.0_151'
Driver info: org.openqa.selenium.chrome.ChromeDriver
Capabilities {acceptSslCerts: true, applicationCacheEnabled: false, browserConnectionEnabled: false, browserName: chrome, chrome: {chromedriverVersion: 2.33.506120 (e3e53437346286..., userDataDir: C:\Users\herby.he\AppData\L...}, cssSelectorsEnabled: true, databaseEnabled: false, handlesAlerts: true, hasTouchScreen: false, javascriptEnabled: true, locationContextEnabled: true, mobileEmulationEnabled: false, nativeEvents: true, networkConnectionEnabled: false, pageLoadStrategy: normal, platform: XP, platformName: XP, rotatable: false, setWindowRect: true, takesHeapSnapshot: true, takesScreenshot: true, unexpectedAlertBehaviour: , unhandledPromptBehavior: , version: 62.0.3202.89, webStorageEnabled: true}
Session ID: 66f76fc7c82a2a23d37405212c5adb8d
	at sun.reflect.NativeConstructorAccessorImpl.newInstance0(Native Method)
	at sun.reflect.NativeConstructorAccessorImpl.newInstance(Unknown Source)
	at sun.reflect.DelegatingConstructorAccessorImpl.newInstance(Unknown Source)
	at java.lang.reflect.Constructor.newInstance(Unknown Source)
	at org.openqa.selenium.remote.ErrorHandler.createThrowable(ErrorHandler.java:214)
	at org.openqa.selenium.remote.ErrorHandler.throwIfResponseFailed(ErrorHandler.java:166)
	at org.openqa.selenium.remote.http.JsonHttpResponseCodec.reconstructValue(JsonHttpResponseCodec.java:40)
	at org.openqa.selenium.remote.http.AbstractHttpResponseCodec.decode(AbstractHttpResponseCodec.java:80)
	at org.openqa.selenium.remote.http.AbstractHttpResponseCodec.decode(AbstractHttpResponseCodec.java:44)
	at org.openqa.selenium.remote.HttpCommandExecutor.execute(HttpCommandExecutor.java:164)
	at org.openqa.selenium.remote.service.DriverCommandExecutor.execute(DriverCommandExecutor.java:83)
	at org.openqa.selenium.remote.RemoteWebDriver.execute(RemoteWebDriver.java:600)
	at org.openqa.selenium.remote.RemoteWebElement.execute(RemoteWebElement.java:279)
	at org.openqa.selenium.remote.RemoteWebElement.click(RemoteWebElement.java:83)
	at sun.reflect.GeneratedMethodAccessor6.invoke(Unknown Source)
	at sun.reflect.DelegatingMethodAccessorImpl.invoke(Unknown Source)
	at java.lang.reflect.Method.invoke(Unknown Source)
	at org.openqa.selenium.support.events.EventFiringWebDriver$EventFiringWebElement$1.invoke(EventFiringWebDriver.java:376)
	at com.sun.proxy.$Proxy17.click(Unknown Source)
	at org.openqa.selenium.support.events.EventFiringWebDriver$EventFiringWebElement.click(EventFiringWebDriver.java:389)
	at sun.reflect.GeneratedMethodAccessor6.invoke(Unknown Source)
	at sun.reflect.DelegatingMethodAccessorImpl.invoke(Unknown Source)
	at java.lang.reflect.Method.invoke(Unknown Source)
	at org.openqa.selenium.support.pagefactory.internal.LocatingElementHandler.invoke(LocatingElementHandler.java:51)
	at com.sun.proxy.$Proxy15.click(Unknown Source)
	at com.perficient.test.cat.catinspectweb.util.FunctionUtil.click(FunctionUtil.java:314)
	at com.perficient.test.cat.catinspectweb.util.CustomizedFunctionUtil.click(CustomizedFunctionUtil.java:20)
	at com.perficient.test.cat.catinspectweb.reusablefunctions.ReusableFunctions.selectFromSelector(ReusableFunctions.java:69)
	at com.perficient.test.cat.catinspectweb.testcase.editinspection.TC2640_UpdatePicturesInEditInspectionPage.verify_TC2640_UpdatePicturesInEditInspectionPage(TC2640_UpdatePicturesInEditInspectionPage.java:135)
	at sun.reflect.NativeMethodAccessorImpl.invoke0(Native Method)
	at sun.reflect.NativeMethodAccessorImpl.invoke(Unknown Source)
	at sun.reflect.DelegatingMethodAccessorImpl.invoke(Unknown Source)
	at java.lang.reflect.Method.invoke(Unknown Source)
	at org.testng.internal.MethodInvocationHelper.invokeMethod(MethodInvocationHelper.java:84)
	at org.testng.internal.Invoker.invokeMethod(Invoker.java:714)
	at org.testng.internal.Invoker.invokeTestMethod(Invoker.java:901)
	at org.testng.internal.Invoker.invokeTestMethods(Invoker.java:1231)
	at org.testng.internal.TestMethodWorker.invokeTestMethods(TestMethodWorker.java:127)
	at org.testng.internal.TestMethodWorker.run(TestMethodWorker.java:111)
	at org.testng.TestRunner.privateRun(TestRunner.java:767)
	at org.testng.TestRunner.run(TestRunner.java:617)
	at org.testng.SuiteRunner.runTest(SuiteRunner.java:348)
	at org.testng.SuiteRunner.runSequentially(SuiteRunner.java:343)
	at org.testng.SuiteRunner.privateRun(SuiteRunner.java:305)
	at org.testng.SuiteRunner.run(SuiteRunner.java:254)
	at org.testng.SuiteRunnerWorker.runSuite(SuiteRunnerWorker.java:52)
	at org.testng.SuiteRunnerWorker.run(SuiteRunnerWorker.java:86)
	at org.testng.TestNG.runSuitesSequentially(TestNG.java:1224)
	at org.testng.TestNG.runSuitesLocally(TestNG.java:1149)
	at org.testng.TestNG.run(TestNG.java:1057)
	at org.testng.remote.AbstractRemoteTestNG.run(AbstractRemoteTestNG.java:114)
	at org.testng.remote.RemoteTestNG.initAndRun(RemoteTestNG.java:251)
	at org.testng.remote.RemoteTestNG.main(RemoteTestNG.java:77)
[18/01/25 10:27:51][INFO][com.perficient.test.cat.catinspectweb.util.CustomAssertion-428] .\errorImages\20180125102751.png
[18/01/25 10:27:51][INFO][com.perficient.test.cat.catinspectweb.util.CustomAssertion-451] StackTrace 0 is: java.lang.Thread.getStackTrace(Unknown Source)
[18/01/25 10:27:51][INFO][com.perficient.test.cat.catinspectweb.util.CustomAssertion-452] LineNumber for 0 stack trace is: -1
[18/01/25 10:27:51][INFO][com.perficient.test.cat.catinspectweb.util.CustomAssertion-451] StackTrace 1 is: com.perficient.test.cat.catinspectweb.util.CustomAssertion.logStackTraceInfo(CustomAssertion.java:451)
[18/01/25 10:27:51][INFO][com.perficient.test.cat.catinspectweb.util.CustomAssertion-452] LineNumber for 1 stack trace is: 452
[18/01/25 10:27:51][INFO][com.perficient.test.cat.catinspectweb.util.CustomAssertion-451] StackTrace 2 is: com.perficient.test.cat.catinspectweb.util.CustomAssertion.printError(CustomAssertion.java:429)
[18/01/25 10:27:51][INFO][com.perficient.test.cat.catinspectweb.util.CustomAssertion-452] LineNumber for 2 stack trace is: 429
[18/01/25 10:27:51][INFO][com.perficient.test.cat.catinspectweb.util.CustomAssertion-451] StackTrace 3 is: com.perficient.test.cat.catinspectweb.util.TestCaseBase.afterMethod(TestCaseBase.java:210)
[18/01/25 10:27:51][INFO][com.perficient.test.cat.catinspectweb.util.CustomAssertion-452] LineNumber for 3 stack trace is: 210
[18/01/25 10:27:51][INFO][com.perficient.test.cat.catinspectweb.util.CustomAssertion-451] StackTrace 4 is: sun.reflect.NativeMethodAccessorImpl.invoke0(Native Method)
[18/01/25 10:27:51][INFO][com.perficient.test.cat.catinspectweb.util.CustomAssertion-452] LineNumber for 4 stack trace is: -2
[18/01/25 10:27:51][INFO][com.perficient.test.cat.catinspectweb.util.CustomAssertion-451] StackTrace 5 is: sun.reflect.NativeMethodAccessorImpl.invoke(Unknown Source)
[18/01/25 10:27:51][INFO][com.perficient.test.cat.catinspectweb.util.CustomAssertion-452] LineNumber for 5 stack trace is: -1
[18/01/25 10:27:51][INFO][com.perficient.test.cat.catinspectweb.util.CustomAssertion-451] StackTrace 6 is: sun.reflect.DelegatingMethodAccessorImpl.invoke(Unknown Source)
[18/01/25 10:27:51][INFO][com.perficient.test.cat.catinspectweb.util.CustomAssertion-452] LineNumber for 6 stack trace is: -1
[18/01/25 10:27:51][INFO][com.perficient.test.cat.catinspectweb.util.CustomAssertion-455] StackTrace for Assert is: com.perficient.test.cat.catinspectweb.util.TestCaseBase.afterMethod(TestCaseBase.java:210)
[18/01/25 10:27:51][INFO][com.perficient.test.cat.catinspectweb.util.CustomAssertion-456] Assert LineNumber is: 210
[18/01/25 10:32:29][INFO][com.perficient.test.cat.catinspectweb.util.TestCaseBase-65] 20180125103229
[18/01/25 10:32:29][INFO][com.perficient.test.cat.catinspectweb.util.TestCaseBase-67] Delete screen shots generated 2 days ago.
[18/01/25 10:32:34][INFO][com.perficient.test.cat.catinspectweb.util.LogWebDriverEventListener-20] WebDriver navigating to:'https://catinspectweb-dev.cat.com/'
[18/01/25 10:33:28][INFO][com.perficient.test.cat.catinspectweb.util.LogWebDriverEventListener-106] Clicked the element found By.xpath: //input[@id='submitButton']
[18/01/25 10:33:31][INFO][com.perficient.test.cat.catinspectweb.util.LogWebDriverEventListener-106] Clicked the element found By.xpath: //select[@name='statusselect']
[18/01/25 10:33:33][INFO][com.perficient.test.cat.catinspectweb.util.LogWebDriverEventListener-106] Clicked the element found By.tagName: option
[18/01/25 10:33:36][INFO][com.perficient.test.cat.catinspectweb.util.LogWebDriverEventListener-106] Clicked the element found By.xpath: //td[@class='inspections-row']/a[@href='javascript:void(0)']
[18/01/25 10:33:43][INFO][com.perficient.test.cat.catinspectweb.util.LogWebDriverEventListener-75] Element is still not found By.xpath: //td[@class='inspections-row']/a[@href='javascript:void(0)']
[18/01/25 10:33:43][INFO][com.perficient.test.cat.catinspectweb.util.LogWebDriverEventListener-106] Clicked the element found By.xpath: //button[@class='btn btn-default']
[18/01/25 10:33:43][INFO][com.perficient.test.cat.catinspectweb.util.LogWebDriverEventListener-134] Click on the element find By.xpath: //a[@title= 'Details'] by javascript
[18/01/25 10:33:44][INFO][com.perficient.test.cat.catinspectweb.util.LogWebDriverEventListener-106] Clicked the element found By.xpath: //li[@class='toolbar-item']//a[contains(@href,'edit')]
[18/01/25 10:33:51][INFO][com.perficient.test.cat.catinspectweb.util.LogWebDriverEventListener-75] Element is still not found By.xpath: //li[@class='toolbar-item']//a[contains(@href,'edit')]
[18/01/25 10:33:52][INFO][com.perficient.test.cat.catinspectweb.util.FunctionUtil-1796] String: 1
[18/01/25 10:33:52][INFO][com.perficient.test.cat.catinspectweb.util.FunctionUtil-1797] WebElement: 1
[18/01/25 10:33:52][INFO][com.perficient.test.cat.catinspectweb.util.LogWebDriverEventListener-106] Clicked the element found By.xpath: //div[@class = 'cat_div cat_div_edit']
[18/01/25 10:33:55][INFO][com.perficient.test.cat.catinspectweb.util.LogWebDriverEventListener-75] Element is still not found By.xpath: //div[@class = 'cat_div cat_div_edit']
[18/01/25 10:33:55][INFO][com.perficient.test.cat.catinspectweb.util.LogWebDriverEventListener-106] Clicked the element found By.xpath: (//div[@class='ques_response'])[1]/following-sibling::div//a[@class='cat_button']
[18/01/25 10:33:57][INFO][com.perficient.test.cat.catinspectweb.util.LogWebDriverEventListener-106] Clicked the element found By.xpath: //button[@class = 'btn btn-danger']
[18/01/25 10:34:00][INFO][com.perficient.test.cat.catinspectweb.util.LogWebDriverEventListener-75] Element is still not found By.xpath: //button[@class = 'btn btn-danger']
[18/01/25 10:34:00][INFO][com.perficient.test.cat.catinspectweb.util.LogWebDriverEventListener-106] Clicked the element found By.xpath: (//div[@class='ques_response'])[1]/following-sibling::div//a[@class='cat_button']
[18/01/25 10:34:01][INFO][com.perficient.test.cat.catinspectweb.util.LogWebDriverEventListener-106] Clicked the element found By.xpath: //div[@class='modal-footer']//span[@class='glyphicon glyphicon-ok']
[18/01/25 10:34:07][INFO][com.perficient.test.cat.catinspectweb.util.LogWebDriverEventListener-75] Element is still not found By.xpath: //div[@class='modal-footer']//span[@class='glyphicon glyphicon-ok']
[18/01/25 10:34:10][INFO][com.perficient.test.cat.catinspectweb.util.LogWebDriverEventListener-75] Element is still not found By.xpath: //a[@class='thumbnail thumb-img inline-img dynSt']
[18/01/25 10:34:10][INFO][com.perficient.test.cat.catinspectweb.util.LogWebDriverEventListener-106] Clicked the element found By.xpath: (//div[@class='ques_response'])[1]/following-sibling::div//a[@class='cat_button']
[18/01/25 10:34:12][INFO][com.perficient.test.cat.catinspectweb.util.LogWebDriverEventListener-106] Clicked the element found By.xpath: //div[@class='modal-footer']//span[@class='glyphicon glyphicon-ok']
[18/01/25 10:34:18][INFO][com.perficient.test.cat.catinspectweb.util.LogWebDriverEventListener-75] Element is still not found By.xpath: //div[@class='modal-footer']//span[@class='glyphicon glyphicon-ok']
[18/01/25 10:34:21][INFO][com.perficient.test.cat.catinspectweb.util.LogWebDriverEventListener-75] Element is still not found By.xpath: //div[@class='modal-footer']//span[@class='glyphicon glyphicon-ok']
[18/01/25 10:34:21][INFO][com.perficient.test.cat.catinspectweb.util.LogWebDriverEventListener-106] Clicked the element found By.xpath: (//div[@class='ques_response'])[1]/following-sibling::div//a[@class='cat_button']
[18/01/25 10:34:22][INFO][com.perficient.test.cat.catinspectweb.util.LogWebDriverEventListener-106] Clicked the element found By.xpath: //div[@class='modal-footer']//span[@class='glyphicon glyphicon-ok']
[18/01/25 10:34:31][INFO][com.perficient.test.cat.catinspectweb.util.LogWebDriverEventListener-75] Element is still not found By.xpath: //div[@class='popup-dialog']
[18/01/25 10:34:32][INFO][com.perficient.test.cat.catinspectweb.util.LogWebDriverEventListener-106] Clicked the element found By.xpath: //img[@src and not(@class)]/../following-sibling::span
[18/01/25 10:34:39][INFO][com.perficient.test.cat.catinspectweb.util.LogWebDriverEventListener-106] Clicked the element found By.xpath: //div[@class='checkbox lft-align']/label
[18/01/25 10:34:39][INFO][com.perficient.test.cat.catinspectweb.util.LogWebDriverEventListener-106] Clicked the element found By.xpath: //div[@class='modal-footer']//span[@class='glyphicon glyphicon-ok']
[18/01/25 10:34:39][INFO][com.perficient.test.cat.catinspectweb.util.LogWebDriverEventListener-106] Clicked the element found By.xpath: //img[@src and not(@class)]/../following-sibling::span
[18/01/25 10:34:39][INFO][com.perficient.test.cat.catinspectweb.util.LogWebDriverEventListener-106] Clicked the element found By.xpath: //div[@class = 'cat_div cat_div_edit']
[18/01/25 10:34:39][INFO][com.perficient.test.cat.catinspectweb.util.LogWebDriverEventListener-134] Click on the element find By.xpath: //select[@name='SMUType'] by javascript
[18/01/25 10:34:40][INFO][com.perficient.test.cat.catinspectweb.util.LogWebDriverEventListener-106] Clicked the element found By.tagName: option
[18/01/25 10:34:41][INFO][com.perficient.test.cat.catinspectweb.util.LogWebDriverEventListener-134] Click on the element find By.xpath: //button[@type='submit'] by javascript
[18/01/25 10:34:42][INFO][com.perficient.test.cat.catinspectweb.util.LogWebDriverEventListener-106] Clicked the element found By.xpath: //div[@class='checkbox lft-align']
[18/01/25 10:34:42][INFO][com.perficient.test.cat.catinspectweb.util.LogWebDriverEventListener-106] Clicked the element found By.xpath: //div[@class='modal-footer']//span[@class='glyphicon glyphicon-ok']
[18/01/25 10:34:45][INFO][com.perficient.test.cat.catinspectweb.util.LogWebDriverEventListener-75] Element is still not found By.xpath: //div[@class='modal-footer']//span[@class='glyphicon glyphicon-ok']
[18/01/25 10:34:50][INFO][com.perficient.test.cat.catinspectweb.util.LogWebDriverEventListener-75] Element is still not found By.xpath: //div[@class='modal-footer']//span[@class='glyphicon glyphicon-ok']
[18/01/25 10:34:55][INFO][com.perficient.test.cat.catinspectweb.util.LogWebDriverEventListener-75] Element is still not found By.xpath: //div[@class='modal-footer']//span[@class='glyphicon glyphicon-ok']
[18/01/25 10:34:58][INFO][com.perficient.test.cat.catinspectweb.util.LogWebDriverEventListener-106] Clicked the element found By.xpath: //select[@name='statusselect']
[18/01/25 10:35:01][INFO][com.perficient.test.cat.catinspectweb.util.LogWebDriverEventListener-106] Clicked the element found By.tagName: option
[18/01/25 10:35:04][INFO][com.perficient.test.cat.catinspectweb.util.LogWebDriverEventListener-134] Click on the element find By.xpath: //a[@title= 'Details'] by javascript
[18/01/25 10:35:05][INFO][com.perficient.test.cat.catinspectweb.util.LogWebDriverEventListener-106] Clicked the element found By.xpath: //li[@class='toolbar-item']//a[contains(@href,'edit')]
[18/01/25 10:35:11][INFO][com.perficient.test.cat.catinspectweb.util.LogWebDriverEventListener-75] Element is still not found By.xpath: //li[@class='toolbar-item']//a[contains(@href,'edit')]
[18/01/25 10:35:11][INFO][com.perficient.test.cat.catinspectweb.util.LogWebDriverEventListener-134] Click on the element find By.xpath: //button[@type='submit'] by javascript
[18/01/25 10:35:15][INFO][com.perficient.test.cat.catinspectweb.util.CustomAssertion-409] .\errorImages\20180125103515.png
[18/01/25 10:35:15][INFO][com.perficient.test.cat.catinspectweb.util.CustomAssertion-451] StackTrace 0 is: java.lang.Thread.getStackTrace(Unknown Source)
[18/01/25 10:35:15][INFO][com.perficient.test.cat.catinspectweb.util.CustomAssertion-452] LineNumber for 0 stack trace is: -1
[18/01/25 10:35:15][INFO][com.perficient.test.cat.catinspectweb.util.CustomAssertion-451] StackTrace 1 is: com.perficient.test.cat.catinspectweb.util.CustomAssertion.logStackTraceInfo(CustomAssertion.java:451)
[18/01/25 10:35:15][INFO][com.perficient.test.cat.catinspectweb.util.CustomAssertion-452] LineNumber for 1 stack trace is: 452
[18/01/25 10:35:15][INFO][com.perficient.test.cat.catinspectweb.util.CustomAssertion-451] StackTrace 2 is: com.perficient.test.cat.catinspectweb.util.CustomAssertion.printError(CustomAssertion.java:410)
[18/01/25 10:35:15][INFO][com.perficient.test.cat.catinspectweb.util.CustomAssertion-452] LineNumber for 2 stack trace is: 410
[18/01/25 10:35:15][INFO][com.perficient.test.cat.catinspectweb.util.CustomAssertion-451] StackTrace 3 is: com.perficient.test.cat.catinspectweb.util.CustomAssertion.assertEquals(CustomAssertion.java:51)
[18/01/25 10:35:15][INFO][com.perficient.test.cat.catinspectweb.util.CustomAssertion-452] LineNumber for 3 stack trace is: 51
[18/01/25 10:35:15][INFO][com.perficient.test.cat.catinspectweb.util.CustomAssertion-451] StackTrace 4 is: com.perficient.test.cat.catinspectweb.testcase.editinspection.TC2640_UpdatePicturesInEditInspectionPage.verify_TC2640_UpdatePicturesInEditInspectionPage(TC2640_UpdatePicturesInEditInspectionPage.java:182)
[18/01/25 10:35:15][INFO][com.perficient.test.cat.catinspectweb.util.CustomAssertion-452] LineNumber for 4 stack trace is: 182
[18/01/25 10:35:15][INFO][com.perficient.test.cat.catinspectweb.util.CustomAssertion-451] StackTrace 5 is: sun.reflect.NativeMethodAccessorImpl.invoke0(Native Method)
[18/01/25 10:35:15][INFO][com.perficient.test.cat.catinspectweb.util.CustomAssertion-452] LineNumber for 5 stack trace is: -2
[18/01/25 10:35:15][INFO][com.perficient.test.cat.catinspectweb.util.CustomAssertion-451] StackTrace 6 is: sun.reflect.NativeMethodAccessorImpl.invoke(Unknown Source)
[18/01/25 10:35:15][INFO][com.perficient.test.cat.catinspectweb.util.CustomAssertion-452] LineNumber for 6 stack trace is: -1
[18/01/25 10:35:15][INFO][com.perficient.test.cat.catinspectweb.util.CustomAssertion-455] StackTrace for Assert is: com.perficient.test.cat.catinspectweb.util.CustomAssertion.assertEquals(CustomAssertion.java:51)
[18/01/25 10:35:15][INFO][com.perficient.test.cat.catinspectweb.util.CustomAssertion-456] Assert LineNumber is: 51
[18/01/25 10:39:46][INFO][com.perficient.test.cat.catinspectweb.util.TestCaseBase-65] 20180125103946
[18/01/25 10:39:46][INFO][com.perficient.test.cat.catinspectweb.util.TestCaseBase-67] Delete screen shots generated 2 days ago.
[18/01/25 10:39:52][INFO][com.perficient.test.cat.catinspectweb.util.LogWebDriverEventListener-20] WebDriver navigating to:'https://catinspectweb-dev.cat.com/'
[18/01/25 10:40:42][INFO][com.perficient.test.cat.catinspectweb.util.LogWebDriverEventListener-106] Clicked the element found By.xpath: //input[@id='submitButton']
[18/01/25 10:40:44][INFO][com.perficient.test.cat.catinspectweb.util.LogWebDriverEventListener-106] Clicked the element found By.xpath: //select[@name='statusselect']
[18/01/25 10:40:46][INFO][com.perficient.test.cat.catinspectweb.util.LogWebDriverEventListener-106] Clicked the element found By.tagName: option
[18/01/25 10:40:50][INFO][com.perficient.test.cat.catinspectweb.util.LogWebDriverEventListener-106] Clicked the element found By.xpath: //td[@class='inspections-row']/a[@href='javascript:void(0)']
[18/01/25 10:40:56][INFO][com.perficient.test.cat.catinspectweb.util.LogWebDriverEventListener-75] Element is still not found By.xpath: //td[@class='inspections-row']/a[@href='javascript:void(0)']
[18/01/25 10:40:56][INFO][com.perficient.test.cat.catinspectweb.util.LogWebDriverEventListener-106] Clicked the element found By.xpath: //button[@class='btn btn-default']
[18/01/25 10:40:56][INFO][com.perficient.test.cat.catinspectweb.util.LogWebDriverEventListener-134] Click on the element find By.xpath: //a[@title= 'Details'] by javascript
[18/01/25 10:40:57][INFO][com.perficient.test.cat.catinspectweb.util.LogWebDriverEventListener-106] Clicked the element found By.xpath: //li[@class='toolbar-item']//a[contains(@href,'edit')]
[18/01/25 10:41:04][INFO][com.perficient.test.cat.catinspectweb.util.LogWebDriverEventListener-75] Element is still not found By.xpath: //li[@class='toolbar-item']//a[contains(@href,'edit')]
[18/01/25 10:41:05][INFO][com.perficient.test.cat.catinspectweb.util.FunctionUtil-1796] String: 1
[18/01/25 10:41:05][INFO][com.perficient.test.cat.catinspectweb.util.FunctionUtil-1797] WebElement: 1
[18/01/25 10:41:05][INFO][com.perficient.test.cat.catinspectweb.util.LogWebDriverEventListener-106] Clicked the element found By.xpath: //div[@class = 'cat_div cat_div_edit']
[18/01/25 10:41:08][INFO][com.perficient.test.cat.catinspectweb.util.LogWebDriverEventListener-75] Element is still not found By.xpath: //div[@class = 'cat_div cat_div_edit']
[18/01/25 10:41:08][INFO][com.perficient.test.cat.catinspectweb.util.LogWebDriverEventListener-106] Clicked the element found By.xpath: (//div[@class='ques_response'])[1]/following-sibling::div//a[@class='cat_button']
[18/01/25 10:41:10][INFO][com.perficient.test.cat.catinspectweb.util.LogWebDriverEventListener-106] Clicked the element found By.xpath: //button[@class = 'btn btn-danger']
[18/01/25 10:41:13][INFO][com.perficient.test.cat.catinspectweb.util.LogWebDriverEventListener-75] Element is still not found By.xpath: //button[@class = 'btn btn-danger']
[18/01/25 10:41:13][INFO][com.perficient.test.cat.catinspectweb.util.LogWebDriverEventListener-106] Clicked the element found By.xpath: (//div[@class='ques_response'])[1]/following-sibling::div//a[@class='cat_button']
[18/01/25 10:41:14][INFO][com.perficient.test.cat.catinspectweb.util.LogWebDriverEventListener-106] Clicked the element found By.xpath: //div[@class='modal-footer']//span[@class='glyphicon glyphicon-ok']
[18/01/25 10:41:23][INFO][com.perficient.test.cat.catinspectweb.util.LogWebDriverEventListener-75] Element is still not found By.xpath: //div[@class='popup-dialog']
[18/01/25 10:41:26][INFO][com.perficient.test.cat.catinspectweb.util.LogWebDriverEventListener-75] Element is still not found By.xpath: //a[@class='thumbnail thumb-img inline-img dynSt']
[18/01/25 10:41:26][INFO][com.perficient.test.cat.catinspectweb.util.LogWebDriverEventListener-106] Clicked the element found By.xpath: (//div[@class='ques_response'])[1]/following-sibling::div//a[@class='cat_button']
[18/01/25 10:41:28][INFO][com.perficient.test.cat.catinspectweb.util.LogWebDriverEventListener-106] Clicked the element found By.xpath: //div[@class='modal-footer']//span[@class='glyphicon glyphicon-ok']
[18/01/25 10:41:37][INFO][com.perficient.test.cat.catinspectweb.util.LogWebDriverEventListener-75] Element is still not found By.xpath: //div[@class='modal-footer']//span[@class='glyphicon glyphicon-ok']
[18/01/25 10:41:40][INFO][com.perficient.test.cat.catinspectweb.util.LogWebDriverEventListener-75] Element is still not found By.xpath: //div[@class='modal-footer']//span[@class='glyphicon glyphicon-ok']
[18/01/25 10:41:40][INFO][com.perficient.test.cat.catinspectweb.util.LogWebDriverEventListener-106] Clicked the element found By.xpath: (//div[@class='ques_response'])[1]/following-sibling::div//a[@class='cat_button']
[18/01/25 10:41:41][INFO][com.perficient.test.cat.catinspectweb.util.LogWebDriverEventListener-106] Clicked the element found By.xpath: //div[@class='modal-footer']//span[@class='glyphicon glyphicon-ok']
[18/01/25 10:41:50][INFO][com.perficient.test.cat.catinspectweb.util.LogWebDriverEventListener-75] Element is still not found By.xpath: //div[@class='popup-dialog']
[18/01/25 10:41:51][INFO][com.perficient.test.cat.catinspectweb.util.LogWebDriverEventListener-106] Clicked the element found By.xpath: //img[@src and not(@class)]/../following-sibling::span
[18/01/25 10:41:54][INFO][com.perficient.test.cat.catinspectweb.util.LogWebDriverEventListener-106] Clicked the element found By.xpath: //div[@class='checkbox lft-align']/label
[18/01/25 10:41:54][INFO][com.perficient.test.cat.catinspectweb.util.LogWebDriverEventListener-106] Clicked the element found By.xpath: //div[@class='modal-footer']//span[@class='glyphicon glyphicon-ok']
[18/01/25 10:41:55][INFO][com.perficient.test.cat.catinspectweb.util.LogWebDriverEventListener-106] Clicked the element found By.xpath: //img[@src and not(@class)]/../following-sibling::span
[18/01/25 10:41:55][INFO][com.perficient.test.cat.catinspectweb.util.LogWebDriverEventListener-106] Clicked the element found By.xpath: //div[@class = 'cat_div cat_div_edit']
[18/01/25 10:41:55][INFO][com.perficient.test.cat.catinspectweb.util.LogWebDriverEventListener-134] Click on the element find By.xpath: //select[@name='SMUType'] by javascript
[18/01/25 10:41:56][INFO][com.perficient.test.cat.catinspectweb.util.LogWebDriverEventListener-106] Clicked the element found By.tagName: option
[18/01/25 10:41:56][INFO][com.perficient.test.cat.catinspectweb.util.LogWebDriverEventListener-134] Click on the element find By.xpath: //button[@type='submit'] by javascript
[18/01/25 10:41:58][INFO][com.perficient.test.cat.catinspectweb.util.LogWebDriverEventListener-106] Clicked the element found By.xpath: //div[@class='checkbox lft-align']
[18/01/25 10:41:58][INFO][com.perficient.test.cat.catinspectweb.util.LogWebDriverEventListener-106] Clicked the element found By.xpath: //div[@class='modal-footer']//span[@class='glyphicon glyphicon-ok']
[18/01/25 10:42:01][INFO][com.perficient.test.cat.catinspectweb.util.LogWebDriverEventListener-75] Element is still not found By.xpath: //div[@class='modal-footer']//span[@class='glyphicon glyphicon-ok']
[18/01/25 10:42:04][INFO][com.perficient.test.cat.catinspectweb.util.LogWebDriverEventListener-106] Clicked the element found By.xpath: //select[@name='statusselect']
[18/01/25 10:42:06][INFO][com.perficient.test.cat.catinspectweb.util.LogWebDriverEventListener-106] Clicked the element found By.tagName: option
[18/01/25 10:42:09][INFO][com.perficient.test.cat.catinspectweb.util.LogWebDriverEventListener-134] Click on the element find By.xpath: //a[@title= 'Details'] by javascript
[18/01/25 10:42:11][INFO][com.perficient.test.cat.catinspectweb.util.LogWebDriverEventListener-106] Clicked the element found By.xpath: //li[@class='toolbar-item']//a[contains(@href,'edit')]
[18/01/25 10:42:17][INFO][com.perficient.test.cat.catinspectweb.util.LogWebDriverEventListener-75] Element is still not found By.xpath: //li[@class='toolbar-item']//a[contains(@href,'edit')]
[18/01/25 10:42:17][INFO][com.perficient.test.cat.catinspectweb.util.LogWebDriverEventListener-134] Click on the element find By.xpath: //button[@type='submit'] by javascript
[18/01/25 10:46:00][INFO][com.perficient.test.cat.catinspectweb.util.TestCaseBase-65] 20180125104600
[18/01/25 10:46:00][INFO][com.perficient.test.cat.catinspectweb.util.TestCaseBase-67] Delete screen shots generated 2 days ago.
[18/01/25 10:46:05][INFO][com.perficient.test.cat.catinspectweb.util.LogWebDriverEventListener-20] WebDriver navigating to:'https://catinspectweb-dev.cat.com/'
[18/01/25 10:46:52][INFO][com.perficient.test.cat.catinspectweb.util.LogWebDriverEventListener-106] Clicked the element found By.xpath: //input[@id='submitButton']
[18/01/25 10:46:55][INFO][com.perficient.test.cat.catinspectweb.util.LogWebDriverEventListener-106] Clicked the element found By.xpath: //select[@name='statusselect']
[18/01/25 10:46:57][INFO][com.perficient.test.cat.catinspectweb.util.LogWebDriverEventListener-106] Clicked the element found By.tagName: option
[18/01/25 10:47:04][INFO][com.perficient.test.cat.catinspectweb.util.CustomAssertion-428] .\errorImages\20180125104704.png
[18/01/25 10:47:04][INFO][com.perficient.test.cat.catinspectweb.util.CustomAssertion-451] StackTrace 0 is: java.lang.Thread.getStackTrace(Unknown Source)
[18/01/25 10:47:04][INFO][com.perficient.test.cat.catinspectweb.util.CustomAssertion-452] LineNumber for 0 stack trace is: -1
[18/01/25 10:47:04][INFO][com.perficient.test.cat.catinspectweb.util.CustomAssertion-451] StackTrace 1 is: com.perficient.test.cat.catinspectweb.util.CustomAssertion.logStackTraceInfo(CustomAssertion.java:451)
[18/01/25 10:47:04][INFO][com.perficient.test.cat.catinspectweb.util.CustomAssertion-452] LineNumber for 1 stack trace is: 452
[18/01/25 10:47:04][INFO][com.perficient.test.cat.catinspectweb.util.CustomAssertion-451] StackTrace 2 is: com.perficient.test.cat.catinspectweb.util.CustomAssertion.printError(CustomAssertion.java:429)
[18/01/25 10:47:04][INFO][com.perficient.test.cat.catinspectweb.util.CustomAssertion-452] LineNumber for 2 stack trace is: 429
[18/01/25 10:47:04][INFO][com.perficient.test.cat.catinspectweb.util.CustomAssertion-451] StackTrace 3 is: com.perficient.test.cat.catinspectweb.util.TestCaseBase.afterMethod(TestCaseBase.java:210)
[18/01/25 10:47:04][INFO][com.perficient.test.cat.catinspectweb.util.CustomAssertion-452] LineNumber for 3 stack trace is: 210
[18/01/25 10:47:04][INFO][com.perficient.test.cat.catinspectweb.util.CustomAssertion-451] StackTrace 4 is: sun.reflect.NativeMethodAccessorImpl.invoke0(Native Method)
[18/01/25 10:47:04][INFO][com.perficient.test.cat.catinspectweb.util.CustomAssertion-452] LineNumber for 4 stack trace is: -2
[18/01/25 10:47:04][INFO][com.perficient.test.cat.catinspectweb.util.CustomAssertion-451] StackTrace 5 is: sun.reflect.NativeMethodAccessorImpl.invoke(Unknown Source)
[18/01/25 10:47:04][INFO][com.perficient.test.cat.catinspectweb.util.CustomAssertion-452] LineNumber for 5 stack trace is: -1
[18/01/25 10:47:04][INFO][com.perficient.test.cat.catinspectweb.util.CustomAssertion-451] StackTrace 6 is: sun.reflect.DelegatingMethodAccessorImpl.invoke(Unknown Source)
[18/01/25 10:47:04][INFO][com.perficient.test.cat.catinspectweb.util.CustomAssertion-452] LineNumber for 6 stack trace is: -1
[18/01/25 10:47:04][INFO][com.perficient.test.cat.catinspectweb.util.CustomAssertion-455] StackTrace for Assert is: com.perficient.test.cat.catinspectweb.util.TestCaseBase.afterMethod(TestCaseBase.java:210)
[18/01/25 10:47:04][INFO][com.perficient.test.cat.catinspectweb.util.CustomAssertion-456] Assert LineNumber is: 210
[18/01/25 10:51:15][INFO][com.perficient.test.cat.catinspectweb.util.TestCaseBase-65] 20180125105115
[18/01/25 10:51:15][INFO][com.perficient.test.cat.catinspectweb.util.TestCaseBase-67] Delete screen shots generated 2 days ago.
[18/01/25 10:51:20][INFO][com.perficient.test.cat.catinspectweb.util.LogWebDriverEventListener-20] WebDriver navigating to:'https://catinspectweb-dev.cat.com/'
[18/01/25 10:52:21][INFO][com.perficient.test.cat.catinspectweb.util.LogWebDriverEventListener-106] Clicked the element found By.xpath: //input[@id='submitButton']
[18/01/25 10:52:24][INFO][com.perficient.test.cat.catinspectweb.util.LogWebDriverEventListener-106] Clicked the element found By.xpath: //select[@name='statusselect']
[18/01/25 10:52:26][INFO][com.perficient.test.cat.catinspectweb.util.LogWebDriverEventListener-106] Clicked the element found By.tagName: option
[18/01/25 10:52:30][INFO][com.perficient.test.cat.catinspectweb.util.LogWebDriverEventListener-134] Click on the element find By.xpath: //td[contains(@class, 'icons-col')]//a[@title='Details'] by javascript
[18/01/25 10:52:32][INFO][com.perficient.test.cat.catinspectweb.util.LogWebDriverEventListener-106] Clicked the element found By.xpath: //li[@class='toolbar-item']//a[contains(@href,'edit')]
[18/01/25 10:52:38][INFO][com.perficient.test.cat.catinspectweb.util.LogWebDriverEventListener-75] Element is still not found By.xpath: //li[@class='toolbar-item']//a[contains(@href,'edit')]
[18/01/25 10:52:38][INFO][com.perficient.test.cat.catinspectweb.util.LogWebDriverEventListener-106] Clicked the element found By.xpath: //div[@class = 'cat_div cat_div_edit']
[18/01/25 10:52:39][INFO][com.perficient.test.cat.catinspectweb.util.LogWebDriverEventListener-134] Click on the element find By.xpath: //select[@name='SMUType'] by javascript
[18/01/25 10:52:40][INFO][com.perficient.test.cat.catinspectweb.util.LogWebDriverEventListener-106] Clicked the element found By.tagName: option
[18/01/25 10:52:40][INFO][com.perficient.test.cat.catinspectweb.util.LogWebDriverEventListener-134] Click on the element find By.xpath: //button[@type='submit'] by javascript
[18/01/25 10:52:43][INFO][com.perficient.test.cat.catinspectweb.util.LogWebDriverEventListener-106] Clicked the element found By.xpath: //div[@class='modal-content']//span[@class='glyphicon glyphicon-ok']
[18/01/25 10:52:52][INFO][com.perficient.test.cat.catinspectweb.util.LogWebDriverEventListener-75] Element is still not found By.xpath: //div[@class='loader_outer_div']
[18/01/25 10:52:55][INFO][com.perficient.test.cat.catinspectweb.util.LogWebDriverEventListener-106] Clicked the element found By.xpath: //select[@name='statusselect']
[18/01/25 10:52:57][INFO][com.perficient.test.cat.catinspectweb.util.LogWebDriverEventListener-106] Clicked the element found By.tagName: option
[18/01/25 10:53:03][INFO][com.perficient.test.cat.catinspectweb.util.CustomAssertion-428] .\errorImages\20180125105303.png
[18/01/25 10:53:03][INFO][com.perficient.test.cat.catinspectweb.util.CustomAssertion-451] StackTrace 0 is: java.lang.Thread.getStackTrace(Unknown Source)
[18/01/25 10:53:03][INFO][com.perficient.test.cat.catinspectweb.util.CustomAssertion-452] LineNumber for 0 stack trace is: -1
[18/01/25 10:53:03][INFO][com.perficient.test.cat.catinspectweb.util.CustomAssertion-451] StackTrace 1 is: com.perficient.test.cat.catinspectweb.util.CustomAssertion.logStackTraceInfo(CustomAssertion.java:451)
[18/01/25 10:53:03][INFO][com.perficient.test.cat.catinspectweb.util.CustomAssertion-452] LineNumber for 1 stack trace is: 452
[18/01/25 10:53:03][INFO][com.perficient.test.cat.catinspectweb.util.CustomAssertion-451] StackTrace 2 is: com.perficient.test.cat.catinspectweb.util.CustomAssertion.printError(CustomAssertion.java:429)
[18/01/25 10:53:03][INFO][com.perficient.test.cat.catinspectweb.util.CustomAssertion-452] LineNumber for 2 stack trace is: 429
[18/01/25 10:53:03][INFO][com.perficient.test.cat.catinspectweb.util.CustomAssertion-451] StackTrace 3 is: com.perficient.test.cat.catinspectweb.util.TestCaseBase.afterMethod(TestCaseBase.java:210)
[18/01/25 10:53:03][INFO][com.perficient.test.cat.catinspectweb.util.CustomAssertion-452] LineNumber for 3 stack trace is: 210
[18/01/25 10:53:03][INFO][com.perficient.test.cat.catinspectweb.util.CustomAssertion-451] StackTrace 4 is: sun.reflect.NativeMethodAccessorImpl.invoke0(Native Method)
[18/01/25 10:53:03][INFO][com.perficient.test.cat.catinspectweb.util.CustomAssertion-452] LineNumber for 4 stack trace is: -2
[18/01/25 10:53:03][INFO][com.perficient.test.cat.catinspectweb.util.CustomAssertion-451] StackTrace 5 is: sun.reflect.NativeMethodAccessorImpl.invoke(Unknown Source)
[18/01/25 10:53:03][INFO][com.perficient.test.cat.catinspectweb.util.CustomAssertion-452] LineNumber for 5 stack trace is: -1
[18/01/25 10:53:03][INFO][com.perficient.test.cat.catinspectweb.util.CustomAssertion-451] StackTrace 6 is: sun.reflect.DelegatingMethodAccessorImpl.invoke(Unknown Source)
[18/01/25 10:53:03][INFO][com.perficient.test.cat.catinspectweb.util.CustomAssertion-452] LineNumber for 6 stack trace is: -1
[18/01/25 10:53:03][INFO][com.perficient.test.cat.catinspectweb.util.CustomAssertion-455] StackTrace for Assert is: com.perficient.test.cat.catinspectweb.util.TestCaseBase.afterMethod(TestCaseBase.java:210)
[18/01/25 10:53:03][INFO][com.perficient.test.cat.catinspectweb.util.CustomAssertion-456] Assert LineNumber is: 210
[18/01/25 10:56:22][INFO][com.perficient.test.cat.catinspectweb.util.TestCaseBase-65] 20180125105622
[18/01/25 10:56:22][INFO][com.perficient.test.cat.catinspectweb.util.TestCaseBase-67] Delete screen shots generated 2 days ago.
[18/01/25 10:56:26][ERROR][com.perficient.test.cat.catinspectweb.util.TestCaseBase-200] Driver have quited by other thread or by hand.
[18/01/25 10:57:06][INFO][com.perficient.test.cat.catinspectweb.util.TestCaseBase-65] 20180125105706
[18/01/25 10:57:06][INFO][com.perficient.test.cat.catinspectweb.util.TestCaseBase-67] Delete screen shots generated 2 days ago.
[18/01/25 10:57:11][INFO][com.perficient.test.cat.catinspectweb.util.LogWebDriverEventListener-20] WebDriver navigating to:'https://catinspectweb-dev.cat.com/'
[18/01/25 10:58:10][INFO][com.perficient.test.cat.catinspectweb.util.LogWebDriverEventListener-106] Clicked the element found By.xpath: //input[@id='submitButton']
[18/01/25 10:58:12][INFO][com.perficient.test.cat.catinspectweb.util.LogWebDriverEventListener-106] Clicked the element found By.xpath: //select[@name='statusselect']
[18/01/25 10:58:14][INFO][com.perficient.test.cat.catinspectweb.util.LogWebDriverEventListener-106] Clicked the element found By.tagName: option
[18/01/25 10:58:18][INFO][com.perficient.test.cat.catinspectweb.util.LogWebDriverEventListener-134] Click on the element find By.xpath: //td[contains(@class, 'icons-col')]//a[@title='Details'] by javascript
[18/01/25 10:58:19][INFO][com.perficient.test.cat.catinspectweb.util.LogWebDriverEventListener-106] Clicked the element found By.xpath: //li[@class='toolbar-item']//a[contains(@href,'edit')]
[18/01/25 10:58:28][INFO][com.perficient.test.cat.catinspectweb.util.LogWebDriverEventListener-75] Element is still not found By.xpath: //div[@class='loader_outer_div']
[18/01/25 10:58:28][INFO][com.perficient.test.cat.catinspectweb.util.LogWebDriverEventListener-106] Clicked the element found By.xpath: //div[@class = 'cat_div cat_div_edit']
[18/01/25 10:58:29][INFO][com.perficient.test.cat.catinspectweb.util.LogWebDriverEventListener-134] Click on the element find By.xpath: //select[@name='SMUType'] by javascript
[18/01/25 10:58:30][INFO][com.perficient.test.cat.catinspectweb.util.LogWebDriverEventListener-106] Clicked the element found By.tagName: option
[18/01/25 10:58:30][INFO][com.perficient.test.cat.catinspectweb.util.LogWebDriverEventListener-134] Click on the element find By.xpath: //button[@type='submit'] by javascript
[18/01/25 10:58:33][INFO][com.perficient.test.cat.catinspectweb.util.LogWebDriverEventListener-106] Clicked the element found By.xpath: //div[@class='modal-content']//span[@class='glyphicon glyphicon-ok']
[18/01/25 10:58:42][INFO][com.perficient.test.cat.catinspectweb.util.LogWebDriverEventListener-75] Element is still not found By.xpath: //div[@class='loader_outer_div']
[18/01/25 10:58:45][INFO][com.perficient.test.cat.catinspectweb.util.LogWebDriverEventListener-106] Clicked the element found By.xpath: //select[@name='statusselect']
[18/01/25 10:58:47][INFO][com.perficient.test.cat.catinspectweb.util.LogWebDriverEventListener-106] Clicked the element found By.tagName: option
[18/01/25 10:58:50][INFO][com.perficient.test.cat.catinspectweb.util.LogWebDriverEventListener-134] Click on the element find By.xpath: //a[@title='PDF'] by javascript
[18/01/25 10:59:01][INFO][com.perficient.test.cat.catinspectweb.util.LogWebDriverEventListener-106] Clicked the element found By.xpath: //span[@class = 'glyphicon glyphicon-save']
[18/01/25 11:06:09][INFO][com.perficient.test.cat.catinspectweb.util.TestCaseBase-65] 20180125110609
[18/01/25 11:06:09][INFO][com.perficient.test.cat.catinspectweb.util.TestCaseBase-67] Delete screen shots generated 2 days ago.
[18/01/25 11:06:15][INFO][com.perficient.test.cat.catinspectweb.util.LogWebDriverEventListener-20] WebDriver navigating to:'https://catinspectweb-dev.cat.com/'
[18/01/25 11:07:07][INFO][com.perficient.test.cat.catinspectweb.util.LogWebDriverEventListener-106] Clicked the element found By.xpath: //input[@id='submitButton']
[18/01/25 11:07:10][INFO][com.perficient.test.cat.catinspectweb.util.LogWebDriverEventListener-106] Clicked the element found By.xpath: //span[@class='create']
[18/01/25 11:07:10][INFO][com.perficient.test.cat.catinspectweb.util.LogWebDriverEventListener-106] Clicked the element found By.xpath: //Select[@id='formType']
[18/01/25 11:07:13][INFO][com.perficient.test.cat.catinspectweb.util.LogWebDriverEventListener-106] Clicked the element found By.tagName: option
[18/01/25 11:07:13][INFO][com.perficient.test.cat.catinspectweb.util.LogWebDriverEventListener-106] Clicked the element found By.xpath: //select[@id='formFamily']
[18/01/25 11:07:16][INFO][com.perficient.test.cat.catinspectweb.util.LogWebDriverEventListener-106] Clicked the element found By.tagName: option
[18/01/25 11:07:16][INFO][com.perficient.test.cat.catinspectweb.util.LogWebDriverEventListener-134] Click on the element find By.xpath: //button[@class = 'btn btn-sm btn-warning pull-right'] by javascript
[18/01/25 11:07:20][INFO][com.perficient.test.cat.catinspectweb.util.LogWebDriverEventListener-134] Click on the element find By.xpath: //input[@id = 'cloneForm'] by javascript
[18/01/25 11:07:21][INFO][com.perficient.test.cat.catinspectweb.util.LogWebDriverEventListener-106] Clicked the element found By.xpath: //a[@title='Next']
[18/01/25 11:07:23][INFO][com.perficient.test.cat.catinspectweb.util.LogWebDriverEventListener-106] Clicked the element found By.xpath: //button[@class = 'btn btn-success']
[18/01/25 11:07:23][INFO][com.perficient.test.cat.catinspectweb.util.LogWebDriverEventListener-106] Clicked the element found By.xpath: (//div[@class='panel-heading']//a[@class='pull-left'])[1]
[18/01/25 11:07:24][INFO][com.perficient.test.cat.catinspectweb.util.LogWebDriverEventListener-106] Clicked the element found By.xpath: //Select[@id='formType']
[18/01/25 11:07:26][INFO][com.perficient.test.cat.catinspectweb.util.LogWebDriverEventListener-106] Clicked the element found By.tagName: option
[18/01/25 11:07:26][INFO][com.perficient.test.cat.catinspectweb.util.LogWebDriverEventListener-106] Clicked the element found By.xpath: //button[@class = 'btn btn-success']
[18/01/25 11:07:26][INFO][com.perficient.test.cat.catinspectweb.util.LogWebDriverEventListener-106] Clicked the element found By.xpath: //select[@id='formFamily']
[18/01/25 11:07:29][INFO][com.perficient.test.cat.catinspectweb.util.LogWebDriverEventListener-106] Clicked the element found By.tagName: option
[18/01/25 11:07:29][INFO][com.perficient.test.cat.catinspectweb.util.LogWebDriverEventListener-106] Clicked the element found By.xpath: //a[@title='Next']
[18/01/25 11:07:29][INFO][com.perficient.test.cat.catinspectweb.util.LogWebDriverEventListener-106] Clicked the element found By.xpath: //a[@title='Next']
[18/01/25 11:07:29][INFO][com.perficient.test.cat.catinspectweb.util.LogWebDriverEventListener-106] Clicked the element found By.xpath: //a[@title='Next']
[18/01/25 11:07:29][INFO][com.perficient.test.cat.catinspectweb.util.LogWebDriverEventListener-106] Clicked the element found By.xpath: //div[@class='pull-right cat_process form-creation-heading']//a[@title='Publish']
[18/01/25 11:07:30][INFO][com.perficient.test.cat.catinspectweb.util.LogWebDriverEventListener-106] Clicked the element found By.xpath: //button[@class = 'btn btn-success']
[18/01/25 11:07:33][INFO][com.perficient.test.cat.catinspectweb.util.LogWebDriverEventListener-106] Clicked the element found By.xpath: //button[@class = 'btn btn-success']
[18/01/25 11:07:33][INFO][com.perficient.test.cat.catinspectweb.util.LogWebDriverEventListener-134] Click on the element find By.xpath: //span[@class='manage_form'] by javascript
[18/01/25 11:07:34][INFO][com.perficient.test.cat.catinspectweb.util.LogWebDriverEventListener-106] Clicked the element found By.xpath: //div[@class='col-xs-6']//select[contains(@class,'cat_status_select')]
[18/01/25 11:07:37][INFO][com.perficient.test.cat.catinspectweb.util.LogWebDriverEventListener-106] Clicked the element found By.tagName: option
[18/01/25 11:07:37][INFO][com.perficient.test.cat.catinspectweb.util.LogWebDriverEventListener-106] Clicked the element found By.xpath: //span[@class='glyphicon glyphicon-search']
[18/01/25 11:11:00][INFO][com.perficient.test.cat.catinspectweb.util.TestCaseBase-65] 20180125111100
[18/01/25 11:11:00][INFO][com.perficient.test.cat.catinspectweb.util.TestCaseBase-67] Delete screen shots generated 2 days ago.
[18/01/25 11:11:21][ERROR][com.perficient.test.cat.catinspectweb.util.TestCaseBase-200] Driver have quited by other thread or by hand.
[18/01/25 11:11:31][INFO][com.perficient.test.cat.catinspectweb.util.TestCaseBase-65] 20180125111131
[18/01/25 11:11:31][INFO][com.perficient.test.cat.catinspectweb.util.TestCaseBase-67] Delete screen shots generated 2 days ago.
[18/01/25 11:11:37][INFO][com.perficient.test.cat.catinspectweb.util.LogWebDriverEventListener-20] WebDriver navigating to:'https://catinspectweb-dev.cat.com/'
[18/01/25 11:12:31][INFO][com.perficient.test.cat.catinspectweb.util.LogWebDriverEventListener-106] Clicked the element found By.xpath: //input[@id='submitButton']
[18/01/25 11:12:33][INFO][com.perficient.test.cat.catinspectweb.util.LogWebDriverEventListener-106] Clicked the element found By.xpath: //span[@class='create']
[18/01/25 11:12:36][INFO][com.perficient.test.cat.catinspectweb.util.LogWebDriverEventListener-106] Clicked the element found By.xpath: //Select[@id='formType']
[18/01/25 11:12:38][INFO][com.perficient.test.cat.catinspectweb.util.LogWebDriverEventListener-106] Clicked the element found By.tagName: option
[18/01/25 11:12:40][INFO][com.perficient.test.cat.catinspectweb.util.LogWebDriverEventListener-106] Clicked the element found By.xpath: //select[@id='formFamily']
[18/01/25 11:12:43][INFO][com.perficient.test.cat.catinspectweb.util.LogWebDriverEventListener-106] Clicked the element found By.tagName: option
[18/01/25 11:12:43][INFO][com.perficient.test.cat.catinspectweb.util.LogWebDriverEventListener-106] Clicked the element found By.xpath: //button[@class = 'btn btn-sm btn-warning pull-right']
[18/01/25 11:12:47][INFO][com.perficient.test.cat.catinspectweb.util.LogWebDriverEventListener-134] Click on the element find By.xpath: //input[@id = 'cloneForm'] by javascript
[18/01/25 11:12:48][INFO][com.perficient.test.cat.catinspectweb.util.LogWebDriverEventListener-106] Clicked the element found By.xpath: //a[@title='Next']
[18/01/25 11:12:48][INFO][com.perficient.test.cat.catinspectweb.util.LogWebDriverEventListener-106] Clicked the element found By.xpath: //button[@class ='btn btn-danger' ]
[18/01/25 11:12:48][INFO][com.perficient.test.cat.catinspectweb.util.LogWebDriverEventListener-106] Clicked the element found By.xpath: //a[@title='Next']
[18/01/25 11:12:49][INFO][com.perficient.test.cat.catinspectweb.util.LogWebDriverEventListener-106] Clicked the element found By.xpath: //button[@class = 'btn btn-success']
[18/01/25 11:12:50][INFO][com.perficient.test.cat.catinspectweb.util.LogWebDriverEventListener-106] Clicked the element found By.xpath: //a[@title='Next']
[18/01/25 11:12:50][ERROR][com.perficient.test.cat.catinspectweb.util.LogWebDriverEventListener-77] WebDriver error:
org.openqa.selenium.UnsupportedCommandException: actions
Build info: version: '3.7.1', revision: '8a0099a', time: '2017-11-06T21:01:39.354Z'
System info: host: 'H2600-0463L', ip: '10.2.7.38', os.name: 'Windows 7', os.arch: 'amd64', os.version: '6.1', java.version: '1.8.0_151'
Driver info: driver.version: EventFiringWebDriver
	at org.openqa.selenium.remote.http.AbstractHttpCommandCodec.encode(AbstractHttpCommandCodec.java:219)
	at org.openqa.selenium.remote.http.AbstractHttpCommandCodec.encode(AbstractHttpCommandCodec.java:118)
	at org.openqa.selenium.remote.HttpCommandExecutor.execute(HttpCommandExecutor.java:158)
	at org.openqa.selenium.remote.service.DriverCommandExecutor.execute(DriverCommandExecutor.java:83)
	at org.openqa.selenium.remote.RemoteWebDriver.execute(RemoteWebDriver.java:600)
	at org.openqa.selenium.remote.RemoteWebDriver.perform(RemoteWebDriver.java:666)
	at sun.reflect.NativeMethodAccessorImpl.invoke0(Native Method)
	at sun.reflect.NativeMethodAccessorImpl.invoke(Unknown Source)
	at sun.reflect.DelegatingMethodAccessorImpl.invoke(Unknown Source)
	at java.lang.reflect.Method.invoke(Unknown Source)
	at org.openqa.selenium.support.events.EventFiringWebDriver$2.invoke(EventFiringWebDriver.java:109)
	at com.sun.proxy.$Proxy11.perform(Unknown Source)
	at org.openqa.selenium.support.events.EventFiringWebDriver.perform(EventFiringWebDriver.java:342)
	at org.openqa.selenium.interactions.Actions$BuiltAction.perform(Actions.java:638)
	at org.openqa.selenium.interactions.Actions.perform(Actions.java:594)
	at com.perficient.test.cat.catinspectweb.util.FunctionUtil.hoverOver(FunctionUtil.java:2692)
	at com.perficient.test.cat.catinspectweb.util.CustomizedFunctionUtil.hoverOver(CustomizedFunctionUtil.java:25)
	at com.perficient.test.cat.catinspectweb.testcase.createform.TC2627_ViewPdfFileWhenCloneForm.Verify_TC2627_ViewPdfFileWhenCloneForm(TC2627_ViewPdfFileWhenCloneForm.java:75)
	at sun.reflect.NativeMethodAccessorImpl.invoke0(Native Method)
	at sun.reflect.NativeMethodAccessorImpl.invoke(Unknown Source)
	at sun.reflect.DelegatingMethodAccessorImpl.invoke(Unknown Source)
	at java.lang.reflect.Method.invoke(Unknown Source)
	at org.testng.internal.MethodInvocationHelper.invokeMethod(MethodInvocationHelper.java:84)
	at org.testng.internal.Invoker.invokeMethod(Invoker.java:714)
	at org.testng.internal.Invoker.invokeTestMethod(Invoker.java:901)
	at org.testng.internal.Invoker.invokeTestMethods(Invoker.java:1231)
	at org.testng.internal.TestMethodWorker.invokeTestMethods(TestMethodWorker.java:127)
	at org.testng.internal.TestMethodWorker.run(TestMethodWorker.java:111)
	at org.testng.TestRunner.privateRun(TestRunner.java:767)
	at org.testng.TestRunner.run(TestRunner.java:617)
	at org.testng.SuiteRunner.runTest(SuiteRunner.java:348)
	at org.testng.SuiteRunner.runSequentially(SuiteRunner.java:343)
	at org.testng.SuiteRunner.privateRun(SuiteRunner.java:305)
	at org.testng.SuiteRunner.run(SuiteRunner.java:254)
	at org.testng.SuiteRunnerWorker.runSuite(SuiteRunnerWorker.java:52)
	at org.testng.SuiteRunnerWorker.run(SuiteRunnerWorker.java:86)
	at org.testng.TestNG.runSuitesSequentially(TestNG.java:1224)
	at org.testng.TestNG.runSuitesLocally(TestNG.java:1149)
	at org.testng.TestNG.run(TestNG.java:1057)
	at org.testng.remote.AbstractRemoteTestNG.run(AbstractRemoteTestNG.java:114)
	at org.testng.remote.RemoteTestNG.initAndRun(RemoteTestNG.java:251)
	at org.testng.remote.RemoteTestNG.main(RemoteTestNG.java:77)
[18/01/25 11:12:51][INFO][com.perficient.test.cat.catinspectweb.util.LogWebDriverEventListener-106] Clicked the element found By.xpath: //span[@class = 'glyphicon glyphicon-edit glyphicon-yellow gly-right']
[18/01/25 11:12:55][INFO][com.perficient.test.cat.catinspectweb.util.LogWebDriverEventListener-75] Element is still not found By.xpath: //span[contains(@class, 'glyphicon-download-alt')]
[18/01/25 11:12:55][INFO][com.perficient.test.cat.catinspectweb.util.CustomAssertion-402] .\errorImages\20180125111255.png
[18/01/25 11:12:55][INFO][com.perficient.test.cat.catinspectweb.util.CustomAssertion-451] StackTrace 0 is: java.lang.Thread.getStackTrace(Unknown Source)
[18/01/25 11:12:55][INFO][com.perficient.test.cat.catinspectweb.util.CustomAssertion-452] LineNumber for 0 stack trace is: -1
[18/01/25 11:12:55][INFO][com.perficient.test.cat.catinspectweb.util.CustomAssertion-451] StackTrace 1 is: com.perficient.test.cat.catinspectweb.util.CustomAssertion.logStackTraceInfo(CustomAssertion.java:451)
[18/01/25 11:12:55][INFO][com.perficient.test.cat.catinspectweb.util.CustomAssertion-452] LineNumber for 1 stack trace is: 452
[18/01/25 11:12:55][INFO][com.perficient.test.cat.catinspectweb.util.CustomAssertion-451] StackTrace 2 is: com.perficient.test.cat.catinspectweb.util.CustomAssertion.printError(CustomAssertion.java:403)
[18/01/25 11:12:55][INFO][com.perficient.test.cat.catinspectweb.util.CustomAssertion-452] LineNumber for 2 stack trace is: 403
[18/01/25 11:12:55][INFO][com.perficient.test.cat.catinspectweb.util.CustomAssertion-451] StackTrace 3 is: com.perficient.test.cat.catinspectweb.util.CustomAssertion.assertTrue(CustomAssertion.java:313)
[18/01/25 11:12:55][INFO][com.perficient.test.cat.catinspectweb.util.CustomAssertion-452] LineNumber for 3 stack trace is: 313
[18/01/25 11:12:55][INFO][com.perficient.test.cat.catinspectweb.util.CustomAssertion-451] StackTrace 4 is: com.perficient.test.cat.catinspectweb.testcase.createform.TC2627_ViewPdfFileWhenCloneForm.Verify_TC2627_ViewPdfFileWhenCloneForm(TC2627_ViewPdfFileWhenCloneForm.java:78)
[18/01/25 11:12:55][INFO][com.perficient.test.cat.catinspectweb.util.CustomAssertion-452] LineNumber for 4 stack trace is: 78
[18/01/25 11:12:55][INFO][com.perficient.test.cat.catinspectweb.util.CustomAssertion-451] StackTrace 5 is: sun.reflect.NativeMethodAccessorImpl.invoke0(Native Method)
[18/01/25 11:12:55][INFO][com.perficient.test.cat.catinspectweb.util.CustomAssertion-452] LineNumber for 5 stack trace is: -2
[18/01/25 11:12:55][INFO][com.perficient.test.cat.catinspectweb.util.CustomAssertion-451] StackTrace 6 is: sun.reflect.NativeMethodAccessorImpl.invoke(Unknown Source)
[18/01/25 11:12:55][INFO][com.perficient.test.cat.catinspectweb.util.CustomAssertion-452] LineNumber for 6 stack trace is: -1
[18/01/25 11:12:55][INFO][com.perficient.test.cat.catinspectweb.util.CustomAssertion-455] StackTrace for Assert is: com.perficient.test.cat.catinspectweb.util.CustomAssertion.assertTrue(CustomAssertion.java:313)
[18/01/25 11:12:55][INFO][com.perficient.test.cat.catinspectweb.util.CustomAssertion-456] Assert LineNumber is: 313
[18/01/25 11:13:02][INFO][com.perficient.test.cat.catinspectweb.util.LogWebDriverEventListener-106] Clicked the element found By.xpath: //span[contains(@class, 'glyphicon-download-alt')]
[18/01/25 11:14:45][INFO][com.perficient.test.cat.catinspectweb.util.TestCaseBase-65] 20180125111445
[18/01/25 11:14:45][INFO][com.perficient.test.cat.catinspectweb.util.TestCaseBase-67] Delete screen shots generated 2 days ago.
[18/01/25 11:14:53][INFO][com.perficient.test.cat.catinspectweb.util.LogWebDriverEventListener-20] WebDriver navigating to:'https://catinspectweb-dev.cat.com/'
[18/01/25 11:15:43][INFO][com.perficient.test.cat.catinspectweb.util.LogWebDriverEventListener-106] Clicked the element found By.xpath: //input[@id='submitButton']
[18/01/25 11:15:45][INFO][com.perficient.test.cat.catinspectweb.util.LogWebDriverEventListener-106] Clicked the element found By.xpath: //span[@class='create']
[18/01/25 11:15:48][INFO][com.perficient.test.cat.catinspectweb.util.LogWebDriverEventListener-106] Clicked the element found By.xpath: //Select[@id='formType']
[18/01/25 11:15:50][INFO][com.perficient.test.cat.catinspectweb.util.LogWebDriverEventListener-106] Clicked the element found By.tagName: option
[18/01/25 11:15:53][INFO][com.perficient.test.cat.catinspectweb.util.LogWebDriverEventListener-106] Clicked the element found By.xpath: //select[@id='formFamily']
[18/01/25 11:15:55][INFO][com.perficient.test.cat.catinspectweb.util.LogWebDriverEventListener-106] Clicked the element found By.tagName: option
[18/01/25 11:15:56][INFO][com.perficient.test.cat.catinspectweb.util.LogWebDriverEventListener-106] Clicked the element found By.xpath: //button[@class = 'btn btn-sm btn-warning pull-right']
[18/01/25 11:15:59][INFO][com.perficient.test.cat.catinspectweb.util.LogWebDriverEventListener-134] Click on the element find By.xpath: //input[@id = 'cloneForm'] by javascript
[18/01/25 11:16:00][INFO][com.perficient.test.cat.catinspectweb.util.LogWebDriverEventListener-106] Clicked the element found By.xpath: //a[@title='Next']
[18/01/25 11:16:01][INFO][com.perficient.test.cat.catinspectweb.util.LogWebDriverEventListener-106] Clicked the element found By.xpath: //button[@class ='btn btn-danger' ]
[18/01/25 11:16:01][INFO][com.perficient.test.cat.catinspectweb.util.LogWebDriverEventListener-106] Clicked the element found By.xpath: //a[@title='Next']
[18/01/25 11:16:01][INFO][com.perficient.test.cat.catinspectweb.util.LogWebDriverEventListener-106] Clicked the element found By.xpath: //button[@class = 'btn btn-success']
[18/01/25 11:16:03][INFO][com.perficient.test.cat.catinspectweb.util.LogWebDriverEventListener-106] Clicked the element found By.xpath: //a[@title='Next']
[18/01/25 11:16:03][ERROR][com.perficient.test.cat.catinspectweb.util.LogWebDriverEventListener-77] WebDriver error:
org.openqa.selenium.UnsupportedCommandException: actions
Build info: version: '3.7.1', revision: '8a0099a', time: '2017-11-06T21:01:39.354Z'
System info: host: 'H2600-0463L', ip: '10.2.7.38', os.name: 'Windows 7', os.arch: 'amd64', os.version: '6.1', java.version: '1.8.0_151'
Driver info: driver.version: EventFiringWebDriver
	at org.openqa.selenium.remote.http.AbstractHttpCommandCodec.encode(AbstractHttpCommandCodec.java:219)
	at org.openqa.selenium.remote.http.AbstractHttpCommandCodec.encode(AbstractHttpCommandCodec.java:118)
	at org.openqa.selenium.remote.HttpCommandExecutor.execute(HttpCommandExecutor.java:158)
	at org.openqa.selenium.remote.service.DriverCommandExecutor.execute(DriverCommandExecutor.java:83)
	at org.openqa.selenium.remote.RemoteWebDriver.execute(RemoteWebDriver.java:600)
	at org.openqa.selenium.remote.RemoteWebDriver.perform(RemoteWebDriver.java:666)
	at sun.reflect.NativeMethodAccessorImpl.invoke0(Native Method)
	at sun.reflect.NativeMethodAccessorImpl.invoke(Unknown Source)
	at sun.reflect.DelegatingMethodAccessorImpl.invoke(Unknown Source)
	at java.lang.reflect.Method.invoke(Unknown Source)
	at org.openqa.selenium.support.events.EventFiringWebDriver$2.invoke(EventFiringWebDriver.java:109)
	at com.sun.proxy.$Proxy11.perform(Unknown Source)
	at org.openqa.selenium.support.events.EventFiringWebDriver.perform(EventFiringWebDriver.java:342)
	at org.openqa.selenium.interactions.Actions$BuiltAction.perform(Actions.java:638)
	at org.openqa.selenium.interactions.Actions.perform(Actions.java:594)
	at com.perficient.test.cat.catinspectweb.util.FunctionUtil.hoverOver(FunctionUtil.java:2692)
	at com.perficient.test.cat.catinspectweb.util.CustomizedFunctionUtil.hoverOver(CustomizedFunctionUtil.java:25)
	at com.perficient.test.cat.catinspectweb.testcase.createform.TC2627_ViewPdfFileWhenCloneForm.Verify_TC2627_ViewPdfFileWhenCloneForm(TC2627_ViewPdfFileWhenCloneForm.java:75)
	at sun.reflect.NativeMethodAccessorImpl.invoke0(Native Method)
	at sun.reflect.NativeMethodAccessorImpl.invoke(Unknown Source)
	at sun.reflect.DelegatingMethodAccessorImpl.invoke(Unknown Source)
	at java.lang.reflect.Method.invoke(Unknown Source)
	at org.testng.internal.MethodInvocationHelper.invokeMethod(MethodInvocationHelper.java:84)
	at org.testng.internal.Invoker.invokeMethod(Invoker.java:714)
	at org.testng.internal.Invoker.invokeTestMethod(Invoker.java:901)
	at org.testng.internal.Invoker.invokeTestMethods(Invoker.java:1231)
	at org.testng.internal.TestMethodWorker.invokeTestMethods(TestMethodWorker.java:127)
	at org.testng.internal.TestMethodWorker.run(TestMethodWorker.java:111)
	at org.testng.TestRunner.privateRun(TestRunner.java:767)
	at org.testng.TestRunner.run(TestRunner.java:617)
	at org.testng.SuiteRunner.runTest(SuiteRunner.java:348)
	at org.testng.SuiteRunner.runSequentially(SuiteRunner.java:343)
	at org.testng.SuiteRunner.privateRun(SuiteRunner.java:305)
	at org.testng.SuiteRunner.run(SuiteRunner.java:254)
	at org.testng.SuiteRunnerWorker.runSuite(SuiteRunnerWorker.java:52)
	at org.testng.SuiteRunnerWorker.run(SuiteRunnerWorker.java:86)
	at org.testng.TestNG.runSuitesSequentially(TestNG.java:1224)
	at org.testng.TestNG.runSuitesLocally(TestNG.java:1149)
	at org.testng.TestNG.run(TestNG.java:1057)
	at org.testng.remote.AbstractRemoteTestNG.run(AbstractRemoteTestNG.java:114)
	at org.testng.remote.RemoteTestNG.initAndRun(RemoteTestNG.java:251)
	at org.testng.remote.RemoteTestNG.main(RemoteTestNG.java:77)
[18/01/25 11:16:04][INFO][com.perficient.test.cat.catinspectweb.util.LogWebDriverEventListener-106] Clicked the element found By.xpath: //span[@class = 'glyphicon glyphicon-edit glyphicon-yellow gly-right']
[18/01/25 11:16:11][INFO][com.perficient.test.cat.catinspectweb.util.LogWebDriverEventListener-106] Clicked the element found By.xpath: //span[contains(@class, 'glyphicon-download-alt')]
[18/01/25 16:43:30][INFO][com.perficient.test.cat.catinspectweb.util.TestCaseBase-65] 20180125164330
[18/01/25 16:43:30][INFO][com.perficient.test.cat.catinspectweb.util.TestCaseBase-67] Delete screen shots generated 2 days ago.
[18/01/25 16:43:37][INFO][com.perficient.test.cat.catinspectweb.util.LogWebDriverEventListener-20] WebDriver navigating to:'https://catinspectweb-dev.cat.com/'
[18/01/25 16:44:46][INFO][com.perficient.test.cat.catinspectweb.util.LogWebDriverEventListener-106] Clicked the element found By.xpath: //input[@id='submitButton']
[18/01/25 16:44:49][INFO][com.perficient.test.cat.catinspectweb.util.LogWebDriverEventListener-106] Clicked the element found By.xpath: //span[@class='manage_form']
[18/01/25 16:44:49][INFO][com.perficient.test.cat.catinspectweb.util.LogWebDriverEventListener-106] Clicked the element found By.xpath: //div[@class='col-xs-6 cat_right_border']//select[contains(@class,'cat_status_select')]
[18/01/25 16:44:49][INFO][com.perficient.test.cat.catinspectweb.util.LogWebDriverEventListener-106] Clicked the element found By.xpath: //div[@class='col-xs-6 cat_right_border']/select/option
[18/01/25 16:44:49][INFO][com.perficient.test.cat.catinspectweb.util.LogWebDriverEventListener-106] Clicked the element found By.xpath: //span[@class='glyphicon glyphicon-search']
[18/01/25 16:44:50][INFO][com.perficient.test.cat.catinspectweb.util.LogWebDriverEventListener-106] Clicked the element found By.xpath: //button[@class = 'form-control btn btn-default uploadBtn']
[18/01/25 16:44:51][INFO][com.perficient.test.cat.catinspectweb.util.LogWebDriverEventListener-106] Clicked the element found By.xpath: //button[@class = 'btn btn-danger']
[18/01/25 16:44:51][INFO][com.perficient.test.cat.catinspectweb.util.LogWebDriverEventListener-106] Clicked the element found By.xpath: //button[@class = 'form-control btn btn-default uploadBtn']
[18/01/25 16:44:53][INFO][com.perficient.test.cat.catinspectweb.util.LogWebDriverEventListener-106] Clicked the element found By.xpath: //button[@class = 'btn btn-success']
[18/01/25 16:44:53][INFO][com.perficient.test.cat.catinspectweb.util.LogWebDriverEventListener-106] Clicked the element found By.xpath: //button[@class = 'form-control btn btn-default uploadBtn']
[18/01/25 16:44:54][INFO][com.perficient.test.cat.catinspectweb.util.LogWebDriverEventListener-106] Clicked the element found By.xpath: //button[@class = 'btn btn-success']
[18/01/25 16:44:56][INFO][com.perficient.test.cat.catinspectweb.util.FunctionUtil-1487] [C Form, X form]The original array list
[18/01/25 16:44:56][INFO][com.perficient.test.cat.catinspectweb.util.FunctionUtil-1503] [C Form, X form]The alphabetical order array list after sort
[18/01/25 16:44:56][INFO][com.perficient.test.cat.catinspectweb.util.LogWebDriverEventListener-106] Clicked the element found By.xpath: //th[@sort-by]
[18/01/25 16:44:57][INFO][com.perficient.test.cat.catinspectweb.util.FunctionUtil-1487] [Daily, CCR]The original array list
[18/01/25 16:44:57][INFO][com.perficient.test.cat.catinspectweb.util.FunctionUtil-1503] [Daily, CCR]The alphabetical order array list after sort
[18/01/25 16:44:57][INFO][com.perficient.test.cat.catinspectweb.util.LogWebDriverEventListener-106] Clicked the element found By.xpath: //th[@sort-by]
[18/01/25 16:44:57][INFO][com.perficient.test.cat.catinspectweb.util.FunctionUtil-1487] [ENGINE - MACHINE, ARTICULATED DUMP TRUCK]The original array list
[18/01/25 16:44:57][INFO][com.perficient.test.cat.catinspectweb.util.FunctionUtil-1503] [ENGINE - MACHINE, ARTICULATED DUMP TRUCK]The alphabetical order array list after sort
[18/01/25 16:44:57][INFO][com.perficient.test.cat.catinspectweb.util.LogWebDriverEventListener-106] Clicked the element found By.xpath: //th[@sort-by]
[18/01/25 16:44:57][INFO][com.perficient.test.cat.catinspectweb.util.FunctionUtil-1487] [TEX, ASE]The original array list
[18/01/25 16:44:57][INFO][com.perficient.test.cat.catinspectweb.util.FunctionUtil-1503] [TEX, ASE]The alphabetical order array list after sort
[18/01/25 16:44:57][INFO][com.perficient.test.cat.catinspectweb.util.LogWebDriverEventListener-106] Clicked the element found By.xpath: //th[@sort-by]
[18/01/25 16:44:57][INFO][com.perficient.test.cat.catinspectweb.util.LogWebDriverEventListener-134] Click on the element find By.xpath: //i[@title = 'Download'] by javascript
[18/01/25 16:45:01][INFO][com.perficient.test.cat.catinspectweb.util.LogWebDriverEventListener-134] Click on the element find By.xpath: //i[@title = 'Delete'] by javascript
[18/01/25 16:45:02][INFO][com.perficient.test.cat.catinspectweb.util.LogWebDriverEventListener-106] Clicked the element found By.xpath: //button[@class = 'btn btn-danger']
[18/01/25 16:45:02][INFO][com.perficient.test.cat.catinspectweb.util.LogWebDriverEventListener-134] Click on the element find By.xpath: //i[@title = 'Delete'] by javascript
[18/01/25 16:45:03][INFO][com.perficient.test.cat.catinspectweb.util.LogWebDriverEventListener-106] Clicked the element found By.xpath: //button[@class = 'btn btn-success']
[18/01/25 16:45:12][INFO][com.perficient.test.cat.catinspectweb.util.LogWebDriverEventListener-20] WebDriver navigating to:'https://catinspectweb-dev.cat.com/'
[18/01/25 16:50:13][INFO][com.perficient.test.cat.catinspectweb.util.CustomAssertion-428] .\errorImages\20180125165013.png
[18/01/25 16:50:13][INFO][com.perficient.test.cat.catinspectweb.util.CustomAssertion-451] StackTrace 0 is: java.lang.Thread.getStackTrace(Unknown Source)
[18/01/25 16:50:13][INFO][com.perficient.test.cat.catinspectweb.util.CustomAssertion-452] LineNumber for 0 stack trace is: -1
[18/01/25 16:50:13][INFO][com.perficient.test.cat.catinspectweb.util.CustomAssertion-451] StackTrace 1 is: com.perficient.test.cat.catinspectweb.util.CustomAssertion.logStackTraceInfo(CustomAssertion.java:451)
[18/01/25 16:50:13][INFO][com.perficient.test.cat.catinspectweb.util.CustomAssertion-452] LineNumber for 1 stack trace is: 452
[18/01/25 16:50:13][INFO][com.perficient.test.cat.catinspectweb.util.CustomAssertion-451] StackTrace 2 is: com.perficient.test.cat.catinspectweb.util.CustomAssertion.printError(CustomAssertion.java:429)
[18/01/25 16:50:13][INFO][com.perficient.test.cat.catinspectweb.util.CustomAssertion-452] LineNumber for 2 stack trace is: 429
[18/01/25 16:50:13][INFO][com.perficient.test.cat.catinspectweb.util.CustomAssertion-451] StackTrace 3 is: com.perficient.test.cat.catinspectweb.util.TestCaseBase.afterMethod(TestCaseBase.java:210)
[18/01/25 16:50:13][INFO][com.perficient.test.cat.catinspectweb.util.CustomAssertion-452] LineNumber for 3 stack trace is: 210
[18/01/25 16:50:13][INFO][com.perficient.test.cat.catinspectweb.util.CustomAssertion-451] StackTrace 4 is: sun.reflect.NativeMethodAccessorImpl.invoke0(Native Method)
[18/01/25 16:50:13][INFO][com.perficient.test.cat.catinspectweb.util.CustomAssertion-452] LineNumber for 4 stack trace is: -2
[18/01/25 16:50:13][INFO][com.perficient.test.cat.catinspectweb.util.CustomAssertion-451] StackTrace 5 is: sun.reflect.NativeMethodAccessorImpl.invoke(Unknown Source)
[18/01/25 16:50:13][INFO][com.perficient.test.cat.catinspectweb.util.CustomAssertion-452] LineNumber for 5 stack trace is: -1
[18/01/25 16:50:13][INFO][com.perficient.test.cat.catinspectweb.util.CustomAssertion-451] StackTrace 6 is: sun.reflect.DelegatingMethodAccessorImpl.invoke(Unknown Source)
[18/01/25 16:50:13][INFO][com.perficient.test.cat.catinspectweb.util.CustomAssertion-452] LineNumber for 6 stack trace is: -1
[18/01/25 16:50:13][INFO][com.perficient.test.cat.catinspectweb.util.CustomAssertion-455] StackTrace for Assert is: com.perficient.test.cat.catinspectweb.util.TestCaseBase.afterMethod(TestCaseBase.java:210)
[18/01/25 16:50:13][INFO][com.perficient.test.cat.catinspectweb.util.CustomAssertion-456] Assert LineNumber is: 210
[18/01/25 16:50:21][INFO][com.perficient.test.cat.catinspectweb.util.LogWebDriverEventListener-20] WebDriver navigating to:'https://catinspectweb-dev.cat.com/'
[18/01/25 16:55:21][INFO][com.perficient.test.cat.catinspectweb.util.CustomAssertion-428] .\errorImages\20180125165521.png
[18/01/25 16:55:21][INFO][com.perficient.test.cat.catinspectweb.util.CustomAssertion-451] StackTrace 0 is: java.lang.Thread.getStackTrace(Unknown Source)
[18/01/25 16:55:21][INFO][com.perficient.test.cat.catinspectweb.util.CustomAssertion-452] LineNumber for 0 stack trace is: -1
[18/01/25 16:55:21][INFO][com.perficient.test.cat.catinspectweb.util.CustomAssertion-451] StackTrace 1 is: com.perficient.test.cat.catinspectweb.util.CustomAssertion.logStackTraceInfo(CustomAssertion.java:451)
[18/01/25 16:55:21][INFO][com.perficient.test.cat.catinspectweb.util.CustomAssertion-452] LineNumber for 1 stack trace is: 452
[18/01/25 16:55:21][INFO][com.perficient.test.cat.catinspectweb.util.CustomAssertion-451] StackTrace 2 is: com.perficient.test.cat.catinspectweb.util.CustomAssertion.printError(CustomAssertion.java:429)
[18/01/25 16:55:21][INFO][com.perficient.test.cat.catinspectweb.util.CustomAssertion-452] LineNumber for 2 stack trace is: 429
[18/01/25 16:55:21][INFO][com.perficient.test.cat.catinspectweb.util.CustomAssertion-451] StackTrace 3 is: com.perficient.test.cat.catinspectweb.util.TestCaseBase.afterMethod(TestCaseBase.java:210)
[18/01/25 16:55:21][INFO][com.perficient.test.cat.catinspectweb.util.CustomAssertion-452] LineNumber for 3 stack trace is: 210
[18/01/25 16:55:21][INFO][com.perficient.test.cat.catinspectweb.util.CustomAssertion-451] StackTrace 4 is: sun.reflect.NativeMethodAccessorImpl.invoke0(Native Method)
[18/01/25 16:55:21][INFO][com.perficient.test.cat.catinspectweb.util.CustomAssertion-452] LineNumber for 4 stack trace is: -2
[18/01/25 16:55:21][INFO][com.perficient.test.cat.catinspectweb.util.CustomAssertion-451] StackTrace 5 is: sun.reflect.NativeMethodAccessorImpl.invoke(Unknown Source)
[18/01/25 16:55:21][INFO][com.perficient.test.cat.catinspectweb.util.CustomAssertion-452] LineNumber for 5 stack trace is: -1
[18/01/25 16:55:21][INFO][com.perficient.test.cat.catinspectweb.util.CustomAssertion-451] StackTrace 6 is: sun.reflect.DelegatingMethodAccessorImpl.invoke(Unknown Source)
[18/01/25 16:55:21][INFO][com.perficient.test.cat.catinspectweb.util.CustomAssertion-452] LineNumber for 6 stack trace is: -1
[18/01/25 16:55:21][INFO][com.perficient.test.cat.catinspectweb.util.CustomAssertion-455] StackTrace for Assert is: com.perficient.test.cat.catinspectweb.util.TestCaseBase.afterMethod(TestCaseBase.java:210)
[18/01/25 16:55:21][INFO][com.perficient.test.cat.catinspectweb.util.CustomAssertion-456] Assert LineNumber is: 210
[18/01/25 16:55:29][INFO][com.perficient.test.cat.catinspectweb.util.LogWebDriverEventListener-20] WebDriver navigating to:'https://catinspectweb-dev.cat.com/'
[18/01/25 16:56:21][INFO][com.perficient.test.cat.catinspectweb.util.LogWebDriverEventListener-106] Clicked the element found By.xpath: //input[@id='submitButton']
[18/01/25 16:56:25][INFO][com.perficient.test.cat.catinspectweb.util.LogWebDriverEventListener-106] Clicked the element found By.xpath: //span[@class='create']
[18/01/25 16:56:28][INFO][com.perficient.test.cat.catinspectweb.util.LogWebDriverEventListener-106] Clicked the element found By.xpath: //Select[@id='formType']
[18/01/25 16:56:30][INFO][com.perficient.test.cat.catinspectweb.util.LogWebDriverEventListener-106] Clicked the element found By.tagName: option
[18/01/25 16:56:32][INFO][com.perficient.test.cat.catinspectweb.util.LogWebDriverEventListener-106] Clicked the element found By.xpath: //select[@id='formFamily']
[18/01/25 16:56:35][INFO][com.perficient.test.cat.catinspectweb.util.LogWebDriverEventListener-106] Clicked the element found By.tagName: option
[18/01/25 16:56:35][INFO][com.perficient.test.cat.catinspectweb.util.LogWebDriverEventListener-106] Clicked the element found By.xpath: //button[@class = 'btn btn-sm btn-warning pull-right']
[18/01/25 16:56:38][INFO][com.perficient.test.cat.catinspectweb.util.LogWebDriverEventListener-134] Click on the element find By.xpath: //input[@id = 'cloneForm'] by javascript
[18/01/25 16:56:40][INFO][com.perficient.test.cat.catinspectweb.util.LogWebDriverEventListener-106] Clicked the element found By.xpath: //a[@title='Next']
[18/01/25 16:56:40][INFO][com.perficient.test.cat.catinspectweb.util.LogWebDriverEventListener-106] Clicked the element found By.xpath: //button[@class = 'btn btn-success']
[18/01/25 16:56:41][INFO][com.perficient.test.cat.catinspectweb.util.LogWebDriverEventListener-106] Clicked the element found By.xpath: //a[@title='Next']
[18/01/25 16:56:41][ERROR][com.perficient.test.cat.catinspectweb.util.LogWebDriverEventListener-77] WebDriver error:
org.openqa.selenium.UnsupportedCommandException: actions
Build info: version: '3.7.1', revision: '8a0099a', time: '2017-11-06T21:01:39.354Z'
System info: host: 'H2600-0463L', ip: '10.2.7.38', os.name: 'Windows 7', os.arch: 'amd64', os.version: '6.1', java.version: '1.8.0_151'
Driver info: driver.version: EventFiringWebDriver
	at org.openqa.selenium.remote.http.AbstractHttpCommandCodec.encode(AbstractHttpCommandCodec.java:219)
	at org.openqa.selenium.remote.http.AbstractHttpCommandCodec.encode(AbstractHttpCommandCodec.java:118)
	at org.openqa.selenium.remote.HttpCommandExecutor.execute(HttpCommandExecutor.java:158)
	at org.openqa.selenium.remote.service.DriverCommandExecutor.execute(DriverCommandExecutor.java:83)
	at org.openqa.selenium.remote.RemoteWebDriver.execute(RemoteWebDriver.java:600)
	at org.openqa.selenium.remote.RemoteWebDriver.perform(RemoteWebDriver.java:666)
	at sun.reflect.NativeMethodAccessorImpl.invoke0(Native Method)
	at sun.reflect.NativeMethodAccessorImpl.invoke(Unknown Source)
	at sun.reflect.DelegatingMethodAccessorImpl.invoke(Unknown Source)
	at java.lang.reflect.Method.invoke(Unknown Source)
	at org.openqa.selenium.support.events.EventFiringWebDriver$2.invoke(EventFiringWebDriver.java:109)
	at com.sun.proxy.$Proxy11.perform(Unknown Source)
	at org.openqa.selenium.support.events.EventFiringWebDriver.perform(EventFiringWebDriver.java:342)
	at org.openqa.selenium.interactions.Actions$BuiltAction.perform(Actions.java:638)
	at org.openqa.selenium.interactions.Actions.perform(Actions.java:594)
	at com.perficient.test.cat.catinspectweb.util.FunctionUtil.hoverOver(FunctionUtil.java:2692)
	at com.perficient.test.cat.catinspectweb.util.CustomizedFunctionUtil.hoverOver(CustomizedFunctionUtil.java:25)
	at com.perficient.test.cat.catinspectweb.testcase.createform.TC2624ViewImageFileWhenCloneAForm.Verify_TC2624ViewImageFileWhenCloneAForm(TC2624ViewImageFileWhenCloneAForm.java:65)
	at sun.reflect.NativeMethodAccessorImpl.invoke0(Native Method)
	at sun.reflect.NativeMethodAccessorImpl.invoke(Unknown Source)
	at sun.reflect.DelegatingMethodAccessorImpl.invoke(Unknown Source)
	at java.lang.reflect.Method.invoke(Unknown Source)
	at org.testng.internal.MethodInvocationHelper.invokeMethod(MethodInvocationHelper.java:84)
	at org.testng.internal.Invoker.invokeMethod(Invoker.java:714)
	at org.testng.internal.Invoker.invokeTestMethod(Invoker.java:901)
	at org.testng.internal.Invoker.invokeTestMethods(Invoker.java:1231)
	at org.testng.internal.TestMethodWorker.invokeTestMethods(TestMethodWorker.java:127)
	at org.testng.internal.TestMethodWorker.run(TestMethodWorker.java:111)
	at org.testng.TestRunner.privateRun(TestRunner.java:767)
	at org.testng.TestRunner.run(TestRunner.java:617)
	at org.testng.SuiteRunner.runTest(SuiteRunner.java:348)
	at org.testng.SuiteRunner.runSequentially(SuiteRunner.java:343)
	at org.testng.SuiteRunner.privateRun(SuiteRunner.java:305)
	at org.testng.SuiteRunner.run(SuiteRunner.java:254)
	at org.testng.SuiteRunnerWorker.runSuite(SuiteRunnerWorker.java:52)
	at org.testng.SuiteRunnerWorker.run(SuiteRunnerWorker.java:86)
	at org.testng.TestNG.runSuitesSequentially(TestNG.java:1224)
	at org.testng.TestNG.runSuitesLocally(TestNG.java:1149)
	at org.testng.TestNG.run(TestNG.java:1057)
	at org.testng.remote.AbstractRemoteTestNG.run(AbstractRemoteTestNG.java:114)
	at org.testng.remote.RemoteTestNG.initAndRun(RemoteTestNG.java:251)
	at org.testng.remote.RemoteTestNG.main(RemoteTestNG.java:77)
[18/01/25 16:56:43][INFO][com.perficient.test.cat.catinspectweb.util.LogWebDriverEventListener-106] Clicked the element found By.xpath: //span[@class = 'glyphicon glyphicon-edit glyphicon-yellow gly-right']
[18/01/25 16:56:47][INFO][com.perficient.test.cat.catinspectweb.util.LogWebDriverEventListener-106] Clicked the element found By.xpath: //span[contains(@class, 'glyphicon-download-alt')]
[18/01/25 16:56:57][INFO][com.perficient.test.cat.catinspectweb.util.LogWebDriverEventListener-20] WebDriver navigating to:'https://catinspectweb-dev.cat.com/'
[18/01/25 16:58:11][INFO][com.perficient.test.cat.catinspectweb.util.LogWebDriverEventListener-106] Clicked the element found By.xpath: //input[@id='submitButton']
[18/01/25 16:58:13][INFO][com.perficient.test.cat.catinspectweb.util.LogWebDriverEventListener-106] Clicked the element found By.xpath: //span[@class='manage_form']
[18/01/25 16:58:16][INFO][com.perficient.test.cat.catinspectweb.util.LogWebDriverEventListener-106] Clicked the element found By.xpath: //div[@class='col-xs-6']//select[contains(@class,'cat_status_select')]
[18/01/25 16:58:19][INFO][com.perficient.test.cat.catinspectweb.util.LogWebDriverEventListener-106] Clicked the element found By.tagName: option
[18/01/25 16:58:19][INFO][com.perficient.test.cat.catinspectweb.util.LogWebDriverEventListener-106] Clicked the element found By.xpath: //span[@class='glyphicon glyphicon-search']
[18/01/25 16:58:23][INFO][com.perficient.test.cat.catinspectweb.util.LogWebDriverEventListener-134] Click on the element find By.xpath: //td/i[1][contains(@class, 'material-icons')] by javascript
[18/01/25 16:58:24][INFO][com.perficient.test.cat.catinspectweb.util.LogWebDriverEventListener-106] Clicked the element found By.xpath: //button[@class = 'btn btn-success']
[18/01/25 16:58:35][INFO][com.perficient.test.cat.catinspectweb.util.LogWebDriverEventListener-106] Clicked the element found By.xpath: //div[@class= 'cat_date_filter cat_right_border col-xs-4']/select
[18/01/25 16:58:35][INFO][com.perficient.test.cat.catinspectweb.util.LogWebDriverEventListener-106] Clicked the element found By.xpath: //div[@class ='cat_date_filter cat_right_border col-xs-4']/select/option
[18/01/25 16:58:36][INFO][com.perficient.test.cat.catinspectweb.util.LogWebDriverEventListener-106] Clicked the element found By.xpath: //div[@class= 'cat_date_filter cat_right_border col-xs-4']/select
[18/01/25 16:58:36][INFO][com.perficient.test.cat.catinspectweb.util.LogWebDriverEventListener-106] Clicked the element found By.xpath: //div[@class ='cat_date_filter cat_right_border col-xs-4']/select/option
[18/01/25 16:58:36][INFO][com.perficient.test.cat.catinspectweb.util.LogWebDriverEventListener-134] Click on the element find By.xpath: //td/i[1][contains(@class, 'material-icons')] by javascript
[18/01/25 16:58:38][INFO][com.perficient.test.cat.catinspectweb.util.LogWebDriverEventListener-106] Clicked the element found By.xpath: //button[@class = 'btn btn-success']
[18/01/25 16:58:48][INFO][com.perficient.test.cat.catinspectweb.util.LogWebDriverEventListener-106] Clicked the element found By.xpath: //div[@class = 'col-xs-4 cat_right_border']/select
[18/01/25 16:58:48][INFO][com.perficient.test.cat.catinspectweb.util.LogWebDriverEventListener-106] Clicked the element found By.xpath: //div[@class = 'col-xs-4 cat_right_border']/select/option
[18/01/25 16:58:49][INFO][com.perficient.test.cat.catinspectweb.util.LogWebDriverEventListener-106] Clicked the element found By.xpath: //div[@class = 'col-xs-4 cat_right_border']/select
[18/01/25 16:58:49][INFO][com.perficient.test.cat.catinspectweb.util.LogWebDriverEventListener-106] Clicked the element found By.xpath: //div[@class = 'col-xs-4 cat_right_border']/select/option
[18/01/25 16:58:52][INFO][com.perficient.test.cat.catinspectweb.util.FunctionUtil-1487] [1212121, 20171101 Test Edit Inspection, 201711010001 upload a PDF file, the PDF file can be viewed again,the download icon is shown., 232343, Articulated Truck ( ??  ?? ?? ) TA1 (Russi, Articulated Truck () TA1 (Chinese), Articulated Truck TA1, Articulated Truck TA1, Articulated Truck TA1 (Portuguese), Articulated Truck TA1 (Spanish), Articulated Trucks: Safety & Maintenance, Big form 05/03 imtiaz, cat used demo, Clone of form 6/17 pub, CX38 Assembly - Sub Modules v1.0, CX38 Assembly - Transmission & Sub Modules Combined v1.0, CX38 Disassembly - Clutch 2, CX38 Disassembly - Sub-Modules v0.1, CX38 Disassembly - Sub-Modules v0.2, CX38 Disassembly - Transmission, CX38 Disassembly - Transmission & Sub Modules Combined v1.0, CX38 Disassembly - Transmission v0.1, CX38 Transmission Rebuild Checklist, CX38 Transmission Test Procedures, Form 05/30, form 6/17, form 6/17 pub, Form for QA testing 06/28, form test dealer author, Form to test deletion of category 5/7 UAT, fskajfl, GMD-PPG-Articulated Truck TA1 w/ Performance Inspection, Image GDCH, Image GDCT, imtiaz UAT 05/03, jdfsdklafjakl, JoshConExpotest02, new form 7/1, PDF GDCH, PDI Articulated Truck Inspection, PSSR Inspection - AT, Regression testing 05/16, rekha form 6/17 publisher, sfsdfsf, test, Test, TEST - Family Change 1011, Test 123, TEST FOR CSE, Test for dealer, Test Form, test form123, Test01, TEST123, Testing Chrome, UAT testing 0 of 0 5/7/2013, Underground Articulated Truck TA1, Underground Articulated Truck TA1, zaxasxsd, ]The original array list
[18/01/25 16:58:52][INFO][com.perficient.test.cat.catinspectweb.util.FunctionUtil-1503] [1212121, 20171101 Test Edit Inspection, 201711010001 upload a PDF file, the PDF file can be viewed again,the download icon is shown., 232343, Articulated Truck ( ??  ?? ?? ) TA1 (Russi, Articulated Truck () TA1 (Chinese), Articulated Truck TA1, Articulated Truck TA1, Articulated Truck TA1 (Portuguese), Articulated Truck TA1 (Spanish), Articulated Trucks: Safety & Maintenance, Big form 05/03 imtiaz, cat used demo, Clone of form 6/17 pub, CX38 Assembly - Sub Modules v1.0, CX38 Assembly - Transmission & Sub Modules Combined v1.0, CX38 Disassembly - Clutch 2, CX38 Disassembly - Sub-Modules v0.1, CX38 Disassembly - Sub-Modules v0.2, CX38 Disassembly - Transmission, CX38 Disassembly - Transmission & Sub Modules Combined v1.0, CX38 Disassembly - Transmission v0.1, CX38 Transmission Rebuild Checklist, CX38 Transmission Test Procedures, Form 05/30, form 6/17, form 6/17 pub, Form for QA testing 06/28, form test dealer author, Form to test deletion of category 5/7 UAT, fskajfl, GMD-PPG-Articulated Truck TA1 w/ Performance Inspection, Image GDCH, Image GDCT, imtiaz UAT 05/03, jdfsdklafjakl, JoshConExpotest02, new form 7/1, PDF GDCH, PDI Articulated Truck Inspection, PSSR Inspection - AT, Regression testing 05/16, rekha form 6/17 publisher, sfsdfsf, test, Test, TEST - Family Change 1011, Test 123, TEST FOR CSE, Test for dealer, Test Form, test form123, Test01, TEST123, Testing Chrome, UAT testing 0 of 0 5/7/2013, Underground Articulated Truck TA1, Underground Articulated Truck TA1, zaxasxsd, ]The alphabetical order array list after sort
[18/01/25 16:58:52][INFO][com.perficient.test.cat.catinspectweb.util.LogWebDriverEventListener-106] Clicked the element found By.xpath: //th[@sort-by]
[18/01/25 16:58:54][INFO][com.perficient.test.cat.catinspectweb.util.FunctionUtil-1487] [SSP, RAG, POS, JPA, IMT, EAT, dug, dug, BZY, BZY, BXY, , , , , , , , , , , , , , , , , , , , , , , , , , , , , , , , , , , , , , , , , , , , , , , , , ]The original array list
[18/01/25 16:58:54][INFO][com.perficient.test.cat.catinspectweb.util.FunctionUtil-1503] [SSP, RAG, POS, JPA, IMT, EAT, dug, dug, BZY, BZY, BXY, , , , , , , , , , , , , , , , , , , , , , , , , , , , , , , , , , , , , , , , , , , , , , , , , ]The alphabetical order array list after sort
[18/01/25 16:58:54][INFO][com.perficient.test.cat.catinspectweb.util.LogWebDriverEventListener-106] Clicked the element found By.xpath: //th[@sort-by]
[18/01/25 16:59:03][ERROR][com.perficient.test.cat.catinspectweb.util.LogWebDriverEventListener-77] WebDriver error:
org.openqa.selenium.WebDriverException: chrome not reachable
  (Session info: chrome=62.0.3202.89)
  (Driver info: chromedriver=2.33.506120 (e3e53437346286c0bc2d2dc9aa4915ba81d9023f),platform=Windows NT 6.1.7601 SP1 x86_64) (WARNING: The server did not provide any stacktrace information)
Command duration or timeout: 0 milliseconds
Build info: version: '3.7.1', revision: '8a0099a', time: '2017-11-06T21:01:39.354Z'
System info: host: 'H2600-0463L', ip: '10.2.7.38', os.name: 'Windows 7', os.arch: 'amd64', os.version: '6.1', java.version: '1.8.0_151'
Driver info: org.openqa.selenium.chrome.ChromeDriver
Capabilities {acceptSslCerts: true, applicationCacheEnabled: false, browserConnectionEnabled: false, browserName: chrome, chrome: {chromedriverVersion: 2.33.506120 (e3e53437346286..., userDataDir: C:\Users\herby.he\AppData\L...}, cssSelectorsEnabled: true, databaseEnabled: false, handlesAlerts: true, hasTouchScreen: false, javascriptEnabled: true, locationContextEnabled: true, mobileEmulationEnabled: false, nativeEvents: true, networkConnectionEnabled: false, pageLoadStrategy: normal, platform: XP, platformName: XP, rotatable: false, setWindowRect: true, takesHeapSnapshot: true, takesScreenshot: true, unexpectedAlertBehaviour: , unhandledPromptBehavior: , version: 62.0.3202.89, webStorageEnabled: true}
Session ID: 8c355929bbb2a1e86c2d22e3b9a43264
*** Element info: {Using=xpath, value=(//table[@id= 'table_width']//tr[@class = 'formActionHover'])//td[3]}
	at sun.reflect.NativeConstructorAccessorImpl.newInstance0(Native Method)
	at sun.reflect.NativeConstructorAccessorImpl.newInstance(Unknown Source)
	at sun.reflect.DelegatingConstructorAccessorImpl.newInstance(Unknown Source)
	at java.lang.reflect.Constructor.newInstance(Unknown Source)
	at org.openqa.selenium.remote.ErrorHandler.createThrowable(ErrorHandler.java:214)
	at org.openqa.selenium.remote.ErrorHandler.throwIfResponseFailed(ErrorHandler.java:166)
	at org.openqa.selenium.remote.http.JsonHttpResponseCodec.reconstructValue(JsonHttpResponseCodec.java:40)
	at org.openqa.selenium.remote.http.AbstractHttpResponseCodec.decode(AbstractHttpResponseCodec.java:80)
	at org.openqa.selenium.remote.http.AbstractHttpResponseCodec.decode(AbstractHttpResponseCodec.java:44)
	at org.openqa.selenium.remote.HttpCommandExecutor.execute(HttpCommandExecutor.java:164)
	at org.openqa.selenium.remote.service.DriverCommandExecutor.execute(DriverCommandExecutor.java:83)
	at org.openqa.selenium.remote.RemoteWebDriver.execute(RemoteWebDriver.java:600)
	at org.openqa.selenium.remote.RemoteWebDriver.findElements(RemoteWebDriver.java:397)
	at org.openqa.selenium.remote.RemoteWebDriver.findElementsByXPath(RemoteWebDriver.java:476)
	at org.openqa.selenium.By$ByXPath.findElements(By.java:356)
	at org.openqa.selenium.remote.RemoteWebDriver.findElements(RemoteWebDriver.java:358)
	at sun.reflect.GeneratedMethodAccessor7.invoke(Unknown Source)
	at sun.reflect.DelegatingMethodAccessorImpl.invoke(Unknown Source)
	at java.lang.reflect.Method.invoke(Unknown Source)
	at org.openqa.selenium.support.events.EventFiringWebDriver$2.invoke(EventFiringWebDriver.java:109)
	at com.sun.proxy.$Proxy11.findElements(Unknown Source)
	at org.openqa.selenium.support.events.EventFiringWebDriver.findElements(EventFiringWebDriver.java:182)
	at org.openqa.selenium.support.pagefactory.DefaultElementLocator.findElements(DefaultElementLocator.java:85)
	at org.openqa.selenium.support.pagefactory.internal.LocatingElementListHandler.invoke(LocatingElementListHandler.java:36)
	at com.sun.proxy.$Proxy16.get(Unknown Source)
	at com.perficient.test.cat.catinspectweb.util.FunctionUtil.verifyOrderCorrectly(FunctionUtil.java:1483)
	at com.perficient.test.cat.catinspectweb.testcase.ManageForm.TC2625_FilterFormByFamily.verify_TC2625_FilterFormByFamily(TC2625_FilterFormByFamily.java:102)
	at sun.reflect.NativeMethodAccessorImpl.invoke0(Native Method)
	at sun.reflect.NativeMethodAccessorImpl.invoke(Unknown Source)
	at sun.reflect.DelegatingMethodAccessorImpl.invoke(Unknown Source)
	at java.lang.reflect.Method.invoke(Unknown Source)
	at org.testng.internal.MethodInvocationHelper.invokeMethod(MethodInvocationHelper.java:84)
	at org.testng.internal.Invoker.invokeMethod(Invoker.java:714)
	at org.testng.internal.Invoker.invokeTestMethod(Invoker.java:901)
	at org.testng.internal.Invoker.invokeTestMethods(Invoker.java:1231)
	at org.testng.internal.TestMethodWorker.invokeTestMethods(TestMethodWorker.java:127)
	at org.testng.internal.TestMethodWorker.run(TestMethodWorker.java:111)
	at org.testng.TestRunner.privateRun(TestRunner.java:767)
	at org.testng.TestRunner.run(TestRunner.java:617)
	at org.testng.SuiteRunner.runTest(SuiteRunner.java:348)
	at org.testng.SuiteRunner.runSequentially(SuiteRunner.java:343)
	at org.testng.SuiteRunner.privateRun(SuiteRunner.java:305)
	at org.testng.SuiteRunner.run(SuiteRunner.java:254)
	at org.testng.SuiteRunnerWorker.runSuite(SuiteRunnerWorker.java:52)
	at org.testng.SuiteRunnerWorker.run(SuiteRunnerWorker.java:86)
	at org.testng.TestNG.runSuitesSequentially(TestNG.java:1224)
	at org.testng.TestNG.runSuitesLocally(TestNG.java:1149)
	at org.testng.TestNG.run(TestNG.java:1057)
	at org.testng.remote.AbstractRemoteTestNG.run(AbstractRemoteTestNG.java:114)
	at org.testng.remote.RemoteTestNG.initAndRun(RemoteTestNG.java:251)
	at org.testng.remote.RemoteTestNG.main(RemoteTestNG.java:77)
[18/01/25 16:59:12][ERROR][com.perficient.test.cat.catinspectweb.util.TestCaseBase-200] Driver have quited by other thread or by hand.
[18/01/25 16:59:15][ERROR][com.perficient.test.cat.catinspectweb.util.TestCaseBase-200] Driver have quited by other thread or by hand.
[18/01/25 16:59:17][ERROR][com.perficient.test.cat.catinspectweb.util.TestCaseBase-200] Driver have quited by other thread or by hand.
