<?xml version="1.0" encoding="UTF-8"?>
<testng-results skipped="0" failed="0" total="1" passed="1">
  <reporter-output>
  </reporter-output>
  <suite name="Default Suite" duration-ms="4344" started-at="2018-04-24T14:19:41Z" finished-at="2018-04-24T14:19:46Z">
    <groups>
    </groups>
    <test name="demo5" duration-ms="4344" started-at="2018-04-24T14:19:41Z" finished-at="2018-04-24T14:19:46Z">
      <class name="Test_Demo">
        <test-method status="PASS" signature="beforeClass()[pri:0, instance:Test_Demo@546a03af]" name="beforeClass" is-config="true" duration-ms="8" started-at="2018-04-24T22:19:41Z" finished-at="2018-04-24T22:19:41Z">
          <reporter-output>
          </reporter-output>
        </test-method> <!-- beforeClass -->
        <test-method status="PASS" signature="actions()[pri:0, instance:Test_Demo@546a03af]" name="actions" duration-ms="4326" started-at="2018-04-24T22:19:41Z" finished-at="2018-04-24T22:19:46Z">
          <reporter-output>
          </reporter-output>
        </test-method> <!-- actions -->
        <test-method status="PASS" signature="afterClass()[pri:0, instance:Test_Demo@546a03af]" name="afterClass" is-config="true" duration-ms="0" started-at="2018-04-24T22:19:46Z" finished-at="2018-04-24T22:19:46Z">
          <reporter-output>
          </reporter-output>
        </test-method> <!-- afterClass -->
      </class> <!-- Test_Demo -->
    </test> <!-- demo5 -->
  </suite> <!-- Default Suite -->
</testng-results>
